This file contains any messages produced by compilers while
running configure, to aid debugging if configure makes a mistake.

It was created by FreeType configure 2.2.1, which was
generated by GNU Autoconf 2.59c.  Invocation command line was

  $ /mnt/hda2/Users/maxyin/SubSpace/Intrepid/working/xcode_projs/uGUI/libs/freetype-2.2.1/builds/unix/configure --host=arm-linux

## --------- ##
## Platform. ##
## --------- ##

hostname = Titan
uname -m = i686
uname -r = 2.4.29
uname -s = Linux
uname -v = #6 Thu Jan 20 16:30:37 PST 2005

/usr/bin/uname -p = unknown
/bin/uname -X     = unknown

/bin/arch              = i686
/usr/bin/arch -k       = unknown
/usr/convex/getsysinfo = unknown
/usr/bin/hostinfo      = unknown
/bin/machine           = unknown
/usr/bin/oslevel       = unknown
/bin/universe          = unknown

PATH: /opt/toolchain_arm_ep93xx/bin
PATH: /usr/local/bin
PATH: /usr/bin
PATH: /bin
PATH: /usr/X11R6/bin
PATH: /usr/games
PATH: /opt/www/htdig/bin
PATH: /usr/lib/java/bin
PATH: /usr/lib/java/jre/bin
PATH: /opt/kde/bin
PATH: /usr/lib/qt/bin
PATH: /usr/share/texmf/bin
PATH: .


## ----------- ##
## Core tests. ##
## ----------- ##

configure:1948: checking build system type
configure:1966: result: i686-pc-linux-gnu
configure:1986: checking host system type
configure:2001: result: arm-unknown-linux-gnu
configure:2021: checking target system type
configure:2036: result: arm-unknown-linux-gnu
configure:2074: checking for arm-linux-gcc
configure:2090: found /opt/toolchain_arm_ep93xx/bin/arm-linux-gcc
configure:2101: result: arm-linux-gcc
configure:2379: checking for C compiler version
configure:2381: arm-linux-gcc --version >&5
arm-linux-gcc (GCC) 3.4.2
Copyright (C) 2004 Free Software Foundation, Inc.
This is free software; see the source for copying conditions.  There is NO
warranty; not even for MERCHANTABILITY or FITNESS FOR A PARTICULAR PURPOSE.

configure:2384: $? = 0
configure:2386: arm-linux-gcc -v >&5
Reading specs from /opt/toolchain_arm_ep93xx/lib/gcc/arm-linux-uclibc/3.4.2/specs
Configured with: /projects/CirrusEP93xx/emlinux-ep93xx/toolchain/buildroot/toolchain_build_arm_nofpu/gcc-3.4.2/configure --prefix=/opt/toolchain_arm_ep93xx --build=i386-pc-linux-gnu --host=i386-pc-linux-gnu --target=arm-linux-uclibc --enable-languages=c,c++,objc --enable-shared --disable-__cxa_atexit --enable-target-optspace --with-gnu-ld --disable-nls --enable-multilib --with-float=soft : (reconfigured) /projects/CirrusEP93xx/emlinux-ep93xx/toolchain/buildroot/toolchain_build_arm_nofpu/gcc-3.4.2/configure --prefix=/opt/toolchain_arm_ep93xx --build=i386-pc-linux-gnu --host=i386-pc-linux-gnu --target=arm-linux-uclibc --enable-languages=c,c++,objc --enable-shared --disable-__cxa_atexit --enable-target-optspace --with-gnu-ld --disable-nls --enable-multilib --with-float=soft --enable-sjlj-exceptions
Thread model: posix
gcc version 3.4.2
configure:2389: $? = 0
configure:2391: arm-linux-gcc -V >&5
arm-linux-gcc: `-V' option must have argument
configure:2394: $? = 1
configure:2434: checking for C compiler default output file name
configure:2438: arm-linux-gcc    conftest.c  >&5
configure:2441: $? = 0
configure:2471: result: a.out
configure:2475: checking whether the C compiler works
configure:2481: ./a.out
/mnt/hda2/Users/maxyin/SubSpace/Intrepid/working/xcode_projs/uGUI/libs/freetype-2.2.1/builds/unix/configure: line 2482: ./a.out: cannot execute binary file
configure:2484: $? = 126
configure:2501: result: yes
configure:2507: checking whether we are cross compiling
configure:2509: result: yes
configure:2512: checking for suffix of executables
configure:2517: arm-linux-gcc -o conftest    conftest.c  >&5
configure:2520: $? = 0
configure:2556: result: 
configure:2564: checking for suffix of object files
configure:2570: arm-linux-gcc -c   conftest.c >&5
configure:2573: $? = 0
configure:2595: result: o
configure:2602: checking whether we are using the GNU C compiler
configure:2626: arm-linux-gcc -c   conftest.c >&5
configure:2632: $? = 0
configure:2636: test -z 
			 || test ! -s conftest.err
configure:2639: $? = 0
configure:2642: test -s conftest.o
configure:2645: $? = 0
configure:2659: result: yes
configure:2664: checking whether arm-linux-gcc accepts -g
configure:2689: arm-linux-gcc -c -g  conftest.c >&5
configure:2695: $? = 0
configure:2699: test -z yes
			 || test ! -s conftest.err
configure:2702: $? = 0
configure:2705: test -s conftest.o
configure:2708: $? = 0
configure:2814: result: yes
configure:2831: checking for arm-linux-gcc option to accept ISO C89
configure:2895: arm-linux-gcc  -c -g -O2  conftest.c >&5
configure:2901: $? = 0
configure:2905: test -z 
			 || test ! -s conftest.err
configure:2908: $? = 0
configure:2911: test -s conftest.o
configure:2914: $? = 0
configure:2934: result: none needed
configure:2957: checking how to run the C preprocessor
configure:2992: arm-linux-gcc -E  conftest.c
configure:2998: $? = 0
configure:3031: arm-linux-gcc -E  conftest.c
conftest.c:8:28: ac_nonexistent.h: No such file or directory
configure:3037: $? = 1
configure: failed program was:
| /* confdefs.h.  */
| #define PACKAGE_NAME "FreeType"
| #define PACKAGE_TARNAME "freetype"
| #define PACKAGE_VERSION "2.2.1"
| #define PACKAGE_STRING "FreeType 2.2.1"
| #define PACKAGE_BUGREPORT "freetype@nongnu.org"
| /* end confdefs.h.  */
| #include <ac_nonexistent.h>
configure:3077: result: arm-linux-gcc -E
configure:3101: arm-linux-gcc -E  conftest.c
configure:3107: $? = 0
configure:3140: arm-linux-gcc -E  conftest.c
conftest.c:8:28: ac_nonexistent.h: No such file or directory
configure:3146: $? = 1
configure: failed program was:
| /* confdefs.h.  */
| #define PACKAGE_NAME "FreeType"
| #define PACKAGE_TARNAME "freetype"
| #define PACKAGE_VERSION "2.2.1"
| #define PACKAGE_STRING "FreeType 2.2.1"
| #define PACKAGE_BUGREPORT "freetype@nongnu.org"
| /* end confdefs.h.  */
| #include <ac_nonexistent.h>
configure:3218: checking for rm
configure:3234: found /usr/bin/rm
configure:3245: result: rm -f
configure:3255: checking for rmdir
configure:3271: found /usr/bin/rmdir
configure:3282: result: rmdir
configure:3309: checking for a BSD-compatible install
configure:3365: result: /usr/bin/ginstall -c
configure:3388: checking for grep that handles long lines and -e
configure:3462: result: /usr/bin/grep
configure:3467: checking for egrep
configure:3545: result: /usr/bin/grep -E
configure:3550: checking for ANSI C header files
configure:3575: arm-linux-gcc -c -g -O2  conftest.c >&5
configure:3581: $? = 0
configure:3585: test -z 
			 || test ! -s conftest.err
configure:3588: $? = 0
configure:3591: test -s conftest.o
configure:3594: $? = 0
configure:3710: result: yes
configure:3734: checking for sys/types.h
configure:3750: arm-linux-gcc -c -g -O2  conftest.c >&5
configure:3756: $? = 0
configure:3760: test -z 
			 || test ! -s conftest.err
configure:3763: $? = 0
configure:3766: test -s conftest.o
configure:3769: $? = 0
configure:3782: result: yes
configure:3734: checking for sys/stat.h
configure:3750: arm-linux-gcc -c -g -O2  conftest.c >&5
configure:3756: $? = 0
configure:3760: test -z 
			 || test ! -s conftest.err
configure:3763: $? = 0
configure:3766: test -s conftest.o
configure:3769: $? = 0
configure:3782: result: yes
configure:3734: checking for stdlib.h
configure:3750: arm-linux-gcc -c -g -O2  conftest.c >&5
configure:3756: $? = 0
configure:3760: test -z 
			 || test ! -s conftest.err
configure:3763: $? = 0
configure:3766: test -s conftest.o
configure:3769: $? = 0
configure:3782: result: yes
configure:3734: checking for string.h
configure:3750: arm-linux-gcc -c -g -O2  conftest.c >&5
configure:3756: $? = 0
configure:3760: test -z 
			 || test ! -s conftest.err
configure:3763: $? = 0
configure:3766: test -s conftest.o
configure:3769: $? = 0
configure:3782: result: yes
configure:3734: checking for memory.h
configure:3750: arm-linux-gcc -c -g -O2  conftest.c >&5
configure:3756: $? = 0
configure:3760: test -z 
			 || test ! -s conftest.err
configure:3763: $? = 0
configure:3766: test -s conftest.o
configure:3769: $? = 0
configure:3782: result: yes
configure:3734: checking for strings.h
configure:3750: arm-linux-gcc -c -g -O2  conftest.c >&5
configure:3756: $? = 0
configure:3760: test -z 
			 || test ! -s conftest.err
configure:3763: $? = 0
configure:3766: test -s conftest.o
configure:3769: $? = 0
configure:3782: result: yes
configure:3734: checking for inttypes.h
configure:3750: arm-linux-gcc -c -g -O2  conftest.c >&5
configure:3756: $? = 0
configure:3760: test -z 
			 || test ! -s conftest.err
configure:3763: $? = 0
configure:3766: test -s conftest.o
configure:3769: $? = 0
configure:3782: result: yes
configure:3734: checking for stdint.h
configure:3750: arm-linux-gcc -c -g -O2  conftest.c >&5
configure:3756: $? = 0
configure:3760: test -z 
			 || test ! -s conftest.err
configure:3763: $? = 0
configure:3766: test -s conftest.o
configure:3769: $? = 0
configure:3782: result: yes
configure:3734: checking for unistd.h
configure:3750: arm-linux-gcc -c -g -O2  conftest.c >&5
configure:3756: $? = 0
configure:3760: test -z 
			 || test ! -s conftest.err
configure:3763: $? = 0
configure:3766: test -s conftest.o
configure:3769: $? = 0
configure:3782: result: yes
configure:3810: checking fcntl.h usability
configure:3822: arm-linux-gcc -c -g -O2  conftest.c >&5
configure:3828: $? = 0
configure:3832: test -z 
			 || test ! -s conftest.err
configure:3835: $? = 0
configure:3838: test -s conftest.o
configure:3841: $? = 0
configure:3852: result: yes
configure:3856: checking fcntl.h presence
configure:3866: arm-linux-gcc -E  conftest.c
configure:3872: $? = 0
configure:3893: result: yes
configure:3926: checking for fcntl.h
configure:3934: result: yes
configure:3800: checking for unistd.h
configure:3806: result: yes
configure:3951: checking for an ANSI C-conforming const
configure:4021: arm-linux-gcc -c -g -O2  conftest.c >&5
configure:4027: $? = 0
configure:4031: test -z 
			 || test ! -s conftest.err
configure:4034: $? = 0
configure:4037: test -s conftest.o
configure:4040: $? = 0
configure:4052: result: yes
configure:4062: checking for int
configure:4087: arm-linux-gcc -c -g -O2  conftest.c >&5
configure:4093: $? = 0
configure:4097: test -z 
			 || test ! -s conftest.err
configure:4100: $? = 0
configure:4103: test -s conftest.o
configure:4106: $? = 0
configure:4118: result: yes
configure:4121: checking size of int
configure:4152: arm-linux-gcc -c -g -O2  conftest.c >&5
configure:4158: $? = 0
configure:4162: test -z 
			 || test ! -s conftest.err
configure:4165: $? = 0
configure:4168: test -s conftest.o
configure:4171: $? = 0
configure:4194: arm-linux-gcc -c -g -O2  conftest.c >&5
conftest.c: In function `main':
conftest.c:57: error: size of array `test_array' is negative
configure:4200: $? = 1
configure: failed program was:
| /* confdefs.h.  */
| #define PACKAGE_NAME "FreeType"
| #define PACKAGE_TARNAME "freetype"
| #define PACKAGE_VERSION "2.2.1"
| #define PACKAGE_STRING "FreeType 2.2.1"
| #define PACKAGE_BUGREPORT "freetype@nongnu.org"
| #define STDC_HEADERS 1
| #define HAVE_SYS_TYPES_H 1
| #define HAVE_SYS_STAT_H 1
| #define HAVE_STDLIB_H 1
| #define HAVE_STRING_H 1
| #define HAVE_MEMORY_H 1
| #define HAVE_STRINGS_H 1
| #define HAVE_INTTYPES_H 1
| #define HAVE_STDINT_H 1
| #define HAVE_UNISTD_H 1
| #define HAVE_FCNTL_H 1
| #define HAVE_UNISTD_H 1
| /* end confdefs.h.  */
| #include <stdio.h>
| #if HAVE_SYS_TYPES_H
| # include <sys/types.h>
| #endif
| #if HAVE_SYS_STAT_H
| # include <sys/stat.h>
| #endif
| #if STDC_HEADERS
| # include <stdlib.h>
| # include <stddef.h>
| #else
| # if HAVE_STDLIB_H
| #  include <stdlib.h>
| # endif
| #endif
| #if HAVE_STRING_H
| # if !STDC_HEADERS && HAVE_MEMORY_H
| #  include <memory.h>
| # endif
| # include <string.h>
| #endif
| #if HAVE_STRINGS_H
| # include <strings.h>
| #endif
| #if HAVE_INTTYPES_H
| # include <inttypes.h>
| #endif
| #if HAVE_STDINT_H
| # include <stdint.h>
| #endif
| #if HAVE_UNISTD_H
| # include <unistd.h>
| #endif
| 		   typedef int ac__type_sizeof_;
| int
| main ()
| {
| static int test_array [1 - 2 * !(((long int) (sizeof (ac__type_sizeof_))) <= 0)];
| test_array [0] = 0
| 
|   ;
|   return 0;
| }
configure:4194: arm-linux-gcc -c -g -O2  conftest.c >&5
conftest.c: In function `main':
conftest.c:57: error: size of array `test_array' is negative
configure:4200: $? = 1
configure: failed program was:
| /* confdefs.h.  */
| #define PACKAGE_NAME "FreeType"
| #define PACKAGE_TARNAME "freetype"
| #define PACKAGE_VERSION "2.2.1"
| #define PACKAGE_STRING "FreeType 2.2.1"
| #define PACKAGE_BUGREPORT "freetype@nongnu.org"
| #define STDC_HEADERS 1
| #define HAVE_SYS_TYPES_H 1
| #define HAVE_SYS_STAT_H 1
| #define HAVE_STDLIB_H 1
| #define HAVE_STRING_H 1
| #define HAVE_MEMORY_H 1
| #define HAVE_STRINGS_H 1
| #define HAVE_INTTYPES_H 1
| #define HAVE_STDINT_H 1
| #define HAVE_UNISTD_H 1
| #define HAVE_FCNTL_H 1
| #define HAVE_UNISTD_H 1
| /* end confdefs.h.  */
| #include <stdio.h>
| #if HAVE_SYS_TYPES_H
| # include <sys/types.h>
| #endif
| #if HAVE_SYS_STAT_H
| # include <sys/stat.h>
| #endif
| #if STDC_HEADERS
| # include <stdlib.h>
| # include <stddef.h>
| #else
| # if HAVE_STDLIB_H
| #  include <stdlib.h>
| # endif
| #endif
| #if HAVE_STRING_H
| # if !STDC_HEADERS && HAVE_MEMORY_H
| #  include <memory.h>
| # endif
| # include <string.h>
| #endif
| #if HAVE_STRINGS_H
| # include <strings.h>
| #endif
| #if HAVE_INTTYPES_H
| # include <inttypes.h>
| #endif
| #if HAVE_STDINT_H
| # include <stdint.h>
| #endif
| #if HAVE_UNISTD_H
| # include <unistd.h>
| #endif
| 		   typedef int ac__type_sizeof_;
| int
| main ()
| {
| static int test_array [1 - 2 * !(((long int) (sizeof (ac__type_sizeof_))) <= 1)];
| test_array [0] = 0
| 
|   ;
|   return 0;
| }
configure:4194: arm-linux-gcc -c -g -O2  conftest.c >&5
conftest.c: In function `main':
conftest.c:57: error: size of array `test_array' is negative
configure:4200: $? = 1
configure: failed program was:
| /* confdefs.h.  */
| #define PACKAGE_NAME "FreeType"
| #define PACKAGE_TARNAME "freetype"
| #define PACKAGE_VERSION "2.2.1"
| #define PACKAGE_STRING "FreeType 2.2.1"
| #define PACKAGE_BUGREPORT "freetype@nongnu.org"
| #define STDC_HEADERS 1
| #define HAVE_SYS_TYPES_H 1
| #define HAVE_SYS_STAT_H 1
| #define HAVE_STDLIB_H 1
| #define HAVE_STRING_H 1
| #define HAVE_MEMORY_H 1
| #define HAVE_STRINGS_H 1
| #define HAVE_INTTYPES_H 1
| #define HAVE_STDINT_H 1
| #define HAVE_UNISTD_H 1
| #define HAVE_FCNTL_H 1
| #define HAVE_UNISTD_H 1
| /* end confdefs.h.  */
| #include <stdio.h>
| #if HAVE_SYS_TYPES_H
| # include <sys/types.h>
| #endif
| #if HAVE_SYS_STAT_H
| # include <sys/stat.h>
| #endif
| #if STDC_HEADERS
| # include <stdlib.h>
| # include <stddef.h>
| #else
| # if HAVE_STDLIB_H
| #  include <stdlib.h>
| # endif
| #endif
| #if HAVE_STRING_H
| # if !STDC_HEADERS && HAVE_MEMORY_H
| #  include <memory.h>
| # endif
| # include <string.h>
| #endif
| #if HAVE_STRINGS_H
| # include <strings.h>
| #endif
| #if HAVE_INTTYPES_H
| # include <inttypes.h>
| #endif
| #if HAVE_STDINT_H
| # include <stdint.h>
| #endif
| #if HAVE_UNISTD_H
| # include <unistd.h>
| #endif
| 		   typedef int ac__type_sizeof_;
| int
| main ()
| {
| static int test_array [1 - 2 * !(((long int) (sizeof (ac__type_sizeof_))) <= 3)];
| test_array [0] = 0
| 
|   ;
|   return 0;
| }
configure:4194: arm-linux-gcc -c -g -O2  conftest.c >&5
configure:4200: $? = 0
configure:4204: test -z 
			 || test ! -s conftest.err
configure:4207: $? = 0
configure:4210: test -s conftest.o
configure:4213: $? = 0
configure:4364: arm-linux-gcc -c -g -O2  conftest.c >&5
configure:4370: $? = 0
configure:4374: test -z 
			 || test ! -s conftest.err
configure:4377: $? = 0
configure:4380: test -s conftest.o
configure:4383: $? = 0
configure:4364: arm-linux-gcc -c -g -O2  conftest.c >&5
configure:4370: $? = 0
configure:4374: test -z 
			 || test ! -s conftest.err
configure:4377: $? = 0
configure:4380: test -s conftest.o
configure:4383: $? = 0
configure:4474: result: 4
configure:4481: checking for long
configure:4506: arm-linux-gcc -c -g -O2  conftest.c >&5
configure:4512: $? = 0
configure:4516: test -z 
			 || test ! -s conftest.err
configure:4519: $? = 0
configure:4522: test -s conftest.o
configure:4525: $? = 0
configure:4537: result: yes
configure:4540: checking size of long
configure:4571: arm-linux-gcc -c -g -O2  conftest.c >&5
configure:4577: $? = 0
configure:4581: test -z 
			 || test ! -s conftest.err
configure:4584: $? = 0
configure:4587: test -s conftest.o
configure:4590: $? = 0
configure:4613: arm-linux-gcc -c -g -O2  conftest.c >&5
conftest.c: In function `main':
conftest.c:58: error: size of array `test_array' is negative
configure:4619: $? = 1
configure: failed program was:
| /* confdefs.h.  */
| #define PACKAGE_NAME "FreeType"
| #define PACKAGE_TARNAME "freetype"
| #define PACKAGE_VERSION "2.2.1"
| #define PACKAGE_STRING "FreeType 2.2.1"
| #define PACKAGE_BUGREPORT "freetype@nongnu.org"
| #define STDC_HEADERS 1
| #define HAVE_SYS_TYPES_H 1
| #define HAVE_SYS_STAT_H 1
| #define HAVE_STDLIB_H 1
| #define HAVE_STRING_H 1
| #define HAVE_MEMORY_H 1
| #define HAVE_STRINGS_H 1
| #define HAVE_INTTYPES_H 1
| #define HAVE_STDINT_H 1
| #define HAVE_UNISTD_H 1
| #define HAVE_FCNTL_H 1
| #define HAVE_UNISTD_H 1
| #define SIZEOF_INT 4
| /* end confdefs.h.  */
| #include <stdio.h>
| #if HAVE_SYS_TYPES_H
| # include <sys/types.h>
| #endif
| #if HAVE_SYS_STAT_H
| # include <sys/stat.h>
| #endif
| #if STDC_HEADERS
| # include <stdlib.h>
| # include <stddef.h>
| #else
| # if HAVE_STDLIB_H
| #  include <stdlib.h>
| # endif
| #endif
| #if HAVE_STRING_H
| # if !STDC_HEADERS && HAVE_MEMORY_H
| #  include <memory.h>
| # endif
| # include <string.h>
| #endif
| #if HAVE_STRINGS_H
| # include <strings.h>
| #endif
| #if HAVE_INTTYPES_H
| # include <inttypes.h>
| #endif
| #if HAVE_STDINT_H
| # include <stdint.h>
| #endif
| #if HAVE_UNISTD_H
| # include <unistd.h>
| #endif
| 		   typedef long ac__type_sizeof_;
| int
| main ()
| {
| static int test_array [1 - 2 * !(((long int) (sizeof (ac__type_sizeof_))) <= 0)];
| test_array [0] = 0
| 
|   ;
|   return 0;
| }
configure:4613: arm-linux-gcc -c -g -O2  conftest.c >&5
conftest.c: In function `main':
conftest.c:58: error: size of array `test_array' is negative
configure:4619: $? = 1
configure: failed program was:
| /* confdefs.h.  */
| #define PACKAGE_NAME "FreeType"
| #define PACKAGE_TARNAME "freetype"
| #define PACKAGE_VERSION "2.2.1"
| #define PACKAGE_STRING "FreeType 2.2.1"
| #define PACKAGE_BUGREPORT "freetype@nongnu.org"
| #define STDC_HEADERS 1
| #define HAVE_SYS_TYPES_H 1
| #define HAVE_SYS_STAT_H 1
| #define HAVE_STDLIB_H 1
| #define HAVE_STRING_H 1
| #define HAVE_MEMORY_H 1
| #define HAVE_STRINGS_H 1
| #define HAVE_INTTYPES_H 1
| #define HAVE_STDINT_H 1
| #define HAVE_UNISTD_H 1
| #define HAVE_FCNTL_H 1
| #define HAVE_UNISTD_H 1
| #define SIZEOF_INT 4
| /* end confdefs.h.  */
| #include <stdio.h>
| #if HAVE_SYS_TYPES_H
| # include <sys/types.h>
| #endif
| #if HAVE_SYS_STAT_H
| # include <sys/stat.h>
| #endif
| #if STDC_HEADERS
| # include <stdlib.h>
| # include <stddef.h>
| #else
| # if HAVE_STDLIB_H
| #  include <stdlib.h>
| # endif
| #endif
| #if HAVE_STRING_H
| # if !STDC_HEADERS && HAVE_MEMORY_H
| #  include <memory.h>
| # endif
| # include <string.h>
| #endif
| #if HAVE_STRINGS_H
| # include <strings.h>
| #endif
| #if HAVE_INTTYPES_H
| # include <inttypes.h>
| #endif
| #if HAVE_STDINT_H
| # include <stdint.h>
| #endif
| #if HAVE_UNISTD_H
| # include <unistd.h>
| #endif
| 		   typedef long ac__type_sizeof_;
| int
| main ()
| {
| static int test_array [1 - 2 * !(((long int) (sizeof (ac__type_sizeof_))) <= 1)];
| test_array [0] = 0
| 
|   ;
|   return 0;
| }
configure:4613: arm-linux-gcc -c -g -O2  conftest.c >&5
conftest.c: In function `main':
conftest.c:58: error: size of array `test_array' is negative
configure:4619: $? = 1
configure: failed program was:
| /* confdefs.h.  */
| #define PACKAGE_NAME "FreeType"
| #define PACKAGE_TARNAME "freetype"
| #define PACKAGE_VERSION "2.2.1"
| #define PACKAGE_STRING "FreeType 2.2.1"
| #define PACKAGE_BUGREPORT "freetype@nongnu.org"
| #define STDC_HEADERS 1
| #define HAVE_SYS_TYPES_H 1
| #define HAVE_SYS_STAT_H 1
| #define HAVE_STDLIB_H 1
| #define HAVE_STRING_H 1
| #define HAVE_MEMORY_H 1
| #define HAVE_STRINGS_H 1
| #define HAVE_INTTYPES_H 1
| #define HAVE_STDINT_H 1
| #define HAVE_UNISTD_H 1
| #define HAVE_FCNTL_H 1
| #define HAVE_UNISTD_H 1
| #define SIZEOF_INT 4
| /* end confdefs.h.  */
| #include <stdio.h>
| #if HAVE_SYS_TYPES_H
| # include <sys/types.h>
| #endif
| #if HAVE_SYS_STAT_H
| # include <sys/stat.h>
| #endif
| #if STDC_HEADERS
| # include <stdlib.h>
| # include <stddef.h>
| #else
| # if HAVE_STDLIB_H
| #  include <stdlib.h>
| # endif
| #endif
| #if HAVE_STRING_H
| # if !STDC_HEADERS && HAVE_MEMORY_H
| #  include <memory.h>
| # endif
| # include <string.h>
| #endif
| #if HAVE_STRINGS_H
| # include <strings.h>
| #endif
| #if HAVE_INTTYPES_H
| # include <inttypes.h>
| #endif
| #if HAVE_STDINT_H
| # include <stdint.h>
| #endif
| #if HAVE_UNISTD_H
| # include <unistd.h>
| #endif
| 		   typedef long ac__type_sizeof_;
| int
| main ()
| {
| static int test_array [1 - 2 * !(((long int) (sizeof (ac__type_sizeof_))) <= 3)];
| test_array [0] = 0
| 
|   ;
|   return 0;
| }
configure:4613: arm-linux-gcc -c -g -O2  conftest.c >&5
configure:4619: $? = 0
configure:4623: test -z 
			 || test ! -s conftest.err
configure:4626: $? = 0
configure:4629: test -s conftest.o
configure:4632: $? = 0
configure:4783: arm-linux-gcc -c -g -O2  conftest.c >&5
configure:4789: $? = 0
configure:4793: test -z 
			 || test ! -s conftest.err
configure:4796: $? = 0
configure:4799: test -s conftest.o
configure:4802: $? = 0
configure:4783: arm-linux-gcc -c -g -O2  conftest.c >&5
configure:4789: $? = 0
configure:4793: test -z 
			 || test ! -s conftest.err
configure:4796: $? = 0
configure:4799: test -s conftest.o
configure:4802: $? = 0
configure:4893: result: 4
configure:4912: checking for stdlib.h
configure:4918: result: yes
configure:4912: checking for unistd.h
configure:4918: result: yes
configure:5063: checking for getpagesize
configure:5114: arm-linux-gcc -o conftest -g -O2   conftest.c  >&5
configure:5120: $? = 0
configure:5124: test -z 
			 || test ! -s conftest.err
configure:5127: $? = 0
configure:5130: test -s conftest
configure:5133: $? = 0
configure:5147: result: yes
configure:5157: checking for working mmap
configure:5323: result: no
configure:5487: checking for memcpy
configure:5538: arm-linux-gcc -o conftest -g -O2   conftest.c  >&5
conftest.c:48: warning: conflicting types for built-in function 'memcpy'
configure:5544: $? = 0
configure:5548: test -z 
			 || test ! -s conftest.err
configure:5551: $? = 0
configure:5554: test -s conftest
configure:5557: $? = 0
configure:5571: result: yes
configure:5487: checking for memmove
configure:5538: arm-linux-gcc -o conftest -g -O2   conftest.c  >&5
conftest.c:49: warning: conflicting types for built-in function 'memmove'
configure:5544: $? = 0
configure:5548: test -z 
			 || test ! -s conftest.err
configure:5551: $? = 0
configure:5554: test -s conftest
configure:5557: $? = 0
configure:5571: result: yes
configure:5593: checking for gzsetparams in -lz
configure:5623: arm-linux-gcc -o conftest -g -O2   conftest.c -lz   >&5
/opt/toolchain_arm_ep93xx/lib/gcc/arm-linux-uclibc/3.4.2/../../../../arm-linux-uclibc/bin/ld: cannot find -lz
collect2: ld returned 1 exit status
configure:5629: $? = 1
configure: failed program was:
| /* confdefs.h.  */
| #define PACKAGE_NAME "FreeType"
| #define PACKAGE_TARNAME "freetype"
| #define PACKAGE_VERSION "2.2.1"
| #define PACKAGE_STRING "FreeType 2.2.1"
| #define PACKAGE_BUGREPORT "freetype@nongnu.org"
| #define STDC_HEADERS 1
| #define HAVE_SYS_TYPES_H 1
| #define HAVE_SYS_STAT_H 1
| #define HAVE_STDLIB_H 1
| #define HAVE_STRING_H 1
| #define HAVE_MEMORY_H 1
| #define HAVE_STRINGS_H 1
| #define HAVE_INTTYPES_H 1
| #define HAVE_STDINT_H 1
| #define HAVE_UNISTD_H 1
| #define HAVE_FCNTL_H 1
| #define HAVE_UNISTD_H 1
| #define SIZEOF_INT 4
| #define SIZEOF_LONG 4
| #define HAVE_STDLIB_H 1
| #define HAVE_UNISTD_H 1
| #define HAVE_GETPAGESIZE 1
| #define HAVE_MEMCPY 1
| #define HAVE_MEMMOVE 1
| /* end confdefs.h.  */
| 
| /* Override any GCC internal prototype to avoid an error.
|    Use char because int might match the return type of a GCC
|    builtin and then its argument prototype would still apply.  */
| #ifdef __cplusplus
| extern "C"
| #endif
| char gzsetparams ();
| int
| main ()
| {
| return gzsetparams ();
|   ;
|   return 0;
| }
configure:5656: result: no
configure:6432: checking for a sed that does not truncate output
configure:6486: result: /opt/toolchain_arm_ep93xx/bin/sed
configure:6500: checking for ld used by arm-linux-gcc
configure:6567: result: /opt/toolchain_arm_ep93xx/arm-linux-uclibc/bin/ld
configure:6576: checking if the linker (/opt/toolchain_arm_ep93xx/arm-linux-uclibc/bin/ld) is GNU ld
configure:6591: result: yes
configure:6596: checking for /opt/toolchain_arm_ep93xx/arm-linux-uclibc/bin/ld option to reload object files
configure:6603: result: -r
configure:6621: checking for BSD-compatible nm
configure:6663: result: /opt/toolchain_arm_ep93xx/bin/arm-linux-nm -B
configure:6667: checking whether ln -s works
configure:6671: result: yes
configure:6678: checking how to recognise dependent libraries
configure:6850: result: pass_all
configure:7074: checking dlfcn.h usability
configure:7086: arm-linux-gcc -c -g -O2  conftest.c >&5
configure:7092: $? = 0
configure:7096: test -z 
			 || test ! -s conftest.err
configure:7099: $? = 0
configure:7102: test -s conftest.o
configure:7105: $? = 0
configure:7116: result: yes
configure:7120: checking dlfcn.h presence
configure:7130: arm-linux-gcc -E  conftest.c
configure:7136: $? = 0
configure:7157: result: yes
configure:7190: checking for dlfcn.h
configure:7198: result: yes
configure:7225: checking for arm-linux-g++
configure:7241: found /opt/toolchain_arm_ep93xx/bin/arm-linux-g++
configure:7252: result: arm-linux-g++
configure:7327: checking for C++ compiler version
configure:7329: arm-linux-g++ --version >&5
arm-linux-g++ (GCC) 3.4.2
Copyright (C) 2004 Free Software Foundation, Inc.
This is free software; see the source for copying conditions.  There is NO
warranty; not even for MERCHANTABILITY or FITNESS FOR A PARTICULAR PURPOSE.

configure:7332: $? = 0
configure:7334: arm-linux-g++ -v >&5
Reading specs from /opt/toolchain_arm_ep93xx/lib/gcc/arm-linux-uclibc/3.4.2/specs
Configured with: /projects/CirrusEP93xx/emlinux-ep93xx/toolchain/buildroot/toolchain_build_arm_nofpu/gcc-3.4.2/configure --prefix=/opt/toolchain_arm_ep93xx --build=i386-pc-linux-gnu --host=i386-pc-linux-gnu --target=arm-linux-uclibc --enable-languages=c,c++,objc --enable-shared --disable-__cxa_atexit --enable-target-optspace --with-gnu-ld --disable-nls --enable-multilib --with-float=soft : (reconfigured) /projects/CirrusEP93xx/emlinux-ep93xx/toolchain/buildroot/toolchain_build_arm_nofpu/gcc-3.4.2/configure --prefix=/opt/toolchain_arm_ep93xx --build=i386-pc-linux-gnu --host=i386-pc-linux-gnu --target=arm-linux-uclibc --enable-languages=c,c++,objc --enable-shared --disable-__cxa_atexit --enable-target-optspace --with-gnu-ld --disable-nls --enable-multilib --with-float=soft --enable-sjlj-exceptions
Thread model: posix
gcc version 3.4.2
configure:7337: $? = 0
configure:7339: arm-linux-g++ -V >&5
arm-linux-g++: `-V' option must have argument
configure:7342: $? = 1
configure:7345: checking whether we are using the GNU C++ compiler
configure:7369: arm-linux-g++ -c   conftest.cpp >&5
configure:7375: $? = 0
configure:7379: test -z 
			 || test ! -s conftest.err
configure:7382: $? = 0
configure:7385: test -s conftest.o
configure:7388: $? = 0
configure:7402: result: yes
configure:7407: checking whether arm-linux-g++ accepts -g
configure:7432: arm-linux-g++ -c -g  conftest.cpp >&5
configure:7438: $? = 0
configure:7442: test -z yes
			 || test ! -s conftest.err
configure:7445: $? = 0
configure:7448: test -s conftest.o
configure:7451: $? = 0
configure:7557: result: yes
configure:7590: checking how to run the C++ preprocessor
configure:7621: arm-linux-g++ -E  conftest.cpp
configure:7627: $? = 0
configure:7660: arm-linux-g++ -E  conftest.cpp
conftest.cpp:28:28: ac_nonexistent.h: No such file or directory
configure:7666: $? = 1
configure: failed program was:
| /* confdefs.h.  */
| #define PACKAGE_NAME "FreeType"
| #define PACKAGE_TARNAME "freetype"
| #define PACKAGE_VERSION "2.2.1"
| #define PACKAGE_STRING "FreeType 2.2.1"
| #define PACKAGE_BUGREPORT "freetype@nongnu.org"
| #define STDC_HEADERS 1
| #define HAVE_SYS_TYPES_H 1
| #define HAVE_SYS_STAT_H 1
| #define HAVE_STDLIB_H 1
| #define HAVE_STRING_H 1
| #define HAVE_MEMORY_H 1
| #define HAVE_STRINGS_H 1
| #define HAVE_INTTYPES_H 1
| #define HAVE_STDINT_H 1
| #define HAVE_UNISTD_H 1
| #define HAVE_FCNTL_H 1
| #define HAVE_UNISTD_H 1
| #define SIZEOF_INT 4
| #define SIZEOF_LONG 4
| #define HAVE_STDLIB_H 1
| #define HAVE_UNISTD_H 1
| #define HAVE_GETPAGESIZE 1
| #define HAVE_MEMCPY 1
| #define HAVE_MEMMOVE 1
| #define HAVE_DLFCN_H 1
| /* end confdefs.h.  */
| #include <ac_nonexistent.h>
configure:7706: result: arm-linux-g++ -E
configure:7730: arm-linux-g++ -E  conftest.cpp
configure:7736: $? = 0
configure:7769: arm-linux-g++ -E  conftest.cpp
conftest.cpp:28:28: ac_nonexistent.h: No such file or directory
configure:7775: $? = 1
configure: failed program was:
| /* confdefs.h.  */
| #define PACKAGE_NAME "FreeType"
| #define PACKAGE_TARNAME "freetype"
| #define PACKAGE_VERSION "2.2.1"
| #define PACKAGE_STRING "FreeType 2.2.1"
| #define PACKAGE_BUGREPORT "freetype@nongnu.org"
| #define STDC_HEADERS 1
| #define HAVE_SYS_TYPES_H 1
| #define HAVE_SYS_STAT_H 1
| #define HAVE_STDLIB_H 1
| #define HAVE_STRING_H 1
| #define HAVE_MEMORY_H 1
| #define HAVE_STRINGS_H 1
| #define HAVE_INTTYPES_H 1
| #define HAVE_STDINT_H 1
| #define HAVE_UNISTD_H 1
| #define HAVE_FCNTL_H 1
| #define HAVE_UNISTD_H 1
| #define SIZEOF_INT 4
| #define SIZEOF_LONG 4
| #define HAVE_STDLIB_H 1
| #define HAVE_UNISTD_H 1
| #define HAVE_GETPAGESIZE 1
| #define HAVE_MEMCPY 1
| #define HAVE_MEMMOVE 1
| #define HAVE_DLFCN_H 1
| /* end confdefs.h.  */
| #include <ac_nonexistent.h>
configure:7831: checking for arm-linux-g77
configure:7861: result: no
configure:7831: checking for arm-linux-f77
configure:7861: result: no
configure:7831: checking for arm-linux-xlf
configure:7861: result: no
configure:7831: checking for arm-linux-frt
configure:7861: result: no
configure:7831: checking for arm-linux-pgf77
configure:7861: result: no
configure:7831: checking for arm-linux-cf77
configure:7861: result: no
configure:7831: checking for arm-linux-fort77
configure:7861: result: no
configure:7831: checking for arm-linux-fl32
configure:7861: result: no
configure:7831: checking for arm-linux-af77
configure:7861: result: no
configure:7831: checking for arm-linux-f90
configure:7861: result: no
configure:7831: checking for arm-linux-xlf90
configure:7861: result: no
configure:7831: checking for arm-linux-pgf90
configure:7861: result: no
configure:7831: checking for arm-linux-pghpf
configure:7861: result: no
configure:7831: checking for arm-linux-epcf90
configure:7861: result: no
configure:7831: checking for arm-linux-gfortran
configure:7861: result: no
configure:7831: checking for arm-linux-g95
configure:7861: result: no
configure:7831: checking for arm-linux-f95
configure:7861: result: no
configure:7831: checking for arm-linux-fort
configure:7861: result: no
configure:7831: checking for arm-linux-xlf95
configure:7861: result: no
configure:7831: checking for arm-linux-ifort
configure:7861: result: no
configure:7831: checking for arm-linux-ifc
configure:7861: result: no
configure:7831: checking for arm-linux-efc
configure:7861: result: no
configure:7831: checking for arm-linux-pgf95
configure:7861: result: no
configure:7831: checking for arm-linux-lf95
configure:7861: result: no
configure:7831: checking for arm-linux-ftn
configure:7861: result: no
configure:7875: checking for g77
configure:7891: found /usr/bin/g77
configure:7902: result: g77
configure:7920: WARNING: In the future, Autoconf will not detect cross-tools
whose name does not start with the host triplet.  If you think this
configuration is useful to you, please write to autoconf@gnu.org.
configure:7932: checking for Fortran 77 compiler version
configure:7934: g77 --version >&5
GNU Fortran (GCC) 3.3.4
Copyright (C) 2002 Free Software Foundation, Inc.

GNU Fortran comes with NO WARRANTY, to the extent permitted by law.
You may redistribute copies of GNU Fortran
under the terms of the GNU General Public License.
For more information about these matters, see the file named COPYING
or type the command `info -f g77 Copying'.
configure:7937: $? = 0
configure:7939: g77 -v >&5
Reading specs from /usr/lib/gcc-lib/i486-slackware-linux/3.3.4/specs
Configured with: ../gcc-3.3.4/configure --prefix=/usr --enable-shared --enable-threads=posix --enable-__cxa_atexit --disable-checking --with-gnu-ld --verbose --target=i486-slackware-linux --host=i486-slackware-linux
Thread model: posix
gcc version 3.3.4
configure:7942: $? = 0
configure:7944: g77 -V >&5
g77: `-V' option must have argument
configure:7947: $? = 1
configure:7955: checking whether we are using the GNU Fortran 77 compiler
configure:7969: g77 -c  conftest.F >&5
configure:7975: $? = 0
configure:7979: test -z 
			 || test ! -s conftest.err
configure:7982: $? = 0
configure:7985: test -s conftest.o
configure:7988: $? = 0
configure:8002: result: yes
configure:8008: checking whether g77 accepts -g
configure:8020: g77 -c -g conftest.f >&5
configure:8026: $? = 0
configure:8030: test -z 
			 || test ! -s conftest.err
configure:8033: $? = 0
configure:8036: test -s conftest.o
configure:8039: $? = 0
configure:8052: result: yes
configure:8082: checking the maximum length of command line arguments
configure:8174: result: 32768
configure:8185: checking command to parse /opt/toolchain_arm_ep93xx/bin/arm-linux-nm -B output from arm-linux-gcc object
configure:8281: arm-linux-gcc -c -g -O2  conftest.c >&5
configure:8284: $? = 0
configure:8288: /opt/toolchain_arm_ep93xx/bin/arm-linux-nm -B conftest.o \| sed -n -e 's/^.*[ 	]\([ABCDGIRSTW][ABCDGIRSTW]*\)[ 	][ 	]*\([_A-Za-z][_A-Za-z0-9]*\)$/\1 \2 \2/p' \> conftest.nm
configure:8291: $? = 0
configure:8343: arm-linux-gcc -o conftest -g -O2   conftest.c conftstm.o >&5
configure:8346: $? = 0
configure:8384: result: ok
configure:8388: checking for objdir
configure:8403: result: .libs
configure:8455: checking for arm-linux-ar
configure:8471: found /opt/toolchain_arm_ep93xx/bin/arm-linux-ar
configure:8482: result: arm-linux-ar
configure:8551: checking for arm-linux-ranlib
configure:8567: found /opt/toolchain_arm_ep93xx/bin/arm-linux-ranlib
configure:8578: result: arm-linux-ranlib
configure:8647: checking for arm-linux-strip
configure:8663: found /opt/toolchain_arm_ep93xx/bin/arm-linux-strip
configure:8674: result: arm-linux-strip
configure:9015: checking if arm-linux-gcc static flag  works
configure:9043: result: yes
configure:9061: checking if arm-linux-gcc supports -fno-rtti -fno-exceptions
configure:9079: arm-linux-gcc -c -g -O2  -fno-rtti -fno-exceptions conftest.c >&5
cc1: warning: command line option "-fno-rtti" is valid for C++/ObjC++ but not for C
configure:9083: $? = 0
configure:9096: result: no
configure:9111: checking for arm-linux-gcc option to produce PIC
configure:9315: result: -fPIC
configure:9323: checking if arm-linux-gcc PIC flag -fPIC works
configure:9341: arm-linux-gcc -c -g -O2  -fPIC -DPIC conftest.c >&5
configure:9345: $? = 0
configure:9358: result: yes
configure:9382: checking if arm-linux-gcc supports -c -o file.o
configure:9403: arm-linux-gcc -c -g -O2  -o out/conftest2.o conftest.c >&5
configure:9407: $? = 0
configure:9429: result: yes
configure:9455: checking whether the arm-linux-gcc linker (/opt/toolchain_arm_ep93xx/arm-linux-uclibc/bin/ld) supports shared libraries
configure:10355: result: yes
configure:10381: checking whether -lc should be explicitly linked in
configure:10386: arm-linux-gcc -c -g -O2  conftest.c >&5
configure:10389: $? = 0
configure:10403: arm-linux-gcc -shared conftest.o  -v -Wl,-soname -Wl,conftest -o conftest 2\>\&1 \| grep  -lc  \>/dev/null 2\>\&1
configure:10406: $? = 0
configure:10418: result: no
configure:10426: checking dynamic linker characteristics
configure:10972: result: GNU/Linux ld.so
configure:10976: checking how to hardcode library paths into programs
configure:11001: result: immediate
configure:11015: checking whether stripping libraries is possible
configure:11020: result: yes
configure:11845: checking if libtool supports shared libraries
configure:11847: result: yes
configure:11850: checking whether to build shared libraries
configure:11871: result: yes
configure:11874: checking whether to build static libraries
configure:11878: result: yes
configure:11970: creating libtool
configure:12548: checking for ld used by arm-linux-g++
configure:12615: result: /opt/toolchain_arm_ep93xx/arm-linux-uclibc/bin/ld
configure:12624: checking if the linker (/opt/toolchain_arm_ep93xx/arm-linux-uclibc/bin/ld) is GNU ld
configure:12639: result: yes
configure:12690: checking whether the arm-linux-g++ linker (/opt/toolchain_arm_ep93xx/arm-linux-uclibc/bin/ld) supports shared libraries
configure:13581: result: yes
configure:13599: arm-linux-g++ -c -g -O2  conftest.cc >&5
configure:13602: $? = 0
configure:13698: checking for arm-linux-g++ option to produce PIC
configure:13966: result: -fPIC
configure:13974: checking if arm-linux-g++ PIC flag -fPIC works
configure:13992: arm-linux-g++ -c -g -O2  -fPIC -DPIC conftest.cc >&5
configure:13996: $? = 0
configure:14009: result: yes
configure:14033: checking if arm-linux-g++ supports -c -o file.o
configure:14054: arm-linux-g++ -c -g -O2  -o out/conftest2.o conftest.cc >&5
configure:14058: $? = 0
configure:14080: result: yes
configure:14106: checking whether the arm-linux-g++ linker (/opt/toolchain_arm_ep93xx/arm-linux-uclibc/bin/ld) supports shared libraries
configure:14131: result: yes
configure:14202: checking dynamic linker characteristics
configure:14748: result: GNU/Linux ld.so
configure:14752: checking how to hardcode library paths into programs
configure:14777: result: immediate
configure:14791: checking whether stripping libraries is possible
configure:14796: result: yes
configure:16127: checking if libtool supports shared libraries
configure:16129: result: yes
configure:16132: checking whether to build shared libraries
configure:16152: result: yes
configure:16155: checking whether to build static libraries
configure:16159: result: yes
configure:16171: checking for g77 option to produce PIC
configure:16375: result: -fPIC
configure:16383: checking if g77 PIC flag -fPIC works
configure:16401: g77 -c -g -O2 -fPIC conftest.f >&5
configure:16405: $? = 0
configure:16418: result: yes
configure:16442: checking if g77 supports -c -o file.o
configure:16463: g77 -c -g -O2 -o out/conftest2.o conftest.f >&5
configure:16467: $? = 0
configure:16489: result: yes
configure:16515: checking whether the g77 linker (/opt/toolchain_arm_ep93xx/arm-linux-uclibc/bin/ld) supports shared libraries
configure:17395: result: yes
configure:17466: checking dynamic linker characteristics
configure:18012: result: GNU/Linux ld.so
configure:18016: checking how to hardcode library paths into programs
configure:18041: result: immediate
configure:18055: checking whether stripping libraries is possible
configure:18060: result: yes
configure:22421: creating ./config.status

## ---------------------- ##
## Running config.status. ##
## ---------------------- ##

This file was extended by FreeType config.status 2.2.1, which was
generated by GNU Autoconf 2.59c.  Invocation command line was

  CONFIG_FILES    = 
  CONFIG_HEADERS  = 
  CONFIG_LINKS    = 
  CONFIG_COMMANDS = 
  $ ./config.status 

on Titan

config.status:622: creating unix-cc.mk
config.status:622: creating unix-def.mk
config.status:622: creating freetype-config
config.status:622: creating freetype2.pc
config.status:622: creating ftconfig.h

## ---------------- ##
## Cache variables. ##
## ---------------- ##

ac_cv_build=i686-pc-linux-gnu
ac_cv_c_compiler_gnu=yes
ac_cv_c_const=yes
ac_cv_cxx_compiler_gnu=yes
ac_cv_env_CCC_set=
ac_cv_env_CCC_value=
ac_cv_env_CC_set=
ac_cv_env_CC_value=
ac_cv_env_CFLAGS_set=
ac_cv_env_CFLAGS_value=
ac_cv_env_CPPFLAGS_set=
ac_cv_env_CPPFLAGS_value=
ac_cv_env_CPP_set=
ac_cv_env_CPP_value=
ac_cv_env_CXXCPP_set=
ac_cv_env_CXXCPP_value=
ac_cv_env_CXXFLAGS_set=
ac_cv_env_CXXFLAGS_value=
ac_cv_env_CXX_set=
ac_cv_env_CXX_value=
ac_cv_env_F77_set=
ac_cv_env_F77_value=
ac_cv_env_FFLAGS_set=
ac_cv_env_FFLAGS_value=
ac_cv_env_LDFLAGS_set=
ac_cv_env_LDFLAGS_value=
ac_cv_env_build_alias_set=
ac_cv_env_build_alias_value=
ac_cv_env_host_alias_set=set
ac_cv_env_host_alias_value=arm-linux
ac_cv_env_target_alias_set=
ac_cv_env_target_alias_value=
ac_cv_f77_compiler_gnu=yes
ac_cv_func_getpagesize=yes
ac_cv_func_memcpy=yes
ac_cv_func_memmove=yes
ac_cv_func_mmap_fixed_mapped=no
ac_cv_header_dlfcn_h=yes
ac_cv_header_fcntl_h=yes
ac_cv_header_inttypes_h=yes
ac_cv_header_memory_h=yes
ac_cv_header_stdc=yes
ac_cv_header_stdint_h=yes
ac_cv_header_stdlib_h=yes
ac_cv_header_string_h=yes
ac_cv_header_strings_h=yes
ac_cv_header_sys_stat_h=yes
ac_cv_header_sys_types_h=yes
ac_cv_header_unistd_h=yes
ac_cv_host=arm-unknown-linux-gnu
ac_cv_lib_z_gzsetparams=no
ac_cv_objext=o
ac_cv_path_EGREP='/usr/bin/grep -E'
ac_cv_path_GREP=/usr/bin/grep
ac_cv_path_install='/usr/bin/ginstall -c'
ac_cv_prog_AR=arm-linux-ar
ac_cv_prog_CC=arm-linux-gcc
ac_cv_prog_CPP='arm-linux-gcc -E'
ac_cv_prog_CXX=arm-linux-g++
ac_cv_prog_CXXCPP='arm-linux-g++ -E'
ac_cv_prog_RANLIB=arm-linux-ranlib
ac_cv_prog_RMDIR=rmdir
ac_cv_prog_RMF='rm -f'
ac_cv_prog_STRIP=arm-linux-strip
ac_cv_prog_ac_ct_F77=g77
ac_cv_prog_cc_c89=
ac_cv_prog_cc_g=yes
ac_cv_prog_cxx_g=yes
ac_cv_prog_f77_g=yes
ac_cv_sizeof_int=4
ac_cv_sizeof_long=4
ac_cv_target=arm-unknown-linux-gnu
ac_cv_type_int=yes
ac_cv_type_long=yes
lt_cv_deplibs_check_method=pass_all
lt_cv_file_magic_cmd='$MAGIC_CMD'
lt_cv_file_magic_test_file=
lt_cv_ld_reload_flag=-r
lt_cv_objdir=.libs
lt_cv_path_LD=/opt/toolchain_arm_ep93xx/arm-linux-uclibc/bin/ld
lt_cv_path_LDCXX=/opt/toolchain_arm_ep93xx/arm-linux-uclibc/bin/ld
lt_cv_path_NM='/opt/toolchain_arm_ep93xx/bin/arm-linux-nm -B'
lt_cv_path_SED=/opt/toolchain_arm_ep93xx/bin/sed
lt_cv_prog_compiler_c_o=yes
lt_cv_prog_compiler_c_o_CXX=yes
lt_cv_prog_compiler_c_o_F77=yes
lt_cv_prog_compiler_rtti_exceptions=no
lt_cv_prog_gnu_ld=yes
lt_cv_prog_gnu_ldcxx=yes
lt_cv_sys_global_symbol_pipe='sed -n -e '\''s/^.*[ 	]\([ABCDGIRSTW][ABCDGIRSTW]*\)[ 	][ 	]*\([_A-Za-z][_A-Za-z0-9]*\)$/\1 \2 \2/p'\'''
lt_cv_sys_global_symbol_to_c_name_address='sed -n -e '\''s/^: \([^ ]*\) $/  {\"\1\", (lt_ptr) 0},/p'\'' -e '\''s/^[BCDEGRST] \([^ ]*\) \([^ ]*\)$/  {"\2", (lt_ptr) \&\2},/p'\'''
lt_cv_sys_global_symbol_to_cdecl='sed -n -e '\''s/^. .* \(.*\)$/extern int \1;/p'\'''
lt_cv_sys_max_cmd_len=32768
lt_lt_cv_prog_compiler_c_o='"yes"'
lt_lt_cv_prog_compiler_c_o_CXX='"yes"'
lt_lt_cv_prog_compiler_c_o_F77='"yes"'
lt_lt_cv_sys_global_symbol_pipe='"sed -n -e '\''s/^.*[ 	]\\([ABCDGIRSTW][ABCDGIRSTW]*\\)[ 	][ 	]*\\([_A-Za-z][_A-Za-z0-9]*\\)\$/\\1 \\2 \\2/p'\''"'
lt_lt_cv_sys_global_symbol_to_c_name_address='"sed -n -e '\''s/^: \\([^ ]*\\) \$/  {\\\"\\1\\\", (lt_ptr) 0},/p'\'' -e '\''s/^[BCDEGRST] \\([^ ]*\\) \\([^ ]*\\)\$/  {\"\\2\", (lt_ptr) \\&\\2},/p'\''"'
lt_lt_cv_sys_global_symbol_to_cdecl='"sed -n -e '\''s/^. .* \\(.*\\)\$/extern int \\1;/p'\''"'

## ----------------- ##
## Output variables. ##
## ----------------- ##

AR='arm-linux-ar'
CC='arm-linux-gcc'
CFLAGS='-g -O2'
CPP='arm-linux-gcc -E'
CPPFLAGS=''
CXX='arm-linux-g++'
CXXCPP='arm-linux-g++ -E'
CXXFLAGS='-g -O2'
DEFS='-DHAVE_CONFIG_H'
ECHO='echo'
ECHO_C=''
ECHO_N='-n'
ECHO_T=''
EGREP='/usr/bin/grep -E'
EXEEXT=''
F77='g77'
FFLAGS='-g -O2'
FTSYS_SRC='$(BASE_DIR)/ftsystem.c'
GREP='/usr/bin/grep'
INSTALL_DATA='${INSTALL} -m 644'
INSTALL_PROGRAM='${INSTALL}'
INSTALL_SCRIPT='${INSTALL}'
LDFLAGS=''
LIBOBJS=''
LIBS=''
LIBTOOL='$(SHELL) $(top_builddir)/libtool'
LIBZ=''
LN_S='ln -s'
LTLIBOBJS=''
OBJEXT='o'
PACKAGE_BUGREPORT='freetype@nongnu.org'
PACKAGE_NAME='FreeType'
PACKAGE_STRING='FreeType 2.2.1'
PACKAGE_TARNAME='freetype'
PACKAGE_VERSION='2.2.1'
PATH_SEPARATOR=':'
RANLIB='arm-linux-ranlib'
RMDIR='rmdir'
RMF='rm -f'
SHELL='/bin/sh'
STRIP='arm-linux-strip'
SYSTEM_ZLIB=''
XX_ANSIFLAGS=''
XX_CFLAGS=''
ac_ct_CC=''
ac_ct_CXX=''
ac_ct_F77='g77'
bindir='${exec_prefix}/bin'
build='i686-pc-linux-gnu'
build_alias=''
build_cpu='i686'
build_os='linux-gnu'
build_vendor='pc'
datadir='${datarootdir}'
datarootdir='${prefix}/share'
docdir='${datarootdir}/doc/${PACKAGE_TARNAME}'
dvidir='${docdir}'
enable_shared='yes'
exec_prefix='${prefix}'
ft_version='9.10.3'
hardcode_libdir_flag_spec='${wl}--rpath ${wl}$libdir'
host='arm-unknown-linux-gnu'
host_alias='arm-linux'
host_cpu='arm'
host_os='linux-gnu'
host_vendor='unknown'
htmldir='${docdir}'
includedir='${prefix}/include'
infodir='${datarootdir}/info'
libdir='${exec_prefix}/lib'
libexecdir='${exec_prefix}/libexec'
localedir='${datarootdir}/locale'
localstatedir='${prefix}/var'
mandir='${datarootdir}/man'
oldincludedir='/usr/include'
pdfdir='${docdir}'
prefix='/usr/local'
program_transform_name='s,x,x,'
psdir='${docdir}'
sbindir='${exec_prefix}/sbin'
sharedstatedir='${prefix}/com'
sysconfdir='${prefix}/etc'
target='arm-unknown-linux-gnu'
target_alias=''
target_cpu='arm'
target_os='linux-gnu'
target_vendor='unknown'
version_info='9:10:3'
wl='-Wl,'

## ----------- ##
## confdefs.h. ##
## ----------- ##

#define PACKAGE_NAME "FreeType"
#define PACKAGE_TARNAME "freetype"
#define PACKAGE_VERSION "2.2.1"
#define PACKAGE_STRING "FreeType 2.2.1"
#define PACKAGE_BUGREPORT "freetype@nongnu.org"
#define STDC_HEADERS 1
#define HAVE_SYS_TYPES_H 1
#define HAVE_SYS_STAT_H 1
#define HAVE_STDLIB_H 1
#define HAVE_STRING_H 1
#define HAVE_MEMORY_H 1
#define HAVE_STRINGS_H 1
#define HAVE_INTTYPES_H 1
#define HAVE_STDINT_H 1
#define HAVE_UNISTD_H 1
#define HAVE_FCNTL_H 1
#define HAVE_UNISTD_H 1
#define SIZEOF_INT 4
#define SIZEOF_LONG 4
#define HAVE_STDLIB_H 1
#define HAVE_UNISTD_H 1
#define HAVE_GETPAGESIZE 1
#define HAVE_MEMCPY 1
#define HAVE_MEMMOVE 1
#define HAVE_DLFCN_H 1

configure: exit 0
