This file contains any messages produced by compilers while
running configure, to aid debugging if configure makes a mistake.

It was created by configure, which was
generated by GNU Autoconf 2.57.  Invocation command line was

  $ ../configure --host=mips-linux

## --------- ##
## Platform. ##
## --------- ##

hostname = Titan
uname -m = i686
uname -r = 2.4.22Titan
uname -s = Linux
uname -v = #2 Mon Nov 22 10:04:08 CST 2004

/usr/bin/uname -p = unknown
/bin/uname -X     = unknown

/bin/arch              = i686
/usr/bin/arch -k       = unknown
/usr/convex/getsysinfo = unknown
hostinfo               = unknown
/bin/machine           = unknown
/usr/bin/oslevel       = unknown
/bin/universe          = unknown

PATH: /opt/toolchain_mips/bin
PATH: /usr/local/bin
PATH: /usr/bin
PATH: /bin
PATH: /usr/X11R6/bin
PATH: /usr/games
PATH: /opt/www/htdig/bin
PATH: /usr/lib/java/bin
PATH: /usr/lib/java/jre/bin
PATH: /opt/kde/bin
PATH: /usr/lib/qt/bin
PATH: /usr/share/texmf/bin
PATH: .


## ----------- ##
## Core tests. ##
## ----------- ##

configure:1514: checking for a BSD-compatible install
configure:1568: result: /usr/bin/ginstall -c
configure:1579: checking whether build environment is sane
configure:1622: result: yes
configure:1655: checking for gawk
configure:1671: found /usr/bin/gawk
configure:1681: result: gawk
configure:1691: checking whether make sets $(MAKE)
configure:1711: result: yes
configure:1790: checking for mips-linux-strip
configure:1806: found /opt/toolchain_mips/bin/mips-linux-strip
configure:1816: result: mips-linux-strip
configure:1877: checking whether make sets $(MAKE)
configure:1897: result: yes
configure:1919: checking for mips-linux-gcc
configure:1935: found /opt/toolchain_mips/bin/mips-linux-gcc
configure:1945: result: mips-linux-gcc
configure:2227: checking for C compiler version
configure:2230: mips-linux-gcc --version </dev/null >&5
mips-linux-gcc (GCC) 3.3.3
Copyright (C) 2003 Free Software Foundation, Inc.
This is free software; see the source for copying conditions.  There is NO
warranty; not even for MERCHANTABILITY or FITNESS FOR A PARTICULAR PURPOSE.

configure:2233: $? = 0
configure:2235: mips-linux-gcc -v </dev/null >&5
Reading specs from /opt/toolchain_mips/usr/bin/../lib/gcc-lib/mips-linux-uclibc/3.3.3/specs
Configured with: /opt/gcc-3.3.3/toolchain_build_mips/gcc-3.3.3/configure --prefix=/opt/toolchain_mips --build=i386-pc-linux-gnu --host=i386-pc-linux-gnu --target=mips-linux-uclibc --enable-languages=c,c++ --enable-shared --with-gxx-include-dir=/opt/toolchain_mips/mips-linux-uclibc/include/c++ --disable-__cxa_atexit --enable-target-optspace --with-gnu-ld --disable-nls --enable-multilib --enable-sjlj-exceptions
Thread model: posix
gcc version 3.3.3
configure:2238: $? = 0
configure:2240: mips-linux-gcc -V </dev/null >&5
mips-linux-gcc: `-V' option must have argument
configure:2243: $? = 1
configure:2267: checking for C compiler default output
configure:2270: mips-linux-gcc    conftest.c  >&5
configure:2273: $? = 0
configure:2319: result: a.out
configure:2324: checking whether the C compiler works
configure:2330: ./a.out
../configure: line 1: ./a.out: cannot execute binary file
configure:2333: $? = 126
configure:2350: result: yes
configure:2357: checking whether we are cross compiling
configure:2359: result: yes
configure:2362: checking for suffix of executables
configure:2364: mips-linux-gcc -o conftest    conftest.c  >&5
configure:2367: $? = 0
configure:2392: result: 
configure:2398: checking for suffix of object files
configure:2420: mips-linux-gcc -c   conftest.c >&5
configure:2423: $? = 0
configure:2445: result: o
configure:2449: checking whether we are using the GNU C compiler
configure:2474: mips-linux-gcc -c   conftest.c >&5
configure:2477: $? = 0
configure:2480: test -s conftest.o
configure:2483: $? = 0
configure:2496: result: yes
configure:2502: checking whether mips-linux-gcc accepts -g
configure:2524: mips-linux-gcc -c -g  conftest.c >&5
configure:2527: $? = 0
configure:2530: test -s conftest.o
configure:2533: $? = 0
configure:2544: result: yes
configure:2561: checking for mips-linux-gcc option to accept ANSI C
configure:2622: mips-linux-gcc  -c -g -O2  conftest.c >&5
configure:2625: $? = 0
configure:2628: test -s conftest.o
configure:2631: $? = 0
configure:2649: result: none needed
configure:2667: mips-linux-gcc -c -g -O2  conftest.c >&5
conftest.c:2: error: parse error before "me"
configure:2670: $? = 1
configure: failed program was:
| #ifndef __cplusplus
|   choke me
| #endif
configure:2790: checking for style of include used by make
configure:2818: result: GNU
configure:2846: checking dependency style of mips-linux-gcc
configure:2914: result: none
configure:2936: checking how to run the C preprocessor
configure:2972: mips-linux-gcc -E  conftest.c
configure:2978: $? = 0
configure:3010: mips-linux-gcc -E  conftest.c
configure:3011:28: ac_nonexistent.h: No such file or directory
configure:3016: $? = 1
configure: failed program was:
| #line 3001 "configure"
| /* confdefs.h.  */
| 
| #define PACKAGE_NAME ""
| #define PACKAGE_TARNAME ""
| #define PACKAGE_VERSION ""
| #define PACKAGE_STRING ""
| #define PACKAGE_BUGREPORT ""
| #define PACKAGE "libiconv"
| #define VERSION "1.9"
| /* end confdefs.h.  */
| #include <ac_nonexistent.h>
configure:3054: result: mips-linux-gcc -E
configure:3079: mips-linux-gcc -E  conftest.c
configure:3085: $? = 0
configure:3117: mips-linux-gcc -E  conftest.c
configure:3118:28: ac_nonexistent.h: No such file or directory
configure:3123: $? = 1
configure: failed program was:
| #line 3108 "configure"
| /* confdefs.h.  */
| 
| #define PACKAGE_NAME ""
| #define PACKAGE_TARNAME ""
| #define PACKAGE_VERSION ""
| #define PACKAGE_STRING ""
| #define PACKAGE_BUGREPORT ""
| #define PACKAGE "libiconv"
| #define VERSION "1.9"
| /* end confdefs.h.  */
| #include <ac_nonexistent.h>
configure:3167: checking for egrep
configure:3177: result: grep -E
configure:3183: checking whether mips-linux-gcc needs -traditional
configure:3227: result: no
configure:3246: checking for a BSD-compatible install
configure:3300: result: /usr/bin/ginstall -c
configure:3319: checking build system type
configure:3337: result: i686-pc-linux-gnu
configure:3345: checking host system type
configure:3359: result: mips-unknown-linux-gnu
configure:3393: checking for ld used by GCC
configure:3456: result: /opt/toolchain_mips/usr/mips-linux-uclibc/bin/ld
configure:3465: checking if the linker (/opt/toolchain_mips/usr/mips-linux-uclibc/bin/ld) is GNU ld
configure:3477: result: no
configure:3483: checking for shared library path variable
configure:3496: result: LD_LIBRARY_PATH
configure:3501: checking whether to activate relocatable installation
configure:3516: result: no
configure:3597: checking for mips-linux-ranlib
configure:3613: found /opt/toolchain_mips/bin/mips-linux-ranlib
configure:3623: result: mips-linux-ranlib
configure:3674: checking how to copy files
configure:3690: result: cp -p
configure:3694: checking how to make hard links
configure:3710: result: ln
configure:3714: checking whether ln -s works
configure:3718: result: yes
configure:3734: checking for AIX
configure:3757: result: no
configure:3763: checking for ANSI C header files
configure:3789: mips-linux-gcc -c -g -O2  conftest.c >&5
configure:3792: $? = 0
configure:3795: test -s conftest.o
configure:3798: $? = 0
configure:3910: result: yes
configure:3934: checking for sys/types.h
configure:3951: mips-linux-gcc -c -g -O2  conftest.c >&5
configure:3954: $? = 0
configure:3957: test -s conftest.o
configure:3960: $? = 0
configure:3971: result: yes
configure:3934: checking for sys/stat.h
configure:3951: mips-linux-gcc -c -g -O2  conftest.c >&5
configure:3954: $? = 0
configure:3957: test -s conftest.o
configure:3960: $? = 0
configure:3971: result: yes
configure:3934: checking for stdlib.h
configure:3951: mips-linux-gcc -c -g -O2  conftest.c >&5
configure:3954: $? = 0
configure:3957: test -s conftest.o
configure:3960: $? = 0
configure:3971: result: yes
configure:3934: checking for string.h
configure:3951: mips-linux-gcc -c -g -O2  conftest.c >&5
configure:3954: $? = 0
configure:3957: test -s conftest.o
configure:3960: $? = 0
configure:3971: result: yes
configure:3934: checking for memory.h
configure:3951: mips-linux-gcc -c -g -O2  conftest.c >&5
configure:3954: $? = 0
configure:3957: test -s conftest.o
configure:3960: $? = 0
configure:3971: result: yes
configure:3934: checking for strings.h
configure:3951: mips-linux-gcc -c -g -O2  conftest.c >&5
configure:3954: $? = 0
configure:3957: test -s conftest.o
configure:3960: $? = 0
configure:3971: result: yes
configure:3934: checking for inttypes.h
configure:3951: mips-linux-gcc -c -g -O2  conftest.c >&5
configure:3954: $? = 0
configure:3957: test -s conftest.o
configure:3960: $? = 0
configure:3971: result: yes
configure:3934: checking for stdint.h
configure:3951: mips-linux-gcc -c -g -O2  conftest.c >&5
configure:3954: $? = 0
configure:3957: test -s conftest.o
configure:3960: $? = 0
configure:3971: result: yes
configure:3934: checking for unistd.h
configure:3951: mips-linux-gcc -c -g -O2  conftest.c >&5
configure:3954: $? = 0
configure:3957: test -s conftest.o
configure:3960: $? = 0
configure:3971: result: yes
configure:3993: checking minix/config.h usability
configure:4006: mips-linux-gcc -c -g -O2  conftest.c >&5
configure:4051:26: minix/config.h: No such file or directory
configure:4009: $? = 1
configure: failed program was:
| #line 3995 "configure"
| /* confdefs.h.  */
| 
| #define PACKAGE_NAME ""
| #define PACKAGE_TARNAME ""
| #define PACKAGE_VERSION ""
| #define PACKAGE_STRING ""
| #define PACKAGE_BUGREPORT ""
| #define PACKAGE "libiconv"
| #define VERSION "1.9"
| #define INSTALLPREFIX "/usr/local"
| #define _GNU_SOURCE 1
| #define STDC_HEADERS 1
| #define HAVE_SYS_TYPES_H 1
| #define HAVE_SYS_STAT_H 1
| #define HAVE_STDLIB_H 1
| #define HAVE_STRING_H 1
| #define HAVE_MEMORY_H 1
| #define HAVE_STRINGS_H 1
| #define HAVE_INTTYPES_H 1
| #define HAVE_STDINT_H 1
| #define HAVE_UNISTD_H 1
| /* end confdefs.h.  */
| #include <stdio.h>
| #if HAVE_SYS_TYPES_H
| # include <sys/types.h>
| #endif
| #if HAVE_SYS_STAT_H
| # include <sys/stat.h>
| #endif
| #if STDC_HEADERS
| # include <stdlib.h>
| # include <stddef.h>
| #else
| # if HAVE_STDLIB_H
| #  include <stdlib.h>
| # endif
| #endif
| #if HAVE_STRING_H
| # if !STDC_HEADERS && HAVE_MEMORY_H
| #  include <memory.h>
| # endif
| # include <string.h>
| #endif
| #if HAVE_STRINGS_H
| # include <strings.h>
| #endif
| #if HAVE_INTTYPES_H
| # include <inttypes.h>
| #else
| # if HAVE_STDINT_H
| #  include <stdint.h>
| # endif
| #endif
| #if HAVE_UNISTD_H
| # include <unistd.h>
| #endif
| #include <minix/config.h>
configure:4025: result: no
configure:4029: checking minix/config.h presence
configure:4040: mips-linux-gcc -E  conftest.c
configure:4053:26: minix/config.h: No such file or directory
configure:4046: $? = 1
configure: failed program was:
| #line 4031 "configure"
| /* confdefs.h.  */
| 
| #define PACKAGE_NAME ""
| #define PACKAGE_TARNAME ""
| #define PACKAGE_VERSION ""
| #define PACKAGE_STRING ""
| #define PACKAGE_BUGREPORT ""
| #define PACKAGE "libiconv"
| #define VERSION "1.9"
| #define INSTALLPREFIX "/usr/local"
| #define _GNU_SOURCE 1
| #define STDC_HEADERS 1
| #define HAVE_SYS_TYPES_H 1
| #define HAVE_SYS_STAT_H 1
| #define HAVE_STDLIB_H 1
| #define HAVE_STRING_H 1
| #define HAVE_MEMORY_H 1
| #define HAVE_STRINGS_H 1
| #define HAVE_INTTYPES_H 1
| #define HAVE_STDINT_H 1
| #define HAVE_UNISTD_H 1
| /* end confdefs.h.  */
| #include <minix/config.h>
configure:4065: result: no
configure:4101: checking for minix/config.h
configure:4108: result: no
configure:4138: checking for strerror in -lcposix
configure:4169: mips-linux-gcc -o conftest -g -O2   conftest.c -lcposix   >&5
/opt/toolchain_mips/usr/bin/../lib/gcc-lib/mips-linux-uclibc/3.3.3/../../../../mips-linux-uclibc/bin/ld: cannot find -lcposix
collect2: ld returned 1 exit status
configure:4172: $? = 1
configure: failed program was:
| #line 4145 "configure"
| /* confdefs.h.  */
| 
| #define PACKAGE_NAME ""
| #define PACKAGE_TARNAME ""
| #define PACKAGE_VERSION ""
| #define PACKAGE_STRING ""
| #define PACKAGE_BUGREPORT ""
| #define PACKAGE "libiconv"
| #define VERSION "1.9"
| #define INSTALLPREFIX "/usr/local"
| #define _GNU_SOURCE 1
| #define STDC_HEADERS 1
| #define HAVE_SYS_TYPES_H 1
| #define HAVE_SYS_STAT_H 1
| #define HAVE_STDLIB_H 1
| #define HAVE_STRING_H 1
| #define HAVE_MEMORY_H 1
| #define HAVE_STRINGS_H 1
| #define HAVE_INTTYPES_H 1
| #define HAVE_STDINT_H 1
| #define HAVE_UNISTD_H 1
| /* end confdefs.h.  */
| 
| /* Override any gcc2 internal prototype to avoid an error.  */
| #ifdef __cplusplus
| extern "C"
| #endif
| /* We use char because int might match the return type of a gcc2
|    builtin and then its argument prototype would still apply.  */
| char strerror ();
| int
| main ()
| {
| strerror ();
|   ;
|   return 0;
| }
configure:4190: result: no
configure:4279: checking for a sed that does not truncate output
configure:4333: result: /opt/toolchain_mips/bin/sed
configure:4347: checking for ld used by mips-linux-gcc
configure:4414: result: /opt/toolchain_mips/usr/mips-linux-uclibc/bin/ld
configure:4423: checking if the linker (/opt/toolchain_mips/usr/mips-linux-uclibc/bin/ld) is GNU ld
configure:4438: result: no
configure:4443: checking for /opt/toolchain_mips/usr/mips-linux-uclibc/bin/ld option to reload object files
configure:4450: result: -r
configure:4459: checking for BSD-compatible nm
configure:4501: result: /opt/toolchain_mips/bin/mips-linux-nm -B
configure:4505: checking how to recognise dependent libraries
configure:4705: result: pass_all
configure:5157: checking dlfcn.h usability
configure:5170: mips-linux-gcc -c -g -O2  conftest.c >&5
configure:5173: $? = 0
configure:5176: test -s conftest.o
configure:5179: $? = 0
configure:5189: result: yes
configure:5193: checking dlfcn.h presence
configure:5204: mips-linux-gcc -E  conftest.c
configure:5210: $? = 0
configure:5229: result: yes
configure:5265: checking for dlfcn.h
configure:5272: result: yes
configure:5295: checking for mips-linux-g++
configure:5311: found /opt/toolchain_mips/bin/mips-linux-g++
configure:5321: result: mips-linux-g++
configure:5379: checking for C++ compiler version
configure:5382: mips-linux-g++ --version </dev/null >&5
mips-linux-g++: Permission denied
configure:5385: $? = 1
configure:5387: mips-linux-g++ -v </dev/null >&5
mips-linux-g++: Permission denied
configure:5390: $? = 1
configure:5392: mips-linux-g++ -V </dev/null >&5
mips-linux-g++: Permission denied
configure:5395: $? = 1
configure:5398: checking whether we are using the GNU C++ compiler
configure:5423: mips-linux-g++ -c   conftest.cc >&5
mips-linux-g++: Permission denied
configure:5426: $? = 1
configure: failed program was:
| #line 5403 "configure"
| /* confdefs.h.  */
| 
| #define PACKAGE_NAME ""
| #define PACKAGE_TARNAME ""
| #define PACKAGE_VERSION ""
| #define PACKAGE_STRING ""
| #define PACKAGE_BUGREPORT ""
| #define PACKAGE "libiconv"
| #define VERSION "1.9"
| #define INSTALLPREFIX "/usr/local"
| #define _GNU_SOURCE 1
| #define STDC_HEADERS 1
| #define HAVE_SYS_TYPES_H 1
| #define HAVE_SYS_STAT_H 1
| #define HAVE_STDLIB_H 1
| #define HAVE_STRING_H 1
| #define HAVE_MEMORY_H 1
| #define HAVE_STRINGS_H 1
| #define HAVE_INTTYPES_H 1
| #define HAVE_STDINT_H 1
| #define HAVE_UNISTD_H 1
| #define HAVE_DLFCN_H 1
| /* end confdefs.h.  */
| 
| int
| main ()
| {
| #ifndef __GNUC__
|        choke me
| #endif
| 
|   ;
|   return 0;
| }
configure:5445: result: no
configure:5451: checking whether mips-linux-g++ accepts -g
configure:5473: mips-linux-g++ -c -g  conftest.cc >&5
mips-linux-g++: Permission denied
configure:5476: $? = 1
configure: failed program was:
| #line 5456 "configure"
| /* confdefs.h.  */
| 
| #define PACKAGE_NAME ""
| #define PACKAGE_TARNAME ""
| #define PACKAGE_VERSION ""
| #define PACKAGE_STRING ""
| #define PACKAGE_BUGREPORT ""
| #define PACKAGE "libiconv"
| #define VERSION "1.9"
| #define INSTALLPREFIX "/usr/local"
| #define _GNU_SOURCE 1
| #define STDC_HEADERS 1
| #define HAVE_SYS_TYPES_H 1
| #define HAVE_SYS_STAT_H 1
| #define HAVE_STDLIB_H 1
| #define HAVE_STRING_H 1
| #define HAVE_MEMORY_H 1
| #define HAVE_STRINGS_H 1
| #define HAVE_INTTYPES_H 1
| #define HAVE_STDINT_H 1
| #define HAVE_UNISTD_H 1
| #define HAVE_DLFCN_H 1
| /* end confdefs.h.  */
| 
| int
| main ()
| {
| 
|   ;
|   return 0;
| }
configure:5493: result: no
configure:5537: mips-linux-g++ -c   conftest.cc >&5
mips-linux-g++: Permission denied
configure:5540: $? = 1
configure: failed program was:
| #line 5519 "configure"
| /* confdefs.h.  */
| 
| #define PACKAGE_NAME ""
| #define PACKAGE_TARNAME ""
| #define PACKAGE_VERSION ""
| #define PACKAGE_STRING ""
| #define PACKAGE_BUGREPORT ""
| #define PACKAGE "libiconv"
| #define VERSION "1.9"
| #define INSTALLPREFIX "/usr/local"
| #define _GNU_SOURCE 1
| #define STDC_HEADERS 1
| #define HAVE_SYS_TYPES_H 1
| #define HAVE_SYS_STAT_H 1
| #define HAVE_STDLIB_H 1
| #define HAVE_STRING_H 1
| #define HAVE_MEMORY_H 1
| #define HAVE_STRINGS_H 1
| #define HAVE_INTTYPES_H 1
| #define HAVE_STDINT_H 1
| #define HAVE_UNISTD_H 1
| #define HAVE_DLFCN_H 1
| /* end confdefs.h.  */
| #include <stdlib.h>
| 
| int
| main ()
| {
| exit (42);
|   ;
|   return 0;
| }
configure:5537: mips-linux-g++ -c   conftest.cc >&5
mips-linux-g++: Permission denied
configure:5540: $? = 1
configure: failed program was:
| #line 5519 "configure"
| /* confdefs.h.  */
| 
| #define PACKAGE_NAME ""
| #define PACKAGE_TARNAME ""
| #define PACKAGE_VERSION ""
| #define PACKAGE_STRING ""
| #define PACKAGE_BUGREPORT ""
| #define PACKAGE "libiconv"
| #define VERSION "1.9"
| #define INSTALLPREFIX "/usr/local"
| #define _GNU_SOURCE 1
| #define STDC_HEADERS 1
| #define HAVE_SYS_TYPES_H 1
| #define HAVE_SYS_STAT_H 1
| #define HAVE_STDLIB_H 1
| #define HAVE_STRING_H 1
| #define HAVE_MEMORY_H 1
| #define HAVE_STRINGS_H 1
| #define HAVE_INTTYPES_H 1
| #define HAVE_STDINT_H 1
| #define HAVE_UNISTD_H 1
| #define HAVE_DLFCN_H 1
| /* end confdefs.h.  */
| #include <stdlib.h>
| #include <stdlib.h>
| int
| main ()
| {
| exit (42);
|   ;
|   return 0;
| }
configure:5537: mips-linux-g++ -c   conftest.cc >&5
mips-linux-g++: Permission denied
configure:5540: $? = 1
configure: failed program was:
| #line 5519 "configure"
| /* confdefs.h.  */
| 
| #define PACKAGE_NAME ""
| #define PACKAGE_TARNAME ""
| #define PACKAGE_VERSION ""
| #define PACKAGE_STRING ""
| #define PACKAGE_BUGREPORT ""
| #define PACKAGE "libiconv"
| #define VERSION "1.9"
| #define INSTALLPREFIX "/usr/local"
| #define _GNU_SOURCE 1
| #define STDC_HEADERS 1
| #define HAVE_SYS_TYPES_H 1
| #define HAVE_SYS_STAT_H 1
| #define HAVE_STDLIB_H 1
| #define HAVE_STRING_H 1
| #define HAVE_MEMORY_H 1
| #define HAVE_STRINGS_H 1
| #define HAVE_INTTYPES_H 1
| #define HAVE_STDINT_H 1
| #define HAVE_UNISTD_H 1
| #define HAVE_DLFCN_H 1
| /* end confdefs.h.  */
| #include <stdlib.h>
| extern "C" void std::exit (int) throw (); using std::exit;
| int
| main ()
| {
| exit (42);
|   ;
|   return 0;
| }
configure:5537: mips-linux-g++ -c   conftest.cc >&5
mips-linux-g++: Permission denied
configure:5540: $? = 1
configure: failed program was:
| #line 5519 "configure"
| /* confdefs.h.  */
| 
| #define PACKAGE_NAME ""
| #define PACKAGE_TARNAME ""
| #define PACKAGE_VERSION ""
| #define PACKAGE_STRING ""
| #define PACKAGE_BUGREPORT ""
| #define PACKAGE "libiconv"
| #define VERSION "1.9"
| #define INSTALLPREFIX "/usr/local"
| #define _GNU_SOURCE 1
| #define STDC_HEADERS 1
| #define HAVE_SYS_TYPES_H 1
| #define HAVE_SYS_STAT_H 1
| #define HAVE_STDLIB_H 1
| #define HAVE_STRING_H 1
| #define HAVE_MEMORY_H 1
| #define HAVE_STRINGS_H 1
| #define HAVE_INTTYPES_H 1
| #define HAVE_STDINT_H 1
| #define HAVE_UNISTD_H 1
| #define HAVE_DLFCN_H 1
| /* end confdefs.h.  */
| #include <stdlib.h>
| extern "C" void std::exit (int); using std::exit;
| int
| main ()
| {
| exit (42);
|   ;
|   return 0;
| }
configure:5537: mips-linux-g++ -c   conftest.cc >&5
mips-linux-g++: Permission denied
configure:5540: $? = 1
configure: failed program was:
| #line 5519 "configure"
| /* confdefs.h.  */
| 
| #define PACKAGE_NAME ""
| #define PACKAGE_TARNAME ""
| #define PACKAGE_VERSION ""
| #define PACKAGE_STRING ""
| #define PACKAGE_BUGREPORT ""
| #define PACKAGE "libiconv"
| #define VERSION "1.9"
| #define INSTALLPREFIX "/usr/local"
| #define _GNU_SOURCE 1
| #define STDC_HEADERS 1
| #define HAVE_SYS_TYPES_H 1
| #define HAVE_SYS_STAT_H 1
| #define HAVE_STDLIB_H 1
| #define HAVE_STRING_H 1
| #define HAVE_MEMORY_H 1
| #define HAVE_STRINGS_H 1
| #define HAVE_INTTYPES_H 1
| #define HAVE_STDINT_H 1
| #define HAVE_UNISTD_H 1
| #define HAVE_DLFCN_H 1
| /* end confdefs.h.  */
| #include <stdlib.h>
| extern "C" void exit (int) throw ();
| int
| main ()
| {
| exit (42);
|   ;
|   return 0;
| }
configure:5537: mips-linux-g++ -c   conftest.cc >&5
mips-linux-g++: Permission denied
configure:5540: $? = 1
configure: failed program was:
| #line 5519 "configure"
| /* confdefs.h.  */
| 
| #define PACKAGE_NAME ""
| #define PACKAGE_TARNAME ""
| #define PACKAGE_VERSION ""
| #define PACKAGE_STRING ""
| #define PACKAGE_BUGREPORT ""
| #define PACKAGE "libiconv"
| #define VERSION "1.9"
| #define INSTALLPREFIX "/usr/local"
| #define _GNU_SOURCE 1
| #define STDC_HEADERS 1
| #define HAVE_SYS_TYPES_H 1
| #define HAVE_SYS_STAT_H 1
| #define HAVE_STDLIB_H 1
| #define HAVE_STRING_H 1
| #define HAVE_MEMORY_H 1
| #define HAVE_STRINGS_H 1
| #define HAVE_INTTYPES_H 1
| #define HAVE_STDINT_H 1
| #define HAVE_UNISTD_H 1
| #define HAVE_DLFCN_H 1
| /* end confdefs.h.  */
| #include <stdlib.h>
| extern "C" void exit (int);
| int
| main ()
| {
| exit (42);
|   ;
|   return 0;
| }
configure:5537: mips-linux-g++ -c   conftest.cc >&5
mips-linux-g++: Permission denied
configure:5540: $? = 1
configure: failed program was:
| #line 5519 "configure"
| /* confdefs.h.  */
| 
| #define PACKAGE_NAME ""
| #define PACKAGE_TARNAME ""
| #define PACKAGE_VERSION ""
| #define PACKAGE_STRING ""
| #define PACKAGE_BUGREPORT ""
| #define PACKAGE "libiconv"
| #define VERSION "1.9"
| #define INSTALLPREFIX "/usr/local"
| #define _GNU_SOURCE 1
| #define STDC_HEADERS 1
| #define HAVE_SYS_TYPES_H 1
| #define HAVE_SYS_STAT_H 1
| #define HAVE_STDLIB_H 1
| #define HAVE_STRING_H 1
| #define HAVE_MEMORY_H 1
| #define HAVE_STRINGS_H 1
| #define HAVE_INTTYPES_H 1
| #define HAVE_STDINT_H 1
| #define HAVE_UNISTD_H 1
| #define HAVE_DLFCN_H 1
| /* end confdefs.h.  */
| #include <stdlib.h>
| void exit (int);
| int
| main ()
| {
| exit (42);
|   ;
|   return 0;
| }
configure:5607: checking dependency style of mips-linux-g++
configure:5675: result: none
configure:5697: checking how to run the C++ preprocessor
configure:5729: mips-linux-g++ -E  conftest.cc
mips-linux-g++: Permission denied
configure:5735: $? = 1
configure: failed program was:
| #line 5715 "configure"
| /* confdefs.h.  */
| 
| #define PACKAGE_NAME ""
| #define PACKAGE_TARNAME ""
| #define PACKAGE_VERSION ""
| #define PACKAGE_STRING ""
| #define PACKAGE_BUGREPORT ""
| #define PACKAGE "libiconv"
| #define VERSION "1.9"
| #define INSTALLPREFIX "/usr/local"
| #define _GNU_SOURCE 1
| #define STDC_HEADERS 1
| #define HAVE_SYS_TYPES_H 1
| #define HAVE_SYS_STAT_H 1
| #define HAVE_STDLIB_H 1
| #define HAVE_STRING_H 1
| #define HAVE_MEMORY_H 1
| #define HAVE_STRINGS_H 1
| #define HAVE_INTTYPES_H 1
| #define HAVE_STDINT_H 1
| #define HAVE_UNISTD_H 1
| #define HAVE_DLFCN_H 1
| #ifdef __cplusplus
| void exit (int);
| #endif
| /* end confdefs.h.  */
| #ifdef __STDC__
| # include <limits.h>
| #else
| # include <assert.h>
| #endif
|                      Syntax error
configure:5729: mips-linux-g++ -E  conftest.cc
mips-linux-g++: Permission denied
configure:5735: $? = 1
configure: failed program was:
| #line 5715 "configure"
| /* confdefs.h.  */
| 
| #define PACKAGE_NAME ""
| #define PACKAGE_TARNAME ""
| #define PACKAGE_VERSION ""
| #define PACKAGE_STRING ""
| #define PACKAGE_BUGREPORT ""
| #define PACKAGE "libiconv"
| #define VERSION "1.9"
| #define INSTALLPREFIX "/usr/local"
| #define _GNU_SOURCE 1
| #define STDC_HEADERS 1
| #define HAVE_SYS_TYPES_H 1
| #define HAVE_SYS_STAT_H 1
| #define HAVE_STDLIB_H 1
| #define HAVE_STRING_H 1
| #define HAVE_MEMORY_H 1
| #define HAVE_STRINGS_H 1
| #define HAVE_INTTYPES_H 1
| #define HAVE_STDINT_H 1
| #define HAVE_UNISTD_H 1
| #define HAVE_DLFCN_H 1
| #ifdef __cplusplus
| void exit (int);
| #endif
| /* end confdefs.h.  */
| #ifdef __STDC__
| # include <limits.h>
| #else
| # include <assert.h>
| #endif
|                      Syntax error
configure:5729: /lib/cpp  conftest.cc
configure:5735: $? = 0
configure:5767: /lib/cpp  conftest.cc
configure:5784:28: ac_nonexistent.h: No such file or directory
configure:5773: $? = 1
configure: failed program was:
| #line 5758 "configure"
| /* confdefs.h.  */
| 
| #define PACKAGE_NAME ""
| #define PACKAGE_TARNAME ""
| #define PACKAGE_VERSION ""
| #define PACKAGE_STRING ""
| #define PACKAGE_BUGREPORT ""
| #define PACKAGE "libiconv"
| #define VERSION "1.9"
| #define INSTALLPREFIX "/usr/local"
| #define _GNU_SOURCE 1
| #define STDC_HEADERS 1
| #define HAVE_SYS_TYPES_H 1
| #define HAVE_SYS_STAT_H 1
| #define HAVE_STDLIB_H 1
| #define HAVE_STRING_H 1
| #define HAVE_MEMORY_H 1
| #define HAVE_STRINGS_H 1
| #define HAVE_INTTYPES_H 1
| #define HAVE_STDINT_H 1
| #define HAVE_UNISTD_H 1
| #define HAVE_DLFCN_H 1
| #ifdef __cplusplus
| void exit (int);
| #endif
| /* end confdefs.h.  */
| #include <ac_nonexistent.h>
configure:5811: result: /lib/cpp
configure:5836: /lib/cpp  conftest.cc
configure:5842: $? = 0
configure:5874: /lib/cpp  conftest.cc
configure:5891:28: ac_nonexistent.h: No such file or directory
configure:5880: $? = 1
configure: failed program was:
| #line 5865 "configure"
| /* confdefs.h.  */
| 
| #define PACKAGE_NAME ""
| #define PACKAGE_TARNAME ""
| #define PACKAGE_VERSION ""
| #define PACKAGE_STRING ""
| #define PACKAGE_BUGREPORT ""
| #define PACKAGE "libiconv"
| #define VERSION "1.9"
| #define INSTALLPREFIX "/usr/local"
| #define _GNU_SOURCE 1
| #define STDC_HEADERS 1
| #define HAVE_SYS_TYPES_H 1
| #define HAVE_SYS_STAT_H 1
| #define HAVE_STDLIB_H 1
| #define HAVE_STRING_H 1
| #define HAVE_MEMORY_H 1
| #define HAVE_STRINGS_H 1
| #define HAVE_INTTYPES_H 1
| #define HAVE_STDINT_H 1
| #define HAVE_UNISTD_H 1
| #define HAVE_DLFCN_H 1
| #ifdef __cplusplus
| void exit (int);
| #endif
| /* end confdefs.h.  */
| #include <ac_nonexistent.h>
configure:5932: checking for mips-linux-g77
configure:5961: result: no
configure:5932: checking for mips-linux-f77
configure:5961: result: no
configure:5932: checking for mips-linux-xlf
configure:5961: result: no
configure:5932: checking for mips-linux-frt
configure:5961: result: no
configure:5932: checking for mips-linux-pgf77
configure:5961: result: no
configure:5932: checking for mips-linux-fl32
configure:5961: result: no
configure:5932: checking for mips-linux-af77
configure:5961: result: no
configure:5932: checking for mips-linux-fort77
configure:5961: result: no
configure:5932: checking for mips-linux-f90
configure:5961: result: no
configure:5932: checking for mips-linux-xlf90
configure:5961: result: no
configure:5932: checking for mips-linux-pgf90
configure:5961: result: no
configure:5932: checking for mips-linux-epcf90
configure:5961: result: no
configure:5932: checking for mips-linux-f95
configure:5961: result: no
configure:5932: checking for mips-linux-fort
configure:5961: result: no
configure:5932: checking for mips-linux-xlf95
configure:5961: result: no
configure:5932: checking for mips-linux-lf95
configure:5961: result: no
configure:5932: checking for mips-linux-g95
configure:5961: result: no
configure:5974: checking for g77
configure:5990: found /usr/bin/g77
configure:6000: result: g77
configure:6018: checking for Fortran 77 compiler version
configure:6018: g77 --version </dev/null >&5
GNU Fortran (GCC 3.2.3) 3.2.3 20030422 (release)
Copyright (C) 2002 Free Software Foundation, Inc.

GNU Fortran comes with NO WARRANTY, to the extent permitted by law.
You may redistribute copies of GNU Fortran
under the terms of the GNU General Public License.
For more information about these matters, see the file named COPYING
or type the command `info -f g77 Copying'.
configure:6021: $? = 0
configure:6023: g77 -v </dev/null >&5
Reading specs from /usr/lib/gcc-lib/i486-slackware-linux/3.2.3/specs
Configured with: ../gcc-3.2.3/configure --prefix=/usr --enable-shared --enable-threads=posix --enable-__cxa_atexit --disable-checking --with-gnu-ld --verbose --target=i486-slackware-linux --host=i486-slackware-linux
Thread model: posix
gcc version 3.2.3
configure:6026: $? = 0
configure:6028: g77 -V </dev/null >&5
g77: argument to `-V' missing
configure:6031: $? = 1
configure:6038: checking whether we are using the GNU Fortran 77 compiler
configure:6052: g77 -c  conftest.F >&5
configure:6055: $? = 0
configure:6058: test -s conftest.o
configure:6061: $? = 0
configure:6074: result: yes
configure:6081: checking whether g77 accepts -g
configure:6093: g77 -c -g conftest.f >&5
configure:6096: $? = 0
configure:6099: test -s conftest.o
configure:6102: $? = 0
configure:6114: result: yes
configure:6142: checking the maximum length of command line arguments
configure:6201: result: 32768
configure:6212: checking command to parse /opt/toolchain_mips/bin/mips-linux-nm -B output from mips-linux-gcc object
configure:6301: mips-linux-gcc -c -g -O2  conftest.c >&5
configure:6304: $? = 0
configure:6308: /opt/toolchain_mips/bin/mips-linux-nm -B conftest.o \| sed -n -e 's/^.*[ 	]\([ABCDGISTW][ABCDGISTW]*\)[ 	][ 	]*\(\)\([_A-Za-z][_A-Za-z0-9]*\)$/\1 \2\3 \3/p' \> conftest.nm
configure:6311: $? = 0
configure:6363: mips-linux-gcc -o conftest -g -O2   conftest.c conftstm.o >&5
configure:6366: $? = 0
configure:6404: result: ok
configure:6408: checking for objdir
configure:6423: result: .libs
configure:6475: checking for mips-linux-ar
configure:6491: found /opt/toolchain_mips/bin/mips-linux-ar
configure:6501: result: mips-linux-ar
configure:6555: checking for mips-linux-ranlib
configure:6581: result: mips-linux-ranlib
configure:6635: checking for mips-linux-strip
configure:6661: result: mips-linux-strip
configure:6962: checking if mips-linux-gcc static flag  works
configure:6985: result: yes
configure:7002: checking if mips-linux-gcc supports -fno-rtti -fno-exceptions
configure:7023: mips-linux-gcc -c -g -O2  -fno-rtti -fno-exceptions conftest.c >&5
cc1: warning: "-fno-rtti" is valid for C++ but not for C/ObjC
configure:7027: $? = 0
configure:7035: result: no
configure:7050: checking for mips-linux-gcc option to produce PIC
configure:7227: result: -fPIC
configure:7234: checking if mips-linux-gcc PIC flag -fPIC works
configure:7255: mips-linux-gcc -c -g -O2  -fPIC -DPIC conftest.c >&5
configure:7259: $? = 0
configure:7267: result: yes
configure:7291: checking if mips-linux-gcc supports -c -o file.o
configure:7322: mips-linux-gcc -c -g -O2  -o out/conftest2.o conftest.c >&5
configure:7326: $? = 0
configure:7340: result: yes
configure:7366: checking whether the mips-linux-gcc linker (/opt/toolchain_mips/usr/mips-linux-uclibc/bin/ld) supports shared libraries
configure:8160: result: no
configure:8231: checking how to hardcode library paths into programs
configure:8256: result: immediate
configure:8270: checking whether stripping libraries is possible
configure:8275: result: yes
configure:8297: checking dynamic linker characteristics
configure:8820: result: GNU/Linux ld.so
configure:9546: checking if libtool supports shared libraries
configure:9548: result: no
configure:9551: checking whether to build shared libraries
configure:9600: result: no
configure:9603: checking whether to build static libraries
configure:9607: result: yes
configure:9698: creating libtool
configure:10384: checking whether the mips-linux-g++ linker (/opt/toolchain_mips/usr/mips-linux-uclibc/bin/ld) supports shared libraries
configure:11179: result: yes
configure:11197: mips-linux-g++ -c   conftest.cc >&5
mips-linux-g++: Permission denied
configure:11200: $? = 1
configure:11296: checking for mips-linux-g++ option to produce PIC
configure:11548: result: 
configure:11612: checking if mips-linux-g++ supports -c -o file.o
configure:11643: mips-linux-g++ -c   -o out/conftest2.o conftest.cc >&5
mips-linux-g++: Permission denied
configure:11647: $? = 1
configure:11661: result: no
configure:11687: checking whether the mips-linux-g++ linker (/opt/toolchain_mips/usr/mips-linux-uclibc/bin/ld) supports shared libraries
configure:11712: result: yes
configure:11783: checking how to hardcode library paths into programs
configure:11808: result: immediate
configure:11822: checking whether stripping libraries is possible
configure:11827: result: yes
configure:11849: checking dynamic linker characteristics
configure:12372: result: GNU/Linux ld.so
configure:13571: checking if libtool supports shared libraries
configure:13573: result: no
configure:13576: checking whether to build shared libraries
configure:13594: result: no
configure:13597: checking whether to build static libraries
configure:13601: result: yes
configure:13613: checking for g77 option to produce PIC
configure:13790: result: -fPIC
configure:13797: checking if g77 PIC flag -fPIC works
configure:13818: g77 -c -g -O2 -fPIC conftest.f >&5
configure:13822: $? = 0
configure:13830: result: yes
configure:13854: checking if g77 supports -c -o file.o
configure:13885: g77 -c -g -O2 -o out/conftest2.o conftest.f >&5
configure:13889: $? = 0
configure:13903: result: yes
configure:13929: checking whether the g77 linker (/opt/toolchain_mips/usr/mips-linux-uclibc/bin/ld) supports shared libraries
configure:14701: result: no
configure:14772: checking how to hardcode library paths into programs
configure:14797: result: immediate
configure:14811: checking whether stripping libraries is possible
configure:14816: result: yes
configure:14838: checking dynamic linker characteristics
configure:15361: result: GNU/Linux ld.so
configure:19278: checking for shared library run path origin
configure:19291: result: done
configure:19721: checking for iconv
configure:19749: mips-linux-gcc -o conftest -g -O2   conftest.c  >&5
configure:19756:19: iconv.h: No such file or directory
configure: In function `main':
configure:19760: error: `iconv_t' undeclared (first use in this function)
configure:19760: error: (Each undeclared identifier is reported only once
configure:19760: error: for each function it appears in.)
configure:19760: error: parse error before "cd"
configure:19761: error: `cd' undeclared (first use in this function)
configure:19752: $? = 1
configure: failed program was:
| #line 19729 "configure"
| /* confdefs.h.  */
| 
| #define PACKAGE_NAME ""
| #define PACKAGE_TARNAME ""
| #define PACKAGE_VERSION ""
| #define PACKAGE_STRING ""
| #define PACKAGE_BUGREPORT ""
| #define PACKAGE "libiconv"
| #define VERSION "1.9"
| #define INSTALLPREFIX "/usr/local"
| #define _GNU_SOURCE 1
| #define STDC_HEADERS 1
| #define HAVE_SYS_TYPES_H 1
| #define HAVE_SYS_STAT_H 1
| #define HAVE_STDLIB_H 1
| #define HAVE_STRING_H 1
| #define HAVE_MEMORY_H 1
| #define HAVE_STRINGS_H 1
| #define HAVE_INTTYPES_H 1
| #define HAVE_STDINT_H 1
| #define HAVE_UNISTD_H 1
| #define HAVE_DLFCN_H 1
| #ifdef __cplusplus
| void exit (int);
| #endif
| /* end confdefs.h.  */
| #include <stdlib.h>
| #include <iconv.h>
| int
| main ()
| {
| iconv_t cd = iconv_open("","");
|        iconv(cd,NULL,NULL,NULL,NULL);
|        iconv_close(cd);
|   ;
|   return 0;
| }
configure:19790: mips-linux-gcc -o conftest -g -O2   conftest.c  -liconv >&5
configure:19797:19: iconv.h: No such file or directory
configure: In function `main':
configure:19801: error: `iconv_t' undeclared (first use in this function)
configure:19801: error: (Each undeclared identifier is reported only once
configure:19801: error: for each function it appears in.)
configure:19801: error: parse error before "cd"
configure:19802: error: `cd' undeclared (first use in this function)
configure:19793: $? = 1
configure: failed program was:
| #line 19770 "configure"
| /* confdefs.h.  */
| 
| #define PACKAGE_NAME ""
| #define PACKAGE_TARNAME ""
| #define PACKAGE_VERSION ""
| #define PACKAGE_STRING ""
| #define PACKAGE_BUGREPORT ""
| #define PACKAGE "libiconv"
| #define VERSION "1.9"
| #define INSTALLPREFIX "/usr/local"
| #define _GNU_SOURCE 1
| #define STDC_HEADERS 1
| #define HAVE_SYS_TYPES_H 1
| #define HAVE_SYS_STAT_H 1
| #define HAVE_STDLIB_H 1
| #define HAVE_STRING_H 1
| #define HAVE_MEMORY_H 1
| #define HAVE_STRINGS_H 1
| #define HAVE_INTTYPES_H 1
| #define HAVE_STDINT_H 1
| #define HAVE_UNISTD_H 1
| #define HAVE_DLFCN_H 1
| #ifdef __cplusplus
| void exit (int);
| #endif
| /* end confdefs.h.  */
| #include <stdlib.h>
| #include <iconv.h>
| int
| main ()
| {
| iconv_t cd = iconv_open("","");
|          iconv(cd,NULL,NULL,NULL,NULL);
|          iconv_close(cd);
|   ;
|   return 0;
| }
configure:19813: result: no, consider installing GNU libiconv
configure:19919: checking whether NLS is requested
configure:19928: result: yes
configure:19966: checking for msgfmt
configure:19997: result: /usr/bin/msgfmt
configure:20006: checking for gmsgfmt
configure:20037: result: /usr/bin/msgfmt
configure:20076: checking for xgettext
configure:20110: result: no
configure:20147: checking for msgmerge
configure:20177: result: /usr/bin/msgmerge
configure:20228: checking whether NLS is requested
configure:20237: result: yes
configure:20255: checking for GNU gettext in libc
configure:20280: mips-linux-gcc -o conftest -g -O2   conftest.c  >&5
configure:20286:21: libintl.h: No such file or directory
configure:20283: $? = 1
configure: failed program was:
| #line 20260 "configure"
| /* confdefs.h.  */
| 
| #define PACKAGE_NAME ""
| #define PACKAGE_TARNAME ""
| #define PACKAGE_VERSION ""
| #define PACKAGE_STRING ""
| #define PACKAGE_BUGREPORT ""
| #define PACKAGE "libiconv"
| #define VERSION "1.9"
| #define INSTALLPREFIX "/usr/local"
| #define _GNU_SOURCE 1
| #define STDC_HEADERS 1
| #define HAVE_SYS_TYPES_H 1
| #define HAVE_SYS_STAT_H 1
| #define HAVE_STDLIB_H 1
| #define HAVE_STRING_H 1
| #define HAVE_MEMORY_H 1
| #define HAVE_STRINGS_H 1
| #define HAVE_INTTYPES_H 1
| #define HAVE_STDINT_H 1
| #define HAVE_UNISTD_H 1
| #define HAVE_DLFCN_H 1
| #ifdef __cplusplus
| void exit (int);
| #endif
| /* end confdefs.h.  */
| #include <libintl.h>
| extern int _nl_msg_cat_cntr;
| extern int *_nl_domain_bindings;
| int
| main ()
| {
| bindtextdomain ("", "");
| return (int) gettext ("") + _nl_msg_cat_cntr + *_nl_domain_bindings
|   ;
|   return 0;
| }
configure:20300: result: no
configure:20334: checking for iconv
configure:20426: result: no, consider installing GNU libiconv
configure:20827: checking for GNU gettext in libintl
configure:20860: mips-linux-gcc -o conftest -g -O2    conftest.c  -lintl >&5
configure:20862:21: libintl.h: No such file or directory
configure:20863: $? = 1
configure: failed program was:
| #line 20836 "configure"
| /* confdefs.h.  */
| 
| #define PACKAGE_NAME ""
| #define PACKAGE_TARNAME ""
| #define PACKAGE_VERSION ""
| #define PACKAGE_STRING ""
| #define PACKAGE_BUGREPORT ""
| #define PACKAGE "libiconv"
| #define VERSION "1.9"
| #define INSTALLPREFIX "/usr/local"
| #define _GNU_SOURCE 1
| #define STDC_HEADERS 1
| #define HAVE_SYS_TYPES_H 1
| #define HAVE_SYS_STAT_H 1
| #define HAVE_STDLIB_H 1
| #define HAVE_STRING_H 1
| #define HAVE_MEMORY_H 1
| #define HAVE_STRINGS_H 1
| #define HAVE_INTTYPES_H 1
| #define HAVE_STDINT_H 1
| #define HAVE_UNISTD_H 1
| #define HAVE_DLFCN_H 1
| #ifdef __cplusplus
| void exit (int);
| #endif
| /* end confdefs.h.  */
| #include <libintl.h>
| extern int _nl_msg_cat_cntr;
| extern
| #ifdef __cplusplus
| "C"
| #endif
| const char *_nl_expand_alias ();
| int
| main ()
| {
| bindtextdomain ("", "");
| return (int) gettext ("") + _nl_msg_cat_cntr + *_nl_expand_alias (0)
|   ;
|   return 0;
| }
configure:20930: result: no
configure:20959: checking whether to use NLS
configure:20961: result: no
configure:21038: checking for ANSI C header files
configure:21185: result: yes
configure:21212: checking locale.h usability
configure:21225: mips-linux-gcc -c -g -O2  conftest.c >&5
configure:21228: $? = 0
configure:21231: test -s conftest.o
configure:21234: $? = 0
configure:21244: result: yes
configure:21248: checking locale.h presence
configure:21259: mips-linux-gcc -E  conftest.c
configure:21265: $? = 0
configure:21284: result: yes
configure:21320: checking for locale.h
configure:21327: result: yes
configure:21212: checking stddef.h usability
configure:21225: mips-linux-gcc -c -g -O2  conftest.c >&5
configure:21228: $? = 0
configure:21231: test -s conftest.o
configure:21234: $? = 0
configure:21244: result: yes
configure:21248: checking stddef.h presence
configure:21259: mips-linux-gcc -E  conftest.c
configure:21265: $? = 0
configure:21284: result: yes
configure:21320: checking for stddef.h
configure:21327: result: yes
configure:21203: checking for stdlib.h
configure:21208: result: yes
configure:21203: checking for string.h
configure:21208: result: yes
configure:21348: checking for stdlib.h
configure:21353: result: yes
configure:21486: checking for mbstate_t
configure:21512: mips-linux-gcc -c -g -O2  conftest.c >&5
configure:21515: $? = 0
configure:21518: test -s conftest.o
configure:21521: $? = 0
configure:21532: result: yes
configure:21558: checking for getc_unlocked
configure:21608: mips-linux-gcc -o conftest -g -O2   conftest.c  >&5
configure:21611: $? = 0
configure:21614: test -s conftest
configure:21617: $? = 0
configure:21628: result: yes
configure:21558: checking for mbrtowc
configure:21608: mips-linux-gcc -o conftest -g -O2   conftest.c  >&5
configure:21611: $? = 0
configure:21614: test -s conftest
configure:21617: $? = 0
configure:21628: result: yes
configure:21558: checking for wcrtomb
configure:21608: mips-linux-gcc -o conftest -g -O2   conftest.c  >&5
configure:21611: $? = 0
configure:21614: test -s conftest
configure:21617: $? = 0
configure:21628: result: yes
configure:21558: checking for mbsinit
configure:21608: mips-linux-gcc -o conftest -g -O2   conftest.c  >&5
configure:21611: $? = 0
configure:21614: test -s conftest
configure:21617: $? = 0
configure:21628: result: yes
configure:21558: checking for setlocale
configure:21608: mips-linux-gcc -o conftest -g -O2   conftest.c  >&5
configure:21611: $? = 0
configure:21614: test -s conftest
configure:21617: $? = 0
configure:21628: result: yes
configure:21642: checking for memmove
configure:21692: mips-linux-gcc -o conftest -g -O2   conftest.c  >&5
configure:21695: $? = 0
configure:21698: test -s conftest
configure:21701: $? = 0
configure:21712: result: yes
configure:21727: checking for nl_langinfo and CODESET
configure:21749: mips-linux-gcc -o conftest -g -O2   conftest.c  >&5
configure:21752: $? = 0
configure:21755: test -s conftest
configure:21758: $? = 0
configure:21770: result: yes
configure:21797: checking wchar.h usability
configure:21810: mips-linux-gcc -c -g -O2  conftest.c >&5
configure:21813: $? = 0
configure:21816: test -s conftest.o
configure:21819: $? = 0
configure:21829: result: yes
configure:21833: checking wchar.h presence
configure:21844: mips-linux-gcc -E  conftest.c
configure:21850: $? = 0
configure:21869: result: yes
configure:21905: checking for wchar.h
configure:21912: result: yes
configure:21926: checking for EILSEQ
configure:22315: result: yes
configure:22328: checking byte ordering
configure:22423: result: big endian
configure:22438: checking for working alloca.h
configure:22460: mips-linux-gcc -o conftest -g -O2   conftest.c  >&5
configure:22463: $? = 0
configure:22466: test -s conftest
configure:22469: $? = 0
configure:22480: result: yes
configure:22490: checking for alloca
configure:22532: mips-linux-gcc -o conftest -g -O2   conftest.c  >&5
configure:22535: $? = 0
configure:22538: test -s conftest
configure:22541: $? = 0
configure:22552: result: yes
configure:22765: checking for stdlib.h
configure:22770: result: yes
configure:22909: checking for string.h
configure:22914: result: yes
configure:23107: checking sys/param.h usability
configure:23120: mips-linux-gcc -c -g -O2  conftest.c >&5
configure:23123: $? = 0
configure:23126: test -s conftest.o
configure:23129: $? = 0
configure:23139: result: yes
configure:23143: checking sys/param.h presence
configure:23154: mips-linux-gcc -E  conftest.c
configure:23160: $? = 0
configure:23179: result: yes
configure:23215: checking for sys/param.h
configure:23222: result: yes
configure:23242: checking for unistd.h
configure:23247: result: yes
configure:23385: checking for canonicalize_file_name
configure:23435: mips-linux-gcc -o conftest -g -O2   conftest.c  >&5
/tmp/ccSjEd8d.o(.text+0x18): In function `main':
/projects/realtek/emlinux-rtl865xb/libs/gpl/libiconv-1.9.1/build_mips/configure:23468: undefined reference to `canonicalize_file_name'
/tmp/ccSjEd8d.o(.data+0x0):/projects/realtek/emlinux-rtl865xb/libs/gpl/libiconv-1.9.1/build_mips/configure:23467: undefined reference to `canonicalize_file_name'
collect2: ld returned 1 exit status
configure:23438: $? = 1
configure: failed program was:
| #line 23390 "configure"
| /* confdefs.h.  */
| 
| #define PACKAGE_NAME ""
| #define PACKAGE_TARNAME ""
| #define PACKAGE_VERSION ""
| #define PACKAGE_STRING ""
| #define PACKAGE_BUGREPORT ""
| #define PACKAGE "libiconv"
| #define VERSION "1.9"
| #define INSTALLPREFIX "/usr/local"
| #define _GNU_SOURCE 1
| #define STDC_HEADERS 1
| #define HAVE_SYS_TYPES_H 1
| #define HAVE_SYS_STAT_H 1
| #define HAVE_STDLIB_H 1
| #define HAVE_STRING_H 1
| #define HAVE_MEMORY_H 1
| #define HAVE_STRINGS_H 1
| #define HAVE_INTTYPES_H 1
| #define HAVE_STDINT_H 1
| #define HAVE_UNISTD_H 1
| #define HAVE_DLFCN_H 1
| #ifdef __cplusplus
| void exit (int);
| #endif
| #define STDC_HEADERS 1
| #define HAVE_LOCALE_H 1
| #define HAVE_STDDEF_H 1
| #define HAVE_STDLIB_H 1
| #define HAVE_STRING_H 1
| #define HAVE_STDLIB_H 1
| #define HAVE_GETC_UNLOCKED 1
| #define HAVE_MBRTOWC 1
| #define HAVE_WCRTOMB 1
| #define HAVE_MBSINIT 1
| #define HAVE_SETLOCALE 1
| #define HAVE_MEMMOVE 1
| #define HAVE_LANGINFO_CODESET 1
| #define HAVE_WCHAR_H 1
| #define HAVE_ALLOCA_H 1
| #define HAVE_ALLOCA 1
| #define HAVE_STDLIB_H 1
| #define HAVE_STRING_H 1
| #define HAVE_SYS_PARAM_H 1
| #define HAVE_UNISTD_H 1
| /* end confdefs.h.  */
| /* System header to define __stub macros and hopefully few prototypes,
|     which can conflict with char canonicalize_file_name (); below.
|     Prefer <limits.h> to <assert.h> if __STDC__ is defined, since
|     <limits.h> exists even on freestanding compilers.  */
| #ifdef __STDC__
| # include <limits.h>
| #else
| # include <assert.h>
| #endif
| /* Override any gcc2 internal prototype to avoid an error.  */
| #ifdef __cplusplus
| extern "C"
| {
| #endif
| /* We use char because int might match the return type of a gcc2
|    builtin and then its argument prototype would still apply.  */
| char canonicalize_file_name ();
| /* The GNU C library defines this for functions which it implements
|     to always fail with ENOSYS.  Some functions are actually named
|     something starting with __ and the normal name is an alias.  */
| #if defined (__stub_canonicalize_file_name) || defined (__stub___canonicalize_file_name)
| choke me
| #else
| char (*f) () = canonicalize_file_name;
| #endif
| #ifdef __cplusplus
| }
| #endif
| 
| int
| main ()
| {
| return f != canonicalize_file_name;
|   ;
|   return 0;
| }
configure:23455: result: no
configure:23487: checking for getcwd
configure:23537: mips-linux-gcc -o conftest -g -O2   conftest.c  >&5
configure:23540: $? = 0
configure:23543: test -s conftest
configure:23546: $? = 0
configure:23557: result: yes
configure:23571: checking whether clearerr_unlocked is declared
configure:23596: mips-linux-gcc -c -g -O2  conftest.c >&5
configure:23599: $? = 0
configure:23602: test -s conftest.o
configure:23605: $? = 0
configure:23616: result: yes
configure:23636: checking whether feof_unlocked is declared
configure:23661: mips-linux-gcc -c -g -O2  conftest.c >&5
configure:23664: $? = 0
configure:23667: test -s conftest.o
configure:23670: $? = 0
configure:23681: result: yes
configure:23701: checking whether ferror_unlocked is declared
configure:23726: mips-linux-gcc -c -g -O2  conftest.c >&5
configure:23729: $? = 0
configure:23732: test -s conftest.o
configure:23735: $? = 0
configure:23746: result: yes
configure:23766: checking whether fflush_unlocked is declared
configure:23791: mips-linux-gcc -c -g -O2  conftest.c >&5
configure:23794: $? = 0
configure:23797: test -s conftest.o
configure:23800: $? = 0
configure:23811: result: yes
configure:23831: checking whether fgets_unlocked is declared
configure:23856: mips-linux-gcc -c -g -O2  conftest.c >&5
configure:23859: $? = 0
configure:23862: test -s conftest.o
configure:23865: $? = 0
configure:23876: result: yes
configure:23896: checking whether fputc_unlocked is declared
configure:23921: mips-linux-gcc -c -g -O2  conftest.c >&5
configure:23924: $? = 0
configure:23927: test -s conftest.o
configure:23930: $? = 0
configure:23941: result: yes
configure:23961: checking whether fputs_unlocked is declared
configure:23986: mips-linux-gcc -c -g -O2  conftest.c >&5
configure:23989: $? = 0
configure:23992: test -s conftest.o
configure:23995: $? = 0
configure:24006: result: yes
configure:24026: checking whether fread_unlocked is declared
configure:24051: mips-linux-gcc -c -g -O2  conftest.c >&5
configure:24054: $? = 0
configure:24057: test -s conftest.o
configure:24060: $? = 0
configure:24071: result: yes
configure:24091: checking whether fwrite_unlocked is declared
configure:24116: mips-linux-gcc -c -g -O2  conftest.c >&5
configure:24119: $? = 0
configure:24122: test -s conftest.o
configure:24125: $? = 0
configure:24136: result: yes
configure:24156: checking whether getc_unlocked is declared
configure:24181: mips-linux-gcc -c -g -O2  conftest.c >&5
configure:24184: $? = 0
configure:24187: test -s conftest.o
configure:24190: $? = 0
configure:24201: result: yes
configure:24221: checking whether getchar_unlocked is declared
configure:24246: mips-linux-gcc -c -g -O2  conftest.c >&5
configure:24249: $? = 0
configure:24252: test -s conftest.o
configure:24255: $? = 0
configure:24266: result: yes
configure:24286: checking whether putc_unlocked is declared
configure:24311: mips-linux-gcc -c -g -O2  conftest.c >&5
configure:24314: $? = 0
configure:24317: test -s conftest.o
configure:24320: $? = 0
configure:24331: result: yes
configure:24351: checking whether putchar_unlocked is declared
configure:24376: mips-linux-gcc -c -g -O2  conftest.c >&5
configure:24379: $? = 0
configure:24382: test -s conftest.o
configure:24385: $? = 0
configure:24396: result: yes
configure:24466: checking for vprintf
configure:24516: mips-linux-gcc -o conftest -g -O2   conftest.c  >&5
configure:24548: warning: conflicting types for built-in function `vprintf'
configure:24519: $? = 0
configure:24522: test -s conftest
configure:24525: $? = 0
configure:24536: result: yes
configure:24543: checking for _doprnt
configure:24593: mips-linux-gcc -o conftest -g -O2   conftest.c  >&5
/tmp/cccXUiLl.o(.text+0x18): In function `main':
/projects/realtek/emlinux-rtl865xb/libs/gpl/libiconv-1.9.1/build_mips/configure:24642: undefined reference to `_doprnt'
/tmp/cccXUiLl.o(.data+0x0):/projects/realtek/emlinux-rtl865xb/libs/gpl/libiconv-1.9.1/build_mips/configure:24641: undefined reference to `_doprnt'
collect2: ld returned 1 exit status
configure:24596: $? = 1
configure: failed program was:
| #line 24548 "configure"
| /* confdefs.h.  */
| 
| #define PACKAGE_NAME ""
| #define PACKAGE_TARNAME ""
| #define PACKAGE_VERSION ""
| #define PACKAGE_STRING ""
| #define PACKAGE_BUGREPORT ""
| #define PACKAGE "libiconv"
| #define VERSION "1.9"
| #define INSTALLPREFIX "/usr/local"
| #define _GNU_SOURCE 1
| #define STDC_HEADERS 1
| #define HAVE_SYS_TYPES_H 1
| #define HAVE_SYS_STAT_H 1
| #define HAVE_STDLIB_H 1
| #define HAVE_STRING_H 1
| #define HAVE_MEMORY_H 1
| #define HAVE_STRINGS_H 1
| #define HAVE_INTTYPES_H 1
| #define HAVE_STDINT_H 1
| #define HAVE_UNISTD_H 1
| #define HAVE_DLFCN_H 1
| #ifdef __cplusplus
| void exit (int);
| #endif
| #define STDC_HEADERS 1
| #define HAVE_LOCALE_H 1
| #define HAVE_STDDEF_H 1
| #define HAVE_STDLIB_H 1
| #define HAVE_STRING_H 1
| #define HAVE_STDLIB_H 1
| #define HAVE_GETC_UNLOCKED 1
| #define HAVE_MBRTOWC 1
| #define HAVE_WCRTOMB 1
| #define HAVE_MBSINIT 1
| #define HAVE_SETLOCALE 1
| #define HAVE_MEMMOVE 1
| #define HAVE_LANGINFO_CODESET 1
| #define HAVE_WCHAR_H 1
| #define HAVE_ALLOCA_H 1
| #define HAVE_ALLOCA 1
| #define HAVE_STDLIB_H 1
| #define HAVE_STRING_H 1
| #define HAVE_SYS_PARAM_H 1
| #define HAVE_UNISTD_H 1
| #define realpath rpl_realpath
| #define HAVE_GETCWD 1
| #define HAVE_DECL_CLEARERR_UNLOCKED 1
| #define HAVE_DECL_FEOF_UNLOCKED 1
| #define HAVE_DECL_FERROR_UNLOCKED 1
| #define HAVE_DECL_FFLUSH_UNLOCKED 1
| #define HAVE_DECL_FGETS_UNLOCKED 1
| #define HAVE_DECL_FPUTC_UNLOCKED 1
| #define HAVE_DECL_FPUTS_UNLOCKED 1
| #define HAVE_DECL_FREAD_UNLOCKED 1
| #define HAVE_DECL_FWRITE_UNLOCKED 1
| #define HAVE_DECL_GETC_UNLOCKED 1
| #define HAVE_DECL_GETCHAR_UNLOCKED 1
| #define HAVE_DECL_PUTC_UNLOCKED 1
| #define HAVE_DECL_PUTCHAR_UNLOCKED 1
| #define HAVE_VPRINTF 1
| /* end confdefs.h.  */
| /* System header to define __stub macros and hopefully few prototypes,
|     which can conflict with char _doprnt (); below.
|     Prefer <limits.h> to <assert.h> if __STDC__ is defined, since
|     <limits.h> exists even on freestanding compilers.  */
| #ifdef __STDC__
| # include <limits.h>
| #else
| # include <assert.h>
| #endif
| /* Override any gcc2 internal prototype to avoid an error.  */
| #ifdef __cplusplus
| extern "C"
| {
| #endif
| /* We use char because int might match the return type of a gcc2
|    builtin and then its argument prototype would still apply.  */
| char _doprnt ();
| /* The GNU C library defines this for functions which it implements
|     to always fail with ENOSYS.  Some functions are actually named
|     something starting with __ and the normal name is an alias.  */
| #if defined (__stub__doprnt) || defined (__stub____doprnt)
| choke me
| #else
| char (*f) () = _doprnt;
| #endif
| #ifdef __cplusplus
| }
| #endif
| 
| int
| main ()
| {
| return f != _doprnt;
|   ;
|   return 0;
| }
configure:24613: result: no
configure:24628: checking for error_at_line
configure:24650: mips-linux-gcc -o conftest -g -O2   conftest.c  >&5
configure:24653: $? = 0
configure:24656: test -s conftest
configure:24659: $? = 0
configure:24670: result: yes
configure:25103: checking limits.h usability
configure:25116: mips-linux-gcc -c -g -O2  conftest.c >&5
configure:25119: $? = 0
configure:25122: test -s conftest.o
configure:25125: $? = 0
configure:25135: result: yes
configure:25139: checking limits.h presence
configure:25150: mips-linux-gcc -E  conftest.c
configure:25156: $? = 0
configure:25175: result: yes
configure:25211: checking for limits.h
configure:25218: result: yes
configure:25253: checking for setenv
configure:25303: mips-linux-gcc -o conftest -g -O2   conftest.c  >&5
configure:25306: $? = 0
configure:25309: test -s conftest
configure:25312: $? = 0
configure:25323: result: yes
configure:25253: checking for unsetenv
configure:25303: mips-linux-gcc -o conftest -g -O2   conftest.c  >&5
configure:25306: $? = 0
configure:25309: test -s conftest
configure:25312: $? = 0
configure:25323: result: yes
configure:25353: checking search.h usability
configure:25366: mips-linux-gcc -c -g -O2  conftest.c >&5
configure:25369: $? = 0
configure:25372: test -s conftest.o
configure:25375: $? = 0
configure:25385: result: yes
configure:25389: checking search.h presence
configure:25400: mips-linux-gcc -E  conftest.c
configure:25406: $? = 0
configure:25425: result: yes
configure:25461: checking for search.h
configure:25468: result: yes
configure:25344: checking for stdlib.h
configure:25349: result: yes
configure:25344: checking for string.h
configure:25349: result: yes
configure:25344: checking for unistd.h
configure:25349: result: yes
configure:25485: checking for tsearch
configure:25535: mips-linux-gcc -o conftest -g -O2   conftest.c  >&5
configure:25538: $? = 0
configure:25541: test -s conftest
configure:25544: $? = 0
configure:25555: result: yes
configure:25567: checking if errno is properly declared
configure:25591: mips-linux-gcc -c -g -O2  conftest.c >&5
configure:25645: error: conflicting types for `__errno_location'
/opt/toolchain_mips/usr/lib/../mips-linux-uclibc/sys-include/bits/errno.h:38: error: previous declaration of `__errno_location'
configure:25594: $? = 1
configure: failed program was:
| #line 25573 "configure"
| /* confdefs.h.  */
| 
| #define PACKAGE_NAME ""
| #define PACKAGE_TARNAME ""
| #define PACKAGE_VERSION ""
| #define PACKAGE_STRING ""
| #define PACKAGE_BUGREPORT ""
| #define PACKAGE "libiconv"
| #define VERSION "1.9"
| #define INSTALLPREFIX "/usr/local"
| #define _GNU_SOURCE 1
| #define STDC_HEADERS 1
| #define HAVE_SYS_TYPES_H 1
| #define HAVE_SYS_STAT_H 1
| #define HAVE_STDLIB_H 1
| #define HAVE_STRING_H 1
| #define HAVE_MEMORY_H 1
| #define HAVE_STRINGS_H 1
| #define HAVE_INTTYPES_H 1
| #define HAVE_STDINT_H 1
| #define HAVE_UNISTD_H 1
| #define HAVE_DLFCN_H 1
| #ifdef __cplusplus
| void exit (int);
| #endif
| #define STDC_HEADERS 1
| #define HAVE_LOCALE_H 1
| #define HAVE_STDDEF_H 1
| #define HAVE_STDLIB_H 1
| #define HAVE_STRING_H 1
| #define HAVE_STDLIB_H 1
| #define HAVE_GETC_UNLOCKED 1
| #define HAVE_MBRTOWC 1
| #define HAVE_WCRTOMB 1
| #define HAVE_MBSINIT 1
| #define HAVE_SETLOCALE 1
| #define HAVE_MEMMOVE 1
| #define HAVE_LANGINFO_CODESET 1
| #define HAVE_WCHAR_H 1
| #define HAVE_ALLOCA_H 1
| #define HAVE_ALLOCA 1
| #define HAVE_STDLIB_H 1
| #define HAVE_STRING_H 1
| #define HAVE_SYS_PARAM_H 1
| #define HAVE_UNISTD_H 1
| #define realpath rpl_realpath
| #define HAVE_GETCWD 1
| #define HAVE_DECL_CLEARERR_UNLOCKED 1
| #define HAVE_DECL_FEOF_UNLOCKED 1
| #define HAVE_DECL_FERROR_UNLOCKED 1
| #define HAVE_DECL_FFLUSH_UNLOCKED 1
| #define HAVE_DECL_FGETS_UNLOCKED 1
| #define HAVE_DECL_FPUTC_UNLOCKED 1
| #define HAVE_DECL_FPUTS_UNLOCKED 1
| #define HAVE_DECL_FREAD_UNLOCKED 1
| #define HAVE_DECL_FWRITE_UNLOCKED 1
| #define HAVE_DECL_GETC_UNLOCKED 1
| #define HAVE_DECL_GETCHAR_UNLOCKED 1
| #define HAVE_DECL_PUTC_UNLOCKED 1
| #define HAVE_DECL_PUTCHAR_UNLOCKED 1
| #define HAVE_VPRINTF 1
| #define HAVE_ERROR_AT_LINE 1
| #define HAVE_LIMITS_H 1
| #define HAVE_SETENV 1
| #define HAVE_UNSETENV 1
| #define HAVE_SEARCH_H 1
| #define HAVE_STDLIB_H 1
| #define HAVE_STRING_H 1
| #define HAVE_UNISTD_H 1
| #define HAVE_TSEARCH 1
| /* end confdefs.h.  */
| #include <errno.h>
|       extern struct { int foo; } errno;
| int
| main ()
| {
| errno.foo = 1;
|   ;
|   return 0;
| }
configure:25612: result: yes
configure:25624: checking if environ is properly declared
configure:25648: mips-linux-gcc -c -g -O2  conftest.c >&5
configure:25703: error: conflicting types for `environ'
/opt/toolchain_mips/usr/lib/../mips-linux-uclibc/sys-include/unistd.h:448: error: previous declaration of `environ'
configure:25651: $? = 1
configure: failed program was:
| #line 25630 "configure"
| /* confdefs.h.  */
| 
| #define PACKAGE_NAME ""
| #define PACKAGE_TARNAME ""
| #define PACKAGE_VERSION ""
| #define PACKAGE_STRING ""
| #define PACKAGE_BUGREPORT ""
| #define PACKAGE "libiconv"
| #define VERSION "1.9"
| #define INSTALLPREFIX "/usr/local"
| #define _GNU_SOURCE 1
| #define STDC_HEADERS 1
| #define HAVE_SYS_TYPES_H 1
| #define HAVE_SYS_STAT_H 1
| #define HAVE_STDLIB_H 1
| #define HAVE_STRING_H 1
| #define HAVE_MEMORY_H 1
| #define HAVE_STRINGS_H 1
| #define HAVE_INTTYPES_H 1
| #define HAVE_STDINT_H 1
| #define HAVE_UNISTD_H 1
| #define HAVE_DLFCN_H 1
| #ifdef __cplusplus
| void exit (int);
| #endif
| #define STDC_HEADERS 1
| #define HAVE_LOCALE_H 1
| #define HAVE_STDDEF_H 1
| #define HAVE_STDLIB_H 1
| #define HAVE_STRING_H 1
| #define HAVE_STDLIB_H 1
| #define HAVE_GETC_UNLOCKED 1
| #define HAVE_MBRTOWC 1
| #define HAVE_WCRTOMB 1
| #define HAVE_MBSINIT 1
| #define HAVE_SETLOCALE 1
| #define HAVE_MEMMOVE 1
| #define HAVE_LANGINFO_CODESET 1
| #define HAVE_WCHAR_H 1
| #define HAVE_ALLOCA_H 1
| #define HAVE_ALLOCA 1
| #define HAVE_STDLIB_H 1
| #define HAVE_STRING_H 1
| #define HAVE_SYS_PARAM_H 1
| #define HAVE_UNISTD_H 1
| #define realpath rpl_realpath
| #define HAVE_GETCWD 1
| #define HAVE_DECL_CLEARERR_UNLOCKED 1
| #define HAVE_DECL_FEOF_UNLOCKED 1
| #define HAVE_DECL_FERROR_UNLOCKED 1
| #define HAVE_DECL_FFLUSH_UNLOCKED 1
| #define HAVE_DECL_FGETS_UNLOCKED 1
| #define HAVE_DECL_FPUTC_UNLOCKED 1
| #define HAVE_DECL_FPUTS_UNLOCKED 1
| #define HAVE_DECL_FREAD_UNLOCKED 1
| #define HAVE_DECL_FWRITE_UNLOCKED 1
| #define HAVE_DECL_GETC_UNLOCKED 1
| #define HAVE_DECL_GETCHAR_UNLOCKED 1
| #define HAVE_DECL_PUTC_UNLOCKED 1
| #define HAVE_DECL_PUTCHAR_UNLOCKED 1
| #define HAVE_VPRINTF 1
| #define HAVE_ERROR_AT_LINE 1
| #define HAVE_LIMITS_H 1
| #define HAVE_SETENV 1
| #define HAVE_UNSETENV 1
| #define HAVE_SEARCH_H 1
| #define HAVE_STDLIB_H 1
| #define HAVE_STRING_H 1
| #define HAVE_UNISTD_H 1
| #define HAVE_TSEARCH 1
| #define HAVE_ERRNO_DECL 1
| /* end confdefs.h.  */
| #include <unistd.h>
|       extern struct { int foo; } environ;
| int
| main ()
| {
| environ.foo = 1;
|   ;
|   return 0;
| }
configure:25669: result: yes
configure:25680: checking for stdbool.h
configure:25714: mips-linux-gcc -c -g -O2  conftest.c >&5
configure:25717: $? = 0
configure:25720: test -s conftest.o
configure:25723: $? = 0
configure:25735: result: yes
configure:25806: checking for strerror
configure:25856: mips-linux-gcc -o conftest -g -O2   conftest.c  >&5
configure:25859: $? = 0
configure:25862: test -s conftest
configure:25865: $? = 0
configure:25876: result: yes
configure:25901: checking for sys/types.h
configure:25906: result: yes
configure:26207: creating ./config.status

## ---------------------- ##
## Running config.status. ##
## ---------------------- ##

This file was extended by config.status, which was
generated by GNU Autoconf 2.57.  Invocation command line was

  CONFIG_FILES    = 
  CONFIG_HEADERS  = 
  CONFIG_LINKS    = 
  CONFIG_COMMANDS = 
  $ ./config.status 

on Titan

config.status:728: creating Makefile
config.status:728: creating lib/Makefile
config.status:728: creating srclib/Makefile
config.status:728: creating src/Makefile
config.status:728: creating po/Makefile.in
config.status:728: creating man/Makefile
config.status:728: creating tests/Makefile
config.status:728: creating include/iconv.h
config.status:825: creating config.h
config.status:825: creating lib/config.h
config.status:1176: executing depfiles commands
config.status:1176: executing default-1 commands
configure:27625: configuring in libcharset
configure:27709: running /bin/sh '../../libcharset/configure' --prefix=/usr/local  '--host=mips-linux' 'host_alias=mips-linux' --cache-file=/dev/null --srcdir=../../libcharset

## ---------------- ##
## Cache variables. ##
## ---------------- ##

ac_cv_build=i686-pc-linux-gnu
ac_cv_build_alias=i686-pc-linux-gnu
ac_cv_c_compiler_gnu=yes
ac_cv_cxx_compiler_gnu=no
ac_cv_decl_EILSEQ=yes
ac_cv_env_CC_set=
ac_cv_env_CC_value=
ac_cv_env_CFLAGS_set=
ac_cv_env_CFLAGS_value=
ac_cv_env_CPPFLAGS_set=
ac_cv_env_CPPFLAGS_value=
ac_cv_env_CPP_set=
ac_cv_env_CPP_value=
ac_cv_env_CXXCPP_set=
ac_cv_env_CXXCPP_value=
ac_cv_env_CXXFLAGS_set=
ac_cv_env_CXXFLAGS_value=
ac_cv_env_CXX_set=
ac_cv_env_CXX_value=
ac_cv_env_F77_set=
ac_cv_env_F77_value=
ac_cv_env_FFLAGS_set=
ac_cv_env_FFLAGS_value=
ac_cv_env_LDFLAGS_set=
ac_cv_env_LDFLAGS_value=
ac_cv_env_build_alias_set=
ac_cv_env_build_alias_value=
ac_cv_env_host_alias_set=set
ac_cv_env_host_alias_value=mips-linux
ac_cv_env_target_alias_set=
ac_cv_env_target_alias_value=
ac_cv_exeext=
ac_cv_f77_compiler_gnu=yes
ac_cv_func__doprnt=no
ac_cv_func_alloca_works=yes
ac_cv_func_canonicalize_file_name=no
ac_cv_func_getc_unlocked=yes
ac_cv_func_getcwd=yes
ac_cv_func_mbrtowc=yes
ac_cv_func_mbsinit=yes
ac_cv_func_memmove=yes
ac_cv_func_setenv=yes
ac_cv_func_setlocale=yes
ac_cv_func_strerror=yes
ac_cv_func_tsearch=yes
ac_cv_func_unsetenv=yes
ac_cv_func_vprintf=yes
ac_cv_func_wcrtomb=yes
ac_cv_have_decl_clearerr_unlocked=yes
ac_cv_have_decl_feof_unlocked=yes
ac_cv_have_decl_ferror_unlocked=yes
ac_cv_have_decl_fflush_unlocked=yes
ac_cv_have_decl_fgets_unlocked=yes
ac_cv_have_decl_fputc_unlocked=yes
ac_cv_have_decl_fputs_unlocked=yes
ac_cv_have_decl_fread_unlocked=yes
ac_cv_have_decl_fwrite_unlocked=yes
ac_cv_have_decl_getc_unlocked=yes
ac_cv_have_decl_getchar_unlocked=yes
ac_cv_have_decl_putc_unlocked=yes
ac_cv_have_decl_putchar_unlocked=yes
ac_cv_header_dlfcn_h=yes
ac_cv_header_inttypes_h=yes
ac_cv_header_limits_h=yes
ac_cv_header_locale_h=yes
ac_cv_header_memory_h=yes
ac_cv_header_minix_config_h=no
ac_cv_header_search_h=yes
ac_cv_header_stdc=yes
ac_cv_header_stddef_h=yes
ac_cv_header_stdint_h=yes
ac_cv_header_stdlib_h=yes
ac_cv_header_string_h=yes
ac_cv_header_strings_h=yes
ac_cv_header_sys_param_h=yes
ac_cv_header_sys_stat_h=yes
ac_cv_header_sys_types_h=yes
ac_cv_header_unistd_h=yes
ac_cv_header_wchar_h=yes
ac_cv_host=mips-unknown-linux-gnu
ac_cv_host_alias=mips-linux
ac_cv_lib_cposix_strerror=no
ac_cv_objext=o
ac_cv_path_GMSGFMT=/usr/bin/msgfmt
ac_cv_path_MSGFMT=/usr/bin/msgfmt
ac_cv_path_MSGMERGE=/usr/bin/msgmerge
ac_cv_path_XGETTEXT=:
ac_cv_path_install='/usr/bin/ginstall -c'
ac_cv_prog_AR=mips-linux-ar
ac_cv_prog_AWK=gawk
ac_cv_prog_CC=mips-linux-gcc
ac_cv_prog_CPP='mips-linux-gcc -E'
ac_cv_prog_CXX=mips-linux-g++
ac_cv_prog_CXXCPP=/lib/cpp
ac_cv_prog_RANLIB=mips-linux-ranlib
ac_cv_prog_STRIP=mips-linux-strip
ac_cv_prog_ac_ct_F77=g77
ac_cv_prog_cc_g=yes
ac_cv_prog_cc_stdc=
ac_cv_prog_cxx_g=no
ac_cv_prog_egrep='grep -E'
ac_cv_prog_f77_g=yes
ac_cv_prog_gcc_traditional=no
ac_cv_prog_make_make_set=yes
ac_cv_type_mbstate_t=yes
ac_cv_working_alloca_h=yes
acl_cv_hardcode_direct=no
acl_cv_hardcode_libdir_flag_spec=
acl_cv_hardcode_libdir_separator=
acl_cv_hardcode_minus_L=no
acl_cv_libext=a
acl_cv_libpath=LD_LIBRARY_PATH
acl_cv_path_LD=/opt/toolchain_mips/usr/mips-linux-uclibc/bin/ld
acl_cv_prog_gnu_ld=no
acl_cv_rpath=done
acl_cv_shlibext=so
acl_cv_shlibpath_var=LD_LIBRARY_PATH
acl_cv_wl=-Wl,
am_cv_CC_dependencies_compiler_type=none
am_cv_CXX_dependencies_compiler_type=none
am_cv_func_iconv='no, consider installing GNU libiconv'
am_cv_langinfo_codeset=yes
am_cv_lib_error_at_line=yes
am_cv_lib_iconv=no
cl_cv_prog_LN=ln
cl_cv_prog_cp='cp -p'
cl_cv_sys_endian='big endian'
gt_cv_func_gnugettext1_libc=no
gt_cv_func_gnugettext1_libintl=no
gt_cv_header_stdbool_h=yes
gt_cv_var_environ_declaration=yes
gt_cv_var_errno_declaration=yes
lt_cv_deplibs_check_method=pass_all
lt_cv_file_magic_cmd='$MAGIC_CMD'
lt_cv_file_magic_test_file='/lib/libc.so.6 /lib/libc-2.3.2.so'
lt_cv_ld_reload_flag=-r
lt_cv_objdir=.libs
lt_cv_path_LD=/opt/toolchain_mips/usr/mips-linux-uclibc/bin/ld
lt_cv_path_LDCXX=
lt_cv_path_NM='/opt/toolchain_mips/bin/mips-linux-nm -B'
lt_cv_path_SED=/opt/toolchain_mips/bin/sed
lt_cv_prog_compiler_c_o=yes
lt_cv_prog_compiler_c_o_CXX=no
lt_cv_prog_compiler_c_o_F77=yes
lt_cv_prog_compiler_rtti_exceptions=no
lt_cv_prog_gnu_ld=no
lt_cv_prog_gnu_ldcxx=
lt_cv_sys_global_symbol_pipe='sed -n -e '\''s/^.*[ 	]\([ABCDGISTW][ABCDGISTW]*\)[ 	][ 	]*\(\)\([_A-Za-z][_A-Za-z0-9]*\)$/\1 \2\3 \3/p'\'''
lt_cv_sys_global_symbol_to_c_name_address='sed -n -e '\''s/^: \([^ ]*\) $/  {\"\1\", (lt_ptr) 0},/p'\'' -e '\''s/^[BCDEGRST] \([^ ]*\) \([^ ]*\)$/  {"\2", (lt_ptr) \&\2},/p'\'''
lt_cv_sys_global_symbol_to_cdecl='sed -n -e '\''s/^. .* \(.*\)$/extern int \1;/p'\'''
lt_cv_sys_max_cmd_len=32768
lt_lt_cv_prog_compiler_c_o='"yes"'
lt_lt_cv_prog_compiler_c_o_CXX='"no"'
lt_lt_cv_prog_compiler_c_o_F77='"yes"'
lt_lt_cv_sys_global_symbol_pipe='"sed -n -e '\''s/^.*[ 	]\\([ABCDGISTW][ABCDGISTW]*\\)[ 	][ 	]*\\(\\)\\([_A-Za-z][_A-Za-z0-9]*\\)\$/\\1 \\2\\3 \\3/p'\''"'
lt_lt_cv_sys_global_symbol_to_c_name_address='"sed -n -e '\''s/^: \\([^ ]*\\) \$/  {\\\"\\1\\\", (lt_ptr) 0},/p'\'' -e '\''s/^[BCDEGRST] \\([^ ]*\\) \\([^ ]*\\)\$/  {\"\\2\", (lt_ptr) \\&\\2},/p'\''"'
lt_lt_cv_sys_global_symbol_to_cdecl='"sed -n -e '\''s/^. .* \\(.*\\)\$/extern int \\1;/p'\''"'

## ----------------- ##
## Output variables. ##
## ----------------- ##

ACLOCAL='${SHELL} /projects/realtek/emlinux-rtl865xb/libs/gpl/libiconv-1.9.1/autoconf/missing --run aclocal-1.7'
ALLOCA=''
ALLOCA_H='alloca.h'
AMDEPBACKSLASH='\'
AMDEP_FALSE='#'
AMDEP_TRUE=''
AMTAR='${SHELL} /projects/realtek/emlinux-rtl865xb/libs/gpl/libiconv-1.9.1/autoconf/missing --run tar'
AR='mips-linux-ar'
AS='as'
AUTOCONF='${SHELL} /projects/realtek/emlinux-rtl865xb/libs/gpl/libiconv-1.9.1/autoconf/missing --run autoconf'
AUTOHEADER='${SHELL} /projects/realtek/emlinux-rtl865xb/libs/gpl/libiconv-1.9.1/autoconf/missing --run autoheader'
AUTOMAKE='${SHELL} /projects/realtek/emlinux-rtl865xb/libs/gpl/libiconv-1.9.1/autoconf/missing --run automake-1.7'
AWK='gawk'
CC='mips-linux-gcc'
CCDEPMODE='depmode=none'
CFLAGS='-g -O2'
CP='cp -p'
CPP='mips-linux-gcc -E'
CPPFLAGS=''
CXX='mips-linux-g++'
CXXCPP='/lib/cpp'
CXXDEPMODE='depmode=none'
CXXFLAGS=''
CYGPATH_W='echo'
DEFS='-DHAVE_CONFIG_H'
DEPDIR='.deps'
DLLTOOL='dlltool'
ECHO='echo'
ECHO_C=''
ECHO_N='-n'
ECHO_T=''
EGREP='grep -E'
EILSEQ=''
EXEEXT=''
F77='g77'
FFLAGS='-g -O2'
GCC='yes'
GMSGFMT='/usr/bin/msgfmt'
HAVE__BOOL=''
ICONV_CONST='const'
INSTALL_DATA='${INSTALL} -m 644'
INSTALL_PROGRAM='${INSTALL}'
INSTALL_SCRIPT='${INSTALL}'
INSTALL_STRIP_PROGRAM='${SHELL} $(install_sh) -c -s'
INTLLIBS=''
LDFLAGS=''
LIBICONV=''
LIBINTL=''
LIBOBJS=' canonicalize$U.o'
LIBS=''
LIBTOOL='$(SHELL) $(top_builddir)/libtool'
LN='ln'
LN_S='ln -s'
LTLIBICONV=''
LTLIBINTL=''
LTLIBOBJS=' canonicalize$U.lo'
MAKEINFO='${SHELL} /projects/realtek/emlinux-rtl865xb/libs/gpl/libiconv-1.9.1/autoconf/missing --run makeinfo'
MKINSTALLDIRS='$(top_builddir)/../autoconf/mkinstalldirs'
MSGFMT='/usr/bin/msgfmt'
MSGMERGE='/usr/bin/msgmerge'
OBJDUMP='objdump'
OBJEXT='o'
OS='linux'
PACKAGE='libiconv'
PACKAGE_BUGREPORT=''
PACKAGE_NAME=''
PACKAGE_STRING=''
PACKAGE_TARNAME=''
PACKAGE_VERSION=''
PATH_SEPARATOR=':'
PLUGLIB='libiconv_plug.so'
POSUB=''
RANLIB='mips-linux-ranlib'
RELOCATABLE='no'
RELOCATABLE_VIA_LD_FALSE=''
RELOCATABLE_VIA_LD_TRUE='#'
SET_MAKE=''
SET_RELOCATABLE=''
SHELL='/bin/sh'
STDBOOL_H=''
STRIP='mips-linux-strip'
USE_EXTRA_ENCODINGS='no'
USE_NLS='no'
VERSION='1.9'
XGETTEXT=':'
ac_ct_AR=''
ac_ct_AS=''
ac_ct_CC=''
ac_ct_CXX=''
ac_ct_DLLTOOL=''
ac_ct_F77='g77'
ac_ct_OBJDUMP=''
ac_ct_RANLIB=''
ac_ct_STRIP=''
am__fastdepCC_FALSE=''
am__fastdepCC_TRUE='#'
am__fastdepCXX_FALSE=''
am__fastdepCXX_TRUE='#'
am__include='include'
am__leading_dot='.'
am__quote=''
bindir='${exec_prefix}/bin'
build='i686-pc-linux-gnu'
build_alias=''
build_cpu='i686'
build_os='linux-gnu'
build_vendor='pc'
datadir='${prefix}/share'
exec_prefix='${prefix}'
host='mips-unknown-linux-gnu'
host_alias='mips-linux'
host_cpu='mips'
host_os='linux-gnu'
host_vendor='unknown'
includedir='${prefix}/include'
infodir='${prefix}/info'
install_sh='/projects/realtek/emlinux-rtl865xb/libs/gpl/libiconv-1.9.1/autoconf/install-sh'
libdir='${exec_prefix}/lib'
libexecdir='${exec_prefix}/libexec'
localstatedir='${prefix}/var'
mandir='${datadir}/man'
oldincludedir='/usr/include'
prefix='/usr/local'
program_transform_name='s,x,x,'
sbindir='${exec_prefix}/sbin'
sharedstatedir='${prefix}/com'
subdirs=' libcharset'
sysconfdir='${prefix}/etc'
target_alias=''

## ----------- ##
## confdefs.h. ##
## ----------- ##

#define HAVE_ALLOCA 1
#define HAVE_ALLOCA_H 1
#define HAVE_DECL_CLEARERR_UNLOCKED 1
#define HAVE_DECL_FEOF_UNLOCKED 1
#define HAVE_DECL_FERROR_UNLOCKED 1
#define HAVE_DECL_FFLUSH_UNLOCKED 1
#define HAVE_DECL_FGETS_UNLOCKED 1
#define HAVE_DECL_FPUTC_UNLOCKED 1
#define HAVE_DECL_FPUTS_UNLOCKED 1
#define HAVE_DECL_FREAD_UNLOCKED 1
#define HAVE_DECL_FWRITE_UNLOCKED 1
#define HAVE_DECL_GETCHAR_UNLOCKED 1
#define HAVE_DECL_GETC_UNLOCKED 1
#define HAVE_DECL_PUTCHAR_UNLOCKED 1
#define HAVE_DECL_PUTC_UNLOCKED 1
#define HAVE_DLFCN_H 1
#define HAVE_ENVIRON_DECL 1
#define HAVE_ERRNO_DECL 1
#define HAVE_ERROR_AT_LINE 1
#define HAVE_GETCWD 1
#define HAVE_GETC_UNLOCKED 1
#define HAVE_INTTYPES_H 1
#define HAVE_LANGINFO_CODESET 1
#define HAVE_LIMITS_H 1
#define HAVE_LOCALE_H 1
#define HAVE_MBRTOWC 1
#define HAVE_MBSINIT 1
#define HAVE_MEMMOVE 1
#define HAVE_MEMORY_H 1
#define HAVE_SEARCH_H 1
#define HAVE_SETENV 1
#define HAVE_SETLOCALE 1
#define HAVE_STDBOOL_H 1
#define HAVE_STDDEF_H 1
#define HAVE_STDINT_H 1
#define HAVE_STDLIB_H 1
#define HAVE_STDLIB_H 1
#define HAVE_STDLIB_H 1
#define HAVE_STDLIB_H 1
#define HAVE_STDLIB_H 1
#define HAVE_STRERROR 1
#define HAVE_STRINGS_H 1
#define HAVE_STRING_H 1
#define HAVE_STRING_H 1
#define HAVE_STRING_H 1
#define HAVE_STRING_H 1
#define HAVE_SYS_PARAM_H 1
#define HAVE_SYS_STAT_H 1
#define HAVE_SYS_TYPES_H 1
#define HAVE_SYS_TYPES_H 1
#define HAVE_TSEARCH 1
#define HAVE_UNISTD_H 1
#define HAVE_UNISTD_H 1
#define HAVE_UNISTD_H 1
#define HAVE_UNSETENV 1
#define HAVE_VPRINTF 1
#define HAVE_WCHAR_H 1
#define HAVE_WCRTOMB 1
#define INSTALLPREFIX "/usr/local"
#define PACKAGE "libiconv"
#define PACKAGE_BUGREPORT ""
#define PACKAGE_NAME ""
#define PACKAGE_STRING ""
#define PACKAGE_TARNAME ""
#define PACKAGE_VERSION ""
#define STDC_HEADERS 1
#define STDC_HEADERS 1
#define VERSION "1.9"
#define _GNU_SOURCE 1
#define realpath rpl_realpath
#endif
#ifdef __cplusplus
void exit (int);

configure: exit 0
