This file contains any messages produced by compilers while
running configure, to aid debugging if configure makes a mistake.

It was created by configure, which was
generated by GNU Autoconf 2.57.  Invocation command line was

  $ ../../libcharset/configure --prefix=/usr/local --host=mips-linux host_alias=mips-linux --cache-file=/dev/null --srcdir=../../libcharset

## --------- ##
## Platform. ##
## --------- ##

hostname = Titan
uname -m = i686
uname -r = 2.4.22Titan
uname -s = Linux
uname -v = #2 Mon Nov 22 10:04:08 CST 2004

/usr/bin/uname -p = unknown
/bin/uname -X     = unknown

/bin/arch              = i686
/usr/bin/arch -k       = unknown
/usr/convex/getsysinfo = unknown
hostinfo               = unknown
/bin/machine           = unknown
/usr/bin/oslevel       = unknown
/bin/universe          = unknown

PATH: /opt/toolchain_mips/bin
PATH: /usr/local/bin
PATH: /usr/bin
PATH: /bin
PATH: /usr/X11R6/bin
PATH: /usr/games
PATH: /opt/www/htdig/bin
PATH: /usr/lib/java/bin
PATH: /usr/lib/java/jre/bin
PATH: /opt/kde/bin
PATH: /usr/lib/qt/bin
PATH: /usr/share/texmf/bin
PATH: .


## ----------- ##
## Core tests. ##
## ----------- ##

configure:1485: checking whether make sets $(MAKE)
configure:1505: result: yes
configure:1529: checking for mips-linux-gcc
configure:1545: found /opt/toolchain_mips/bin/mips-linux-gcc
configure:1555: result: mips-linux-gcc
configure:1837: checking for C compiler version
configure:1840: mips-linux-gcc --version </dev/null >&5
mips-linux-gcc (GCC) 3.3.3
Copyright (C) 2003 Free Software Foundation, Inc.
This is free software; see the source for copying conditions.  There is NO
warranty; not even for MERCHANTABILITY or FITNESS FOR A PARTICULAR PURPOSE.

configure:1843: $? = 0
configure:1845: mips-linux-gcc -v </dev/null >&5
Reading specs from /opt/toolchain_mips/usr/bin/../lib/gcc-lib/mips-linux-uclibc/3.3.3/specs
Configured with: /opt/gcc-3.3.3/toolchain_build_mips/gcc-3.3.3/configure --prefix=/opt/toolchain_mips --build=i386-pc-linux-gnu --host=i386-pc-linux-gnu --target=mips-linux-uclibc --enable-languages=c,c++ --enable-shared --with-gxx-include-dir=/opt/toolchain_mips/mips-linux-uclibc/include/c++ --disable-__cxa_atexit --enable-target-optspace --with-gnu-ld --disable-nls --enable-multilib --enable-sjlj-exceptions
Thread model: posix
gcc version 3.3.3
configure:1848: $? = 0
configure:1850: mips-linux-gcc -V </dev/null >&5
mips-linux-gcc: `-V' option must have argument
configure:1853: $? = 1
configure:1877: checking for C compiler default output
configure:1880: mips-linux-gcc    conftest.c  >&5
configure:1883: $? = 0
configure:1929: result: a.out
configure:1934: checking whether the C compiler works
configure:1940: ./a.out
../../libcharset/configure: line 1: ./a.out: cannot execute binary file
configure:1943: $? = 126
configure:1960: result: yes
configure:1967: checking whether we are cross compiling
configure:1969: result: yes
configure:1972: checking for suffix of executables
configure:1974: mips-linux-gcc -o conftest    conftest.c  >&5
configure:1977: $? = 0
configure:2002: result: 
configure:2008: checking for suffix of object files
configure:2030: mips-linux-gcc -c   conftest.c >&5
configure:2033: $? = 0
configure:2055: result: o
configure:2059: checking whether we are using the GNU C compiler
configure:2084: mips-linux-gcc -c   conftest.c >&5
configure:2087: $? = 0
configure:2090: test -s conftest.o
configure:2093: $? = 0
configure:2106: result: yes
configure:2112: checking whether mips-linux-gcc accepts -g
configure:2134: mips-linux-gcc -c -g  conftest.c >&5
configure:2137: $? = 0
configure:2140: test -s conftest.o
configure:2143: $? = 0
configure:2154: result: yes
configure:2171: checking for mips-linux-gcc option to accept ANSI C
configure:2232: mips-linux-gcc  -c -g -O2  conftest.c >&5
configure:2235: $? = 0
configure:2238: test -s conftest.o
configure:2241: $? = 0
configure:2259: result: none needed
configure:2277: mips-linux-gcc -c -g -O2  conftest.c >&5
conftest.c:2: error: parse error before "me"
configure:2280: $? = 1
configure: failed program was:
| #ifndef __cplusplus
|   choke me
| #endif
configure:2394: checking how to run the C preprocessor
configure:2430: mips-linux-gcc -E  conftest.c
configure:2436: $? = 0
configure:2468: mips-linux-gcc -E  conftest.c
configure:2467:28: ac_nonexistent.h: No such file or directory
configure:2474: $? = 1
configure: failed program was:
| #line 2459 "configure"
| /* confdefs.h.  */
| 
| #define PACKAGE_NAME ""
| #define PACKAGE_TARNAME ""
| #define PACKAGE_VERSION ""
| #define PACKAGE_STRING ""
| #define PACKAGE_BUGREPORT ""
| /* end confdefs.h.  */
| #include <ac_nonexistent.h>
configure:2512: result: mips-linux-gcc -E
configure:2537: mips-linux-gcc -E  conftest.c
configure:2543: $? = 0
configure:2575: mips-linux-gcc -E  conftest.c
configure:2574:28: ac_nonexistent.h: No such file or directory
configure:2581: $? = 1
configure: failed program was:
| #line 2566 "configure"
| /* confdefs.h.  */
| 
| #define PACKAGE_NAME ""
| #define PACKAGE_TARNAME ""
| #define PACKAGE_VERSION ""
| #define PACKAGE_STRING ""
| #define PACKAGE_BUGREPORT ""
| /* end confdefs.h.  */
| #include <ac_nonexistent.h>
configure:2625: checking for egrep
configure:2635: result: grep -E
configure:2641: checking whether mips-linux-gcc needs -traditional
configure:2685: result: no
configure:2704: checking for a BSD-compatible install
configure:2758: result: /usr/bin/ginstall -c
configure:2777: checking build system type
configure:2795: result: i686-pc-linux-gnu
configure:2803: checking host system type
configure:2817: result: mips-unknown-linux-gnu
configure:2828: checking whether to activate relocatable installation
configure:2843: result: no
configure:2863: checking for AIX
configure:2886: result: no
configure:2892: checking for ANSI C header files
configure:2918: mips-linux-gcc -c -g -O2  conftest.c >&5
configure:2921: $? = 0
configure:2924: test -s conftest.o
configure:2927: $? = 0
configure:3039: result: yes
configure:3063: checking for sys/types.h
configure:3080: mips-linux-gcc -c -g -O2  conftest.c >&5
configure:3083: $? = 0
configure:3086: test -s conftest.o
configure:3089: $? = 0
configure:3100: result: yes
configure:3063: checking for sys/stat.h
configure:3080: mips-linux-gcc -c -g -O2  conftest.c >&5
configure:3083: $? = 0
configure:3086: test -s conftest.o
configure:3089: $? = 0
configure:3100: result: yes
configure:3063: checking for stdlib.h
configure:3080: mips-linux-gcc -c -g -O2  conftest.c >&5
configure:3083: $? = 0
configure:3086: test -s conftest.o
configure:3089: $? = 0
configure:3100: result: yes
configure:3063: checking for string.h
configure:3080: mips-linux-gcc -c -g -O2  conftest.c >&5
configure:3083: $? = 0
configure:3086: test -s conftest.o
configure:3089: $? = 0
configure:3100: result: yes
configure:3063: checking for memory.h
configure:3080: mips-linux-gcc -c -g -O2  conftest.c >&5
configure:3083: $? = 0
configure:3086: test -s conftest.o
configure:3089: $? = 0
configure:3100: result: yes
configure:3063: checking for strings.h
configure:3080: mips-linux-gcc -c -g -O2  conftest.c >&5
configure:3083: $? = 0
configure:3086: test -s conftest.o
configure:3089: $? = 0
configure:3100: result: yes
configure:3063: checking for inttypes.h
configure:3080: mips-linux-gcc -c -g -O2  conftest.c >&5
configure:3083: $? = 0
configure:3086: test -s conftest.o
configure:3089: $? = 0
configure:3100: result: yes
configure:3063: checking for stdint.h
configure:3080: mips-linux-gcc -c -g -O2  conftest.c >&5
configure:3083: $? = 0
configure:3086: test -s conftest.o
configure:3089: $? = 0
configure:3100: result: yes
configure:3063: checking for unistd.h
configure:3080: mips-linux-gcc -c -g -O2  conftest.c >&5
configure:3083: $? = 0
configure:3086: test -s conftest.o
configure:3089: $? = 0
configure:3100: result: yes
configure:3122: checking minix/config.h usability
configure:3135: mips-linux-gcc -c -g -O2  conftest.c >&5
configure:3177:26: minix/config.h: No such file or directory
configure:3138: $? = 1
configure: failed program was:
| #line 3124 "configure"
| /* confdefs.h.  */
| 
| #define PACKAGE_NAME ""
| #define PACKAGE_TARNAME ""
| #define PACKAGE_VERSION ""
| #define PACKAGE_STRING ""
| #define PACKAGE_BUGREPORT ""
| #define INSTALLPREFIX "/usr/local"
| #define STDC_HEADERS 1
| #define HAVE_SYS_TYPES_H 1
| #define HAVE_SYS_STAT_H 1
| #define HAVE_STDLIB_H 1
| #define HAVE_STRING_H 1
| #define HAVE_MEMORY_H 1
| #define HAVE_STRINGS_H 1
| #define HAVE_INTTYPES_H 1
| #define HAVE_STDINT_H 1
| #define HAVE_UNISTD_H 1
| /* end confdefs.h.  */
| #include <stdio.h>
| #if HAVE_SYS_TYPES_H
| # include <sys/types.h>
| #endif
| #if HAVE_SYS_STAT_H
| # include <sys/stat.h>
| #endif
| #if STDC_HEADERS
| # include <stdlib.h>
| # include <stddef.h>
| #else
| # if HAVE_STDLIB_H
| #  include <stdlib.h>
| # endif
| #endif
| #if HAVE_STRING_H
| # if !STDC_HEADERS && HAVE_MEMORY_H
| #  include <memory.h>
| # endif
| # include <string.h>
| #endif
| #if HAVE_STRINGS_H
| # include <strings.h>
| #endif
| #if HAVE_INTTYPES_H
| # include <inttypes.h>
| #else
| # if HAVE_STDINT_H
| #  include <stdint.h>
| # endif
| #endif
| #if HAVE_UNISTD_H
| # include <unistd.h>
| #endif
| #include <minix/config.h>
configure:3154: result: no
configure:3158: checking minix/config.h presence
configure:3169: mips-linux-gcc -E  conftest.c
configure:3179:26: minix/config.h: No such file or directory
configure:3175: $? = 1
configure: failed program was:
| #line 3160 "configure"
| /* confdefs.h.  */
| 
| #define PACKAGE_NAME ""
| #define PACKAGE_TARNAME ""
| #define PACKAGE_VERSION ""
| #define PACKAGE_STRING ""
| #define PACKAGE_BUGREPORT ""
| #define INSTALLPREFIX "/usr/local"
| #define STDC_HEADERS 1
| #define HAVE_SYS_TYPES_H 1
| #define HAVE_SYS_STAT_H 1
| #define HAVE_STDLIB_H 1
| #define HAVE_STRING_H 1
| #define HAVE_MEMORY_H 1
| #define HAVE_STRINGS_H 1
| #define HAVE_INTTYPES_H 1
| #define HAVE_STDINT_H 1
| #define HAVE_UNISTD_H 1
| /* end confdefs.h.  */
| #include <minix/config.h>
configure:3194: result: no
configure:3230: checking for minix/config.h
configure:3237: result: no
configure:3267: checking for strerror in -lcposix
configure:3298: mips-linux-gcc -o conftest -g -O2   conftest.c -lcposix   >&5
/opt/toolchain_mips/usr/bin/../lib/gcc-lib/mips-linux-uclibc/3.3.3/../../../../mips-linux-uclibc/bin/ld: cannot find -lcposix
collect2: ld returned 1 exit status
configure:3301: $? = 1
configure: failed program was:
| #line 3274 "configure"
| /* confdefs.h.  */
| 
| #define PACKAGE_NAME ""
| #define PACKAGE_TARNAME ""
| #define PACKAGE_VERSION ""
| #define PACKAGE_STRING ""
| #define PACKAGE_BUGREPORT ""
| #define INSTALLPREFIX "/usr/local"
| #define STDC_HEADERS 1
| #define HAVE_SYS_TYPES_H 1
| #define HAVE_SYS_STAT_H 1
| #define HAVE_STDLIB_H 1
| #define HAVE_STRING_H 1
| #define HAVE_MEMORY_H 1
| #define HAVE_STRINGS_H 1
| #define HAVE_INTTYPES_H 1
| #define HAVE_STDINT_H 1
| #define HAVE_UNISTD_H 1
| /* end confdefs.h.  */
| 
| /* Override any gcc2 internal prototype to avoid an error.  */
| #ifdef __cplusplus
| extern "C"
| #endif
| /* We use char because int might match the return type of a gcc2
|    builtin and then its argument prototype would still apply.  */
| char strerror ();
| int
| main ()
| {
| strerror ();
|   ;
|   return 0;
| }
configure:3319: result: no
configure:3407: checking for a sed that does not truncate output
configure:3461: result: /opt/toolchain_mips/bin/sed
configure:3475: checking for ld used by mips-linux-gcc
configure:3542: result: /opt/toolchain_mips/usr/mips-linux-uclibc/bin/ld
configure:3551: checking if the linker (/opt/toolchain_mips/usr/mips-linux-uclibc/bin/ld) is GNU ld
configure:3566: result: no
configure:3571: checking for /opt/toolchain_mips/usr/mips-linux-uclibc/bin/ld option to reload object files
configure:3578: result: -r
configure:3587: checking for BSD-compatible nm
configure:3629: result: /opt/toolchain_mips/bin/mips-linux-nm -B
configure:3633: checking whether ln -s works
configure:3637: result: yes
configure:3644: checking how to recognise dependent libraries
configure:3844: result: pass_all
configure:4296: checking dlfcn.h usability
configure:4309: mips-linux-gcc -c -g -O2  conftest.c >&5
configure:4312: $? = 0
configure:4315: test -s conftest.o
configure:4318: $? = 0
configure:4328: result: yes
configure:4332: checking dlfcn.h presence
configure:4343: mips-linux-gcc -E  conftest.c
configure:4349: $? = 0
configure:4368: result: yes
configure:4404: checking for dlfcn.h
configure:4411: result: yes
configure:4434: checking for mips-linux-g++
configure:4450: found /opt/toolchain_mips/bin/mips-linux-g++
configure:4460: result: mips-linux-g++
configure:4518: checking for C++ compiler version
configure:4521: mips-linux-g++ --version </dev/null >&5
mips-linux-g++: Permission denied
configure:4524: $? = 1
configure:4526: mips-linux-g++ -v </dev/null >&5
mips-linux-g++: Permission denied
configure:4529: $? = 1
configure:4531: mips-linux-g++ -V </dev/null >&5
mips-linux-g++: Permission denied
configure:4534: $? = 1
configure:4537: checking whether we are using the GNU C++ compiler
configure:4562: mips-linux-g++ -c   conftest.cc >&5
mips-linux-g++: Permission denied
configure:4565: $? = 1
configure: failed program was:
| #line 4542 "configure"
| /* confdefs.h.  */
| 
| #define PACKAGE_NAME ""
| #define PACKAGE_TARNAME ""
| #define PACKAGE_VERSION ""
| #define PACKAGE_STRING ""
| #define PACKAGE_BUGREPORT ""
| #define INSTALLPREFIX "/usr/local"
| #define STDC_HEADERS 1
| #define HAVE_SYS_TYPES_H 1
| #define HAVE_SYS_STAT_H 1
| #define HAVE_STDLIB_H 1
| #define HAVE_STRING_H 1
| #define HAVE_MEMORY_H 1
| #define HAVE_STRINGS_H 1
| #define HAVE_INTTYPES_H 1
| #define HAVE_STDINT_H 1
| #define HAVE_UNISTD_H 1
| #define HAVE_DLFCN_H 1
| /* end confdefs.h.  */
| 
| int
| main ()
| {
| #ifndef __GNUC__
|        choke me
| #endif
| 
|   ;
|   return 0;
| }
configure:4584: result: no
configure:4590: checking whether mips-linux-g++ accepts -g
configure:4612: mips-linux-g++ -c -g  conftest.cc >&5
mips-linux-g++: Permission denied
configure:4615: $? = 1
configure: failed program was:
| #line 4595 "configure"
| /* confdefs.h.  */
| 
| #define PACKAGE_NAME ""
| #define PACKAGE_TARNAME ""
| #define PACKAGE_VERSION ""
| #define PACKAGE_STRING ""
| #define PACKAGE_BUGREPORT ""
| #define INSTALLPREFIX "/usr/local"
| #define STDC_HEADERS 1
| #define HAVE_SYS_TYPES_H 1
| #define HAVE_SYS_STAT_H 1
| #define HAVE_STDLIB_H 1
| #define HAVE_STRING_H 1
| #define HAVE_MEMORY_H 1
| #define HAVE_STRINGS_H 1
| #define HAVE_INTTYPES_H 1
| #define HAVE_STDINT_H 1
| #define HAVE_UNISTD_H 1
| #define HAVE_DLFCN_H 1
| /* end confdefs.h.  */
| 
| int
| main ()
| {
| 
|   ;
|   return 0;
| }
configure:4632: result: no
configure:4676: mips-linux-g++ -c   conftest.cc >&5
mips-linux-g++: Permission denied
configure:4679: $? = 1
configure: failed program was:
| #line 4658 "configure"
| /* confdefs.h.  */
| 
| #define PACKAGE_NAME ""
| #define PACKAGE_TARNAME ""
| #define PACKAGE_VERSION ""
| #define PACKAGE_STRING ""
| #define PACKAGE_BUGREPORT ""
| #define INSTALLPREFIX "/usr/local"
| #define STDC_HEADERS 1
| #define HAVE_SYS_TYPES_H 1
| #define HAVE_SYS_STAT_H 1
| #define HAVE_STDLIB_H 1
| #define HAVE_STRING_H 1
| #define HAVE_MEMORY_H 1
| #define HAVE_STRINGS_H 1
| #define HAVE_INTTYPES_H 1
| #define HAVE_STDINT_H 1
| #define HAVE_UNISTD_H 1
| #define HAVE_DLFCN_H 1
| /* end confdefs.h.  */
| #include <stdlib.h>
| 
| int
| main ()
| {
| exit (42);
|   ;
|   return 0;
| }
configure:4676: mips-linux-g++ -c   conftest.cc >&5
mips-linux-g++: Permission denied
configure:4679: $? = 1
configure: failed program was:
| #line 4658 "configure"
| /* confdefs.h.  */
| 
| #define PACKAGE_NAME ""
| #define PACKAGE_TARNAME ""
| #define PACKAGE_VERSION ""
| #define PACKAGE_STRING ""
| #define PACKAGE_BUGREPORT ""
| #define INSTALLPREFIX "/usr/local"
| #define STDC_HEADERS 1
| #define HAVE_SYS_TYPES_H 1
| #define HAVE_SYS_STAT_H 1
| #define HAVE_STDLIB_H 1
| #define HAVE_STRING_H 1
| #define HAVE_MEMORY_H 1
| #define HAVE_STRINGS_H 1
| #define HAVE_INTTYPES_H 1
| #define HAVE_STDINT_H 1
| #define HAVE_UNISTD_H 1
| #define HAVE_DLFCN_H 1
| /* end confdefs.h.  */
| #include <stdlib.h>
| #include <stdlib.h>
| int
| main ()
| {
| exit (42);
|   ;
|   return 0;
| }
configure:4676: mips-linux-g++ -c   conftest.cc >&5
mips-linux-g++: Permission denied
configure:4679: $? = 1
configure: failed program was:
| #line 4658 "configure"
| /* confdefs.h.  */
| 
| #define PACKAGE_NAME ""
| #define PACKAGE_TARNAME ""
| #define PACKAGE_VERSION ""
| #define PACKAGE_STRING ""
| #define PACKAGE_BUGREPORT ""
| #define INSTALLPREFIX "/usr/local"
| #define STDC_HEADERS 1
| #define HAVE_SYS_TYPES_H 1
| #define HAVE_SYS_STAT_H 1
| #define HAVE_STDLIB_H 1
| #define HAVE_STRING_H 1
| #define HAVE_MEMORY_H 1
| #define HAVE_STRINGS_H 1
| #define HAVE_INTTYPES_H 1
| #define HAVE_STDINT_H 1
| #define HAVE_UNISTD_H 1
| #define HAVE_DLFCN_H 1
| /* end confdefs.h.  */
| #include <stdlib.h>
| extern "C" void std::exit (int) throw (); using std::exit;
| int
| main ()
| {
| exit (42);
|   ;
|   return 0;
| }
configure:4676: mips-linux-g++ -c   conftest.cc >&5
mips-linux-g++: Permission denied
configure:4679: $? = 1
configure: failed program was:
| #line 4658 "configure"
| /* confdefs.h.  */
| 
| #define PACKAGE_NAME ""
| #define PACKAGE_TARNAME ""
| #define PACKAGE_VERSION ""
| #define PACKAGE_STRING ""
| #define PACKAGE_BUGREPORT ""
| #define INSTALLPREFIX "/usr/local"
| #define STDC_HEADERS 1
| #define HAVE_SYS_TYPES_H 1
| #define HAVE_SYS_STAT_H 1
| #define HAVE_STDLIB_H 1
| #define HAVE_STRING_H 1
| #define HAVE_MEMORY_H 1
| #define HAVE_STRINGS_H 1
| #define HAVE_INTTYPES_H 1
| #define HAVE_STDINT_H 1
| #define HAVE_UNISTD_H 1
| #define HAVE_DLFCN_H 1
| /* end confdefs.h.  */
| #include <stdlib.h>
| extern "C" void std::exit (int); using std::exit;
| int
| main ()
| {
| exit (42);
|   ;
|   return 0;
| }
configure:4676: mips-linux-g++ -c   conftest.cc >&5
mips-linux-g++: Permission denied
configure:4679: $? = 1
configure: failed program was:
| #line 4658 "configure"
| /* confdefs.h.  */
| 
| #define PACKAGE_NAME ""
| #define PACKAGE_TARNAME ""
| #define PACKAGE_VERSION ""
| #define PACKAGE_STRING ""
| #define PACKAGE_BUGREPORT ""
| #define INSTALLPREFIX "/usr/local"
| #define STDC_HEADERS 1
| #define HAVE_SYS_TYPES_H 1
| #define HAVE_SYS_STAT_H 1
| #define HAVE_STDLIB_H 1
| #define HAVE_STRING_H 1
| #define HAVE_MEMORY_H 1
| #define HAVE_STRINGS_H 1
| #define HAVE_INTTYPES_H 1
| #define HAVE_STDINT_H 1
| #define HAVE_UNISTD_H 1
| #define HAVE_DLFCN_H 1
| /* end confdefs.h.  */
| #include <stdlib.h>
| extern "C" void exit (int) throw ();
| int
| main ()
| {
| exit (42);
|   ;
|   return 0;
| }
configure:4676: mips-linux-g++ -c   conftest.cc >&5
mips-linux-g++: Permission denied
configure:4679: $? = 1
configure: failed program was:
| #line 4658 "configure"
| /* confdefs.h.  */
| 
| #define PACKAGE_NAME ""
| #define PACKAGE_TARNAME ""
| #define PACKAGE_VERSION ""
| #define PACKAGE_STRING ""
| #define PACKAGE_BUGREPORT ""
| #define INSTALLPREFIX "/usr/local"
| #define STDC_HEADERS 1
| #define HAVE_SYS_TYPES_H 1
| #define HAVE_SYS_STAT_H 1
| #define HAVE_STDLIB_H 1
| #define HAVE_STRING_H 1
| #define HAVE_MEMORY_H 1
| #define HAVE_STRINGS_H 1
| #define HAVE_INTTYPES_H 1
| #define HAVE_STDINT_H 1
| #define HAVE_UNISTD_H 1
| #define HAVE_DLFCN_H 1
| /* end confdefs.h.  */
| #include <stdlib.h>
| extern "C" void exit (int);
| int
| main ()
| {
| exit (42);
|   ;
|   return 0;
| }
configure:4676: mips-linux-g++ -c   conftest.cc >&5
mips-linux-g++: Permission denied
configure:4679: $? = 1
configure: failed program was:
| #line 4658 "configure"
| /* confdefs.h.  */
| 
| #define PACKAGE_NAME ""
| #define PACKAGE_TARNAME ""
| #define PACKAGE_VERSION ""
| #define PACKAGE_STRING ""
| #define PACKAGE_BUGREPORT ""
| #define INSTALLPREFIX "/usr/local"
| #define STDC_HEADERS 1
| #define HAVE_SYS_TYPES_H 1
| #define HAVE_SYS_STAT_H 1
| #define HAVE_STDLIB_H 1
| #define HAVE_STRING_H 1
| #define HAVE_MEMORY_H 1
| #define HAVE_STRINGS_H 1
| #define HAVE_INTTYPES_H 1
| #define HAVE_STDINT_H 1
| #define HAVE_UNISTD_H 1
| #define HAVE_DLFCN_H 1
| /* end confdefs.h.  */
| #include <stdlib.h>
| void exit (int);
| int
| main ()
| {
| exit (42);
|   ;
|   return 0;
| }
configure:4749: checking how to run the C++ preprocessor
configure:4781: mips-linux-g++ -E  conftest.cc
mips-linux-g++: Permission denied
configure:4787: $? = 1
configure: failed program was:
| #line 4767 "configure"
| /* confdefs.h.  */
| 
| #define PACKAGE_NAME ""
| #define PACKAGE_TARNAME ""
| #define PACKAGE_VERSION ""
| #define PACKAGE_STRING ""
| #define PACKAGE_BUGREPORT ""
| #define INSTALLPREFIX "/usr/local"
| #define STDC_HEADERS 1
| #define HAVE_SYS_TYPES_H 1
| #define HAVE_SYS_STAT_H 1
| #define HAVE_STDLIB_H 1
| #define HAVE_STRING_H 1
| #define HAVE_MEMORY_H 1
| #define HAVE_STRINGS_H 1
| #define HAVE_INTTYPES_H 1
| #define HAVE_STDINT_H 1
| #define HAVE_UNISTD_H 1
| #define HAVE_DLFCN_H 1
| #ifdef __cplusplus
| void exit (int);
| #endif
| /* end confdefs.h.  */
| #ifdef __STDC__
| # include <limits.h>
| #else
| # include <assert.h>
| #endif
|                      Syntax error
configure:4781: mips-linux-g++ -E  conftest.cc
mips-linux-g++: Permission denied
configure:4787: $? = 1
configure: failed program was:
| #line 4767 "configure"
| /* confdefs.h.  */
| 
| #define PACKAGE_NAME ""
| #define PACKAGE_TARNAME ""
| #define PACKAGE_VERSION ""
| #define PACKAGE_STRING ""
| #define PACKAGE_BUGREPORT ""
| #define INSTALLPREFIX "/usr/local"
| #define STDC_HEADERS 1
| #define HAVE_SYS_TYPES_H 1
| #define HAVE_SYS_STAT_H 1
| #define HAVE_STDLIB_H 1
| #define HAVE_STRING_H 1
| #define HAVE_MEMORY_H 1
| #define HAVE_STRINGS_H 1
| #define HAVE_INTTYPES_H 1
| #define HAVE_STDINT_H 1
| #define HAVE_UNISTD_H 1
| #define HAVE_DLFCN_H 1
| #ifdef __cplusplus
| void exit (int);
| #endif
| /* end confdefs.h.  */
| #ifdef __STDC__
| # include <limits.h>
| #else
| # include <assert.h>
| #endif
|                      Syntax error
configure:4781: /lib/cpp  conftest.cc
configure:4787: $? = 0
configure:4819: /lib/cpp  conftest.cc
configure:4833:28: ac_nonexistent.h: No such file or directory
configure:4825: $? = 1
configure: failed program was:
| #line 4810 "configure"
| /* confdefs.h.  */
| 
| #define PACKAGE_NAME ""
| #define PACKAGE_TARNAME ""
| #define PACKAGE_VERSION ""
| #define PACKAGE_STRING ""
| #define PACKAGE_BUGREPORT ""
| #define INSTALLPREFIX "/usr/local"
| #define STDC_HEADERS 1
| #define HAVE_SYS_TYPES_H 1
| #define HAVE_SYS_STAT_H 1
| #define HAVE_STDLIB_H 1
| #define HAVE_STRING_H 1
| #define HAVE_MEMORY_H 1
| #define HAVE_STRINGS_H 1
| #define HAVE_INTTYPES_H 1
| #define HAVE_STDINT_H 1
| #define HAVE_UNISTD_H 1
| #define HAVE_DLFCN_H 1
| #ifdef __cplusplus
| void exit (int);
| #endif
| /* end confdefs.h.  */
| #include <ac_nonexistent.h>
configure:4863: result: /lib/cpp
configure:4888: /lib/cpp  conftest.cc
configure:4894: $? = 0
configure:4926: /lib/cpp  conftest.cc
configure:4940:28: ac_nonexistent.h: No such file or directory
configure:4932: $? = 1
configure: failed program was:
| #line 4917 "configure"
| /* confdefs.h.  */
| 
| #define PACKAGE_NAME ""
| #define PACKAGE_TARNAME ""
| #define PACKAGE_VERSION ""
| #define PACKAGE_STRING ""
| #define PACKAGE_BUGREPORT ""
| #define INSTALLPREFIX "/usr/local"
| #define STDC_HEADERS 1
| #define HAVE_SYS_TYPES_H 1
| #define HAVE_SYS_STAT_H 1
| #define HAVE_STDLIB_H 1
| #define HAVE_STRING_H 1
| #define HAVE_MEMORY_H 1
| #define HAVE_STRINGS_H 1
| #define HAVE_INTTYPES_H 1
| #define HAVE_STDINT_H 1
| #define HAVE_UNISTD_H 1
| #define HAVE_DLFCN_H 1
| #ifdef __cplusplus
| void exit (int);
| #endif
| /* end confdefs.h.  */
| #include <ac_nonexistent.h>
configure:4984: checking for mips-linux-g77
configure:5013: result: no
configure:4984: checking for mips-linux-f77
configure:5013: result: no
configure:4984: checking for mips-linux-xlf
configure:5013: result: no
configure:4984: checking for mips-linux-frt
configure:5013: result: no
configure:4984: checking for mips-linux-pgf77
configure:5013: result: no
configure:4984: checking for mips-linux-fl32
configure:5013: result: no
configure:4984: checking for mips-linux-af77
configure:5013: result: no
configure:4984: checking for mips-linux-fort77
configure:5013: result: no
configure:4984: checking for mips-linux-f90
configure:5013: result: no
configure:4984: checking for mips-linux-xlf90
configure:5013: result: no
configure:4984: checking for mips-linux-pgf90
configure:5013: result: no
configure:4984: checking for mips-linux-epcf90
configure:5013: result: no
configure:4984: checking for mips-linux-f95
configure:5013: result: no
configure:4984: checking for mips-linux-fort
configure:5013: result: no
configure:4984: checking for mips-linux-xlf95
configure:5013: result: no
configure:4984: checking for mips-linux-lf95
configure:5013: result: no
configure:4984: checking for mips-linux-g95
configure:5013: result: no
configure:5026: checking for g77
configure:5042: found /usr/bin/g77
configure:5052: result: g77
configure:5070: checking for Fortran 77 compiler version
configure:5070: g77 --version </dev/null >&5
GNU Fortran (GCC 3.2.3) 3.2.3 20030422 (release)
Copyright (C) 2002 Free Software Foundation, Inc.

GNU Fortran comes with NO WARRANTY, to the extent permitted by law.
You may redistribute copies of GNU Fortran
under the terms of the GNU General Public License.
For more information about these matters, see the file named COPYING
or type the command `info -f g77 Copying'.
configure:5073: $? = 0
configure:5075: g77 -v </dev/null >&5
Reading specs from /usr/lib/gcc-lib/i486-slackware-linux/3.2.3/specs
Configured with: ../gcc-3.2.3/configure --prefix=/usr --enable-shared --enable-threads=posix --enable-__cxa_atexit --disable-checking --with-gnu-ld --verbose --target=i486-slackware-linux --host=i486-slackware-linux
Thread model: posix
gcc version 3.2.3
configure:5078: $? = 0
configure:5080: g77 -V </dev/null >&5
g77: argument to `-V' missing
configure:5083: $? = 1
configure:5090: checking whether we are using the GNU Fortran 77 compiler
configure:5104: g77 -c  conftest.F >&5
configure:5107: $? = 0
configure:5110: test -s conftest.o
configure:5113: $? = 0
configure:5126: result: yes
configure:5133: checking whether g77 accepts -g
configure:5145: g77 -c -g conftest.f >&5
configure:5148: $? = 0
configure:5151: test -s conftest.o
configure:5154: $? = 0
configure:5166: result: yes
configure:5194: checking the maximum length of command line arguments
configure:5253: result: 32768
configure:5264: checking command to parse /opt/toolchain_mips/bin/mips-linux-nm -B output from mips-linux-gcc object
configure:5353: mips-linux-gcc -c -g -O2  conftest.c >&5
configure:5356: $? = 0
configure:5360: /opt/toolchain_mips/bin/mips-linux-nm -B conftest.o \| sed -n -e 's/^.*[ 	]\([ABCDGISTW][ABCDGISTW]*\)[ 	][ 	]*\(\)\([_A-Za-z][_A-Za-z0-9]*\)$/\1 \2\3 \3/p' \> conftest.nm
configure:5363: $? = 0
configure:5415: mips-linux-gcc -o conftest -g -O2   conftest.c conftstm.o >&5
configure:5418: $? = 0
configure:5456: result: ok
configure:5460: checking for objdir
configure:5475: result: .libs
configure:5527: checking for mips-linux-ar
configure:5543: found /opt/toolchain_mips/bin/mips-linux-ar
configure:5553: result: mips-linux-ar
configure:5607: checking for mips-linux-ranlib
configure:5623: found /opt/toolchain_mips/bin/mips-linux-ranlib
configure:5633: result: mips-linux-ranlib
configure:5687: checking for mips-linux-strip
configure:5703: found /opt/toolchain_mips/bin/mips-linux-strip
configure:5713: result: mips-linux-strip
configure:6014: checking if mips-linux-gcc static flag  works
configure:6037: result: yes
configure:6054: checking if mips-linux-gcc supports -fno-rtti -fno-exceptions
configure:6075: mips-linux-gcc -c -g -O2  -fno-rtti -fno-exceptions conftest.c >&5
cc1: warning: "-fno-rtti" is valid for C++ but not for C/ObjC
configure:6079: $? = 0
configure:6087: result: no
configure:6102: checking for mips-linux-gcc option to produce PIC
configure:6279: result: -fPIC
configure:6286: checking if mips-linux-gcc PIC flag -fPIC works
configure:6307: mips-linux-gcc -c -g -O2  -fPIC -DPIC conftest.c >&5
configure:6311: $? = 0
configure:6319: result: yes
configure:6343: checking if mips-linux-gcc supports -c -o file.o
configure:6374: mips-linux-gcc -c -g -O2  -o out/conftest2.o conftest.c >&5
configure:6378: $? = 0
configure:6392: result: yes
configure:6418: checking whether the mips-linux-gcc linker (/opt/toolchain_mips/usr/mips-linux-uclibc/bin/ld) supports shared libraries
configure:7212: result: no
configure:7283: checking how to hardcode library paths into programs
configure:7308: result: immediate
configure:7322: checking whether stripping libraries is possible
configure:7327: result: yes
configure:7349: checking dynamic linker characteristics
configure:7872: result: GNU/Linux ld.so
configure:8598: checking if libtool supports shared libraries
configure:8600: result: no
configure:8603: checking whether to build shared libraries
configure:8652: result: no
configure:8655: checking whether to build static libraries
configure:8659: result: yes
configure:8750: creating libtool
configure:9436: checking whether the mips-linux-g++ linker (/opt/toolchain_mips/usr/mips-linux-uclibc/bin/ld) supports shared libraries
configure:10231: result: yes
configure:10249: mips-linux-g++ -c   conftest.cc >&5
mips-linux-g++: Permission denied
configure:10252: $? = 1
configure:10348: checking for mips-linux-g++ option to produce PIC
configure:10600: result: 
configure:10664: checking if mips-linux-g++ supports -c -o file.o
configure:10695: mips-linux-g++ -c   -o out/conftest2.o conftest.cc >&5
mips-linux-g++: Permission denied
configure:10699: $? = 1
configure:10713: result: no
configure:10739: checking whether the mips-linux-g++ linker (/opt/toolchain_mips/usr/mips-linux-uclibc/bin/ld) supports shared libraries
configure:10764: result: yes
configure:10835: checking how to hardcode library paths into programs
configure:10860: result: immediate
configure:10874: checking whether stripping libraries is possible
configure:10879: result: yes
configure:10901: checking dynamic linker characteristics
configure:11424: result: GNU/Linux ld.so
configure:12623: checking if libtool supports shared libraries
configure:12625: result: no
configure:12628: checking whether to build shared libraries
configure:12646: result: no
configure:12649: checking whether to build static libraries
configure:12653: result: yes
configure:12665: checking for g77 option to produce PIC
configure:12842: result: -fPIC
configure:12849: checking if g77 PIC flag -fPIC works
configure:12870: g77 -c -g -O2 -fPIC conftest.f >&5
configure:12874: $? = 0
configure:12882: result: yes
configure:12906: checking if g77 supports -c -o file.o
configure:12937: g77 -c -g -O2 -o out/conftest2.o conftest.f >&5
configure:12941: $? = 0
configure:12955: result: yes
configure:12981: checking whether the g77 linker (/opt/toolchain_mips/usr/mips-linux-uclibc/bin/ld) supports shared libraries
configure:13753: result: no
configure:13824: checking how to hardcode library paths into programs
configure:13849: result: immediate
configure:13863: checking whether stripping libraries is possible
configure:13868: result: yes
configure:13890: checking dynamic linker characteristics
configure:14413: result: GNU/Linux ld.so
configure:18316: checking for nl_langinfo and CODESET
configure:18338: mips-linux-gcc -o conftest -g -O2   conftest.c  >&5
configure:18341: $? = 0
configure:18344: test -s conftest
configure:18347: $? = 0
configure:18359: result: yes
configure:18370: checking whether we are using the GNU C Library 2.1 or newer
configure:18402: result: yes
configure:18424: checking stddef.h usability
configure:18437: mips-linux-gcc -c -g -O2  conftest.c >&5
configure:18440: $? = 0
configure:18443: test -s conftest.o
configure:18446: $? = 0
configure:18456: result: yes
configure:18460: checking stddef.h presence
configure:18471: mips-linux-gcc -E  conftest.c
configure:18477: $? = 0
configure:18496: result: yes
configure:18532: checking for stddef.h
configure:18539: result: yes
configure:18415: checking for stdlib.h
configure:18420: result: yes
configure:18415: checking for string.h
configure:18420: result: yes
configure:18556: checking for setlocale
configure:18606: mips-linux-gcc -o conftest -g -O2   conftest.c  >&5
configure:18609: $? = 0
configure:18612: test -s conftest
configure:18615: $? = 0
configure:18626: result: yes
configure:18733: creating ./config.status

## ---------------------- ##
## Running config.status. ##
## ---------------------- ##

This file was extended by config.status, which was
generated by GNU Autoconf 2.57.  Invocation command line was

  CONFIG_FILES    = 
  CONFIG_HEADERS  = 
  CONFIG_LINKS    = 
  CONFIG_COMMANDS = 
  $ ./config.status 

on Titan

config.status:651: creating Makefile
config.status:651: creating lib/Makefile
config.status:748: creating config.h

## ---------------- ##
## Cache variables. ##
## ---------------- ##

ac_cv_build=i686-pc-linux-gnu
ac_cv_build_alias=i686-pc-linux-gnu
ac_cv_c_compiler_gnu=yes
ac_cv_cxx_compiler_gnu=no
ac_cv_env_CC_set=
ac_cv_env_CC_value=
ac_cv_env_CFLAGS_set=
ac_cv_env_CFLAGS_value=
ac_cv_env_CPPFLAGS_set=
ac_cv_env_CPPFLAGS_value=
ac_cv_env_CPP_set=
ac_cv_env_CPP_value=
ac_cv_env_CXXCPP_set=
ac_cv_env_CXXCPP_value=
ac_cv_env_CXXFLAGS_set=
ac_cv_env_CXXFLAGS_value=
ac_cv_env_CXX_set=
ac_cv_env_CXX_value=
ac_cv_env_F77_set=
ac_cv_env_F77_value=
ac_cv_env_FFLAGS_set=
ac_cv_env_FFLAGS_value=
ac_cv_env_LDFLAGS_set=
ac_cv_env_LDFLAGS_value=
ac_cv_env_build_alias_set=
ac_cv_env_build_alias_value=
ac_cv_env_host_alias_set=set
ac_cv_env_host_alias_value=mips-linux
ac_cv_env_target_alias_set=
ac_cv_env_target_alias_value=
ac_cv_exeext=
ac_cv_f77_compiler_gnu=yes
ac_cv_func_setlocale=yes
ac_cv_gnu_library_2_1=yes
ac_cv_header_dlfcn_h=yes
ac_cv_header_inttypes_h=yes
ac_cv_header_memory_h=yes
ac_cv_header_minix_config_h=no
ac_cv_header_stdc=yes
ac_cv_header_stddef_h=yes
ac_cv_header_stdint_h=yes
ac_cv_header_stdlib_h=yes
ac_cv_header_string_h=yes
ac_cv_header_strings_h=yes
ac_cv_header_sys_stat_h=yes
ac_cv_header_sys_types_h=yes
ac_cv_header_unistd_h=yes
ac_cv_host=mips-unknown-linux-gnu
ac_cv_host_alias=mips-linux
ac_cv_lib_cposix_strerror=no
ac_cv_objext=o
ac_cv_path_install='/usr/bin/ginstall -c'
ac_cv_prog_AR=mips-linux-ar
ac_cv_prog_CC=mips-linux-gcc
ac_cv_prog_CPP='mips-linux-gcc -E'
ac_cv_prog_CXX=mips-linux-g++
ac_cv_prog_CXXCPP=/lib/cpp
ac_cv_prog_RANLIB=mips-linux-ranlib
ac_cv_prog_STRIP=mips-linux-strip
ac_cv_prog_ac_ct_F77=g77
ac_cv_prog_cc_g=yes
ac_cv_prog_cc_stdc=
ac_cv_prog_cxx_g=no
ac_cv_prog_egrep='grep -E'
ac_cv_prog_f77_g=yes
ac_cv_prog_gcc_traditional=no
ac_cv_prog_make_make_set=yes
am_cv_langinfo_codeset=yes
lt_cv_deplibs_check_method=pass_all
lt_cv_file_magic_cmd='$MAGIC_CMD'
lt_cv_file_magic_test_file='/lib/libc.so.6 /lib/libc-2.3.2.so'
lt_cv_ld_reload_flag=-r
lt_cv_objdir=.libs
lt_cv_path_LD=/opt/toolchain_mips/usr/mips-linux-uclibc/bin/ld
lt_cv_path_LDCXX=
lt_cv_path_NM='/opt/toolchain_mips/bin/mips-linux-nm -B'
lt_cv_path_SED=/opt/toolchain_mips/bin/sed
lt_cv_prog_compiler_c_o=yes
lt_cv_prog_compiler_c_o_CXX=no
lt_cv_prog_compiler_c_o_F77=yes
lt_cv_prog_compiler_rtti_exceptions=no
lt_cv_prog_gnu_ld=no
lt_cv_prog_gnu_ldcxx=
lt_cv_sys_global_symbol_pipe='sed -n -e '\''s/^.*[ 	]\([ABCDGISTW][ABCDGISTW]*\)[ 	][ 	]*\(\)\([_A-Za-z][_A-Za-z0-9]*\)$/\1 \2\3 \3/p'\'''
lt_cv_sys_global_symbol_to_c_name_address='sed -n -e '\''s/^: \([^ ]*\) $/  {\"\1\", (lt_ptr) 0},/p'\'' -e '\''s/^[BCDEGRST] \([^ ]*\) \([^ ]*\)$/  {"\2", (lt_ptr) \&\2},/p'\'''
lt_cv_sys_global_symbol_to_cdecl='sed -n -e '\''s/^. .* \(.*\)$/extern int \1;/p'\'''
lt_cv_sys_max_cmd_len=32768
lt_lt_cv_prog_compiler_c_o='"yes"'
lt_lt_cv_prog_compiler_c_o_CXX='"no"'
lt_lt_cv_prog_compiler_c_o_F77='"yes"'
lt_lt_cv_sys_global_symbol_pipe='"sed -n -e '\''s/^.*[ 	]\\([ABCDGISTW][ABCDGISTW]*\\)[ 	][ 	]*\\(\\)\\([_A-Za-z][_A-Za-z0-9]*\\)\$/\\1 \\2\\3 \\3/p'\''"'
lt_lt_cv_sys_global_symbol_to_c_name_address='"sed -n -e '\''s/^: \\([^ ]*\\) \$/  {\\\"\\1\\\", (lt_ptr) 0},/p'\'' -e '\''s/^[BCDEGRST] \\([^ ]*\\) \\([^ ]*\\)\$/  {\"\\2\", (lt_ptr) \\&\\2},/p'\''"'
lt_lt_cv_sys_global_symbol_to_cdecl='"sed -n -e '\''s/^. .* \\(.*\\)\$/extern int \\1;/p'\''"'

## ----------------- ##
## Output variables. ##
## ----------------- ##

AR='mips-linux-ar'
AS='as'
CC='mips-linux-gcc'
CFLAGS='-g -O2'
CPP='mips-linux-gcc -E'
CPPFLAGS=''
CXX='mips-linux-g++'
CXXCPP='/lib/cpp'
CXXFLAGS=''
DEFS='-DHAVE_CONFIG_H'
DLLTOOL='dlltool'
ECHO='echo'
ECHO_C=''
ECHO_N='-n'
ECHO_T=''
EGREP='grep -E'
EXEEXT=''
F77='g77'
FFLAGS='-g -O2'
GLIBC21='yes'
INSTALL_DATA='${INSTALL} -m 644'
INSTALL_PROGRAM='${INSTALL}'
INSTALL_SCRIPT='${INSTALL}'
LDFLAGS=''
LIBOBJS=''
LIBS=''
LIBTOOL='$(SHELL) $(top_builddir)/libtool'
LN_S='ln -s'
LTLIBOBJS=''
OBJDUMP='objdump'
OBJEXT='o'
PACKAGE=''
PACKAGE_BUGREPORT=''
PACKAGE_NAME=''
PACKAGE_STRING=''
PACKAGE_TARNAME=''
PACKAGE_VERSION=''
PATH_SEPARATOR=':'
RANLIB='mips-linux-ranlib'
RELOCATABLE='no'
SET_MAKE=''
SHELL='/bin/sh'
STRIP='mips-linux-strip'
VERSION=''
ac_ct_AR=''
ac_ct_AS=''
ac_ct_CC=''
ac_ct_CXX=''
ac_ct_DLLTOOL=''
ac_ct_F77='g77'
ac_ct_OBJDUMP=''
ac_ct_RANLIB=''
ac_ct_STRIP=''
bindir='${exec_prefix}/bin'
build='i686-pc-linux-gnu'
build_alias=''
build_cpu='i686'
build_os='linux-gnu'
build_vendor='pc'
datadir='${prefix}/share'
exec_prefix='${prefix}'
host='mips-unknown-linux-gnu'
host_alias='mips-linux'
host_cpu='mips'
host_os='linux-gnu'
host_vendor='unknown'
includedir='${prefix}/include'
infodir='${prefix}/info'
libdir='${exec_prefix}/lib'
libexecdir='${exec_prefix}/libexec'
localstatedir='${prefix}/var'
mandir='${datadir}/man'
oldincludedir='/usr/include'
prefix='/usr/local'
program_transform_name='s,x,x,'
sbindir='${exec_prefix}/sbin'
sharedstatedir='${prefix}/com'
sysconfdir='${prefix}/etc'
target_alias=''

## ----------- ##
## confdefs.h. ##
## ----------- ##

#define HAVE_DLFCN_H 1
#define HAVE_INTTYPES_H 1
#define HAVE_LANGINFO_CODESET 1
#define HAVE_MEMORY_H 1
#define HAVE_SETLOCALE 1
#define HAVE_STDDEF_H 1
#define HAVE_STDINT_H 1
#define HAVE_STDLIB_H 1
#define HAVE_STDLIB_H 1
#define HAVE_STRINGS_H 1
#define HAVE_STRING_H 1
#define HAVE_STRING_H 1
#define HAVE_SYS_STAT_H 1
#define HAVE_SYS_TYPES_H 1
#define HAVE_UNISTD_H 1
#define INSTALLPREFIX "/usr/local"
#define PACKAGE_BUGREPORT ""
#define PACKAGE_NAME ""
#define PACKAGE_STRING ""
#define PACKAGE_TARNAME ""
#define PACKAGE_VERSION ""
#define STDC_HEADERS 1
#endif
#ifdef __cplusplus
void exit (int);

configure: exit 0
