This file contains any messages produced by compilers while
running configure, to aid debugging if configure makes a mistake.

It was created by configure, which was
generated by GNU Autoconf 2.59.  Invocation command line was

  $ ./configure --prefix=/usr/local --host=mips-linux-uclibc --target mips-linux-uclibc CC=/opt/toolchain_mips_dsp/bin/mips-linux-uclibc-cc CXX=/opt/toolchain_mips_dsp/bin/mips-linux-uclibc-c++ LDFLAGS=-nostartfiles /private/emlinux-rtl865xb/libs/gpl/uClibc/lib/crt0.o -L/private/emlinux-rtl865xb/libs/gpl/uClibc/lib -L/opt/toolchain_mips_dsp/bin/../lib/gcc-lib/mips-linux-uclibc/3.3.4 -nodefaultlibs /opt/toolchain_mips_dsp/bin/../lib/gcc-lib/mips-linux-uclibc/3.3.4/libgcc.a -lc host_alias=mips-linux-uclibc target_alias=mips-linux-uclibc --cache-file=/dev/null --srcdir=.

## --------- ##
## Platform. ##
## --------- ##

hostname = narusawa_nb
uname -m = i686
uname -r = 2.4.22
uname -s = Linux
uname -v = #4 Fri Oct 22 15:30:46 CST 2004

/usr/bin/uname -p = unknown
/bin/uname -X     = unknown

/bin/arch              = i686
/usr/bin/arch -k       = unknown
/usr/convex/getsysinfo = unknown
hostinfo               = unknown
/bin/machine           = unknown
/usr/bin/oslevel       = unknown
/bin/universe          = unknown

PATH: /usr/local/bin
PATH: /usr/bin
PATH: /bin
PATH: /sbin
PATH: /usr/X11R6/bin
PATH: /usr/games
PATH: /opt/sourcenav/bin
PATH: /opt/www/htdig/bin
PATH: /usr/lib/java/bin
PATH: /usr/lib/java/jre/bin
PATH: /opt/kde/bin
PATH: /usr/lib/qt-3.2.1/bin
PATH: /usr/share/texmf/bin
PATH: .


## ----------- ##
## Core tests. ##
## ----------- ##

configure:1537: checking build system type
configure:1555: result: i686-pc-linux
configure:1563: checking host system type
configure:1577: result: mips-unknown-linux-uclibc
configure:1585: checking target system type
configure:1599: result: mips-unknown-linux-uclibc
configure:1627: checking for a BSD-compatible install
configure:1682: result: /usr/bin/ginstall -c
configure:1693: checking whether build environment is sane
configure:1736: result: yes
configure:1793: checking for gawk
configure:1809: found /usr/bin/gawk
configure:1819: result: gawk
configure:1829: checking whether make sets $(MAKE)
configure:1849: result: yes
configure:1928: checking for mips-linux-uclibc-strip
configure:1954: result: /opt/toolchain_mips_dsp/bin/mips-linux-uclibc-strip
configure:2022: checking for mips-linux-uclibc-gcc
configure:2048: result: /opt/toolchain_mips_dsp/bin/mips-linux-uclibc-cc
configure:2330: checking for C compiler version
configure:2333: /opt/toolchain_mips_dsp/bin/mips-linux-uclibc-cc --version </dev/null >&5
mips-linux-uclibc-cc (GCC) 3.3.4
Copyright (C) 2003 Free Software Foundation, Inc.
This is free software; see the source for copying conditions.  There is NO
warranty; not even for MERCHANTABILITY or FITNESS FOR A PARTICULAR PURPOSE.

configure:2336: $? = 0
configure:2338: /opt/toolchain_mips_dsp/bin/mips-linux-uclibc-cc -v </dev/null >&5
Reading specs from /opt/toolchain_mips_dsp/bin/../lib/gcc-lib/mips-linux-uclibc/3.3.4/specs
Configured with: /home/hiwu/gcc-3.3.x/toolchain_build_mips_nofpu/gcc-3.3.4/configure --prefix=/usr/local/gcc334_dsp --build=i386-pc-linux-gnu --host=i386-pc-linux-gnu --target=mips-linux-uclibc --enable-languages=c,c++ --enable-shared --disable-__cxa_atexit --enable-target-optspace --with-gnu-ld --disable-nls --enable-multilib --without-float --enable-sjlj-exceptions
Thread model: posix
gcc driver version 3.3.4 executing gcc version 3.3.3
configure:2341: $? = 0
configure:2343: /opt/toolchain_mips_dsp/bin/mips-linux-uclibc-cc -V </dev/null >&5
mips-linux-uclibc-cc: `-V' option must have argument
configure:2346: $? = 1
configure:2369: checking for C compiler default output file name
configure:2372: /opt/toolchain_mips_dsp/bin/mips-linux-uclibc-cc   -nostartfiles /private/emlinux-rtl865xb/libs/gpl/uClibc/lib/crt0.o -L/private/emlinux-rtl865xb/libs/gpl/uClibc/lib -L/opt/toolchain_mips_dsp/bin/../lib/gcc-lib/mips-linux-uclibc/3.3.4 -nodefaultlibs /opt/toolchain_mips_dsp/bin/../lib/gcc-lib/mips-linux-uclibc/3.3.4/libgcc.a -lc conftest.c  >&5
configure:2375: $? = 0
configure:2421: result: a.out
configure:2426: checking whether the C compiler works
configure:2432: ./a.out
./configure: line 1: ./a.out: cannot execute binary file
configure:2435: $? = 126
configure:2452: result: yes
configure:2459: checking whether we are cross compiling
configure:2461: result: yes
configure:2464: checking for suffix of executables
configure:2466: /opt/toolchain_mips_dsp/bin/mips-linux-uclibc-cc -o conftest   -nostartfiles /private/emlinux-rtl865xb/libs/gpl/uClibc/lib/crt0.o -L/private/emlinux-rtl865xb/libs/gpl/uClibc/lib -L/opt/toolchain_mips_dsp/bin/../lib/gcc-lib/mips-linux-uclibc/3.3.4 -nodefaultlibs /opt/toolchain_mips_dsp/bin/../lib/gcc-lib/mips-linux-uclibc/3.3.4/libgcc.a -lc conftest.c  >&5
configure:2469: $? = 0
configure:2494: result: 
configure:2500: checking for suffix of object files
configure:2521: /opt/toolchain_mips_dsp/bin/mips-linux-uclibc-cc -c   conftest.c >&5
configure:2524: $? = 0
configure:2546: result: o
configure:2550: checking whether we are using the GNU C compiler
configure:2574: /opt/toolchain_mips_dsp/bin/mips-linux-uclibc-cc -c   conftest.c >&5
configure:2580: $? = 0
configure:2584: test -z 
			 || test ! -s conftest.err
configure:2587: $? = 0
configure:2590: test -s conftest.o
configure:2593: $? = 0
configure:2606: result: yes
configure:2612: checking whether /opt/toolchain_mips_dsp/bin/mips-linux-uclibc-cc accepts -g
configure:2633: /opt/toolchain_mips_dsp/bin/mips-linux-uclibc-cc -c -g  conftest.c >&5
configure:2639: $? = 0
configure:2643: test -z 
			 || test ! -s conftest.err
configure:2646: $? = 0
configure:2649: test -s conftest.o
configure:2652: $? = 0
configure:2663: result: yes
configure:2680: checking for /opt/toolchain_mips_dsp/bin/mips-linux-uclibc-cc option to accept ANSI C
configure:2750: /opt/toolchain_mips_dsp/bin/mips-linux-uclibc-cc  -c -g -O2  conftest.c >&5
configure:2756: $? = 0
configure:2760: test -z 
			 || test ! -s conftest.err
configure:2763: $? = 0
configure:2766: test -s conftest.o
configure:2769: $? = 0
configure:2787: result: none needed
configure:2805: /opt/toolchain_mips_dsp/bin/mips-linux-uclibc-cc -c -g -O2  conftest.c >&5
conftest.c:2: error: parse error before "me"
configure:2811: $? = 1
configure: failed program was:
| #ifndef __cplusplus
|   choke me
| #endif
configure:2955: checking for style of include used by make
configure:2983: result: GNU
configure:3011: checking dependency style of /opt/toolchain_mips_dsp/bin/mips-linux-uclibc-cc
configure:3096: result: gcc3
configure:3118: checking how to run the C preprocessor
configure:3153: /opt/toolchain_mips_dsp/bin/mips-linux-uclibc-cc -E  conftest.c
configure:3159: $? = 0
configure:3191: /opt/toolchain_mips_dsp/bin/mips-linux-uclibc-cc -E  conftest.c
conftest.c:11:28: ac_nonexistent.h: No such file or directory
configure:3197: $? = 1
configure: failed program was:
| /* confdefs.h.  */
| 
| #define PACKAGE_NAME ""
| #define PACKAGE_TARNAME ""
| #define PACKAGE_VERSION ""
| #define PACKAGE_STRING ""
| #define PACKAGE_BUGREPORT ""
| #define PACKAGE "uclrtp"
| #define VERSION "1.2.8"
| /* end confdefs.h.  */
| #include <ac_nonexistent.h>
configure:3236: result: /opt/toolchain_mips_dsp/bin/mips-linux-uclibc-cc -E
configure:3260: /opt/toolchain_mips_dsp/bin/mips-linux-uclibc-cc -E  conftest.c
configure:3266: $? = 0
configure:3298: /opt/toolchain_mips_dsp/bin/mips-linux-uclibc-cc -E  conftest.c
conftest.c:11:28: ac_nonexistent.h: No such file or directory
configure:3304: $? = 1
configure: failed program was:
| /* confdefs.h.  */
| 
| #define PACKAGE_NAME ""
| #define PACKAGE_TARNAME ""
| #define PACKAGE_VERSION ""
| #define PACKAGE_STRING ""
| #define PACKAGE_BUGREPORT ""
| #define PACKAGE "uclrtp"
| #define VERSION "1.2.8"
| /* end confdefs.h.  */
| #include <ac_nonexistent.h>
configure:3419: checking for a sed that does not truncate output
configure:3473: result: /usr/bin/sed
configure:3476: checking for egrep
configure:3486: result: grep -E
configure:3502: checking for ld used by /opt/toolchain_mips_dsp/bin/mips-linux-uclibc-cc
configure:3569: result: /opt/toolchain_mips_dsp/bin/mips-linux-uclibc-ld
configure:3578: checking if the linker (/opt/toolchain_mips_dsp/bin/mips-linux-uclibc-ld) is GNU ld
configure:3593: result: yes
configure:3598: checking for /opt/toolchain_mips_dsp/bin/mips-linux-uclibc-ld option to reload object files
configure:3605: result: -r
configure:3614: checking for BSD-compatible nm
configure:3656: result: nm
configure:3660: checking whether ln -s works
configure:3664: result: yes
configure:3671: checking how to recognise dependent libraries
configure:3854: result: pass_all
configure:4064: checking for ANSI C header files
configure:4089: /opt/toolchain_mips_dsp/bin/mips-linux-uclibc-cc -c -g -O2  conftest.c >&5
configure:4095: $? = 0
configure:4099: test -z 
			 || test ! -s conftest.err
configure:4102: $? = 0
configure:4105: test -s conftest.o
configure:4108: $? = 0
configure:4217: result: yes
configure:4241: checking for sys/types.h
configure:4257: /opt/toolchain_mips_dsp/bin/mips-linux-uclibc-cc -c -g -O2  conftest.c >&5
configure:4263: $? = 0
configure:4267: test -z 
			 || test ! -s conftest.err
configure:4270: $? = 0
configure:4273: test -s conftest.o
configure:4276: $? = 0
configure:4287: result: yes
configure:4241: checking for sys/stat.h
configure:4257: /opt/toolchain_mips_dsp/bin/mips-linux-uclibc-cc -c -g -O2  conftest.c >&5
configure:4263: $? = 0
configure:4267: test -z 
			 || test ! -s conftest.err
configure:4270: $? = 0
configure:4273: test -s conftest.o
configure:4276: $? = 0
configure:4287: result: yes
configure:4241: checking for stdlib.h
configure:4257: /opt/toolchain_mips_dsp/bin/mips-linux-uclibc-cc -c -g -O2  conftest.c >&5
configure:4263: $? = 0
configure:4267: test -z 
			 || test ! -s conftest.err
configure:4270: $? = 0
configure:4273: test -s conftest.o
configure:4276: $? = 0
configure:4287: result: yes
configure:4241: checking for string.h
configure:4257: /opt/toolchain_mips_dsp/bin/mips-linux-uclibc-cc -c -g -O2  conftest.c >&5
configure:4263: $? = 0
configure:4267: test -z 
			 || test ! -s conftest.err
configure:4270: $? = 0
configure:4273: test -s conftest.o
configure:4276: $? = 0
configure:4287: result: yes
configure:4241: checking for memory.h
configure:4257: /opt/toolchain_mips_dsp/bin/mips-linux-uclibc-cc -c -g -O2  conftest.c >&5
configure:4263: $? = 0
configure:4267: test -z 
			 || test ! -s conftest.err
configure:4270: $? = 0
configure:4273: test -s conftest.o
configure:4276: $? = 0
configure:4287: result: yes
configure:4241: checking for strings.h
configure:4257: /opt/toolchain_mips_dsp/bin/mips-linux-uclibc-cc -c -g -O2  conftest.c >&5
configure:4263: $? = 0
configure:4267: test -z 
			 || test ! -s conftest.err
configure:4270: $? = 0
configure:4273: test -s conftest.o
configure:4276: $? = 0
configure:4287: result: yes
configure:4241: checking for inttypes.h
configure:4257: /opt/toolchain_mips_dsp/bin/mips-linux-uclibc-cc -c -g -O2  conftest.c >&5
configure:4263: $? = 0
configure:4267: test -z 
			 || test ! -s conftest.err
configure:4270: $? = 0
configure:4273: test -s conftest.o
configure:4276: $? = 0
configure:4287: result: yes
configure:4241: checking for stdint.h
configure:4257: /opt/toolchain_mips_dsp/bin/mips-linux-uclibc-cc -c -g -O2  conftest.c >&5
configure:4263: $? = 0
configure:4267: test -z 
			 || test ! -s conftest.err
configure:4270: $? = 0
configure:4273: test -s conftest.o
configure:4276: $? = 0
configure:4287: result: yes
configure:4241: checking for unistd.h
configure:4257: /opt/toolchain_mips_dsp/bin/mips-linux-uclibc-cc -c -g -O2  conftest.c >&5
configure:4263: $? = 0
configure:4267: test -z 
			 || test ! -s conftest.err
configure:4270: $? = 0
configure:4273: test -s conftest.o
configure:4276: $? = 0
configure:4287: result: yes
configure:4313: checking dlfcn.h usability
configure:4325: /opt/toolchain_mips_dsp/bin/mips-linux-uclibc-cc -c -g -O2  conftest.c >&5
configure:4331: $? = 0
configure:4335: test -z 
			 || test ! -s conftest.err
configure:4338: $? = 0
configure:4341: test -s conftest.o
configure:4344: $? = 0
configure:4354: result: yes
configure:4358: checking dlfcn.h presence
configure:4368: /opt/toolchain_mips_dsp/bin/mips-linux-uclibc-cc -E  conftest.c
configure:4374: $? = 0
configure:4394: result: yes
configure:4429: checking for dlfcn.h
configure:4436: result: yes
configure:4459: checking for mips-linux-uclibc-g++
configure:4485: result: /opt/toolchain_mips_dsp/bin/mips-linux-uclibc-c++
configure:4543: checking for C++ compiler version
configure:4546: /opt/toolchain_mips_dsp/bin/mips-linux-uclibc-c++ --version </dev/null >&5
mips-linux-uclibc-c++ (GCC) 3.3.4
Copyright (C) 2003 Free Software Foundation, Inc.
This is free software; see the source for copying conditions.  There is NO
warranty; not even for MERCHANTABILITY or FITNESS FOR A PARTICULAR PURPOSE.

configure:4549: $? = 0
configure:4551: /opt/toolchain_mips_dsp/bin/mips-linux-uclibc-c++ -v </dev/null >&5
Reading specs from /opt/toolchain_mips_dsp/bin/../lib/gcc-lib/mips-linux-uclibc/3.3.4/specs
Configured with: /home/hiwu/gcc-3.3.x/toolchain_build_mips_nofpu/gcc-3.3.4/configure --prefix=/usr/local/gcc334_dsp --build=i386-pc-linux-gnu --host=i386-pc-linux-gnu --target=mips-linux-uclibc --enable-languages=c,c++ --enable-shared --disable-__cxa_atexit --enable-target-optspace --with-gnu-ld --disable-nls --enable-multilib --without-float --enable-sjlj-exceptions
Thread model: posix
gcc driver version 3.3.4 executing gcc version 3.3.3
configure:4554: $? = 0
configure:4556: /opt/toolchain_mips_dsp/bin/mips-linux-uclibc-c++ -V </dev/null >&5
mips-linux-uclibc-c++: `-V' option must have argument
configure:4559: $? = 1
configure:4562: checking whether we are using the GNU C++ compiler
configure:4586: /opt/toolchain_mips_dsp/bin/mips-linux-uclibc-c++ -c   conftest.cc >&5
configure:4592: $? = 0
configure:4596: test -z 
			 || test ! -s conftest.err
configure:4599: $? = 0
configure:4602: test -s conftest.o
configure:4605: $? = 0
configure:4618: result: yes
configure:4624: checking whether /opt/toolchain_mips_dsp/bin/mips-linux-uclibc-c++ accepts -g
configure:4645: /opt/toolchain_mips_dsp/bin/mips-linux-uclibc-c++ -c -g  conftest.cc >&5
configure:4651: $? = 0
configure:4655: test -z 
			 || test ! -s conftest.err
configure:4658: $? = 0
configure:4661: test -s conftest.o
configure:4664: $? = 0
configure:4675: result: yes
configure:4717: /opt/toolchain_mips_dsp/bin/mips-linux-uclibc-c++ -c -g -O2  conftest.cc >&5
configure:4723: $? = 0
configure:4727: test -z 
			 || test ! -s conftest.err
configure:4730: $? = 0
configure:4733: test -s conftest.o
configure:4736: $? = 0
configure:4762: /opt/toolchain_mips_dsp/bin/mips-linux-uclibc-c++ -c -g -O2  conftest.cc >&5
conftest.cc: In function `int main()':
conftest.cc:26: error: `exit' undeclared (first use this function)
conftest.cc:26: error: (Each undeclared identifier is reported only once for 
   each function it appears in.)
configure:4768: $? = 1
configure: failed program was:
| /* confdefs.h.  */
| 
| #define PACKAGE_NAME ""
| #define PACKAGE_TARNAME ""
| #define PACKAGE_VERSION ""
| #define PACKAGE_STRING ""
| #define PACKAGE_BUGREPORT ""
| #define PACKAGE "uclrtp"
| #define VERSION "1.2.8"
| #define STDC_HEADERS 1
| #define HAVE_SYS_TYPES_H 1
| #define HAVE_SYS_STAT_H 1
| #define HAVE_STDLIB_H 1
| #define HAVE_STRING_H 1
| #define HAVE_MEMORY_H 1
| #define HAVE_STRINGS_H 1
| #define HAVE_INTTYPES_H 1
| #define HAVE_STDINT_H 1
| #define HAVE_UNISTD_H 1
| #define HAVE_DLFCN_H 1
| /* end confdefs.h.  */
| 
| int
| main ()
| {
| exit (42);
|   ;
|   return 0;
| }
configure:4717: /opt/toolchain_mips_dsp/bin/mips-linux-uclibc-c++ -c -g -O2  conftest.cc >&5
configure:4723: $? = 0
configure:4727: test -z 
			 || test ! -s conftest.err
configure:4730: $? = 0
configure:4733: test -s conftest.o
configure:4736: $? = 0
configure:4762: /opt/toolchain_mips_dsp/bin/mips-linux-uclibc-c++ -c -g -O2  conftest.cc >&5
configure:4768: $? = 0
configure:4772: test -z 
			 || test ! -s conftest.err
configure:4775: $? = 0
configure:4778: test -s conftest.o
configure:4781: $? = 0
configure:4806: checking dependency style of /opt/toolchain_mips_dsp/bin/mips-linux-uclibc-c++
configure:4891: result: gcc3
configure:4913: checking how to run the C++ preprocessor
configure:4944: /opt/toolchain_mips_dsp/bin/mips-linux-uclibc-c++ -E  conftest.cc
configure:4950: $? = 0
configure:4982: /opt/toolchain_mips_dsp/bin/mips-linux-uclibc-c++ -E  conftest.cc
conftest.cc:25:28: ac_nonexistent.h: No such file or directory
configure:4988: $? = 1
configure: failed program was:
| /* confdefs.h.  */
| 
| #define PACKAGE_NAME ""
| #define PACKAGE_TARNAME ""
| #define PACKAGE_VERSION ""
| #define PACKAGE_STRING ""
| #define PACKAGE_BUGREPORT ""
| #define PACKAGE "uclrtp"
| #define VERSION "1.2.8"
| #define STDC_HEADERS 1
| #define HAVE_SYS_TYPES_H 1
| #define HAVE_SYS_STAT_H 1
| #define HAVE_STDLIB_H 1
| #define HAVE_STRING_H 1
| #define HAVE_MEMORY_H 1
| #define HAVE_STRINGS_H 1
| #define HAVE_INTTYPES_H 1
| #define HAVE_STDINT_H 1
| #define HAVE_UNISTD_H 1
| #define HAVE_DLFCN_H 1
| #ifdef __cplusplus
| extern "C" void std::exit (int) throw (); using std::exit;
| #endif
| /* end confdefs.h.  */
| #include <ac_nonexistent.h>
configure:5027: result: /opt/toolchain_mips_dsp/bin/mips-linux-uclibc-c++ -E
configure:5051: /opt/toolchain_mips_dsp/bin/mips-linux-uclibc-c++ -E  conftest.cc
configure:5057: $? = 0
configure:5089: /opt/toolchain_mips_dsp/bin/mips-linux-uclibc-c++ -E  conftest.cc
conftest.cc:25:28: ac_nonexistent.h: No such file or directory
configure:5095: $? = 1
configure: failed program was:
| /* confdefs.h.  */
| 
| #define PACKAGE_NAME ""
| #define PACKAGE_TARNAME ""
| #define PACKAGE_VERSION ""
| #define PACKAGE_STRING ""
| #define PACKAGE_BUGREPORT ""
| #define PACKAGE "uclrtp"
| #define VERSION "1.2.8"
| #define STDC_HEADERS 1
| #define HAVE_SYS_TYPES_H 1
| #define HAVE_SYS_STAT_H 1
| #define HAVE_STDLIB_H 1
| #define HAVE_STRING_H 1
| #define HAVE_MEMORY_H 1
| #define HAVE_STRINGS_H 1
| #define HAVE_INTTYPES_H 1
| #define HAVE_STDINT_H 1
| #define HAVE_UNISTD_H 1
| #define HAVE_DLFCN_H 1
| #ifdef __cplusplus
| extern "C" void std::exit (int) throw (); using std::exit;
| #endif
| /* end confdefs.h.  */
| #include <ac_nonexistent.h>
configure:5148: checking for mips-linux-uclibc-g77
configure:5177: result: no
configure:5148: checking for mips-linux-uclibc-f77
configure:5177: result: no
configure:5148: checking for mips-linux-uclibc-xlf
configure:5177: result: no
configure:5148: checking for mips-linux-uclibc-frt
configure:5177: result: no
configure:5148: checking for mips-linux-uclibc-pgf77
configure:5177: result: no
configure:5148: checking for mips-linux-uclibc-fort77
configure:5177: result: no
configure:5148: checking for mips-linux-uclibc-fl32
configure:5177: result: no
configure:5148: checking for mips-linux-uclibc-af77
configure:5177: result: no
configure:5148: checking for mips-linux-uclibc-f90
configure:5177: result: no
configure:5148: checking for mips-linux-uclibc-xlf90
configure:5177: result: no
configure:5148: checking for mips-linux-uclibc-pgf90
configure:5177: result: no
configure:5148: checking for mips-linux-uclibc-epcf90
configure:5177: result: no
configure:5148: checking for mips-linux-uclibc-f95
configure:5177: result: no
configure:5148: checking for mips-linux-uclibc-fort
configure:5177: result: no
configure:5148: checking for mips-linux-uclibc-xlf95
configure:5177: result: no
configure:5148: checking for mips-linux-uclibc-ifc
configure:5177: result: no
configure:5148: checking for mips-linux-uclibc-efc
configure:5177: result: no
configure:5148: checking for mips-linux-uclibc-pgf95
configure:5177: result: no
configure:5148: checking for mips-linux-uclibc-lf95
configure:5177: result: no
configure:5148: checking for mips-linux-uclibc-gfortran
configure:5177: result: no
configure:5190: checking for g77
configure:5206: found /usr/bin/g77
configure:5216: result: g77
configure:5234: checking for Fortran 77 compiler version
configure:5234: g77 --version </dev/null >&5
GNU Fortran (GCC 3.2.3) 3.2.3 20030422 (release)
Copyright (C) 2002 Free Software Foundation, Inc.

GNU Fortran comes with NO WARRANTY, to the extent permitted by law.
You may redistribute copies of GNU Fortran
under the terms of the GNU General Public License.
For more information about these matters, see the file named COPYING
or type the command `info -f g77 Copying'.
configure:5237: $? = 0
configure:5239: g77 -v </dev/null >&5
Reading specs from /usr/lib/gcc-lib/i486-slackware-linux/3.2.3/specs
Configured with: ../gcc-3.2.3/configure --prefix=/usr --enable-shared --enable-threads=posix --enable-__cxa_atexit --disable-checking --with-gnu-ld --verbose --target=i486-slackware-linux --host=i486-slackware-linux
Thread model: posix
gcc version 3.2.3
configure:5242: $? = 0
configure:5244: g77 -V </dev/null >&5
g77: argument to `-V' missing
configure:5247: $? = 1
configure:5255: checking whether we are using the GNU Fortran 77 compiler
configure:5269: g77 -c  conftest.F >&5
configure:5275: $? = 0
configure:5279: test -z 
			 || test ! -s conftest.err
configure:5282: $? = 0
configure:5285: test -s conftest.o
configure:5288: $? = 0
configure:5301: result: yes
configure:5307: checking whether g77 accepts -g
configure:5319: g77 -c -g conftest.f >&5
configure:5325: $? = 0
configure:5329: test -z 
			 || test ! -s conftest.err
configure:5332: $? = 0
configure:5335: test -s conftest.o
configure:5338: $? = 0
configure:5350: result: yes
configure:5380: checking the maximum length of command line arguments
configure:5445: result: 32768
configure:5456: checking command to parse nm output from /opt/toolchain_mips_dsp/bin/mips-linux-uclibc-cc object
configure:5545: /opt/toolchain_mips_dsp/bin/mips-linux-uclibc-cc -c -g -O2  conftest.c >&5
configure:5548: $? = 0
configure:5552: nm conftest.o \| sed -n -e 's/^.*[ 	]\([ABCDGIRSTW][ABCDGIRSTW]*\)[ 	][ 	]*\(\)\([_A-Za-z][_A-Za-z0-9]*\)$/\1 \2\3 \3/p' \> conftest.nm
nm: conftest.o: Bad value
configure:5555: $? = 0
cannot run sed -n -e 's/^.*[ 	]\([ABCDGIRSTW][ABCDGIRSTW]*\)[ 	][ 	]*\(\)\([_A-Za-z][_A-Za-z0-9]*\)$/\1 \2\3 \3/p'
configure:5545: /opt/toolchain_mips_dsp/bin/mips-linux-uclibc-cc -c -g -O2  conftest.c >&5
configure:5548: $? = 0
configure:5552: nm conftest.o \| sed -n -e 's/^.*[ 	]\([ABCDGIRSTW][ABCDGIRSTW]*\)[ 	][ 	]*\(_\)\([_A-Za-z][_A-Za-z0-9]*\)$/\1 \2\3 \3/p' \> conftest.nm
nm: conftest.o: Bad value
configure:5555: $? = 0
cannot run sed -n -e 's/^.*[ 	]\([ABCDGIRSTW][ABCDGIRSTW]*\)[ 	][ 	]*\(_\)\([_A-Za-z][_A-Za-z0-9]*\)$/\1 \2\3 \3/p'
configure:5645: result: failed
configure:5652: checking for objdir
configure:5667: result: .libs
configure:5719: checking for mips-linux-uclibc-ar
configure:5745: result: /opt/toolchain_mips_dsp/bin/mips-linux-uclibc-ar
configure:5799: checking for mips-linux-uclibc-ranlib
configure:5825: result: /opt/toolchain_mips_dsp/bin/mips-linux-uclibc-ranlib
configure:5879: checking for mips-linux-uclibc-strip
configure:5905: result: /opt/toolchain_mips_dsp/bin/mips-linux-uclibc-strip
configure:6206: checking if /opt/toolchain_mips_dsp/bin/mips-linux-uclibc-cc static flag  works
configure:6229: result: yes
configure:6247: checking if /opt/toolchain_mips_dsp/bin/mips-linux-uclibc-cc supports -fno-rtti -fno-exceptions
configure:6268: /opt/toolchain_mips_dsp/bin/mips-linux-uclibc-cc -c -g -O2  -fno-rtti -fno-exceptions conftest.c >&5
cc1: warning: "-fno-rtti" is valid for C++ but not for C/ObjC
configure:6272: $? = 0
configure:6280: result: no
configure:6295: checking for /opt/toolchain_mips_dsp/bin/mips-linux-uclibc-cc option to produce PIC
configure:6472: result: -fPIC
configure:6480: checking if /opt/toolchain_mips_dsp/bin/mips-linux-uclibc-cc PIC flag -fPIC works
configure:6501: /opt/toolchain_mips_dsp/bin/mips-linux-uclibc-cc -c -g -O2  -fPIC -DPIC conftest.c >&5
configure:6505: $? = 0
configure:6513: result: yes
configure:6537: checking if /opt/toolchain_mips_dsp/bin/mips-linux-uclibc-cc supports -c -o file.o
configure:6561: /opt/toolchain_mips_dsp/bin/mips-linux-uclibc-cc -c -g -O2  -o out/conftest2.o conftest.c >&5
configure:6565: $? = 0
configure:6582: result: yes
configure:6608: checking whether the /opt/toolchain_mips_dsp/bin/mips-linux-uclibc-cc linker (/opt/toolchain_mips_dsp/bin/mips-linux-uclibc-ld) supports shared libraries
configure:7456: result: yes
configure:7482: checking whether -lc should be explicitly linked in
configure:7487: /opt/toolchain_mips_dsp/bin/mips-linux-uclibc-cc -c -g -O2  conftest.c >&5
configure:7490: $? = 0
configure:7504: /opt/toolchain_mips_dsp/bin/mips-linux-uclibc-cc -shared conftest.o  -v -Wl,-soname -Wl,conftest -o conftest 2\>\&1 \| grep  -lc  \>/dev/null 2\>\&1
configure:7507: $? = 0
configure:7519: result: no
configure:7527: checking dynamic linker characteristics
configure:8067: result: GNU/Linux ld.so
configure:8071: checking how to hardcode library paths into programs
configure:8096: result: immediate
configure:8110: checking whether stripping libraries is possible
configure:8115: result: yes
configure:8945: checking if libtool supports shared libraries
configure:8947: result: yes
configure:8950: checking whether to build shared libraries
configure:9008: result: yes
configure:9011: checking whether to build static libraries
configure:9015: result: yes
configure:9107: creating libtool
configure:9654: checking for ld used by /opt/toolchain_mips_dsp/bin/mips-linux-uclibc-c++
configure:9721: result: /opt/toolchain_mips_dsp/bin/mips-linux-uclibc-ld
configure:9730: checking if the linker (/opt/toolchain_mips_dsp/bin/mips-linux-uclibc-ld) is GNU ld
configure:9745: result: yes
configure:9796: checking whether the /opt/toolchain_mips_dsp/bin/mips-linux-uclibc-c++ linker (/opt/toolchain_mips_dsp/bin/mips-linux-uclibc-ld) supports shared libraries
configure:10624: result: yes
configure:10642: /opt/toolchain_mips_dsp/bin/mips-linux-uclibc-c++ -c -g -O2  conftest.cc >&5
configure:10645: $? = 0
configure:10741: checking for /opt/toolchain_mips_dsp/bin/mips-linux-uclibc-c++ option to produce PIC
configure:10993: result: -fPIC
configure:11001: checking if /opt/toolchain_mips_dsp/bin/mips-linux-uclibc-c++ PIC flag -fPIC works
configure:11022: /opt/toolchain_mips_dsp/bin/mips-linux-uclibc-c++ -c -g -O2  -fPIC -DPIC conftest.cc >&5
configure:11026: $? = 0
configure:11034: result: yes
configure:11058: checking if /opt/toolchain_mips_dsp/bin/mips-linux-uclibc-c++ supports -c -o file.o
configure:11082: /opt/toolchain_mips_dsp/bin/mips-linux-uclibc-c++ -c -g -O2  -o out/conftest2.o conftest.cc >&5
configure:11086: $? = 0
configure:11103: result: yes
configure:11129: checking whether the /opt/toolchain_mips_dsp/bin/mips-linux-uclibc-c++ linker (/opt/toolchain_mips_dsp/bin/mips-linux-uclibc-ld) supports shared libraries
configure:11154: result: yes
configure:11225: checking dynamic linker characteristics
configure:11765: result: GNU/Linux ld.so
configure:11769: checking how to hardcode library paths into programs
configure:11794: result: immediate
configure:11808: checking whether stripping libraries is possible
configure:11813: result: yes
configure:13120: checking if libtool supports shared libraries
configure:13122: result: yes
configure:13125: checking whether to build shared libraries
configure:13143: result: yes
configure:13146: checking whether to build static libraries
configure:13150: result: yes
configure:13162: checking for g77 option to produce PIC
configure:13339: result: -fPIC
configure:13347: checking if g77 PIC flag -fPIC works
configure:13368: g77 -c -g -O2 -fPIC conftest.f >&5
configure:13372: $? = 0
configure:13380: result: yes
configure:13404: checking if g77 supports -c -o file.o
configure:13428: g77 -c -g -O2 -o out/conftest2.o conftest.f >&5
configure:13432: $? = 0
configure:13449: result: yes
configure:13475: checking whether the g77 linker (/opt/toolchain_mips_dsp/bin/mips-linux-uclibc-ld) supports shared libraries
configure:14303: result: yes
configure:14374: checking dynamic linker characteristics
configure:14914: result: GNU/Linux ld.so
configure:14918: checking how to hardcode library paths into programs
configure:14943: result: immediate
configure:14957: checking whether stripping libraries is possible
configure:14962: result: yes
configure:19050: checking for ANSI C header files
configure:19203: result: yes
configure:19213: checking for sys/wait.h that is POSIX.1 compatible
configure:19244: /opt/toolchain_mips_dsp/bin/mips-linux-uclibc-cc -c -g -O2  conftest.c >&5
configure:19250: $? = 0
configure:19254: test -z 
			 || test ! -s conftest.err
configure:19257: $? = 0
configure:19260: test -s conftest.o
configure:19263: $? = 0
configure:19274: result: yes
configure:19298: checking sys/time.h usability
configure:19310: /opt/toolchain_mips_dsp/bin/mips-linux-uclibc-cc -c -g -O2  conftest.c >&5
configure:19316: $? = 0
configure:19320: test -z 
			 || test ! -s conftest.err
configure:19323: $? = 0
configure:19326: test -s conftest.o
configure:19329: $? = 0
configure:19339: result: yes
configure:19343: checking sys/time.h presence
configure:19353: /opt/toolchain_mips_dsp/bin/mips-linux-uclibc-cc -E  conftest.c
configure:19359: $? = 0
configure:19379: result: yes
configure:19414: checking for sys/time.h
configure:19421: result: yes
configure:19435: checking whether time.h and sys/time.h may both be included
configure:19460: /opt/toolchain_mips_dsp/bin/mips-linux-uclibc-cc -c -g -O2  conftest.c >&5
configure:19466: $? = 0
configure:19470: test -z 
			 || test ! -s conftest.err
configure:19473: $? = 0
configure:19476: test -s conftest.o
configure:19479: $? = 0
configure:19490: result: yes
configure:19501: checking for an ANSI C-conforming const
configure:19568: /opt/toolchain_mips_dsp/bin/mips-linux-uclibc-cc -c -g -O2  conftest.c >&5
configure:19574: $? = 0
configure:19578: test -z 
			 || test ! -s conftest.err
configure:19581: $? = 0
configure:19584: test -s conftest.o
configure:19587: $? = 0
configure:19598: result: yes
configure:19608: checking for size_t
configure:19632: /opt/toolchain_mips_dsp/bin/mips-linux-uclibc-cc -c -g -O2  conftest.c >&5
configure:19638: $? = 0
configure:19642: test -z 
			 || test ! -s conftest.err
configure:19645: $? = 0
configure:19648: test -s conftest.o
configure:19651: $? = 0
configure:19662: result: yes
configure:19690: checking stropts.h usability
configure:19702: /opt/toolchain_mips_dsp/bin/mips-linux-uclibc-cc -c -g -O2  conftest.c >&5
conftest.c:63:21: stropts.h: No such file or directory
configure:19708: $? = 1
configure: failed program was:
| /* confdefs.h.  */
| 
| #define PACKAGE_NAME ""
| #define PACKAGE_TARNAME ""
| #define PACKAGE_VERSION ""
| #define PACKAGE_STRING ""
| #define PACKAGE_BUGREPORT ""
| #define PACKAGE "uclrtp"
| #define VERSION "1.2.8"
| #define STDC_HEADERS 1
| #define HAVE_SYS_TYPES_H 1
| #define HAVE_SYS_STAT_H 1
| #define HAVE_STDLIB_H 1
| #define HAVE_STRING_H 1
| #define HAVE_MEMORY_H 1
| #define HAVE_STRINGS_H 1
| #define HAVE_INTTYPES_H 1
| #define HAVE_STDINT_H 1
| #define HAVE_UNISTD_H 1
| #define HAVE_DLFCN_H 1
| #ifdef __cplusplus
| extern "C" void std::exit (int) throw (); using std::exit;
| #endif
| #define STDC_HEADERS 1
| #define HAVE_SYS_WAIT_H 1
| #define HAVE_SYS_TIME_H 1
| #define TIME_WITH_SYS_TIME 1
| /* end confdefs.h.  */
| #include <stdio.h>
| #if HAVE_SYS_TYPES_H
| # include <sys/types.h>
| #endif
| #if HAVE_SYS_STAT_H
| # include <sys/stat.h>
| #endif
| #if STDC_HEADERS
| # include <stdlib.h>
| # include <stddef.h>
| #else
| # if HAVE_STDLIB_H
| #  include <stdlib.h>
| # endif
| #endif
| #if HAVE_STRING_H
| # if !STDC_HEADERS && HAVE_MEMORY_H
| #  include <memory.h>
| # endif
| # include <string.h>
| #endif
| #if HAVE_STRINGS_H
| # include <strings.h>
| #endif
| #if HAVE_INTTYPES_H
| # include <inttypes.h>
| #else
| # if HAVE_STDINT_H
| #  include <stdint.h>
| # endif
| #endif
| #if HAVE_UNISTD_H
| # include <unistd.h>
| #endif
| #include <stropts.h>
configure:19731: result: no
configure:19735: checking stropts.h presence
configure:19745: /opt/toolchain_mips_dsp/bin/mips-linux-uclibc-cc -E  conftest.c
conftest.c:29:21: stropts.h: No such file or directory
configure:19751: $? = 1
configure: failed program was:
| /* confdefs.h.  */
| 
| #define PACKAGE_NAME ""
| #define PACKAGE_TARNAME ""
| #define PACKAGE_VERSION ""
| #define PACKAGE_STRING ""
| #define PACKAGE_BUGREPORT ""
| #define PACKAGE "uclrtp"
| #define VERSION "1.2.8"
| #define STDC_HEADERS 1
| #define HAVE_SYS_TYPES_H 1
| #define HAVE_SYS_STAT_H 1
| #define HAVE_STDLIB_H 1
| #define HAVE_STRING_H 1
| #define HAVE_MEMORY_H 1
| #define HAVE_STRINGS_H 1
| #define HAVE_INTTYPES_H 1
| #define HAVE_STDINT_H 1
| #define HAVE_UNISTD_H 1
| #define HAVE_DLFCN_H 1
| #ifdef __cplusplus
| extern "C" void std::exit (int) throw (); using std::exit;
| #endif
| #define STDC_HEADERS 1
| #define HAVE_SYS_WAIT_H 1
| #define HAVE_SYS_TIME_H 1
| #define TIME_WITH_SYS_TIME 1
| /* end confdefs.h.  */
| #include <stropts.h>
configure:19771: result: no
configure:19806: checking for stropts.h
configure:19813: result: no
configure:19690: checking sys/filio.h usability
configure:19702: /opt/toolchain_mips_dsp/bin/mips-linux-uclibc-cc -c -g -O2  conftest.c >&5
conftest.c:63:23: sys/filio.h: No such file or directory
configure:19708: $? = 1
configure: failed program was:
| /* confdefs.h.  */
| 
| #define PACKAGE_NAME ""
| #define PACKAGE_TARNAME ""
| #define PACKAGE_VERSION ""
| #define PACKAGE_STRING ""
| #define PACKAGE_BUGREPORT ""
| #define PACKAGE "uclrtp"
| #define VERSION "1.2.8"
| #define STDC_HEADERS 1
| #define HAVE_SYS_TYPES_H 1
| #define HAVE_SYS_STAT_H 1
| #define HAVE_STDLIB_H 1
| #define HAVE_STRING_H 1
| #define HAVE_MEMORY_H 1
| #define HAVE_STRINGS_H 1
| #define HAVE_INTTYPES_H 1
| #define HAVE_STDINT_H 1
| #define HAVE_UNISTD_H 1
| #define HAVE_DLFCN_H 1
| #ifdef __cplusplus
| extern "C" void std::exit (int) throw (); using std::exit;
| #endif
| #define STDC_HEADERS 1
| #define HAVE_SYS_WAIT_H 1
| #define HAVE_SYS_TIME_H 1
| #define TIME_WITH_SYS_TIME 1
| /* end confdefs.h.  */
| #include <stdio.h>
| #if HAVE_SYS_TYPES_H
| # include <sys/types.h>
| #endif
| #if HAVE_SYS_STAT_H
| # include <sys/stat.h>
| #endif
| #if STDC_HEADERS
| # include <stdlib.h>
| # include <stddef.h>
| #else
| # if HAVE_STDLIB_H
| #  include <stdlib.h>
| # endif
| #endif
| #if HAVE_STRING_H
| # if !STDC_HEADERS && HAVE_MEMORY_H
| #  include <memory.h>
| # endif
| # include <string.h>
| #endif
| #if HAVE_STRINGS_H
| # include <strings.h>
| #endif
| #if HAVE_INTTYPES_H
| # include <inttypes.h>
| #else
| # if HAVE_STDINT_H
| #  include <stdint.h>
| # endif
| #endif
| #if HAVE_UNISTD_H
| # include <unistd.h>
| #endif
| #include <sys/filio.h>
configure:19731: result: no
configure:19735: checking sys/filio.h presence
configure:19745: /opt/toolchain_mips_dsp/bin/mips-linux-uclibc-cc -E  conftest.c
conftest.c:29:23: sys/filio.h: No such file or directory
configure:19751: $? = 1
configure: failed program was:
| /* confdefs.h.  */
| 
| #define PACKAGE_NAME ""
| #define PACKAGE_TARNAME ""
| #define PACKAGE_VERSION ""
| #define PACKAGE_STRING ""
| #define PACKAGE_BUGREPORT ""
| #define PACKAGE "uclrtp"
| #define VERSION "1.2.8"
| #define STDC_HEADERS 1
| #define HAVE_SYS_TYPES_H 1
| #define HAVE_SYS_STAT_H 1
| #define HAVE_STDLIB_H 1
| #define HAVE_STRING_H 1
| #define HAVE_MEMORY_H 1
| #define HAVE_STRINGS_H 1
| #define HAVE_INTTYPES_H 1
| #define HAVE_STDINT_H 1
| #define HAVE_UNISTD_H 1
| #define HAVE_DLFCN_H 1
| #ifdef __cplusplus
| extern "C" void std::exit (int) throw (); using std::exit;
| #endif
| #define STDC_HEADERS 1
| #define HAVE_SYS_WAIT_H 1
| #define HAVE_SYS_TIME_H 1
| #define TIME_WITH_SYS_TIME 1
| /* end confdefs.h.  */
| #include <sys/filio.h>
configure:19771: result: no
configure:19806: checking for sys/filio.h
configure:19813: result: no
configure:19832: checking for stdint.h
configure:19837: result: yes
configure:19832: checking for inttypes.h
configure:19837: result: yes
configure:19981: checking for int8_t
configure:20005: /opt/toolchain_mips_dsp/bin/mips-linux-uclibc-cc -c -g -O2  conftest.c >&5
configure:20011: $? = 0
configure:20015: test -z 
			 || test ! -s conftest.err
configure:20018: $? = 0
configure:20021: test -s conftest.o
configure:20024: $? = 0
configure:20035: result: yes
configure:20047: checking for int16_t
configure:20071: /opt/toolchain_mips_dsp/bin/mips-linux-uclibc-cc -c -g -O2  conftest.c >&5
configure:20077: $? = 0
configure:20081: test -z 
			 || test ! -s conftest.err
configure:20084: $? = 0
configure:20087: test -s conftest.o
configure:20090: $? = 0
configure:20101: result: yes
configure:20113: checking for int32_t
configure:20137: /opt/toolchain_mips_dsp/bin/mips-linux-uclibc-cc -c -g -O2  conftest.c >&5
configure:20143: $? = 0
configure:20147: test -z 
			 || test ! -s conftest.err
configure:20150: $? = 0
configure:20153: test -s conftest.o
configure:20156: $? = 0
configure:20167: result: yes
configure:20179: checking for int64_t
configure:20203: /opt/toolchain_mips_dsp/bin/mips-linux-uclibc-cc -c -g -O2  conftest.c >&5
configure:20209: $? = 0
configure:20213: test -z 
			 || test ! -s conftest.err
configure:20216: $? = 0
configure:20219: test -s conftest.o
configure:20222: $? = 0
configure:20233: result: yes
configure:20247: checking for uint8_t in <stdint.h>
configure:20270: result: yes
configure:20342: checking for uint16_t in <stdint.h>
configure:20365: result: yes
configure:20437: checking for uint32_t in <stdint.h>
configure:20460: result: yes
configure:20534: checking whether byte ordering is bigendian
configure:20561: /opt/toolchain_mips_dsp/bin/mips-linux-uclibc-cc -c -g -O2  conftest.c >&5
configure:20567: $? = 0
configure:20571: test -z 
			 || test ! -s conftest.err
configure:20574: $? = 0
configure:20577: test -s conftest.o
configure:20580: $? = 0
configure:20604: /opt/toolchain_mips_dsp/bin/mips-linux-uclibc-cc -c -g -O2  conftest.c >&5
configure:20610: $? = 0
configure:20614: test -z 
			 || test ! -s conftest.err
configure:20617: $? = 0
configure:20620: test -s conftest.o
configure:20623: $? = 0
configure:20745: result: yes
configure:20765: checking whether char is unsigned
configure:20788: /opt/toolchain_mips_dsp/bin/mips-linux-uclibc-cc -c -g -O2  conftest.c >&5
configure:20794: $? = 0
configure:20798: test -z 
			 || test ! -s conftest.err
configure:20801: $? = 0
configure:20804: test -s conftest.o
configure:20807: $? = 0
configure:20818: result: no
configure:20853: checking for /dev/urandom
configure:20859: error: cannot check for file existence when cross compiling

## ---------------- ##
## Cache variables. ##
## ---------------- ##

ac_cv_build=i686-pc-linux
ac_cv_build_alias=i686-pc-linux
ac_cv_c_bigendian=yes
ac_cv_c_char_unsigned=no
ac_cv_c_compiler_gnu=yes
ac_cv_c_const=yes
ac_cv_cxx_compiler_gnu=yes
ac_cv_env_CC_set=set
ac_cv_env_CC_value=/opt/toolchain_mips_dsp/bin/mips-linux-uclibc-cc
ac_cv_env_CFLAGS_set=
ac_cv_env_CFLAGS_value=
ac_cv_env_CPPFLAGS_set=
ac_cv_env_CPPFLAGS_value=
ac_cv_env_CPP_set=
ac_cv_env_CPP_value=
ac_cv_env_CXXCPP_set=
ac_cv_env_CXXCPP_value=
ac_cv_env_CXXFLAGS_set=
ac_cv_env_CXXFLAGS_value=
ac_cv_env_CXX_set=set
ac_cv_env_CXX_value=/opt/toolchain_mips_dsp/bin/mips-linux-uclibc-c++
ac_cv_env_F77_set=
ac_cv_env_F77_value=
ac_cv_env_FFLAGS_set=
ac_cv_env_FFLAGS_value=
ac_cv_env_LDFLAGS_set=set
ac_cv_env_LDFLAGS_value='-nostartfiles /private/emlinux-rtl865xb/libs/gpl/uClibc/lib/crt0.o -L/private/emlinux-rtl865xb/libs/gpl/uClibc/lib -L/opt/toolchain_mips_dsp/bin/../lib/gcc-lib/mips-linux-uclibc/3.3.4 -nodefaultlibs /opt/toolchain_mips_dsp/bin/../lib/gcc-lib/mips-linux-uclibc/3.3.4/libgcc.a -lc'
ac_cv_env_build_alias_set=
ac_cv_env_build_alias_value=
ac_cv_env_host_alias_set=set
ac_cv_env_host_alias_value=mips-linux-uclibc
ac_cv_env_target_alias_set=set
ac_cv_env_target_alias_value=mips-linux-uclibc
ac_cv_exeext=
ac_cv_f77_compiler_gnu=yes
ac_cv_header_dlfcn_h=yes
ac_cv_header_inttypes_h=yes
ac_cv_header_memory_h=yes
ac_cv_header_stdc=yes
ac_cv_header_stdint_h=yes
ac_cv_header_stdlib_h=yes
ac_cv_header_string_h=yes
ac_cv_header_strings_h=yes
ac_cv_header_stropts_h=no
ac_cv_header_sys_filio_h=no
ac_cv_header_sys_stat_h=yes
ac_cv_header_sys_time_h=yes
ac_cv_header_sys_types_h=yes
ac_cv_header_sys_wait_h=yes
ac_cv_header_time=yes
ac_cv_header_unistd_h=yes
ac_cv_host=mips-unknown-linux-uclibc
ac_cv_host_alias=mips-linux-uclibc
ac_cv_objext=o
ac_cv_path_install='/usr/bin/ginstall -c'
ac_cv_prog_AR=/opt/toolchain_mips_dsp/bin/mips-linux-uclibc-ar
ac_cv_prog_AWK=gawk
ac_cv_prog_CC=/opt/toolchain_mips_dsp/bin/mips-linux-uclibc-cc
ac_cv_prog_CPP='/opt/toolchain_mips_dsp/bin/mips-linux-uclibc-cc -E'
ac_cv_prog_CXX=/opt/toolchain_mips_dsp/bin/mips-linux-uclibc-c++
ac_cv_prog_CXXCPP='/opt/toolchain_mips_dsp/bin/mips-linux-uclibc-c++ -E'
ac_cv_prog_RANLIB=/opt/toolchain_mips_dsp/bin/mips-linux-uclibc-ranlib
ac_cv_prog_STRIP=/opt/toolchain_mips_dsp/bin/mips-linux-uclibc-strip
ac_cv_prog_ac_ct_F77=g77
ac_cv_prog_cc_g=yes
ac_cv_prog_cc_stdc=
ac_cv_prog_cxx_g=yes
ac_cv_prog_egrep='grep -E'
ac_cv_prog_f77_g=yes
ac_cv_prog_make_make_set=yes
ac_cv_target=mips-unknown-linux-uclibc
ac_cv_target_alias=mips-linux-uclibc
ac_cv_type_int16_t=yes
ac_cv_type_int32_t=yes
ac_cv_type_int64_t=yes
ac_cv_type_int8_t=yes
ac_cv_type_size_t=yes
am_cv_CC_dependencies_compiler_type=gcc3
am_cv_CXX_dependencies_compiler_type=gcc3
lt_cv_deplibs_check_method=pass_all
lt_cv_file_magic_cmd='$MAGIC_CMD'
lt_cv_file_magic_test_file='/lib/libc.so.6 /lib/libc-2.3.2.so'
lt_cv_ld_reload_flag=-r
lt_cv_objdir=.libs
lt_cv_path_LD=/opt/toolchain_mips_dsp/bin/mips-linux-uclibc-ld
lt_cv_path_LDCXX=/opt/toolchain_mips_dsp/bin/mips-linux-uclibc-ld
lt_cv_path_NM=nm
lt_cv_path_SED=/usr/bin/sed
lt_cv_prog_compiler_c_o=yes
lt_cv_prog_compiler_c_o_CXX=yes
lt_cv_prog_compiler_c_o_F77=yes
lt_cv_prog_compiler_rtti_exceptions=no
lt_cv_prog_gnu_ld=yes
lt_cv_prog_gnu_ldcxx=yes
lt_cv_sys_global_symbol_pipe=
lt_cv_sys_global_symbol_to_c_name_address='sed -n -e '\''s/^: \([^ ]*\) $/  {\"\1\", (lt_ptr) 0},/p'\'' -e '\''s/^[BCDEGRST] \([^ ]*\) \([^ ]*\)$/  {"\2", (lt_ptr) \&\2},/p'\'''
lt_cv_sys_global_symbol_to_cdecl=
lt_cv_sys_max_cmd_len=32768
lt_lt_cv_prog_compiler_c_o='"yes"'
lt_lt_cv_prog_compiler_c_o_CXX='"yes"'
lt_lt_cv_prog_compiler_c_o_F77='"yes"'
lt_lt_cv_sys_global_symbol_pipe='""'
lt_lt_cv_sys_global_symbol_to_c_name_address='"sed -n -e '\''s/^: \\([^ ]*\\) \$/  {\\\"\\1\\\", (lt_ptr) 0},/p'\'' -e '\''s/^[BCDEGRST] \\([^ ]*\\) \\([^ ]*\\)\$/  {\"\\2\", (lt_ptr) \\&\\2},/p'\''"'
lt_lt_cv_sys_global_symbol_to_cdecl='""'
ucl_cv_uint16_t_in_stdint_h=yes
ucl_cv_uint32_t_in_stdint_h=yes
ucl_cv_uint8_t_in_stdint_h=yes

## ----------------- ##
## Output variables. ##
## ----------------- ##

ACLOCAL='${SHELL} /private/emlinux-rtl865xb/apps/non_gpl/avPlay/avPlay/src/avCodecFilePlayer/src/open_source/MPL/mpeg4ip-1.2/lib/rtp/missing --run aclocal-1.8'
AMDEPBACKSLASH='\'
AMDEP_FALSE='#'
AMDEP_TRUE=''
AMTAR='${SHELL} /private/emlinux-rtl865xb/apps/non_gpl/avPlay/avPlay/src/avCodecFilePlayer/src/open_source/MPL/mpeg4ip-1.2/lib/rtp/missing --run tar'
AR='/opt/toolchain_mips_dsp/bin/mips-linux-uclibc-ar'
AUTOCONF='${SHELL} /private/emlinux-rtl865xb/apps/non_gpl/avPlay/avPlay/src/avCodecFilePlayer/src/open_source/MPL/mpeg4ip-1.2/lib/rtp/missing --run autoconf'
AUTOHEADER='${SHELL} /private/emlinux-rtl865xb/apps/non_gpl/avPlay/avPlay/src/avCodecFilePlayer/src/open_source/MPL/mpeg4ip-1.2/lib/rtp/missing --run autoheader'
AUTOMAKE='${SHELL} /private/emlinux-rtl865xb/apps/non_gpl/avPlay/avPlay/src/avCodecFilePlayer/src/open_source/MPL/mpeg4ip-1.2/lib/rtp/missing --run automake-1.8'
AWK='gawk'
CC='/opt/toolchain_mips_dsp/bin/mips-linux-uclibc-cc'
CCDEPMODE='depmode=gcc3'
CFLAGS='-g -O2'
CPP='/opt/toolchain_mips_dsp/bin/mips-linux-uclibc-cc -E'
CPPFLAGS=''
CXX='/opt/toolchain_mips_dsp/bin/mips-linux-uclibc-c++'
CXXCPP='/opt/toolchain_mips_dsp/bin/mips-linux-uclibc-c++ -E'
CXXDEPMODE='depmode=gcc3'
CXXFLAGS='-g -O2'
CYGPATH_W='echo'
DEFS=''
DEPDIR='.deps'
ECHO='echo'
ECHO_C=''
ECHO_N='-n'
ECHO_T=''
EGREP='grep -E'
EXEEXT=''
F77='g77'
FFLAGS='-g -O2'
GTKDOC=''
INSTALL_DATA='${INSTALL} -m 644'
INSTALL_PROGRAM='${INSTALL}'
INSTALL_SCRIPT='${INSTALL}'
INSTALL_STRIP_PROGRAM='${SHELL} $(install_sh) -c -s'
LDFLAGS='-nostartfiles /private/emlinux-rtl865xb/libs/gpl/uClibc/lib/crt0.o -L/private/emlinux-rtl865xb/libs/gpl/uClibc/lib -L/opt/toolchain_mips_dsp/bin/../lib/gcc-lib/mips-linux-uclibc/3.3.4 -nodefaultlibs /opt/toolchain_mips_dsp/bin/../lib/gcc-lib/mips-linux-uclibc/3.3.4/libgcc.a -lc'
LIBOBJS=''
LIBS=''
LIBTOOL='$(SHELL) $(top_builddir)/libtool'
LN_S='ln -s'
LTLIBOBJS=''
MAKEINFO='${SHELL} /private/emlinux-rtl865xb/apps/non_gpl/avPlay/avPlay/src/avCodecFilePlayer/src/open_source/MPL/mpeg4ip-1.2/lib/rtp/missing --run makeinfo'
OBJEXT='o'
OPTDOC=''
PACKAGE='uclrtp'
PACKAGE_BUGREPORT=''
PACKAGE_NAME=''
PACKAGE_STRING=''
PACKAGE_TARNAME=''
PACKAGE_VERSION=''
PATH_SEPARATOR=':'
RANLIB='/opt/toolchain_mips_dsp/bin/mips-linux-uclibc-ranlib'
SET_MAKE=''
SHELL='/bin/sh'
STRIP='/opt/toolchain_mips_dsp/bin/mips-linux-uclibc-strip'
VERSION='1.2.8'
ac_ct_AR=''
ac_ct_CC=''
ac_ct_CXX=''
ac_ct_F77='g77'
ac_ct_RANLIB=''
ac_ct_STRIP=''
am__fastdepCC_FALSE='#'
am__fastdepCC_TRUE=''
am__fastdepCXX_FALSE='#'
am__fastdepCXX_TRUE=''
am__include='include'
am__leading_dot='.'
am__quote=''
bindir='${exec_prefix}/bin'
build='i686-pc-linux'
build_alias=''
build_cpu='i686'
build_os='linux'
build_vendor='pc'
datadir='${prefix}/share'
exec_prefix='NONE'
host='mips-unknown-linux-uclibc'
host_alias='mips-linux-uclibc'
host_cpu='mips'
host_os='linux-uclibc'
host_vendor='unknown'
includedir='${prefix}/include'
infodir='${prefix}/info'
install_sh='/private/emlinux-rtl865xb/apps/non_gpl/avPlay/avPlay/src/avCodecFilePlayer/src/open_source/MPL/mpeg4ip-1.2/lib/rtp/install-sh'
libdir='${exec_prefix}/lib'
libexecdir='${exec_prefix}/libexec'
localstatedir='${prefix}/var'
mandir='${prefix}/man'
mkdir_p='mkdir -p -- .'
oldincludedir='/usr/include'
prefix='/usr/local'
program_transform_name='s,^,mips-linux-uclibc-,'
sbindir='${exec_prefix}/sbin'
sharedstatedir='${prefix}/com'
sysconfdir='${prefix}/etc'
target='mips-unknown-linux-uclibc'
target_alias='mips-linux-uclibc'
target_cpu='mips'
target_os='linux-uclibc'
target_vendor='unknown'

## ----------- ##
## confdefs.h. ##
## ----------- ##

#define HAVE_DLFCN_H 1
#define HAVE_INTTYPES_H 1
#define HAVE_INTTYPES_H 1
#define HAVE_MEMORY_H 1
#define HAVE_STDINT_H 1
#define HAVE_STDINT_H 1
#define HAVE_STDLIB_H 1
#define HAVE_STRINGS_H 1
#define HAVE_STRING_H 1
#define HAVE_SYS_STAT_H 1
#define HAVE_SYS_TIME_H 1
#define HAVE_SYS_TYPES_H 1
#define HAVE_SYS_WAIT_H 1
#define HAVE_UNISTD_H 1
#define PACKAGE "uclrtp"
#define PACKAGE_BUGREPORT ""
#define PACKAGE_NAME ""
#define PACKAGE_STRING ""
#define PACKAGE_TARNAME ""
#define PACKAGE_VERSION ""
#define STDC_HEADERS 1
#define STDC_HEADERS 1
#define TIME_WITH_SYS_TIME 1
#define VERSION "1.2.8"
#define WORDS_BIGENDIAN 1
#endif
#ifdef __cplusplus
extern "C" void std::exit (int) throw (); using std::exit;

configure: exit 1
