This file contains any messages produced by compilers while
running configure, to aid debugging if configure makes a mistake.

It was created by fuse-kernel configure 2.7.4, which was
generated by GNU Autoconf 2.61.  Invocation command line was

  $ ./configure --prefix=/usr/local --host=arm-linux --enable-kernel-module --with-kernel=/projects/SSD1933/emlinux-ssd1933/kernel host_alias=arm-linux CC=/usr/local/arm/3.4.6//bin/arm-linux-gcc LDFLAGS=  --cache-file=/dev/null --srcdir=.

## --------- ##
## Platform. ##
## --------- ##

hostname = Titan
uname -m = i686
uname -r = 2.6.24.5-smp
uname -s = Linux
uname -v = #1 SMP Wed Apr 30 13:18:13 CDT 2008

/usr/bin/uname -p = Intel(R) Pentium(R) 4 CPU 2.80GHz
/bin/uname -X     = unknown

/bin/arch              = i686
/usr/bin/arch -k       = unknown
/usr/convex/getsysinfo = unknown
/usr/bin/hostinfo      = unknown
/bin/machine           = unknown
/usr/bin/oslevel       = unknown
/bin/universe          = unknown

PATH: /usr/local/arm/3.4.6/bin
PATH: /usr/local/bin
PATH: /usr/bin
PATH: /bin
PATH: /usr/X11R6/bin
PATH: /usr/games
PATH: /usr/lib/java/bin
PATH: /usr/lib/java/jre/bin
PATH: /usr/lib/java/bin
PATH: /usr/lib/java/jre/bin
PATH: /opt/kde3/lib/qt3/bin
PATH: /opt/kde3/bin
PATH: /usr/lib/qt/bin
PATH: /usr/share/texmf/bin
PATH: .


## ----------- ##
## Core tests. ##
## ----------- ##

configure:1683: checking for a BSD-compatible install
configure:1739: result: /usr/bin/ginstall -c
configure:1817: checking kernel source directory
configure:1845: result: /projects/SSD1933/emlinux-ssd1933/kernel
configure:1847: checking kernel build directory
configure:1849: result: /projects/SSD1933/emlinux-ssd1933/kernel
configure:1852: checking kernel source version
configure:1870: result: 2.6.24ssl
configure:1891: checking if FUSE is configured in the kernel
configure:1898: result: no
configure:1927: checking if kernel defines kzalloc function
configure:1935: result: yes
configure:1942: checking if kernel defines fs_subsys
configure:1950: result: yes
configure:1957: checking whether lookup_instantiate_filp is defined
configure:1965: result: yes
configure:1972: checking if umount_begin is passed a vfsmount
configure:1980: result: yes
configure:1987: checking if inode has i_blksize field
configure:1998: result: no
configure:2001: checking if inode has i_private field
configure:2009: result: yes
configure:2015: checking if inode has i_mutex field 
configure:2023: result: yes
configure:2029: checking if kernel has mutex.h 
configure:2037: result: yes
configure:2043: checking if kernel has exportfs.h 
configure:2051: result: yes
configure:2057: checking if kernel has BLOCK option 
configure:2065: result: yes
configure:2075: checking if this is user mode linux
configure:2082: result: no
configure:2194: creating ./config.status

## ---------------------- ##
## Running config.status. ##
## ---------------------- ##

This file was extended by fuse-kernel config.status 2.7.4, which was
generated by GNU Autoconf 2.61.  Invocation command line was

  CONFIG_FILES    = 
  CONFIG_HEADERS  = 
  CONFIG_LINKS    = 
  CONFIG_COMMANDS = 
  $ ./config.status 

on Titan

config.status:591: creating Makefile
config.status:591: creating config.h

## ---------------- ##
## Cache variables. ##
## ---------------- ##

ac_cv_env_build_alias_set=
ac_cv_env_build_alias_value=
ac_cv_env_host_alias_set=set
ac_cv_env_host_alias_value=arm-linux
ac_cv_env_target_alias_set=
ac_cv_env_target_alias_value=
ac_cv_path_install='/usr/bin/ginstall -c'

## ----------------- ##
## Output variables. ##
## ----------------- ##

DEFS='-DHAVE_CONFIG_H'
ECHO_C=''
ECHO_N='-n'
ECHO_T=''
ENABLE_FUSE_MODULE='y'
INSTALL_DATA='${INSTALL} -m 644'
INSTALL_PROGRAM='${INSTALL}'
INSTALL_SCRIPT='${INSTALL}'
KERNELCFLAGS=''
KERNELCPPFLAGS=''
KERNELMAKE_PARAMS=''
LIBOBJS=''
LIBS=''
LTLIBOBJS=''
PACKAGE_BUGREPORT=''
PACKAGE_NAME='fuse-kernel'
PACKAGE_STRING='fuse-kernel 2.7.4'
PACKAGE_TARNAME='fuse-kernel'
PACKAGE_VERSION='2.7.4'
PATH_SEPARATOR=':'
SHELL='/bin/sh'
bindir='${exec_prefix}/bin'
build_alias=''
datadir='${datarootdir}'
datarootdir='${prefix}/share'
docdir='${datarootdir}/doc/${PACKAGE_TARNAME}'
dvidir='${docdir}'
exec_prefix='${prefix}'
host_alias='arm-linux'
htmldir='${docdir}'
includedir='${prefix}/include'
infodir='${datarootdir}/info'
kernelsrc='/projects/SSD1933/emlinux-ssd1933/kernel'
kmoduledir='/lib/modules/2.6.24ssl'
libdir='${exec_prefix}/lib'
libexecdir='${exec_prefix}/libexec'
localedir='${datarootdir}/locale'
localstatedir='${prefix}/var'
mandir='${datarootdir}/man'
oldincludedir='/usr/include'
pdfdir='${docdir}'
prefix='/usr/local'
program_transform_name='s,x,x,'
psdir='${docdir}'
sbindir='${exec_prefix}/sbin'
sharedstatedir='${prefix}/com'
sysconfdir='${prefix}/etc'
target_alias=''

## ----------- ##
## confdefs.h. ##
## ----------- ##

#define PACKAGE_NAME "fuse-kernel"
#define PACKAGE_TARNAME "fuse-kernel"
#define PACKAGE_VERSION "2.7.4"
#define PACKAGE_STRING "fuse-kernel 2.7.4"
#define PACKAGE_BUGREPORT ""
#define HAVE_KZALLOC 1
#define HAVE_FS_SUBSYS 1
#define HAVE_LOOKUP_INSTANTIATE_FILP 1
#define UMOUNT_BEGIN_VFSMOUNT 1
#define HAVE_I_PRIVATE 1
#define HAVE_I_MUTEX 1
#define HAVE_MUTEX_H 1
#define HAVE_EXPORTFS_H 1
#define HAVE_CONFIG_BLOCK 1

configure: exit 0
