This file contains any messages produced by compilers while
running configure, to aid debugging if configure makes a mistake.

It was created by configure, which was
generated by GNU Autoconf 2.52.  Invocation command line was

  $ ../configure host=arm-linux-uclibc --with-x=no --with-kerneldir=/projects/CirrusEP93xx/emlinux-ep93xx/kernel --with-driver=edb9315 --with-x=no

## ---------- ##
## Platform.  ##
## ---------- ##

hostname = Titan
uname -m = i686
uname -r = 2.4.22
uname -s = Linux
uname -v = #6 Tue Sep 2 17:43:01 PDT 2003

/usr/bin/uname -p = unknown
/bin/uname -X     = unknown

/bin/arch              = i686
/usr/bin/arch -k       = unknown
/usr/convex/getsysinfo = unknown
hostinfo               = unknown
/bin/machine           = unknown
/usr/bin/oslevel       = unknown
/bin/universe          = unknown

PATH = /usr/local/bin:/usr/bin:/bin:/usr/X11R6/bin:/usr/games:/opt/www/htdig/bin:/usr/lib/java/bin:/usr/lib/java/jre/bin:/opt/kde/bin:/usr/lib/qt/bin:/usr/share/texmf/bin:.:/usr/local/Adobe/Acrobat7.0/bin

## ------------ ##
## Core tests.  ##
## ------------ ##

configure:1160: PATH=".;."; conftest.sh
../configure: line 1161: conftest.sh: command not found
configure:1163: $? = 127
configure:1218: checking for a BSD compatible install
configure:1267: result: /usr/bin/ginstall -c
configure:1278: checking whether build environment is sane
configure:1321: result: yes
configure:1354: checking for mawk
configure:1380: result: no
configure:1354: checking for gawk
configure:1369: found /usr/bin/gawk
configure:1377: result: gawk
configure:1387: checking whether make sets ${MAKE}
configure:1407: result: yes
configure:1543: checking for gcc
configure:1558: found /usr/bin/gcc
configure:1566: result: gcc
configure:1794: checking for C compiler version
configure:1797: gcc --version </dev/null >&5
gcc (GCC) 3.2.3
Copyright (C) 2002 Free Software Foundation, Inc.
This is free software; see the source for copying conditions.  There is NO
warranty; not even for MERCHANTABILITY or FITNESS FOR A PARTICULAR PURPOSE.

configure:1800: $? = 0
configure:1802: gcc -v </dev/null >&5
Reading specs from /usr/lib/gcc-lib/i486-slackware-linux/3.2.3/specs
Configured with: ../gcc-3.2.3/configure --prefix=/usr --enable-shared --enable-threads=posix --enable-__cxa_atexit --disable-checking --with-gnu-ld --verbose --target=i486-slackware-linux --host=i486-slackware-linux
Thread model: posix
gcc version 3.2.3
configure:1805: $? = 0
configure:1807: gcc -V </dev/null >&5
gcc: argument to `-V' is missing
configure:1810: $? = 1
configure:1830: checking for C compiler default output
configure:1833: gcc -O2 -g -Wall   conftest.c  >&5
configure:1836: $? = 0
configure:1865: result: a.out
configure:1870: checking whether the C compiler works
configure:1876: ./a.out
configure:1879: $? = 0
configure:1894: result: yes
configure:1901: checking whether we are cross compiling
configure:1903: result: no
configure:1906: checking for executable suffix
configure:1908: gcc -o conftest -O2 -g -Wall   conftest.c  >&5
configure:1911: $? = 0
configure:1933: result: 
configure:1939: checking for object suffix
configure:1957: gcc -c -O2 -g -Wall  conftest.c >&5
configure:1960: $? = 0
configure:1979: result: o
configure:1983: checking whether we are using the GNU C compiler
configure:2004: gcc -c -O2 -g -Wall  conftest.c >&5
configure:2007: $? = 0
configure:2010: test -s conftest.o
configure:2013: $? = 0
configure:2025: result: yes
configure:2031: checking whether gcc accepts -g
configure:2049: gcc -c -g  conftest.c >&5
configure:2052: $? = 0
configure:2055: test -s conftest.o
configure:2058: $? = 0
configure:2068: result: yes
configure:2095: gcc -c -O2 -g -Wall  conftest.c >&5
conftest.c:2: syntax error before "me"
configure:2098: $? = 1
configure: failed program was:
#ifndef __cplusplus
  choke me
#endif
configure:2204: checking for style of include used by make
configure:2231: result: GNU
configure:2237: checking dependency style of gcc
configure:2299: result: gcc3
configure:2315: checking for a BSD compatible install
configure:2364: result: /usr/bin/ginstall -c
configure:2375: checking whether make sets ${MAKE}
configure:2395: result: yes
configure:2406: checking for mknod
configure:2423: found /usr/bin/mknod
configure:2435: result: /usr/bin/mknod
configure:2444: checking for depmod
configure:2461: found /sbin/depmod
configure:2473: result: /sbin/depmod
configure:2480: checking whether ln -s works
configure:2484: result: yes
configure:2563: checking build system type
configure:2581: result: i686-pc-linux-gnu
configure:2588: checking host system type
configure:2602: result: i686-pc-linux-gnu
configure:2630: checking for ld used by GCC
configure:2693: result: /usr/i486-slackware-linux/bin/ld
configure:2702: checking if the linker (/usr/i486-slackware-linux/bin/ld) is GNU ld
GNU ld version 2.14.90.0.6 20030820
configure:2714: result: yes
configure:2718: checking for /usr/i486-slackware-linux/bin/ld option to reload object files
configure:2725: result: -r
configure:2730: checking for BSD-compatible nm
configure:2766: result: /usr/bin/nm -B
configure:2769: checking how to recognise dependant libraries
configure:2947: result: pass_all
configure:2953: checking command to parse /usr/bin/nm -B output
configure:3034: gcc -c -O2 -g -Wall  conftest.c >&5
configure:3037: $? = 0
configure:3041: /usr/bin/nm -B conftest.o \| sed -n -e 's/^.*[ 	]\([ABCDGISTW][ABCDGISTW]*\)[ 	][ 	]*\(\)\([_A-Za-z][_A-Za-z0-9]*\)$/\1 \2\3 \3/p' \> conftest.nm
configure:3044: $? = 0
configure:3096: gcc -o conftest -O2 -g -Wall   conftest.c conftstm.o >&5
conftest.c:6: warning: `main' is usually a function
configure:3099: $? = 0
configure:3143: result: ok
configure:3152: checking how to run the C preprocessor
configure:3178: gcc -E  conftest.c
configure:3184: $? = 0
configure:3211: gcc -E  conftest.c
configure:3208:28: ac_nonexistent.h: No such file or directory
configure:3217: $? = 1
configure: failed program was:
#line 3207 "configure"
#include "confdefs.h"
#include <ac_nonexistent.h>
configure:3254: result: gcc -E
configure:3269: gcc -E  conftest.c
configure:3275: $? = 0
configure:3302: gcc -E  conftest.c
configure:3299:28: ac_nonexistent.h: No such file or directory
configure:3308: $? = 1
configure: failed program was:
#line 3298 "configure"
#include "confdefs.h"
#include <ac_nonexistent.h>
configure:3350: checking for dlfcn.h
configure:3360: gcc -E  conftest.c
configure:3366: $? = 0
configure:3385: result: yes
configure:3572: checking for ranlib
configure:3587: found /usr/bin/ranlib
configure:3596: result: ranlib
configure:3646: checking for strip
configure:3661: found /usr/bin/strip
configure:3670: result: strip
configure:3872: checking for objdir
configure:3883: result: .libs
configure:3898: checking for gcc option to produce PIC
configure:4048: result: -fPIC
configure:4052: checking if gcc PIC flag -fPIC works
configure:4072: gcc -c -O2 -g -Wall -fPIC -DPIC  conftest.c >&5
configure:4075: $? = 0
configure:4078: test -s conftest.o
configure:4081: $? = 0
configure:4117: result: yes
configure:4133: checking if gcc static flag -static works
configure:4154: gcc -o conftest -O2 -g -Wall   -static conftest.c  >&5
configure:4157: $? = 0
configure:4160: test -s conftest
configure:4163: $? = 0
configure:4177: result: yes
configure:4188: checking if gcc supports -c -o file.o
configure:4208: gcc -c -O2 -g -Wall -o out/conftest2.o  conftest.c >&5
configure:4232: result: yes
configure:4237: checking if gcc supports -c -o file.lo
configure:4261: gcc -c -O2 -g -Wall -c -o conftest.lo  conftest.c >&5
configure: In function `main':
configure:4254: warning: unused variable `some_variable'
configure:4264: $? = 0
configure:4267: test -s conftest.lo
configure:4270: $? = 0
configure:4291: result: yes
configure:4322: checking if gcc supports -fno-rtti -fno-exceptions
configure:4341: gcc -c -O2 -g -Wall -fno-rtti -fno-exceptions -c conftest.c  conftest.c >&5
configure: In function `main':
configure:4334: warning: unused variable `some_variable'
configure: In function `main':
configure:4334: warning: unused variable `some_variable'
configure:4344: $? = 0
configure:4347: test -s conftest.o
configure:4350: $? = 0
configure:4366: result: yes
configure:4377: checking whether the linker (/usr/i486-slackware-linux/bin/ld) supports shared libraries
configure:5057: result: yes
configure:5062: checking how to hardcode library paths into programs
configure:5086: result: immediate
configure:5091: checking whether stripping libraries is possible
configure:5096: result: yes
configure:5107: checking dynamic linker characteristics
configure:5500: result: GNU/Linux ld.so
configure:5505: checking if libtool supports shared libraries
configure:5507: result: yes
configure:5510: checking whether to build shared libraries
configure:5531: result: yes
configure:5534: checking whether to build static libraries
configure:5538: result: yes
configure:6156: checking whether -lc should be explicitly linked in
configure:6164: gcc -c -O2 -g -Wall  conftest.c >&5
conftest.c:1: warning: `dummy' defined but not used
configure:6167: $? = 0
configure:6181: gcc -shared conftest.o  -v -Wl,-soname -Wl,conftest -o conftest 2\>\&1 \| grep  -lc  \>/dev/null 2\>\&1
configure:6184: $? = 0
configure:6197: result: no
configure:6762: checking for ANSI C header files
configure:6776: gcc -E  conftest.c
configure:6782: $? = 0
configure:6869: gcc -o conftest -O2 -g -Wall   conftest.c  >&5
configure: In function `main':
configure:6861: warning: implicit declaration of function `exit'
configure:6872: $? = 0
configure:6874: ./conftest
configure:6877: $? = 0
configure:6890: result: yes
configure:6900: checking whether time.h and sys/time.h may both be included
configure:6922: gcc -c -O2 -g -Wall  conftest.c >&5
configure:6925: $? = 0
configure:6928: test -s conftest.o
configure:6931: $? = 0
configure:6941: result: yes
configure:6954: checking for fcntl.h
configure:6964: gcc -E  conftest.c
configure:6970: $? = 0
configure:6989: result: yes
configure:6954: checking for limits.h
configure:6964: gcc -E  conftest.c
configure:6970: $? = 0
configure:6989: result: yes
configure:6954: checking for sys/ioctl.h
configure:6964: gcc -E  conftest.c
configure:6970: $? = 0
configure:6989: result: yes
configure:6954: checking for sys/time.h
configure:6964: gcc -E  conftest.c
configure:6970: $? = 0
configure:6989: result: yes
configure:6954: checking for syslog.h
configure:6964: gcc -E  conftest.c
configure:6970: $? = 0
configure:6989: result: yes
configure:6954: checking for unistd.h
configure:6964: gcc -E  conftest.c
configure:6970: $? = 0
configure:6989: result: yes
configure:6999: checking for gcc option to accept ANSI C
configure:7056: gcc  -c -O2 -g -Wall  conftest.c >&5
configure:7059: $? = 0
configure:7062: test -s conftest.o
configure:7065: $? = 0
configure:7082: result: none needed
configure:7090: checking for an ANSI C-conforming const
configure:7154: gcc -c -O2 -g -Wall  conftest.c >&5
configure: In function `main':
configure:7124: warning: unused variable `s'
configure:7144: warning: unused variable `foo'
configure:7105: warning: unused variable `x'
configure:7111: warning: unused variable `zero'
configure:7123: warning: `t' might be used uninitialized in this function
configure:7141: warning: `b' might be used uninitialized in this function
configure:7157: $? = 0
configure:7160: test -s conftest.o
configure:7163: $? = 0
configure:7173: result: yes
configure:7183: checking for inline
configure:7200: gcc -c -O2 -g -Wall  conftest.c >&5
configure:7203: $? = 0
configure:7206: test -s conftest.o
configure:7209: $? = 0
configure:7220: result: inline
configure:7241: checking for sys/types.h
configure:7253: gcc -c -O2 -g -Wall  conftest.c >&5
configure:7256: $? = 0
configure:7259: test -s conftest.o
configure:7262: $? = 0
configure:7272: result: yes
configure:7241: checking for sys/stat.h
configure:7253: gcc -c -O2 -g -Wall  conftest.c >&5
configure:7256: $? = 0
configure:7259: test -s conftest.o
configure:7262: $? = 0
configure:7272: result: yes
configure:7241: checking for stdlib.h
configure:7253: gcc -c -O2 -g -Wall  conftest.c >&5
configure:7256: $? = 0
configure:7259: test -s conftest.o
configure:7262: $? = 0
configure:7272: result: yes
configure:7241: checking for string.h
configure:7253: gcc -c -O2 -g -Wall  conftest.c >&5
configure:7256: $? = 0
configure:7259: test -s conftest.o
configure:7262: $? = 0
configure:7272: result: yes
configure:7241: checking for memory.h
configure:7253: gcc -c -O2 -g -Wall  conftest.c >&5
configure:7256: $? = 0
configure:7259: test -s conftest.o
configure:7262: $? = 0
configure:7272: result: yes
configure:7241: checking for strings.h
configure:7253: gcc -c -O2 -g -Wall  conftest.c >&5
configure:7256: $? = 0
configure:7259: test -s conftest.o
configure:7262: $? = 0
configure:7272: result: yes
configure:7241: checking for inttypes.h
configure:7253: gcc -c -O2 -g -Wall  conftest.c >&5
configure:7256: $? = 0
configure:7259: test -s conftest.o
configure:7262: $? = 0
configure:7272: result: yes
configure:7241: checking for stdint.h
configure:7253: gcc -c -O2 -g -Wall  conftest.c >&5
configure:7256: $? = 0
configure:7259: test -s conftest.o
configure:7262: $? = 0
configure:7272: result: yes
configure:7241: checking for unistd.h
configure:7272: result: yes
configure:7282: checking for off_t
configure:7303: gcc -c -O2 -g -Wall  conftest.c >&5
configure:7306: $? = 0
configure:7309: test -s conftest.o
configure:7312: $? = 0
configure:7322: result: yes
configure:7334: checking for pid_t
configure:7355: gcc -c -O2 -g -Wall  conftest.c >&5
configure:7358: $? = 0
configure:7361: test -s conftest.o
configure:7364: $? = 0
configure:7374: result: yes
configure:7386: checking for size_t
configure:7407: gcc -c -O2 -g -Wall  conftest.c >&5
configure:7410: $? = 0
configure:7413: test -s conftest.o
configure:7416: $? = 0
configure:7426: result: yes
configure:7438: checking whether struct tm is in sys/time.h or time.h
configure:7458: gcc -c -O2 -g -Wall  conftest.c >&5
configure: In function `main':
configure:7451: warning: statement with no effect
configure:7461: $? = 0
configure:7464: test -s conftest.o
configure:7467: $? = 0
configure:7477: result: time.h
configure:7487: checking return type of signal handlers
configure:7515: gcc -c -O2 -g -Wall  conftest.c >&5
configure: In function `main':
configure:7508: warning: unused variable `i'
configure:7518: $? = 0
configure:7521: test -s conftest.o
configure:7524: $? = 0
configure:7534: result: void
configure:7544: checking for vprintf
configure:7581: gcc -o conftest -O2 -g -Wall   conftest.c  >&5
configure:7584: $? = 0
configure:7587: test -s conftest
configure:7590: $? = 0
configure:7600: result: yes
configure:7607: checking for _doprnt
configure:7644: gcc -o conftest -O2 -g -Wall   conftest.c  >&5
/tmp/ccqt5Htj.o(.text+0xf): In function `main':
/projects/CirrusEP93xx/emlinux-ep93xx/apps/gpl/lirc-0.6.6/build_arm/configure:7635: undefined reference to `_doprnt'
collect2: ld returned 1 exit status
configure:7647: $? = 1
configure: failed program was:
#line 7613 "configure"
#include "confdefs.h"
/* System header to define __stub macros and hopefully few prototypes,
    which can conflict with char _doprnt (); below.  */
#include <assert.h>
/* Override any gcc2 internal prototype to avoid an error.  */
#ifdef __cplusplus
extern "C"
#endif
/* We use char because int might match the return type of a gcc2
   builtin and then its argument prototype would still apply.  */
char _doprnt ();
char (*f) ();

int
main ()
{
/* The GNU C library defines this for functions which it implements
    to always fail with ENOSYS.  Some functions are actually named
    something starting with __ and the normal name is an alias.  */
#if defined (__stub__doprnt) || defined (__stub____doprnt)
choke me
#else
f = _doprnt;
#endif

  ;
  return 0;
}
configure:7663: result: no
configure:7680: checking for gethostname
configure:7717: gcc -o conftest -O2 -g -Wall   conftest.c  >&5
configure:7720: $? = 0
configure:7723: test -s conftest
configure:7726: $? = 0
configure:7736: result: yes
configure:7680: checking for gettimeofday
configure:7717: gcc -o conftest -O2 -g -Wall   conftest.c  >&5
configure:7720: $? = 0
configure:7723: test -s conftest
configure:7726: $? = 0
configure:7736: result: yes
configure:7680: checking for mkfifo
configure:7717: gcc -o conftest -O2 -g -Wall   conftest.c  >&5
configure:7720: $? = 0
configure:7723: test -s conftest
configure:7726: $? = 0
configure:7736: result: yes
configure:7680: checking for select
configure:7717: gcc -o conftest -O2 -g -Wall   conftest.c  >&5
configure:7720: $? = 0
configure:7723: test -s conftest
configure:7726: $? = 0
configure:7736: result: yes
configure:7680: checking for socket
configure:7717: gcc -o conftest -O2 -g -Wall   conftest.c  >&5
configure:7720: $? = 0
configure:7723: test -s conftest
configure:7726: $? = 0
configure:7736: result: yes
configure:7680: checking for strdup
configure:7717: gcc -o conftest -O2 -g -Wall   conftest.c  >&5
configure:7720: $? = 0
configure:7723: test -s conftest
configure:7726: $? = 0
configure:7736: result: yes
configure:7680: checking for strerror
configure:7717: gcc -o conftest -O2 -g -Wall   conftest.c  >&5
configure:7720: $? = 0
configure:7723: test -s conftest
configure:7726: $? = 0
configure:7736: result: yes
configure:7680: checking for strtoul
configure:7717: gcc -o conftest -O2 -g -Wall   conftest.c  >&5
configure:7720: $? = 0
configure:7723: test -s conftest
configure:7726: $? = 0
configure:7736: result: yes
configure:7680: checking for snprintf
configure:7717: gcc -o conftest -O2 -g -Wall   conftest.c  >&5
configure:7720: $? = 0
configure:7723: test -s conftest
configure:7726: $? = 0
configure:7736: result: yes
configure:7680: checking for strsep
configure:7717: gcc -o conftest -O2 -g -Wall   conftest.c  >&5
configure:7720: $? = 0
configure:7723: test -s conftest
configure:7726: $? = 0
configure:7736: result: yes
configure:7680: checking for vsyslog
configure:7717: gcc -o conftest -O2 -g -Wall   conftest.c  >&5
configure:7720: $? = 0
configure:7723: test -s conftest
configure:7726: $? = 0
configure:7736: result: yes
configure:7751: checking for daemon
configure:7788: gcc -o conftest -O2 -g -Wall   conftest.c  >&5
configure:7791: $? = 0
configure:7794: test -s conftest
configure:7797: $? = 0
configure:7807: result: yes
configure:7883: checking for forkpty
configure:7920: gcc -o conftest -O2 -g -Wall   conftest.c  >&5
/tmp/ccCon7Vi.o(.text+0xf): In function `main':
/projects/CirrusEP93xx/emlinux-ep93xx/apps/gpl/lirc-0.6.6/build_arm/configure:7911: undefined reference to `forkpty'
collect2: ld returned 1 exit status
configure:7923: $? = 1
configure: failed program was:
#line 7889 "configure"
#include "confdefs.h"
/* System header to define __stub macros and hopefully few prototypes,
    which can conflict with char forkpty (); below.  */
#include <assert.h>
/* Override any gcc2 internal prototype to avoid an error.  */
#ifdef __cplusplus
extern "C"
#endif
/* We use char because int might match the return type of a gcc2
   builtin and then its argument prototype would still apply.  */
char forkpty ();
char (*f) ();

int
main ()
{
/* The GNU C library defines this for functions which it implements
    to always fail with ENOSYS.  Some functions are actually named
    something starting with __ and the normal name is an alias.  */
#if defined (__stub_forkpty) || defined (__stub___forkpty)
choke me
#else
f = forkpty;
#endif

  ;
  return 0;
}
configure:7939: result: no
configure:7950: checking for forkpty in -lutil
configure:7977: gcc -o conftest -O2 -g -Wall   conftest.c -lutil   >&5
configure:7980: $? = 0
configure:7983: test -s conftest
configure:7986: $? = 0
configure:7997: result: yes
configure:8011: checking for vga.h
configure:8021: gcc -E  conftest.c
configure:8027: $? = 0
configure:8046: result: yes
configure:8049: checking for vgagl.h
configure:8059: gcc -E  conftest.c
configure:8065: $? = 0
configure:8084: result: yes
configure:8087: checking for vga_init in -lvga
configure:8114: gcc -o conftest -O2 -g -Wall   conftest.c -lvga   >&5
configure:8117: $? = 0
configure:8120: test -s conftest
configure:8123: $? = 0
configure:8134: result: yes
configure:8137: checking for gl_setcontextvga in -lvgagl
configure:8165: gcc -o conftest -O2 -g -Wall   conftest.c -lvgagl -lvga
        >&5
configure:8168: $? = 0
configure:8171: test -s conftest
configure:8174: $? = 0
configure:8185: result: yes
configure:8202: checking for X
configure:8401: result: disabled
configure:9282: checking for mktemp
configure:9297: found /usr/bin/mktemp
configure:9306: result: yes
configure:9313: checking for Linux kernel sources
configure:9405: result: /projects/CirrusEP93xx/emlinux-ep93xx/kernel/
configure:9408: checking for which drivers can be installed on this system
configure:9410: result: 
configure:9422: checking for caraca_init in -lcaraca_client
configure:9449: gcc -o conftest -O2 -g -Wall   conftest.c -lcaraca_client   >&5
/usr/lib/gcc-lib/i486-slackware-linux/3.2.3/../../../../i486-slackware-linux/bin/ld: cannot find -lcaraca_client
collect2: ld returned 1 exit status
configure:9452: $? = 1
configure: failed program was:
#line 9430 "configure"
#include "confdefs.h"

/* Override any gcc2 internal prototype to avoid an error.  */
#ifdef __cplusplus
extern "C"
#endif
/* We use char because int might match the return type of a gcc2
   builtin and then its argument prototype would still apply.  */
char caraca_init ();
int
main ()
{
caraca_init ();
  ;
  return 0;
}
configure:9469: result: no
configure:9480: checking for ir_strerror in -lirman
configure:9507: gcc -o conftest -O2 -g -Wall   conftest.c -lirman   >&5
/usr/lib/gcc-lib/i486-slackware-linux/3.2.3/../../../../i486-slackware-linux/bin/ld: cannot find -lirman
collect2: ld returned 1 exit status
configure:9510: $? = 1
configure: failed program was:
#line 9488 "configure"
#include "confdefs.h"

/* Override any gcc2 internal prototype to avoid an error.  */
#ifdef __cplusplus
extern "C"
#endif
/* We use char because int might match the return type of a gcc2
   builtin and then its argument prototype would still apply.  */
char ir_strerror ();
int
main ()
{
ir_strerror ();
  ;
  return 0;
}
configure:9527: result: no
configure:9538: checking for ir_strerror in -lirman_sw
configure:9565: gcc -o conftest -O2 -g -Wall   conftest.c -lirman_sw   >&5
/usr/lib/gcc-lib/i486-slackware-linux/3.2.3/../../../../i486-slackware-linux/bin/ld: cannot find -lirman_sw
collect2: ld returned 1 exit status
configure:9568: $? = 1
configure: failed program was:
#line 9546 "configure"
#include "confdefs.h"

/* Override any gcc2 internal prototype to avoid an error.  */
#ifdef __cplusplus
extern "C"
#endif
/* We use char because int might match the return type of a gcc2
   builtin and then its argument prototype would still apply.  */
char ir_strerror ();
int
main ()
{
ir_strerror ();
  ;
  return 0;
}
configure:9585: result: no
configure:10384: creating ./config.status

## ----------------------- ##
## Running config.status.  ##
## ----------------------- ##

This file was extended by config.status 2.52, executed with
  CONFIG_FILES    = 
  CONFIG_HEADERS  = 
  CONFIG_LINKS    = 
  CONFIG_COMMANDS = 
  > ./config.status 
on Titan

config.status:10908: creating Makefile
config.status:10908: creating drivers/Makefile
config.status:10908: creating drivers/lirc_serial/Makefile
config.status:10908: creating drivers/lirc_sir/Makefile
config.status:10908: creating drivers/lirc_parallel/Makefile
config.status:10908: creating drivers/lirc_i2c/Makefile
config.status:10908: creating drivers/lirc_gpio/Makefile
config.status:10908: creating drivers/lirc_dev/Makefile
config.status:10908: creating drivers/lirc_it87/Makefile
config.status:10908: creating drivers/lirc_bt829/Makefile
config.status:10908: creating drivers/lirc_edb9307/Makefile
config.status:10908: creating drivers/lirc_edb9312/Makefile
config.status:10908: creating drivers/lirc_edb9315/Makefile
config.status:10908: creating daemons/Makefile
config.status:10908: creating tools/Makefile
config.status:10908: creating doc/Makefile
config.status:10908: creating doc/man/Makefile
config.status:11000: creating config.h

## ----------------- ##
## Cache variables.  ##
## ----------------- ##

ac_cv_build=i686-pc-linux-gnu
ac_cv_build_alias=i686-pc-linux-gnu
ac_cv_c_compiler_gnu=yes
ac_cv_c_const=yes
ac_cv_c_inline=inline
ac_cv_env_CC_set=
ac_cv_env_CC_value=
ac_cv_env_CFLAGS_set=
ac_cv_env_CFLAGS_value=
ac_cv_env_CPPFLAGS_set=
ac_cv_env_CPPFLAGS_value=
ac_cv_env_CPP_set=
ac_cv_env_CPP_value=
ac_cv_env_LDFLAGS_set=
ac_cv_env_LDFLAGS_value=
ac_cv_env_build_alias_set=
ac_cv_env_build_alias_value=
ac_cv_env_host_alias_set=
ac_cv_env_host_alias_value=
ac_cv_env_target_alias_set=
ac_cv_env_target_alias_value=
ac_cv_func__doprnt=no
ac_cv_func_daemon=yes
ac_cv_func_forkpty=no
ac_cv_func_gethostname=yes
ac_cv_func_gettimeofday=yes
ac_cv_func_mkfifo=yes
ac_cv_func_select=yes
ac_cv_func_snprintf=yes
ac_cv_func_socket=yes
ac_cv_func_strdup=yes
ac_cv_func_strerror=yes
ac_cv_func_strsep=yes
ac_cv_func_strtoul=yes
ac_cv_func_vprintf=yes
ac_cv_func_vsyslog=yes
ac_cv_have_kernel='no_kernel=no 		kerneldir="/projects/CirrusEP93xx/emlinux-ep93xx/kernel/" 		kernelcc="/bin/arm-linux-gcc"'
ac_cv_header_dlfcn_h=yes
ac_cv_header_fcntl_h=yes
ac_cv_header_inttypes_h=yes
ac_cv_header_limits_h=yes
ac_cv_header_memory_h=yes
ac_cv_header_stdc=yes
ac_cv_header_stdint_h=yes
ac_cv_header_stdlib_h=yes
ac_cv_header_string_h=yes
ac_cv_header_strings_h=yes
ac_cv_header_sys_ioctl_h=yes
ac_cv_header_sys_stat_h=yes
ac_cv_header_sys_time_h=yes
ac_cv_header_sys_types_h=yes
ac_cv_header_syslog_h=yes
ac_cv_header_time=yes
ac_cv_header_unistd_h=yes
ac_cv_header_vga_h=yes
ac_cv_header_vgagl_h=yes
ac_cv_host=i686-pc-linux-gnu
ac_cv_host_alias=i686-pc-linux-gnu
ac_cv_lib_caraca_client_caraca_init=no
ac_cv_lib_irman_ir_strerror=no
ac_cv_lib_irman_sw_ir_strerror=no
ac_cv_lib_util_forkpty=yes
ac_cv_lib_vga_vga_init=yes
ac_cv_lib_vgagl_gl_setcontextvga=yes
ac_cv_objext=o
ac_cv_path_depmod=/sbin/depmod
ac_cv_path_install='/usr/bin/ginstall -c'
ac_cv_path_mknod=/usr/bin/mknod
ac_cv_prog_AWK=gawk
ac_cv_prog_CPP='gcc -E'
ac_cv_prog_ac_ct_CC=gcc
ac_cv_prog_ac_ct_RANLIB=ranlib
ac_cv_prog_ac_ct_STRIP=strip
ac_cv_prog_ac_pkss_mktemp=yes
ac_cv_prog_cc_g=yes
ac_cv_prog_cc_stdc=
ac_cv_prog_make_make_set=yes
ac_cv_struct_tm=time.h
ac_cv_type_off_t=yes
ac_cv_type_pid_t=yes
ac_cv_type_signal=void
ac_cv_type_size_t=yes
am_cv_CC_dependencies_compiler_type=gcc3
lt_cv_archive_cmds_need_lc=no
lt_cv_compiler_c_o=yes
lt_cv_compiler_o_lo=yes
lt_cv_deplibs_check_method=pass_all
lt_cv_file_magic_cmd='$MAGIC_CMD'
lt_cv_file_magic_test_file='/lib/libc.so.6 /lib/libc-2.3.2.so /lib/libc-2.3.4.so'
lt_cv_global_symbol_to_c_name_address='sed -n -e '\''s/^: \([^ ]*\) $/  {\"\1\", (lt_ptr) 0},/p'\'' -e '\''s/^[BCDEGRST] \([^ ]*\) \([^ ]*\)$/  {"\2", (lt_ptr) \&\2},/p'\'''
lt_cv_global_symbol_to_cdecl='sed -n -e '\''s/^. .* \(.*\)$/extern char \1;/p'\'''
lt_cv_ld_reload_flag=-r
lt_cv_path_LD=/usr/i486-slackware-linux/bin/ld
lt_cv_path_NM='/usr/bin/nm -B'
lt_cv_prog_cc_can_build_shared=yes
lt_cv_prog_cc_no_builtin=
lt_cv_prog_cc_pic=' -fPIC'
lt_cv_prog_cc_pic_works=yes
lt_cv_prog_cc_shlib=
lt_cv_prog_cc_static=-static
lt_cv_prog_cc_static_works=yes
lt_cv_prog_cc_wl=-Wl,
lt_cv_prog_gnu_ld=yes
lt_cv_sys_global_symbol_pipe='sed -n -e '\''s/^.*[ 	]\([ABCDGISTW][ABCDGISTW]*\)[ 	][ 	]*\(\)\([_A-Za-z][_A-Za-z0-9]*\)$/\1 \2\3 \3/p'\'''
lt_cv_sys_path_separator=:

## ------------ ##
## confdefs.h.  ##
## ------------ ##

#define PACKAGE "lirc"
#define VERSION "0.6.6"
#define HAVE_DLFCN_H 1
#define STDC_HEADERS 1
#define TIME_WITH_SYS_TIME 1
#define HAVE_FCNTL_H 1
#define HAVE_LIMITS_H 1
#define HAVE_SYS_IOCTL_H 1
#define HAVE_SYS_TIME_H 1
#define HAVE_SYSLOG_H 1
#define HAVE_UNISTD_H 1
#define HAVE_SYS_TYPES_H 1
#define HAVE_SYS_STAT_H 1
#define HAVE_STDLIB_H 1
#define HAVE_STRING_H 1
#define HAVE_MEMORY_H 1
#define HAVE_STRINGS_H 1
#define HAVE_INTTYPES_H 1
#define HAVE_STDINT_H 1
#define HAVE_UNISTD_H 1
#define RETSIGTYPE void
#define HAVE_VPRINTF 1
#define HAVE_GETHOSTNAME 1
#define HAVE_GETTIMEOFDAY 1
#define HAVE_MKFIFO 1
#define HAVE_SELECT 1
#define HAVE_SOCKET 1
#define HAVE_STRDUP 1
#define HAVE_STRERROR 1
#define HAVE_STRTOUL 1
#define HAVE_SNPRINTF 1
#define HAVE_STRSEP 1
#define HAVE_VSYSLOG 1
#define HAVE_DAEMON 1
#define HAVE_FORKPTY 1
#define HAVE_LIBVGA 1
#define X_DISPLAY_MISSING 1
#define HW_DEFAULT hw_default
#define LONG_IR_CODE 1
#define LIRC_SERIAL_SOFTCARRIER 1
#define DAEMONIZE 1
#define DEVDIR "/dev"
#define SYSCONFDIR "/etc"
#define LOCALSTATEDIR "/var"
#define PACKAGE "lirc"
#define VERSION "0.6.6"
#define LIRC_DRIVER "edb9315"
#define LIRC_MAJOR 61
#define LIRC_PORT 
#define LIRC_IRQ 
#define LIRC_TIMER 65536
#define LIRC_IRTTY ""
#define LIRC_SYSLOG 


configure: exit 0

## ----------------------- ##
## Running config.status.  ##
## ----------------------- ##

This file was extended by config.status 2.52, executed with
  CONFIG_FILES    = 
  CONFIG_HEADERS  = config.h
  CONFIG_LINKS    = 
  CONFIG_COMMANDS = 
  > ./config.status 
on Titan

config.status:11000: creating config.h
config.status:11141: config.h is unchanged
