This file contains any messages produced by compilers while
running configure, to aid debugging if configure makes a mistake.

It was created by configure, which was
generated by GNU Autoconf 2.59.  Invocation command line was

  $ ./configure --prefix=/usr/local --host=mips-linux-uclibc --target mips-linux-uclibc CC=/opt/toolchain_mips_dsp/bin/mips-linux-uclibc-cc CXX=/opt/toolchain_mips_dsp/bin/mips-linux-uclibc-c++ LDFLAGS=-nostartfiles /private/emlinux-rtl865xb/libs/gpl/uClibc/lib/crt0.o -L/private/emlinux-rtl865xb/libs/gpl/uClibc/lib -L/opt/toolchain_mips_dsp/bin/../lib/gcc-lib/mips-linux-uclibc/3.3.4 -nodefaultlibs /opt/toolchain_mips_dsp/bin/../lib/gcc-lib/mips-linux-uclibc/3.3.4/libgcc.a -lc host_alias=mips-linux-uclibc target_alias=mips-linux-uclibc --cache-file=/dev/null --srcdir=.

## --------- ##
## Platform. ##
## --------- ##

hostname = narusawa_nb
uname -m = i686
uname -r = 2.4.22
uname -s = Linux
uname -v = #4 Fri Oct 22 15:30:46 CST 2004

/usr/bin/uname -p = unknown
/bin/uname -X     = unknown

/bin/arch              = i686
/usr/bin/arch -k       = unknown
/usr/convex/getsysinfo = unknown
hostinfo               = unknown
/bin/machine           = unknown
/usr/bin/oslevel       = unknown
/bin/universe          = unknown

PATH: /usr/local/bin
PATH: /usr/bin
PATH: /bin
PATH: /sbin
PATH: /usr/X11R6/bin
PATH: /usr/games
PATH: /opt/sourcenav/bin
PATH: /opt/www/htdig/bin
PATH: /usr/lib/java/bin
PATH: /usr/lib/java/jre/bin
PATH: /opt/kde/bin
PATH: /usr/lib/qt-3.2.1/bin
PATH: /usr/share/texmf/bin
PATH: .


## ----------- ##
## Core tests. ##
## ----------- ##

configure:1596: checking build system type
configure:1614: result: i686-pc-linux
configure:1622: checking host system type
configure:1636: result: mips-unknown-linux-uclibc
configure:1644: checking target system type
configure:1658: result: mips-unknown-linux-uclibc
configure:1687: checking for a BSD-compatible install
configure:1742: result: /usr/bin/ginstall -c
configure:1753: checking whether build environment is sane
configure:1796: result: yes
configure:1853: checking for gawk
configure:1869: found /usr/bin/gawk
configure:1879: result: gawk
configure:1889: checking whether make sets $(MAKE)
configure:1909: result: yes
configure:1988: checking for mips-linux-uclibc-strip
configure:2014: result: /opt/toolchain_mips_dsp/bin/mips-linux-uclibc-strip
configure:2161: checking for style of include used by make
configure:2189: result: GNU
configure:2222: checking for mips-linux-uclibc-gcc
configure:2248: result: /opt/toolchain_mips_dsp/bin/mips-linux-uclibc-cc
configure:2530: checking for C compiler version
configure:2533: /opt/toolchain_mips_dsp/bin/mips-linux-uclibc-cc --version </dev/null >&5
mips-linux-uclibc-cc (GCC) 3.3.4
Copyright (C) 2003 Free Software Foundation, Inc.
This is free software; see the source for copying conditions.  There is NO
warranty; not even for MERCHANTABILITY or FITNESS FOR A PARTICULAR PURPOSE.

configure:2536: $? = 0
configure:2538: /opt/toolchain_mips_dsp/bin/mips-linux-uclibc-cc -v </dev/null >&5
Reading specs from /opt/toolchain_mips_dsp/bin/../lib/gcc-lib/mips-linux-uclibc/3.3.4/specs
Configured with: /home/hiwu/gcc-3.3.x/toolchain_build_mips_nofpu/gcc-3.3.4/configure --prefix=/usr/local/gcc334_dsp --build=i386-pc-linux-gnu --host=i386-pc-linux-gnu --target=mips-linux-uclibc --enable-languages=c,c++ --enable-shared --disable-__cxa_atexit --enable-target-optspace --with-gnu-ld --disable-nls --enable-multilib --without-float --enable-sjlj-exceptions
Thread model: posix
gcc driver version 3.3.4 executing gcc version 3.3.3
configure:2541: $? = 0
configure:2543: /opt/toolchain_mips_dsp/bin/mips-linux-uclibc-cc -V </dev/null >&5
mips-linux-uclibc-cc: `-V' option must have argument
configure:2546: $? = 1
configure:2569: checking for C compiler default output file name
configure:2572: /opt/toolchain_mips_dsp/bin/mips-linux-uclibc-cc   -nostartfiles /private/emlinux-rtl865xb/libs/gpl/uClibc/lib/crt0.o -L/private/emlinux-rtl865xb/libs/gpl/uClibc/lib -L/opt/toolchain_mips_dsp/bin/../lib/gcc-lib/mips-linux-uclibc/3.3.4 -nodefaultlibs /opt/toolchain_mips_dsp/bin/../lib/gcc-lib/mips-linux-uclibc/3.3.4/libgcc.a -lc conftest.c  >&5
configure:2575: $? = 0
configure:2621: result: a.out
configure:2626: checking whether the C compiler works
configure:2632: ./a.out
./configure: line 1: ./a.out: cannot execute binary file
configure:2635: $? = 126
configure:2652: result: yes
configure:2659: checking whether we are cross compiling
configure:2661: result: yes
configure:2664: checking for suffix of executables
configure:2666: /opt/toolchain_mips_dsp/bin/mips-linux-uclibc-cc -o conftest   -nostartfiles /private/emlinux-rtl865xb/libs/gpl/uClibc/lib/crt0.o -L/private/emlinux-rtl865xb/libs/gpl/uClibc/lib -L/opt/toolchain_mips_dsp/bin/../lib/gcc-lib/mips-linux-uclibc/3.3.4 -nodefaultlibs /opt/toolchain_mips_dsp/bin/../lib/gcc-lib/mips-linux-uclibc/3.3.4/libgcc.a -lc conftest.c  >&5
configure:2669: $? = 0
configure:2694: result: 
configure:2700: checking for suffix of object files
configure:2721: /opt/toolchain_mips_dsp/bin/mips-linux-uclibc-cc -c   conftest.c >&5
configure:2724: $? = 0
configure:2746: result: o
configure:2750: checking whether we are using the GNU C compiler
configure:2774: /opt/toolchain_mips_dsp/bin/mips-linux-uclibc-cc -c   conftest.c >&5
configure:2780: $? = 0
configure:2784: test -z 
			 || test ! -s conftest.err
configure:2787: $? = 0
configure:2790: test -s conftest.o
configure:2793: $? = 0
configure:2806: result: yes
configure:2812: checking whether /opt/toolchain_mips_dsp/bin/mips-linux-uclibc-cc accepts -g
configure:2833: /opt/toolchain_mips_dsp/bin/mips-linux-uclibc-cc -c -g  conftest.c >&5
configure:2839: $? = 0
configure:2843: test -z 
			 || test ! -s conftest.err
configure:2846: $? = 0
configure:2849: test -s conftest.o
configure:2852: $? = 0
configure:2863: result: yes
configure:2880: checking for /opt/toolchain_mips_dsp/bin/mips-linux-uclibc-cc option to accept ANSI C
configure:2950: /opt/toolchain_mips_dsp/bin/mips-linux-uclibc-cc  -c -g -O2  conftest.c >&5
configure:2956: $? = 0
configure:2960: test -z 
			 || test ! -s conftest.err
configure:2963: $? = 0
configure:2966: test -s conftest.o
configure:2969: $? = 0
configure:2987: result: none needed
configure:3005: /opt/toolchain_mips_dsp/bin/mips-linux-uclibc-cc -c -g -O2  conftest.c >&5
conftest.c:2: error: parse error before "me"
configure:3011: $? = 1
configure: failed program was:
| #ifndef __cplusplus
|   choke me
| #endif
configure:3146: checking dependency style of /opt/toolchain_mips_dsp/bin/mips-linux-uclibc-cc
configure:3231: result: gcc3
configure:3248: checking for a sed that does not truncate output
configure:3302: result: /usr/bin/sed
configure:3305: checking for egrep
configure:3315: result: grep -E
configure:3331: checking for ld used by /opt/toolchain_mips_dsp/bin/mips-linux-uclibc-cc
configure:3398: result: /opt/toolchain_mips_dsp/bin/mips-linux-uclibc-ld
configure:3407: checking if the linker (/opt/toolchain_mips_dsp/bin/mips-linux-uclibc-ld) is GNU ld
configure:3422: result: yes
configure:3427: checking for /opt/toolchain_mips_dsp/bin/mips-linux-uclibc-ld option to reload object files
configure:3434: result: -r
configure:3443: checking for BSD-compatible nm
configure:3485: result: nm
configure:3489: checking whether ln -s works
configure:3493: result: yes
configure:3500: checking how to recognise dependent libraries
configure:3701: result: pass_all
configure:4157: checking how to run the C preprocessor
configure:4192: /opt/toolchain_mips_dsp/bin/mips-linux-uclibc-cc -E  conftest.c
configure:4198: $? = 0
configure:4230: /opt/toolchain_mips_dsp/bin/mips-linux-uclibc-cc -E  conftest.c
conftest.c:11:28: ac_nonexistent.h: No such file or directory
configure:4236: $? = 1
configure: failed program was:
| /* confdefs.h.  */
| 
| #define PACKAGE_NAME ""
| #define PACKAGE_TARNAME ""
| #define PACKAGE_VERSION ""
| #define PACKAGE_STRING ""
| #define PACKAGE_BUGREPORT ""
| #define PACKAGE "SDL"
| #define VERSION "1.2.7"
| /* end confdefs.h.  */
| #include <ac_nonexistent.h>
configure:4275: result: /opt/toolchain_mips_dsp/bin/mips-linux-uclibc-cc -E
configure:4299: /opt/toolchain_mips_dsp/bin/mips-linux-uclibc-cc -E  conftest.c
configure:4305: $? = 0
configure:4337: /opt/toolchain_mips_dsp/bin/mips-linux-uclibc-cc -E  conftest.c
conftest.c:11:28: ac_nonexistent.h: No such file or directory
configure:4343: $? = 1
configure: failed program was:
| /* confdefs.h.  */
| 
| #define PACKAGE_NAME ""
| #define PACKAGE_TARNAME ""
| #define PACKAGE_VERSION ""
| #define PACKAGE_STRING ""
| #define PACKAGE_BUGREPORT ""
| #define PACKAGE "SDL"
| #define VERSION "1.2.7"
| /* end confdefs.h.  */
| #include <ac_nonexistent.h>
configure:4387: checking for ANSI C header files
configure:4412: /opt/toolchain_mips_dsp/bin/mips-linux-uclibc-cc -c -g -O2  conftest.c >&5
configure:4418: $? = 0
configure:4422: test -z 
			 || test ! -s conftest.err
configure:4425: $? = 0
configure:4428: test -s conftest.o
configure:4431: $? = 0
configure:4540: result: yes
configure:4564: checking for sys/types.h
configure:4580: /opt/toolchain_mips_dsp/bin/mips-linux-uclibc-cc -c -g -O2  conftest.c >&5
configure:4586: $? = 0
configure:4590: test -z 
			 || test ! -s conftest.err
configure:4593: $? = 0
configure:4596: test -s conftest.o
configure:4599: $? = 0
configure:4610: result: yes
configure:4564: checking for sys/stat.h
configure:4580: /opt/toolchain_mips_dsp/bin/mips-linux-uclibc-cc -c -g -O2  conftest.c >&5
configure:4586: $? = 0
configure:4590: test -z 
			 || test ! -s conftest.err
configure:4593: $? = 0
configure:4596: test -s conftest.o
configure:4599: $? = 0
configure:4610: result: yes
configure:4564: checking for stdlib.h
configure:4580: /opt/toolchain_mips_dsp/bin/mips-linux-uclibc-cc -c -g -O2  conftest.c >&5
configure:4586: $? = 0
configure:4590: test -z 
			 || test ! -s conftest.err
configure:4593: $? = 0
configure:4596: test -s conftest.o
configure:4599: $? = 0
configure:4610: result: yes
configure:4564: checking for string.h
configure:4580: /opt/toolchain_mips_dsp/bin/mips-linux-uclibc-cc -c -g -O2  conftest.c >&5
configure:4586: $? = 0
configure:4590: test -z 
			 || test ! -s conftest.err
configure:4593: $? = 0
configure:4596: test -s conftest.o
configure:4599: $? = 0
configure:4610: result: yes
configure:4564: checking for memory.h
configure:4580: /opt/toolchain_mips_dsp/bin/mips-linux-uclibc-cc -c -g -O2  conftest.c >&5
configure:4586: $? = 0
configure:4590: test -z 
			 || test ! -s conftest.err
configure:4593: $? = 0
configure:4596: test -s conftest.o
configure:4599: $? = 0
configure:4610: result: yes
configure:4564: checking for strings.h
configure:4580: /opt/toolchain_mips_dsp/bin/mips-linux-uclibc-cc -c -g -O2  conftest.c >&5
configure:4586: $? = 0
configure:4590: test -z 
			 || test ! -s conftest.err
configure:4593: $? = 0
configure:4596: test -s conftest.o
configure:4599: $? = 0
configure:4610: result: yes
configure:4564: checking for inttypes.h
configure:4580: /opt/toolchain_mips_dsp/bin/mips-linux-uclibc-cc -c -g -O2  conftest.c >&5
configure:4586: $? = 0
configure:4590: test -z 
			 || test ! -s conftest.err
configure:4593: $? = 0
configure:4596: test -s conftest.o
configure:4599: $? = 0
configure:4610: result: yes
configure:4564: checking for stdint.h
configure:4580: /opt/toolchain_mips_dsp/bin/mips-linux-uclibc-cc -c -g -O2  conftest.c >&5
configure:4586: $? = 0
configure:4590: test -z 
			 || test ! -s conftest.err
configure:4593: $? = 0
configure:4596: test -s conftest.o
configure:4599: $? = 0
configure:4610: result: yes
configure:4564: checking for unistd.h
configure:4580: /opt/toolchain_mips_dsp/bin/mips-linux-uclibc-cc -c -g -O2  conftest.c >&5
configure:4586: $? = 0
configure:4590: test -z 
			 || test ! -s conftest.err
configure:4593: $? = 0
configure:4596: test -s conftest.o
configure:4599: $? = 0
configure:4610: result: yes
configure:4636: checking dlfcn.h usability
configure:4648: /opt/toolchain_mips_dsp/bin/mips-linux-uclibc-cc -c -g -O2  conftest.c >&5
configure:4654: $? = 0
configure:4658: test -z 
			 || test ! -s conftest.err
configure:4661: $? = 0
configure:4664: test -s conftest.o
configure:4667: $? = 0
configure:4677: result: yes
configure:4681: checking dlfcn.h presence
configure:4691: /opt/toolchain_mips_dsp/bin/mips-linux-uclibc-cc -E  conftest.c
configure:4697: $? = 0
configure:4717: result: yes
configure:4752: checking for dlfcn.h
configure:4759: result: yes
configure:4782: checking for mips-linux-uclibc-g++
configure:4808: result: /opt/toolchain_mips_dsp/bin/mips-linux-uclibc-c++
configure:4866: checking for C++ compiler version
configure:4869: /opt/toolchain_mips_dsp/bin/mips-linux-uclibc-c++ --version </dev/null >&5
mips-linux-uclibc-c++ (GCC) 3.3.4
Copyright (C) 2003 Free Software Foundation, Inc.
This is free software; see the source for copying conditions.  There is NO
warranty; not even for MERCHANTABILITY or FITNESS FOR A PARTICULAR PURPOSE.

configure:4872: $? = 0
configure:4874: /opt/toolchain_mips_dsp/bin/mips-linux-uclibc-c++ -v </dev/null >&5
Reading specs from /opt/toolchain_mips_dsp/bin/../lib/gcc-lib/mips-linux-uclibc/3.3.4/specs
Configured with: /home/hiwu/gcc-3.3.x/toolchain_build_mips_nofpu/gcc-3.3.4/configure --prefix=/usr/local/gcc334_dsp --build=i386-pc-linux-gnu --host=i386-pc-linux-gnu --target=mips-linux-uclibc --enable-languages=c,c++ --enable-shared --disable-__cxa_atexit --enable-target-optspace --with-gnu-ld --disable-nls --enable-multilib --without-float --enable-sjlj-exceptions
Thread model: posix
gcc driver version 3.3.4 executing gcc version 3.3.3
configure:4877: $? = 0
configure:4879: /opt/toolchain_mips_dsp/bin/mips-linux-uclibc-c++ -V </dev/null >&5
mips-linux-uclibc-c++: `-V' option must have argument
configure:4882: $? = 1
configure:4885: checking whether we are using the GNU C++ compiler
configure:4909: /opt/toolchain_mips_dsp/bin/mips-linux-uclibc-c++ -c   conftest.cc >&5
configure:4915: $? = 0
configure:4919: test -z 
			 || test ! -s conftest.err
configure:4922: $? = 0
configure:4925: test -s conftest.o
configure:4928: $? = 0
configure:4941: result: yes
configure:4947: checking whether /opt/toolchain_mips_dsp/bin/mips-linux-uclibc-c++ accepts -g
configure:4968: /opt/toolchain_mips_dsp/bin/mips-linux-uclibc-c++ -c -g  conftest.cc >&5
configure:4974: $? = 0
configure:4978: test -z 
			 || test ! -s conftest.err
configure:4981: $? = 0
configure:4984: test -s conftest.o
configure:4987: $? = 0
configure:4998: result: yes
configure:5040: /opt/toolchain_mips_dsp/bin/mips-linux-uclibc-c++ -c -g -O2  conftest.cc >&5
configure:5046: $? = 0
configure:5050: test -z 
			 || test ! -s conftest.err
configure:5053: $? = 0
configure:5056: test -s conftest.o
configure:5059: $? = 0
configure:5085: /opt/toolchain_mips_dsp/bin/mips-linux-uclibc-c++ -c -g -O2  conftest.cc >&5
conftest.cc: In function `int main()':
conftest.cc:26: error: `exit' undeclared (first use this function)
conftest.cc:26: error: (Each undeclared identifier is reported only once for 
   each function it appears in.)
configure:5091: $? = 1
configure: failed program was:
| /* confdefs.h.  */
| 
| #define PACKAGE_NAME ""
| #define PACKAGE_TARNAME ""
| #define PACKAGE_VERSION ""
| #define PACKAGE_STRING ""
| #define PACKAGE_BUGREPORT ""
| #define PACKAGE "SDL"
| #define VERSION "1.2.7"
| #define STDC_HEADERS 1
| #define HAVE_SYS_TYPES_H 1
| #define HAVE_SYS_STAT_H 1
| #define HAVE_STDLIB_H 1
| #define HAVE_STRING_H 1
| #define HAVE_MEMORY_H 1
| #define HAVE_STRINGS_H 1
| #define HAVE_INTTYPES_H 1
| #define HAVE_STDINT_H 1
| #define HAVE_UNISTD_H 1
| #define HAVE_DLFCN_H 1
| /* end confdefs.h.  */
| 
| int
| main ()
| {
| exit (42);
|   ;
|   return 0;
| }
configure:5040: /opt/toolchain_mips_dsp/bin/mips-linux-uclibc-c++ -c -g -O2  conftest.cc >&5
configure:5046: $? = 0
configure:5050: test -z 
			 || test ! -s conftest.err
configure:5053: $? = 0
configure:5056: test -s conftest.o
configure:5059: $? = 0
configure:5085: /opt/toolchain_mips_dsp/bin/mips-linux-uclibc-c++ -c -g -O2  conftest.cc >&5
configure:5091: $? = 0
configure:5095: test -z 
			 || test ! -s conftest.err
configure:5098: $? = 0
configure:5101: test -s conftest.o
configure:5104: $? = 0
configure:5129: checking dependency style of /opt/toolchain_mips_dsp/bin/mips-linux-uclibc-c++
configure:5214: result: gcc3
configure:5236: checking how to run the C++ preprocessor
configure:5267: /opt/toolchain_mips_dsp/bin/mips-linux-uclibc-c++ -E  conftest.cc
configure:5273: $? = 0
configure:5305: /opt/toolchain_mips_dsp/bin/mips-linux-uclibc-c++ -E  conftest.cc
conftest.cc:25:28: ac_nonexistent.h: No such file or directory
configure:5311: $? = 1
configure: failed program was:
| /* confdefs.h.  */
| 
| #define PACKAGE_NAME ""
| #define PACKAGE_TARNAME ""
| #define PACKAGE_VERSION ""
| #define PACKAGE_STRING ""
| #define PACKAGE_BUGREPORT ""
| #define PACKAGE "SDL"
| #define VERSION "1.2.7"
| #define STDC_HEADERS 1
| #define HAVE_SYS_TYPES_H 1
| #define HAVE_SYS_STAT_H 1
| #define HAVE_STDLIB_H 1
| #define HAVE_STRING_H 1
| #define HAVE_MEMORY_H 1
| #define HAVE_STRINGS_H 1
| #define HAVE_INTTYPES_H 1
| #define HAVE_STDINT_H 1
| #define HAVE_UNISTD_H 1
| #define HAVE_DLFCN_H 1
| #ifdef __cplusplus
| extern "C" void std::exit (int) throw (); using std::exit;
| #endif
| /* end confdefs.h.  */
| #include <ac_nonexistent.h>
configure:5350: result: /opt/toolchain_mips_dsp/bin/mips-linux-uclibc-c++ -E
configure:5374: /opt/toolchain_mips_dsp/bin/mips-linux-uclibc-c++ -E  conftest.cc
configure:5380: $? = 0
configure:5412: /opt/toolchain_mips_dsp/bin/mips-linux-uclibc-c++ -E  conftest.cc
conftest.cc:25:28: ac_nonexistent.h: No such file or directory
configure:5418: $? = 1
configure: failed program was:
| /* confdefs.h.  */
| 
| #define PACKAGE_NAME ""
| #define PACKAGE_TARNAME ""
| #define PACKAGE_VERSION ""
| #define PACKAGE_STRING ""
| #define PACKAGE_BUGREPORT ""
| #define PACKAGE "SDL"
| #define VERSION "1.2.7"
| #define STDC_HEADERS 1
| #define HAVE_SYS_TYPES_H 1
| #define HAVE_SYS_STAT_H 1
| #define HAVE_STDLIB_H 1
| #define HAVE_STRING_H 1
| #define HAVE_MEMORY_H 1
| #define HAVE_STRINGS_H 1
| #define HAVE_INTTYPES_H 1
| #define HAVE_STDINT_H 1
| #define HAVE_UNISTD_H 1
| #define HAVE_DLFCN_H 1
| #ifdef __cplusplus
| extern "C" void std::exit (int) throw (); using std::exit;
| #endif
| /* end confdefs.h.  */
| #include <ac_nonexistent.h>
configure:5471: checking for mips-linux-uclibc-g77
configure:5500: result: no
configure:5471: checking for mips-linux-uclibc-f77
configure:5500: result: no
configure:5471: checking for mips-linux-uclibc-xlf
configure:5500: result: no
configure:5471: checking for mips-linux-uclibc-frt
configure:5500: result: no
configure:5471: checking for mips-linux-uclibc-pgf77
configure:5500: result: no
configure:5471: checking for mips-linux-uclibc-fort77
configure:5500: result: no
configure:5471: checking for mips-linux-uclibc-fl32
configure:5500: result: no
configure:5471: checking for mips-linux-uclibc-af77
configure:5500: result: no
configure:5471: checking for mips-linux-uclibc-f90
configure:5500: result: no
configure:5471: checking for mips-linux-uclibc-xlf90
configure:5500: result: no
configure:5471: checking for mips-linux-uclibc-pgf90
configure:5500: result: no
configure:5471: checking for mips-linux-uclibc-epcf90
configure:5500: result: no
configure:5471: checking for mips-linux-uclibc-f95
configure:5500: result: no
configure:5471: checking for mips-linux-uclibc-fort
configure:5500: result: no
configure:5471: checking for mips-linux-uclibc-xlf95
configure:5500: result: no
configure:5471: checking for mips-linux-uclibc-ifc
configure:5500: result: no
configure:5471: checking for mips-linux-uclibc-efc
configure:5500: result: no
configure:5471: checking for mips-linux-uclibc-pgf95
configure:5500: result: no
configure:5471: checking for mips-linux-uclibc-lf95
configure:5500: result: no
configure:5471: checking for mips-linux-uclibc-gfortran
configure:5500: result: no
configure:5513: checking for g77
configure:5529: found /usr/bin/g77
configure:5539: result: g77
configure:5557: checking for Fortran 77 compiler version
configure:5557: g77 --version </dev/null >&5
GNU Fortran (GCC 3.2.3) 3.2.3 20030422 (release)
Copyright (C) 2002 Free Software Foundation, Inc.

GNU Fortran comes with NO WARRANTY, to the extent permitted by law.
You may redistribute copies of GNU Fortran
under the terms of the GNU General Public License.
For more information about these matters, see the file named COPYING
or type the command `info -f g77 Copying'.
configure:5560: $? = 0
configure:5562: g77 -v </dev/null >&5
Reading specs from /usr/lib/gcc-lib/i486-slackware-linux/3.2.3/specs
Configured with: ../gcc-3.2.3/configure --prefix=/usr --enable-shared --enable-threads=posix --enable-__cxa_atexit --disable-checking --with-gnu-ld --verbose --target=i486-slackware-linux --host=i486-slackware-linux
Thread model: posix
gcc version 3.2.3
configure:5565: $? = 0
configure:5567: g77 -V </dev/null >&5
g77: argument to `-V' missing
configure:5570: $? = 1
configure:5578: checking whether we are using the GNU Fortran 77 compiler
configure:5592: g77 -c  conftest.F >&5
configure:5598: $? = 0
configure:5602: test -z 
			 || test ! -s conftest.err
configure:5605: $? = 0
configure:5608: test -s conftest.o
configure:5611: $? = 0
configure:5624: result: yes
configure:5630: checking whether g77 accepts -g
configure:5642: g77 -c -g conftest.f >&5
configure:5648: $? = 0
configure:5652: test -z 
			 || test ! -s conftest.err
configure:5655: $? = 0
configure:5658: test -s conftest.o
configure:5661: $? = 0
configure:5673: result: yes
configure:5703: checking the maximum length of command line arguments
configure:5762: result: 32768
configure:5773: checking command to parse nm output from /opt/toolchain_mips_dsp/bin/mips-linux-uclibc-cc object
configure:5862: /opt/toolchain_mips_dsp/bin/mips-linux-uclibc-cc -c -g -O2  conftest.c >&5
configure:5865: $? = 0
configure:5869: nm conftest.o \| sed -n -e 's/^.*[ 	]\([ABCDGISTW][ABCDGISTW]*\)[ 	][ 	]*\(\)\([_A-Za-z][_A-Za-z0-9]*\)$/\1 \2\3 \3/p' \> conftest.nm
nm: conftest.o: Bad value
configure:5872: $? = 0
cannot run sed -n -e 's/^.*[ 	]\([ABCDGISTW][ABCDGISTW]*\)[ 	][ 	]*\(\)\([_A-Za-z][_A-Za-z0-9]*\)$/\1 \2\3 \3/p'
configure:5862: /opt/toolchain_mips_dsp/bin/mips-linux-uclibc-cc -c -g -O2  conftest.c >&5
configure:5865: $? = 0
configure:5869: nm conftest.o \| sed -n -e 's/^.*[ 	]\([ABCDGISTW][ABCDGISTW]*\)[ 	][ 	]*\(_\)\([_A-Za-z][_A-Za-z0-9]*\)$/\1 \2\3 \3/p' \> conftest.nm
nm: conftest.o: Bad value
configure:5872: $? = 0
cannot run sed -n -e 's/^.*[ 	]\([ABCDGISTW][ABCDGISTW]*\)[ 	][ 	]*\(_\)\([_A-Za-z][_A-Za-z0-9]*\)$/\1 \2\3 \3/p'
configure:5962: result: failed
configure:5969: checking for objdir
configure:5984: result: .libs
configure:6036: checking for mips-linux-uclibc-ar
configure:6062: result: /opt/toolchain_mips_dsp/bin/mips-linux-uclibc-ar
configure:6116: checking for mips-linux-uclibc-ranlib
configure:6142: result: /opt/toolchain_mips_dsp/bin/mips-linux-uclibc-ranlib
configure:6196: checking for mips-linux-uclibc-strip
configure:6222: result: /opt/toolchain_mips_dsp/bin/mips-linux-uclibc-strip
configure:6523: checking if /opt/toolchain_mips_dsp/bin/mips-linux-uclibc-cc static flag  works
configure:6546: result: yes
configure:6567: checking if /opt/toolchain_mips_dsp/bin/mips-linux-uclibc-cc supports -fno-rtti -fno-exceptions
configure:6588: /opt/toolchain_mips_dsp/bin/mips-linux-uclibc-cc -c -g -O2  -fno-rtti -fno-exceptions conftest.c >&5
cc1: warning: "-fno-rtti" is valid for C++ but not for C/ObjC
configure:6592: $? = 0
configure:6600: result: no
configure:6615: checking for /opt/toolchain_mips_dsp/bin/mips-linux-uclibc-cc option to produce PIC
configure:6792: result: -fPIC
configure:6799: checking if /opt/toolchain_mips_dsp/bin/mips-linux-uclibc-cc PIC flag -fPIC works
configure:6820: /opt/toolchain_mips_dsp/bin/mips-linux-uclibc-cc -c -g -O2  -fPIC -DPIC conftest.c >&5
configure:6824: $? = 0
configure:6832: result: yes
configure:6856: checking if /opt/toolchain_mips_dsp/bin/mips-linux-uclibc-cc supports -c -o file.o
configure:6887: /opt/toolchain_mips_dsp/bin/mips-linux-uclibc-cc -c -g -O2  -o out/conftest2.o conftest.c >&5
configure:6891: $? = 0
configure:6905: result: yes
configure:6931: checking whether the /opt/toolchain_mips_dsp/bin/mips-linux-uclibc-cc linker (/opt/toolchain_mips_dsp/bin/mips-linux-uclibc-ld) supports shared libraries
configure:7745: result: yes
configure:7771: checking whether -lc should be explicitly linked in
configure:7776: /opt/toolchain_mips_dsp/bin/mips-linux-uclibc-cc -c -g -O2  conftest.c >&5
configure:7779: $? = 0
configure:7793: /opt/toolchain_mips_dsp/bin/mips-linux-uclibc-cc -shared conftest.o  -v -Wl,-soname -Wl,conftest -o conftest 2\>\&1 \| grep  -lc  \>/dev/null 2\>\&1
configure:7796: $? = 0
configure:7808: result: no
configure:7816: checking how to hardcode library paths into programs
configure:7841: result: immediate
configure:7855: checking whether stripping libraries is possible
configure:7860: result: yes
configure:7882: checking dynamic linker characteristics
configure:8395: result: GNU/Linux ld.so
configure:9207: checking if libtool supports shared libraries
configure:9209: result: yes
configure:9212: checking whether to build shared libraries
configure:9261: result: yes
configure:9264: checking whether to build static libraries
configure:9268: result: yes
configure:9359: creating libtool
configure:9903: checking for ld used by /opt/toolchain_mips_dsp/bin/mips-linux-uclibc-c++
configure:9970: result: /opt/toolchain_mips_dsp/bin/mips-linux-uclibc-ld
configure:9979: checking if the linker (/opt/toolchain_mips_dsp/bin/mips-linux-uclibc-ld) is GNU ld
configure:9994: result: yes
configure:10045: checking whether the /opt/toolchain_mips_dsp/bin/mips-linux-uclibc-c++ linker (/opt/toolchain_mips_dsp/bin/mips-linux-uclibc-ld) supports shared libraries
configure:10860: result: yes
configure:10882: /opt/toolchain_mips_dsp/bin/mips-linux-uclibc-c++ -c -g -O2  conftest.cc >&5
configure:10885: $? = 0
configure:10981: checking for /opt/toolchain_mips_dsp/bin/mips-linux-uclibc-c++ option to produce PIC
configure:11233: result: -fPIC
configure:11240: checking if /opt/toolchain_mips_dsp/bin/mips-linux-uclibc-c++ PIC flag -fPIC works
configure:11261: /opt/toolchain_mips_dsp/bin/mips-linux-uclibc-c++ -c -g -O2  -fPIC -DPIC conftest.cc >&5
configure:11265: $? = 0
configure:11273: result: yes
configure:11297: checking if /opt/toolchain_mips_dsp/bin/mips-linux-uclibc-c++ supports -c -o file.o
configure:11328: /opt/toolchain_mips_dsp/bin/mips-linux-uclibc-c++ -c -g -O2  -o out/conftest2.o conftest.cc >&5
configure:11332: $? = 0
configure:11346: result: yes
configure:11372: checking whether the /opt/toolchain_mips_dsp/bin/mips-linux-uclibc-c++ linker (/opt/toolchain_mips_dsp/bin/mips-linux-uclibc-ld) supports shared libraries
configure:11397: result: yes
configure:11468: checking how to hardcode library paths into programs
configure:11493: result: immediate
configure:11507: checking whether stripping libraries is possible
configure:11512: result: yes
configure:11534: checking dynamic linker characteristics
configure:12047: result: GNU/Linux ld.so
configure:13332: checking if libtool supports shared libraries
configure:13334: result: yes
configure:13337: checking whether to build shared libraries
configure:13355: result: yes
configure:13358: checking whether to build static libraries
configure:13362: result: yes
configure:13374: checking for g77 option to produce PIC
configure:13551: result: -fPIC
configure:13558: checking if g77 PIC flag -fPIC works
configure:13579: g77 -c -g -O2 -fPIC conftest.f >&5
configure:13583: $? = 0
configure:13591: result: yes
configure:13615: checking if g77 supports -c -o file.o
configure:13646: g77 -c -g -O2 -o out/conftest2.o conftest.f >&5
configure:13650: $? = 0
configure:13664: result: yes
configure:13690: checking whether the g77 linker (/opt/toolchain_mips_dsp/bin/mips-linux-uclibc-ld) supports shared libraries
configure:14484: result: yes
configure:14555: checking how to hardcode library paths into programs
configure:14580: result: immediate
configure:14594: checking whether stripping libraries is possible
configure:14599: result: yes
configure:14621: checking dynamic linker characteristics
configure:15134: result: GNU/Linux ld.so
configure:19134: checking whether make sets $(MAKE)
configure:19154: result: yes
configure:19171: checking for mips-linux-uclibc-gcc
configure:19197: result: /opt/toolchain_mips_dsp/bin/mips-linux-uclibc-cc
configure:19479: checking for C compiler version
configure:19482: /opt/toolchain_mips_dsp/bin/mips-linux-uclibc-cc --version </dev/null >&5
mips-linux-uclibc-cc (GCC) 3.3.4
Copyright (C) 2003 Free Software Foundation, Inc.
This is free software; see the source for copying conditions.  There is NO
warranty; not even for MERCHANTABILITY or FITNESS FOR A PARTICULAR PURPOSE.

configure:19485: $? = 0
configure:19487: /opt/toolchain_mips_dsp/bin/mips-linux-uclibc-cc -v </dev/null >&5
Reading specs from /opt/toolchain_mips_dsp/bin/../lib/gcc-lib/mips-linux-uclibc/3.3.4/specs
Configured with: /home/hiwu/gcc-3.3.x/toolchain_build_mips_nofpu/gcc-3.3.4/configure --prefix=/usr/local/gcc334_dsp --build=i386-pc-linux-gnu --host=i386-pc-linux-gnu --target=mips-linux-uclibc --enable-languages=c,c++ --enable-shared --disable-__cxa_atexit --enable-target-optspace --with-gnu-ld --disable-nls --enable-multilib --without-float --enable-sjlj-exceptions
Thread model: posix
gcc driver version 3.3.4 executing gcc version 3.3.3
configure:19490: $? = 0
configure:19492: /opt/toolchain_mips_dsp/bin/mips-linux-uclibc-cc -V </dev/null >&5
mips-linux-uclibc-cc: `-V' option must have argument
configure:19495: $? = 1
configure:19498: checking whether we are using the GNU C compiler
configure:19554: result: yes
configure:19560: checking whether /opt/toolchain_mips_dsp/bin/mips-linux-uclibc-cc accepts -g
configure:19611: result: yes
configure:19628: checking for /opt/toolchain_mips_dsp/bin/mips-linux-uclibc-cc option to accept ANSI C
configure:19735: result: none needed
configure:19753: /opt/toolchain_mips_dsp/bin/mips-linux-uclibc-cc -c -g -O2  conftest.c >&5
conftest.c:2: error: parse error before "me"
configure:19759: $? = 1
configure: failed program was:
| #ifndef __cplusplus
|   choke me
| #endif
configure:19894: checking dependency style of /opt/toolchain_mips_dsp/bin/mips-linux-uclibc-cc
configure:19979: result: gcc3
configure:19996: checking for inline
configure:20017: /opt/toolchain_mips_dsp/bin/mips-linux-uclibc-cc -c -g -O2  conftest.c >&5
configure:20023: $? = 0
configure:20027: test -z 
			 || test ! -s conftest.err
configure:20030: $? = 0
configure:20033: test -s conftest.o
configure:20036: $? = 0
configure:20048: result: inline
configure:20067: checking for an ANSI C-conforming const
configure:20134: /opt/toolchain_mips_dsp/bin/mips-linux-uclibc-cc -c -g -O2  conftest.c >&5
configure:20140: $? = 0
configure:20144: test -z 
			 || test ! -s conftest.err
configure:20147: $? = 0
configure:20150: test -s conftest.o
configure:20153: $? = 0
configure:20164: result: yes
configure:20184: checking for mips-linux-uclibc-g++
configure:20210: result: /opt/toolchain_mips_dsp/bin/mips-linux-uclibc-c++
configure:20268: checking for C++ compiler version
configure:20271: /opt/toolchain_mips_dsp/bin/mips-linux-uclibc-c++ --version </dev/null >&5
mips-linux-uclibc-c++ (GCC) 3.3.4
Copyright (C) 2003 Free Software Foundation, Inc.
This is free software; see the source for copying conditions.  There is NO
warranty; not even for MERCHANTABILITY or FITNESS FOR A PARTICULAR PURPOSE.

configure:20274: $? = 0
configure:20276: /opt/toolchain_mips_dsp/bin/mips-linux-uclibc-c++ -v </dev/null >&5
Reading specs from /opt/toolchain_mips_dsp/bin/../lib/gcc-lib/mips-linux-uclibc/3.3.4/specs
Configured with: /home/hiwu/gcc-3.3.x/toolchain_build_mips_nofpu/gcc-3.3.4/configure --prefix=/usr/local/gcc334_dsp --build=i386-pc-linux-gnu --host=i386-pc-linux-gnu --target=mips-linux-uclibc --enable-languages=c,c++ --enable-shared --disable-__cxa_atexit --enable-target-optspace --with-gnu-ld --disable-nls --enable-multilib --without-float --enable-sjlj-exceptions
Thread model: posix
gcc driver version 3.3.4 executing gcc version 3.3.3
configure:20279: $? = 0
configure:20281: /opt/toolchain_mips_dsp/bin/mips-linux-uclibc-c++ -V </dev/null >&5
mips-linux-uclibc-c++: `-V' option must have argument
configure:20284: $? = 1
configure:20287: checking whether we are using the GNU C++ compiler
configure:20343: result: yes
configure:20349: checking whether /opt/toolchain_mips_dsp/bin/mips-linux-uclibc-c++ accepts -g
configure:20400: result: yes
configure:20442: /opt/toolchain_mips_dsp/bin/mips-linux-uclibc-c++ -c -g -O2  conftest.cc >&5
configure:20448: $? = 0
configure:20452: test -z 
			 || test ! -s conftest.err
configure:20455: $? = 0
configure:20458: test -s conftest.o
configure:20461: $? = 0
configure:20487: /opt/toolchain_mips_dsp/bin/mips-linux-uclibc-c++ -c -g -O2  conftest.cc >&5
configure:20493: $? = 0
configure:20497: test -z 
			 || test ! -s conftest.err
configure:20500: $? = 0
configure:20503: test -s conftest.o
configure:20506: $? = 0
configure:20531: checking dependency style of /opt/toolchain_mips_dsp/bin/mips-linux-uclibc-c++
configure:20616: result: gcc3
configure:20646: checking for a BSD-compatible install
configure:20701: result: /usr/bin/ginstall -c
configure:20714: checking for working alloca.h
configure:20735: /opt/toolchain_mips_dsp/bin/mips-linux-uclibc-cc -o conftest -g -O2  -nostartfiles /private/emlinux-rtl865xb/libs/gpl/uClibc/lib/crt0.o -L/private/emlinux-rtl865xb/libs/gpl/uClibc/lib -L/opt/toolchain_mips_dsp/bin/../lib/gcc-lib/mips-linux-uclibc/3.3.4 -nodefaultlibs /opt/toolchain_mips_dsp/bin/../lib/gcc-lib/mips-linux-uclibc/3.3.4/libgcc.a -lc conftest.c  >&5
configure:20741: $? = 0
configure:20745: test -z 
			 || test ! -s conftest.err
configure:20748: $? = 0
configure:20751: test -s conftest
configure:20754: $? = 0
configure:20766: result: yes
configure:20776: checking for alloca
configure:20817: /opt/toolchain_mips_dsp/bin/mips-linux-uclibc-cc -o conftest -g -O2  -nostartfiles /private/emlinux-rtl865xb/libs/gpl/uClibc/lib/crt0.o -L/private/emlinux-rtl865xb/libs/gpl/uClibc/lib -L/opt/toolchain_mips_dsp/bin/../lib/gcc-lib/mips-linux-uclibc/3.3.4 -nodefaultlibs /opt/toolchain_mips_dsp/bin/../lib/gcc-lib/mips-linux-uclibc/3.3.4/libgcc.a -lc conftest.c  >&5
configure:20823: $? = 0
configure:20827: test -z 
			 || test ! -s conftest.err
configure:20830: $? = 0
configure:20833: test -s conftest
configure:20836: $? = 0
configure:20848: result: yes
configure:22907: checking for dlopen
configure:22929: /opt/toolchain_mips_dsp/bin/mips-linux-uclibc-cc -c -g -O2 -Wall -DDISKAUD_SUPPORT  conftest.c >&5
configure:22935: $? = 0
configure:22939: test -z 
			 || test ! -s conftest.err
configure:22942: $? = 0
configure:22945: test -s conftest.o
configure:22948: $? = 0
configure:22959: result: yes
configure:22964: checking for dlopen in -lc
configure:22994: /opt/toolchain_mips_dsp/bin/mips-linux-uclibc-cc -o conftest -g -O2 -Wall -DDISKAUD_SUPPORT -DUSE_DLOPEN  -nostartfiles /private/emlinux-rtl865xb/libs/gpl/uClibc/lib/crt0.o -L/private/emlinux-rtl865xb/libs/gpl/uClibc/lib -L/opt/toolchain_mips_dsp/bin/../lib/gcc-lib/mips-linux-uclibc/3.3.4 -nodefaultlibs /opt/toolchain_mips_dsp/bin/../lib/gcc-lib/mips-linux-uclibc/3.3.4/libgcc.a -lc conftest.c -lc   >&5
/tmp/ccyOuqVw.o(.text+0x1c): In function `main':
/private/emlinux-rtl865xb/apps/non_gpl/avPlay/avPlay/src/avCodecFilePlayer/src/open_source/MPL/mpeg4ip-1.2/lib/SDLAudio/conftest.c:38: undefined reference to `dlopen'
collect2: ld returned 1 exit status
configure:23000: $? = 1
configure: failed program was:
| /* confdefs.h.  */
| 
| #define PACKAGE_NAME ""
| #define PACKAGE_TARNAME ""
| #define PACKAGE_VERSION ""
| #define PACKAGE_STRING ""
| #define PACKAGE_BUGREPORT ""
| #define PACKAGE "SDL"
| #define VERSION "1.2.7"
| #define STDC_HEADERS 1
| #define HAVE_SYS_TYPES_H 1
| #define HAVE_SYS_STAT_H 1
| #define HAVE_STDLIB_H 1
| #define HAVE_STRING_H 1
| #define HAVE_MEMORY_H 1
| #define HAVE_STRINGS_H 1
| #define HAVE_INTTYPES_H 1
| #define HAVE_STDINT_H 1
| #define HAVE_UNISTD_H 1
| #define HAVE_DLFCN_H 1
| #ifdef __cplusplus
| extern "C" void std::exit (int) throw (); using std::exit;
| #endif
| #define HAVE_ALLOCA_H 1
| #define HAVE_ALLOCA 1
| /* end confdefs.h.  */
| 
| /* Override any gcc2 internal prototype to avoid an error.  */
| #ifdef __cplusplus
| extern "C"
| #endif
| /* We use char because int might match the return type of a gcc2
|    builtin and then its argument prototype would still apply.  */
| char dlopen ();
| int
| main ()
| {
| dlopen ();
|   ;
|   return 0;
| }
configure:23026: result: no
configure:23031: checking for dlopen in -ldl
configure:23061: /opt/toolchain_mips_dsp/bin/mips-linux-uclibc-cc -o conftest -g -O2 -Wall -DDISKAUD_SUPPORT -DUSE_DLOPEN  -nostartfiles /private/emlinux-rtl865xb/libs/gpl/uClibc/lib/crt0.o -L/private/emlinux-rtl865xb/libs/gpl/uClibc/lib -L/opt/toolchain_mips_dsp/bin/../lib/gcc-lib/mips-linux-uclibc/3.3.4 -nodefaultlibs /opt/toolchain_mips_dsp/bin/../lib/gcc-lib/mips-linux-uclibc/3.3.4/libgcc.a -lc conftest.c -ldl   >&5
configure:23067: $? = 0
configure:23071: test -z 
			 || test ! -s conftest.err
configure:23074: $? = 0
configure:23077: test -s conftest
configure:23080: $? = 0
configure:23093: result: yes
configure:21252: checking for OSS audio support
configure:21276: /opt/toolchain_mips_dsp/bin/mips-linux-uclibc-cc -c -g -O2 -Wall -DDISKAUD_SUPPORT -DUSE_DLOPEN  conftest.c >&5
conftest.c: In function `main':
conftest.c:34: warning: unused variable `arg'
configure:21282: $? = 0
configure:21286: test -z 
			 || test ! -s conftest.err
configure:21289: $? = 0
configure:21292: test -s conftest.o
configure:21295: $? = 0
configure:21360: result: yes
configure:21382: checking for ALSA audio support
configure:21408: /opt/toolchain_mips_dsp/bin/mips-linux-uclibc-cc -c -g -O2 -Wall -DDISKAUD_SUPPORT -DUSE_DLOPEN -DOSS_SUPPORT  conftest.c >&5
conftest.c:28:38: alsa/asoundlib.h: No such file or directory
conftest.c:35:12: #error Your version of ALSA is too old
conftest.c: In function `main':
conftest.c:37: error: `snd_pcm_t' undeclared (first use in this function)
conftest.c:37: error: (Each undeclared identifier is reported only once
conftest.c:37: error: for each function it appears in.)
conftest.c:37: error: `pcm_handle' undeclared (first use in this function)
configure:21414: $? = 1
configure: failed program was:
| /* confdefs.h.  */
| 
| #define PACKAGE_NAME ""
| #define PACKAGE_TARNAME ""
| #define PACKAGE_VERSION ""
| #define PACKAGE_STRING ""
| #define PACKAGE_BUGREPORT ""
| #define PACKAGE "SDL"
| #define VERSION "1.2.7"
| #define STDC_HEADERS 1
| #define HAVE_SYS_TYPES_H 1
| #define HAVE_SYS_STAT_H 1
| #define HAVE_STDLIB_H 1
| #define HAVE_STRING_H 1
| #define HAVE_MEMORY_H 1
| #define HAVE_STRINGS_H 1
| #define HAVE_INTTYPES_H 1
| #define HAVE_STDINT_H 1
| #define HAVE_UNISTD_H 1
| #define HAVE_DLFCN_H 1
| #ifdef __cplusplus
| extern "C" void std::exit (int) throw (); using std::exit;
| #endif
| #define HAVE_ALLOCA_H 1
| #define HAVE_ALLOCA 1
| /* end confdefs.h.  */
| 
|           #include <alsa/asoundlib.h>
| 
| int
| main ()
| {
| 
|           #if SND_LIB_VERSION < ((0<<16)|(9<<8)|0)
|           #error Your version of ALSA is too old
|           #endif
|           snd_pcm_t *pcm_handle;
| 
|   ;
|   return 0;
| }
configure:21511: result: no
configure:21918: checking for artsc-config
configure:21936: found /opt/kde/bin/artsc-config
configure:21948: result: /opt/kde/bin/artsc-config
configure:21960: checking for aRts development environment
configure:21985: /opt/toolchain_mips_dsp/bin/mips-linux-uclibc-cc -c -g -O2 -Wall -DDISKAUD_SUPPORT -DUSE_DLOPEN -DOSS_SUPPORT -I/opt/kde/include/artsc  conftest.c >&5
conftest.c: In function `main':
conftest.c:34: warning: unused variable `stream'
configure:21991: $? = 0
configure:21995: test -z 
			 || test ! -s conftest.err
configure:21998: $? = 0
configure:22001: test -s conftest.o
configure:22004: $? = 0
configure:22016: result: yes
configure:21633: checking for esd-config
configure:21651: found /usr/bin/esd-config
configure:21664: result: /usr/bin/esd-config
configure:21672: checking for ESD - version >= 0.2.8
configure:21785: result: yes
configure:22060: checking for NAS audio support
configure:22078: result: no
configure:22274: checking for Linux 2.4 unified input interface
configure:22299: /opt/toolchain_mips_dsp/bin/mips-linux-uclibc-cc -c -g -O2 -Wall -DDISKAUD_SUPPORT -DUSE_DLOPEN -DOSS_SUPPORT -DARTSC_SUPPORT -DARTSC_DYNAMIC=$(arts_lib) -I/opt/kde/include/artsc -DESD_SUPPORT -DESD_DYNAMIC=$(esd_lib)   conftest.c >&5
configure:22305: $? = 0
configure:22309: test -z 
			 || test ! -s conftest.err
configure:22312: $? = 0
configure:22315: test -s conftest.o
configure:22318: $? = 0
configure:22329: result: yes
configure:22482: checking for pthreads
configure:22506: /opt/toolchain_mips_dsp/bin/mips-linux-uclibc-cc -o conftest -g -O2 -Wall -DDISKAUD_SUPPORT -DUSE_DLOPEN -DOSS_SUPPORT -DARTSC_SUPPORT -DARTSC_DYNAMIC=$(arts_lib) -I/opt/kde/include/artsc -DESD_SUPPORT -DESD_DYNAMIC=$(esd_lib)  -DUSE_INPUT_EVENTS -D_REENTRANT  -nostartfiles /private/emlinux-rtl865xb/libs/gpl/uClibc/lib/crt0.o -L/private/emlinux-rtl865xb/libs/gpl/uClibc/lib -L/opt/toolchain_mips_dsp/bin/../lib/gcc-lib/mips-linux-uclibc/3.3.4 -nodefaultlibs /opt/toolchain_mips_dsp/bin/../lib/gcc-lib/mips-linux-uclibc/3.3.4/libgcc.a -lc conftest.c  -lpthread >&5
configure:22512: $? = 0
configure:22516: test -z 
			 || test ! -s conftest.err
configure:22519: $? = 0
configure:22522: test -s conftest
configure:22525: $? = 0
configure:22537: result: yes
configure:22549: checking for recursive mutexes
configure:22577: /opt/toolchain_mips_dsp/bin/mips-linux-uclibc-cc -o conftest -g -O2 -Wall -DDISKAUD_SUPPORT -DUSE_DLOPEN -DOSS_SUPPORT -DARTSC_SUPPORT -DARTSC_DYNAMIC=$(arts_lib) -I/opt/kde/include/artsc -DESD_SUPPORT -DESD_DYNAMIC=$(esd_lib)  -DUSE_INPUT_EVENTS -D_REENTRANT -DSDL_USE_PTHREADS  -nostartfiles /private/emlinux-rtl865xb/libs/gpl/uClibc/lib/crt0.o -L/private/emlinux-rtl865xb/libs/gpl/uClibc/lib -L/opt/toolchain_mips_dsp/bin/../lib/gcc-lib/mips-linux-uclibc/3.3.4 -nodefaultlibs /opt/toolchain_mips_dsp/bin/../lib/gcc-lib/mips-linux-uclibc/3.3.4/libgcc.a -lc conftest.c  -lpthread >&5
conftest.c: In function `main':
conftest.c:36: warning: implicit declaration of function `pthread_mutexattr_setkind_np'
configure:22583: $? = 0
configure:22587: test -z 
			 || test ! -s conftest.err
configure:22590: $? = 0
configure:22593: test -s conftest
configure:22596: $? = 0
configure:22617: result: yes
configure:22625: checking for pthread semaphores
configure:22648: /opt/toolchain_mips_dsp/bin/mips-linux-uclibc-cc -c -g -O2 -Wall -DDISKAUD_SUPPORT -DUSE_DLOPEN -DOSS_SUPPORT -DARTSC_SUPPORT -DARTSC_DYNAMIC=$(arts_lib) -I/opt/kde/include/artsc -DESD_SUPPORT -DESD_DYNAMIC=$(esd_lib)  -DUSE_INPUT_EVENTS -D_REENTRANT -DSDL_USE_PTHREADS  conftest.c >&5
configure:22654: $? = 0
configure:22658: test -z 
			 || test ! -s conftest.err
configure:22661: $? = 0
configure:22664: test -s conftest.o
configure:22667: $? = 0
configure:22678: result: yes
configure:22685: checking for broken glibc 2.0 pthreads
configure:22712: /opt/toolchain_mips_dsp/bin/mips-linux-uclibc-cc -c -g -O2 -Wall -DDISKAUD_SUPPORT -DUSE_DLOPEN -DOSS_SUPPORT -DARTSC_SUPPORT -DARTSC_DYNAMIC=$(arts_lib) -I/opt/kde/include/artsc -DESD_SUPPORT -DESD_DYNAMIC=$(esd_lib)  -DUSE_INPUT_EVENTS -D_REENTRANT -DSDL_USE_PTHREADS  conftest.c >&5
conftest.c:32:24: #error pthread implementation okay
configure:22718: $? = 1
configure: failed program was:
| /* confdefs.h.  */
| 
| #define PACKAGE_NAME ""
| #define PACKAGE_TARNAME ""
| #define PACKAGE_VERSION ""
| #define PACKAGE_STRING ""
| #define PACKAGE_BUGREPORT ""
| #define PACKAGE "SDL"
| #define VERSION "1.2.7"
| #define STDC_HEADERS 1
| #define HAVE_SYS_TYPES_H 1
| #define HAVE_SYS_STAT_H 1
| #define HAVE_STDLIB_H 1
| #define HAVE_STRING_H 1
| #define HAVE_MEMORY_H 1
| #define HAVE_STRINGS_H 1
| #define HAVE_INTTYPES_H 1
| #define HAVE_STDINT_H 1
| #define HAVE_UNISTD_H 1
| #define HAVE_DLFCN_H 1
| #ifdef __cplusplus
| extern "C" void std::exit (int) throw (); using std::exit;
| #endif
| #define HAVE_ALLOCA_H 1
| #define HAVE_ALLOCA 1
| /* end confdefs.h.  */
| 
|                       #include <features.h>
|                       #if (__GLIBC__ == 2) && (__GLIBC_MINOR__ == 0)
|                       #warning Working around a bug in glibc 2.0 pthreads
|                       #else
|                       #error pthread implementation okay
|                       #endif /* glibc 2.0 */
| 
| int
| main ()
| {
| 
| 
|   ;
|   return 0;
| }
configure:22742: result: no
configure:22749: checking whether semun is defined in /usr/include/sys/sem.h
configure:22773: /opt/toolchain_mips_dsp/bin/mips-linux-uclibc-cc -c -g -O2 -Wall -DDISKAUD_SUPPORT -DUSE_DLOPEN -DOSS_SUPPORT -DARTSC_SUPPORT -DARTSC_DYNAMIC=$(arts_lib) -I/opt/kde/include/artsc -DESD_SUPPORT -DESD_DYNAMIC=$(esd_lib)  -DUSE_INPUT_EVENTS -D_REENTRANT -DSDL_USE_PTHREADS  conftest.c >&5
conftest.c: In function `main':
conftest.c:35: error: storage size of `t' isn't known
conftest.c:35: warning: unused variable `t'
configure:22779: $? = 1
configure: failed program was:
| /* confdefs.h.  */
| 
| #define PACKAGE_NAME ""
| #define PACKAGE_TARNAME ""
| #define PACKAGE_VERSION ""
| #define PACKAGE_STRING ""
| #define PACKAGE_BUGREPORT ""
| #define PACKAGE "SDL"
| #define VERSION "1.2.7"
| #define STDC_HEADERS 1
| #define HAVE_SYS_TYPES_H 1
| #define HAVE_SYS_STAT_H 1
| #define HAVE_STDLIB_H 1
| #define HAVE_STRING_H 1
| #define HAVE_MEMORY_H 1
| #define HAVE_STRINGS_H 1
| #define HAVE_INTTYPES_H 1
| #define HAVE_STDINT_H 1
| #define HAVE_UNISTD_H 1
| #define HAVE_DLFCN_H 1
| #ifdef __cplusplus
| extern "C" void std::exit (int) throw (); using std::exit;
| #endif
| #define HAVE_ALLOCA_H 1
| #define HAVE_ALLOCA 1
| /* end confdefs.h.  */
| 
|       #include <sys/types.h>
|       #include <sys/sem.h>
| 
| int
| main ()
| {
| 
|       union semun t;
| 
|   ;
|   return 0;
| }
configure:22803: result: no
configure:22835: checking sigaction
configure:22859: /opt/toolchain_mips_dsp/bin/mips-linux-uclibc-cc -c -g -O2 -Wall -DDISKAUD_SUPPORT -DUSE_DLOPEN -DOSS_SUPPORT -DARTSC_SUPPORT -DARTSC_DYNAMIC=$(arts_lib) -I/opt/kde/include/artsc -DESD_SUPPORT -DESD_DYNAMIC=$(esd_lib)  -DUSE_INPUT_EVENTS -D_REENTRANT -DSDL_USE_PTHREADS  conftest.c >&5
configure:22865: $? = 0
configure:22869: test -z 
			 || test ! -s conftest.err
configure:22872: $? = 0
configure:22875: test -s conftest.o
configure:22878: $? = 0
configure:22889: result: yes
configure:23406: checking for GCC Altivec instruction support
configure:23431: /opt/toolchain_mips_dsp/bin/mips-linux-uclibc-cc -c -g -O2 -Wall -DDISKAUD_SUPPORT -DUSE_DLOPEN -DOSS_SUPPORT -DARTSC_SUPPORT -DARTSC_DYNAMIC=$(arts_lib) -I/opt/kde/include/artsc -DESD_SUPPORT -DESD_DYNAMIC=$(esd_lib)  -DUSE_INPUT_EVENTS -D_REENTRANT -DSDL_USE_PTHREADS -DHAVE_SIGACTION  conftest.c >&5
/tmp/ccfBszUF.s: Assembler messages:
/tmp/ccfBszUF.s:29: Error: unrecognized opcode `mtspr 256,$2'
/tmp/ccfBszUF.s:30: Error: unrecognized opcode `vand %v0,%v0,%v0'
configure:23437: $? = 1
configure: failed program was:
| /* confdefs.h.  */
| 
| #define PACKAGE_NAME ""
| #define PACKAGE_TARNAME ""
| #define PACKAGE_VERSION ""
| #define PACKAGE_STRING ""
| #define PACKAGE_BUGREPORT ""
| #define PACKAGE "SDL"
| #define VERSION "1.2.7"
| #define STDC_HEADERS 1
| #define HAVE_SYS_TYPES_H 1
| #define HAVE_SYS_STAT_H 1
| #define HAVE_STDLIB_H 1
| #define HAVE_STRING_H 1
| #define HAVE_MEMORY_H 1
| #define HAVE_STRINGS_H 1
| #define HAVE_INTTYPES_H 1
| #define HAVE_STDINT_H 1
| #define HAVE_UNISTD_H 1
| #define HAVE_DLFCN_H 1
| #ifdef __cplusplus
| extern "C" void std::exit (int) throw (); using std::exit;
| #endif
| #define HAVE_ALLOCA_H 1
| #define HAVE_ALLOCA 1
| /* end confdefs.h.  */
| 
| 
| int
| main ()
| {
| 
|         asm volatile ("mtspr 256, %0\n\t"
|                       "vand %%v0, %%v0, %%v0"
|                       :
|                       : "r" (-1));
| 
|   ;
|   return 0;
| }
configure:23464: result: no
configure:24482: creating ./config.status

## ---------------------- ##
## Running config.status. ##
## ---------------------- ##

This file was extended by config.status, which was
generated by GNU Autoconf 2.59.  Invocation command line was

  CONFIG_FILES    = 
  CONFIG_HEADERS  = 
  CONFIG_LINKS    = 
  CONFIG_COMMANDS = 
  $ ./config.status 

on narusawa_nb

config.status:822: creating Makefile
config.status:822: creating include/Makefile
config.status:822: creating src/Makefile
config.status:822: creating src/audio/Makefile
config.status:822: creating src/audio/alsa/Makefile
config.status:822: creating src/audio/arts/Makefile
config.status:822: creating src/audio/baudio/Makefile
config.status:822: creating src/audio/dc/Makefile
config.status:822: creating src/audio/disk/Makefile
config.status:822: creating src/audio/dma/Makefile
config.status:822: creating src/audio/dmedia/Makefile
config.status:822: creating src/audio/dsp/Makefile
config.status:822: creating src/audio/esd/Makefile
config.status:822: creating src/audio/macrom/Makefile
config.status:822: creating src/audio/mint/Makefile
config.status:822: creating src/audio/mme/Makefile
config.status:822: creating src/audio/nas/Makefile
config.status:822: creating src/audio/nto/Makefile
config.status:822: creating src/audio/openbsd/Makefile
config.status:822: creating src/audio/paudio/Makefile
config.status:822: creating src/audio/riscos/Makefile
config.status:822: creating src/audio/sun/Makefile
config.status:822: creating src/audio/ums/Makefile
config.status:822: creating src/audio/windib/Makefile
config.status:822: creating src/audio/windx5/Makefile
config.status:1005: executing depfiles commands

## ---------------- ##
## Cache variables. ##
## ---------------- ##

ac_cv_build=i686-pc-linux
ac_cv_build_alias=i686-pc-linux
ac_cv_c_compiler_gnu=yes
ac_cv_c_const=yes
ac_cv_c_inline=inline
ac_cv_cxx_compiler_gnu=yes
ac_cv_env_CC_set=set
ac_cv_env_CC_value=/opt/toolchain_mips_dsp/bin/mips-linux-uclibc-cc
ac_cv_env_CFLAGS_set=
ac_cv_env_CFLAGS_value=
ac_cv_env_CPPFLAGS_set=
ac_cv_env_CPPFLAGS_value=
ac_cv_env_CPP_set=
ac_cv_env_CPP_value=
ac_cv_env_CXXCPP_set=
ac_cv_env_CXXCPP_value=
ac_cv_env_CXXFLAGS_set=
ac_cv_env_CXXFLAGS_value=
ac_cv_env_CXX_set=set
ac_cv_env_CXX_value=/opt/toolchain_mips_dsp/bin/mips-linux-uclibc-c++
ac_cv_env_F77_set=
ac_cv_env_F77_value=
ac_cv_env_FFLAGS_set=
ac_cv_env_FFLAGS_value=
ac_cv_env_LDFLAGS_set=set
ac_cv_env_LDFLAGS_value='-nostartfiles /private/emlinux-rtl865xb/libs/gpl/uClibc/lib/crt0.o -L/private/emlinux-rtl865xb/libs/gpl/uClibc/lib -L/opt/toolchain_mips_dsp/bin/../lib/gcc-lib/mips-linux-uclibc/3.3.4 -nodefaultlibs /opt/toolchain_mips_dsp/bin/../lib/gcc-lib/mips-linux-uclibc/3.3.4/libgcc.a -lc'
ac_cv_env_build_alias_set=
ac_cv_env_build_alias_value=
ac_cv_env_host_alias_set=set
ac_cv_env_host_alias_value=mips-linux-uclibc
ac_cv_env_target_alias_set=set
ac_cv_env_target_alias_value=mips-linux-uclibc
ac_cv_exeext=
ac_cv_f77_compiler_gnu=yes
ac_cv_func_alloca_works=yes
ac_cv_header_dlfcn_h=yes
ac_cv_header_inttypes_h=yes
ac_cv_header_memory_h=yes
ac_cv_header_stdc=yes
ac_cv_header_stdint_h=yes
ac_cv_header_stdlib_h=yes
ac_cv_header_string_h=yes
ac_cv_header_strings_h=yes
ac_cv_header_sys_stat_h=yes
ac_cv_header_sys_types_h=yes
ac_cv_header_unistd_h=yes
ac_cv_host=mips-unknown-linux-uclibc
ac_cv_host_alias=mips-linux-uclibc
ac_cv_lib_c_dlopen=no
ac_cv_lib_dl_dlopen=yes
ac_cv_objext=o
ac_cv_path_ARTSCCONFIG=/opt/kde/bin/artsc-config
ac_cv_path_ESD_CONFIG=/usr/bin/esd-config
ac_cv_path_install='/usr/bin/ginstall -c'
ac_cv_prog_AR=/opt/toolchain_mips_dsp/bin/mips-linux-uclibc-ar
ac_cv_prog_AWK=gawk
ac_cv_prog_CC=/opt/toolchain_mips_dsp/bin/mips-linux-uclibc-cc
ac_cv_prog_CPP='/opt/toolchain_mips_dsp/bin/mips-linux-uclibc-cc -E'
ac_cv_prog_CXX=/opt/toolchain_mips_dsp/bin/mips-linux-uclibc-c++
ac_cv_prog_CXXCPP='/opt/toolchain_mips_dsp/bin/mips-linux-uclibc-c++ -E'
ac_cv_prog_RANLIB=/opt/toolchain_mips_dsp/bin/mips-linux-uclibc-ranlib
ac_cv_prog_STRIP=/opt/toolchain_mips_dsp/bin/mips-linux-uclibc-strip
ac_cv_prog_ac_ct_F77=g77
ac_cv_prog_cc_g=yes
ac_cv_prog_cc_stdc=
ac_cv_prog_cxx_g=yes
ac_cv_prog_egrep='grep -E'
ac_cv_prog_f77_g=yes
ac_cv_prog_make_make_set=yes
ac_cv_target=mips-unknown-linux-uclibc
ac_cv_target_alias=mips-linux-uclibc
ac_cv_working_alloca_h=yes
am_cv_CC_dependencies_compiler_type=gcc3
am_cv_CXX_dependencies_compiler_type=gcc3
lt_cv_deplibs_check_method=pass_all
lt_cv_file_magic_cmd='$MAGIC_CMD'
lt_cv_file_magic_test_file='/lib/libc.so.6 /lib/libc-2.3.2.so'
lt_cv_ld_reload_flag=-r
lt_cv_objdir=.libs
lt_cv_path_LD=/opt/toolchain_mips_dsp/bin/mips-linux-uclibc-ld
lt_cv_path_LDCXX=/opt/toolchain_mips_dsp/bin/mips-linux-uclibc-ld
lt_cv_path_NM=nm
lt_cv_path_SED=/usr/bin/sed
lt_cv_prog_compiler_c_o=yes
lt_cv_prog_compiler_c_o_CXX=yes
lt_cv_prog_compiler_c_o_F77=yes
lt_cv_prog_compiler_rtti_exceptions=no
lt_cv_prog_gnu_ld=yes
lt_cv_prog_gnu_ldcxx=yes
lt_cv_sys_global_symbol_pipe=
lt_cv_sys_global_symbol_to_c_name_address='sed -n -e '\''s/^: \([^ ]*\) $/  {\"\1\", (lt_ptr) 0},/p'\'' -e '\''s/^[BCDEGRST] \([^ ]*\) \([^ ]*\)$/  {"\2", (lt_ptr) \&\2},/p'\'''
lt_cv_sys_global_symbol_to_cdecl=
lt_cv_sys_max_cmd_len=32768
lt_lt_cv_prog_compiler_c_o='"yes"'
lt_lt_cv_prog_compiler_c_o_CXX='"yes"'
lt_lt_cv_prog_compiler_c_o_F77='"yes"'
lt_lt_cv_sys_global_symbol_pipe='""'
lt_lt_cv_sys_global_symbol_to_c_name_address='"sed -n -e '\''s/^: \\([^ ]*\\) \$/  {\\\"\\1\\\", (lt_ptr) 0},/p'\'' -e '\''s/^[BCDEGRST] \\([^ ]*\\) \\([^ ]*\\)\$/  {\"\\2\", (lt_ptr) \\&\\2},/p'\''"'
lt_lt_cv_sys_global_symbol_to_cdecl='""'

## ----------------- ##
## Output variables. ##
## ----------------- ##

ACLOCAL='${SHELL} /private/emlinux-rtl865xb/apps/non_gpl/avPlay/avPlay/src/avCodecFilePlayer/src/open_source/MPL/mpeg4ip-1.2/lib/SDLAudio/missing --run aclocal-1.8'
ALLOCA=''
AMDEPBACKSLASH='\'
AMDEP_FALSE='#'
AMDEP_TRUE=''
AMTAR='${SHELL} /private/emlinux-rtl865xb/apps/non_gpl/avPlay/avPlay/src/avCodecFilePlayer/src/open_source/MPL/mpeg4ip-1.2/lib/SDLAudio/missing --run tar'
AR='/opt/toolchain_mips_dsp/bin/mips-linux-uclibc-ar'
ARCH='linux'
ARTSCCONFIG='/opt/kde/bin/artsc-config'
AS='gcc'
ASFLAGS=''
AUDIO_DRIVERS=' disk/libaudio_disk.la dsp/libaudio_dsp.la dma/libaudio_dma.la arts/libaudio_arts.la esd/libaudio_esd.la'
AUDIO_SUBDIRS=' disk dsp dma arts esd'
AUTOCONF='${SHELL} /private/emlinux-rtl865xb/apps/non_gpl/avPlay/avPlay/src/avCodecFilePlayer/src/open_source/MPL/mpeg4ip-1.2/lib/SDLAudio/missing --run autoconf'
AUTOHEADER='${SHELL} /private/emlinux-rtl865xb/apps/non_gpl/avPlay/avPlay/src/avCodecFilePlayer/src/open_source/MPL/mpeg4ip-1.2/lib/SDLAudio/missing --run autoheader'
AUTOMAKE='${SHELL} /private/emlinux-rtl865xb/apps/non_gpl/avPlay/avPlay/src/avCodecFilePlayer/src/open_source/MPL/mpeg4ip-1.2/lib/SDLAudio/missing --run automake-1.8'
AWK='gawk'
CC='/opt/toolchain_mips_dsp/bin/mips-linux-uclibc-cc'
CCAS='/opt/toolchain_mips_dsp/bin/mips-linux-uclibc-cc'
CCASFLAGS=''
CCDEPMODE='depmode=gcc3'
CDROM_DRIVERS=''
CDROM_SUBDIRS=''
CFLAGS='-g -O2 -Wall -DDISKAUD_SUPPORT -DUSE_DLOPEN -DOSS_SUPPORT -DARTSC_SUPPORT -DARTSC_DYNAMIC=$(arts_lib) -I/opt/kde/include/artsc -DESD_SUPPORT -DESD_DYNAMIC=$(esd_lib)  -DUSE_INPUT_EVENTS -D_REENTRANT -DSDL_USE_PTHREADS -DHAVE_SIGACTION -I$(top_srcdir)/include -I$(top_srcdir)/include/SDL -I$(top_srcdir)/src -I$(top_srcdir)/src/main/linux -I$(top_srcdir)/src/audio -I/usr/include/SDL -D_REENTRANT'
CPP='/opt/toolchain_mips_dsp/bin/mips-linux-uclibc-cc -E'
CPPFLAGS=''
CXX='/opt/toolchain_mips_dsp/bin/mips-linux-uclibc-c++'
CXXCPP='/opt/toolchain_mips_dsp/bin/mips-linux-uclibc-c++ -E'
CXXDEPMODE='depmode=gcc3'
CXXFLAGS='-g -O2 -Wall -DDISKAUD_SUPPORT -DUSE_DLOPEN -DOSS_SUPPORT -DARTSC_SUPPORT -DARTSC_DYNAMIC=$(arts_lib) -I/opt/kde/include/artsc -DESD_SUPPORT -DESD_DYNAMIC=$(esd_lib)  -DUSE_INPUT_EVENTS -D_REENTRANT -DSDL_USE_PTHREADS -DHAVE_SIGACTION -I$(top_srcdir)/include -I$(top_srcdir)/include/SDL -I$(top_srcdir)/src -I$(top_srcdir)/src/main/linux -I$(top_srcdir)/src/audio'
CYGPATH_W='echo'
DEFS='-DPACKAGE_NAME=\"\" -DPACKAGE_TARNAME=\"\" -DPACKAGE_VERSION=\"\" -DPACKAGE_STRING=\"\" -DPACKAGE_BUGREPORT=\"\" -DPACKAGE=\"SDL\" -DVERSION=\"1.2.7\" -DSTDC_HEADERS=1 -DHAVE_SYS_TYPES_H=1 -DHAVE_SYS_STAT_H=1 -DHAVE_STDLIB_H=1 -DHAVE_STRING_H=1 -DHAVE_MEMORY_H=1 -DHAVE_STRINGS_H=1 -DHAVE_INTTYPES_H=1 -DHAVE_STDINT_H=1 -DHAVE_UNISTD_H=1 -DHAVE_DLFCN_H=1 -DHAVE_ALLOCA_H=1 -DHAVE_ALLOCA=1 '
DEPDIR='.deps'
DLLTOOL='dlltool'
ECHO='echo'
ECHO_C=''
ECHO_N='-n'
ECHO_T=''
EGREP='grep -E'
ENABLE_SHARED_FALSE='#'
ENABLE_SHARED_TRUE=''
ENABLE_STATIC_FALSE='#'
ENABLE_STATIC_TRUE=''
ESD_CFLAGS=''
ESD_CONFIG='/usr/bin/esd-config'
ESD_LIBS='-L/usr/lib -lesd -laudiofile -lm -lasound'
EXEEXT=''
F77='g77'
FFLAGS='-g -O2'
HAVE_NASM_FALSE=''
HAVE_NASM_TRUE='#'
INSTALL_DATA='${INSTALL} -m 644'
INSTALL_PROGRAM='${INSTALL}'
INSTALL_SCRIPT='${INSTALL}'
INSTALL_STRIP_PROGRAM='${SHELL} $(install_sh) -c -s'
JOYSTICK_DRIVERS=''
JOYSTICK_SUBDIRS=''
LDFLAGS='-nostartfiles /private/emlinux-rtl865xb/libs/gpl/uClibc/lib/crt0.o -L/private/emlinux-rtl865xb/libs/gpl/uClibc/lib -L/opt/toolchain_mips_dsp/bin/../lib/gcc-lib/mips-linux-uclibc/3.3.4 -nodefaultlibs /opt/toolchain_mips_dsp/bin/../lib/gcc-lib/mips-linux-uclibc/3.3.4/libgcc.a -lc'
LIBOBJS=''
LIBS=' -lpthread'
LIBTOOL='$(SHELL) $(top_builddir)/libtool'
LN_S='ln -s'
LTLIBOBJS=''
LT_AGE='7'
LT_CURRENT='7'
LT_RELEASE='1.2'
LT_REVISION='0'
MAKEINFO='${SHELL} /private/emlinux-rtl865xb/apps/non_gpl/avPlay/avPlay/src/avCodecFilePlayer/src/open_source/MPL/mpeg4ip-1.2/lib/SDLAudio/missing --run makeinfo'
OBJC=''
OBJCDEPMODE=''
OBJCFLAGS=''
OBJDUMP='objdump'
OBJEXT='o'
PACKAGE='SDL'
PACKAGE_BUGREPORT=''
PACKAGE_NAME=''
PACKAGE_STRING=''
PACKAGE_TARNAME=''
PACKAGE_VERSION=''
PATH_SEPARATOR=':'
PTH_CONFIG=''
RANLIB='/opt/toolchain_mips_dsp/bin/mips-linux-uclibc-ranlib'
SDL_BINARY_AGE='7'
SDL_CFLAGS=' -D_REENTRANT'
SDL_EXTRADIRS=' audio'
SDL_EXTRALIBS=' audio/libaudio.la'
SDL_INTERFACE_AGE='0'
SDL_LIBS='-lSDL -lpthread'
SDL_MAJOR_VERSION='1'
SDL_MICRO_VERSION='7'
SDL_MINOR_VERSION='2'
SDL_RLD_FLAGS='-Wl,-rpath,${exec_prefix}/lib'
SDL_STATIC_LIBS='-lSDL -lpthread'
SDL_VERSION='1.2.7'
SET_MAKE=''
SHARED_SYSTEM_LIBS=''
SHELL='/bin/sh'
STATIC_SYSTEM_LIBS=' -lm -ldl'
STRIP='/opt/toolchain_mips_dsp/bin/mips-linux-uclibc-strip'
SYSTEM_LIBS=' -lm -ldl'
TARGET_AIX_FALSE=''
TARGET_AIX_TRUE='#'
TARGET_BEOS_FALSE=''
TARGET_BEOS_TRUE='#'
TARGET_BSDI_FALSE=''
TARGET_BSDI_TRUE='#'
TARGET_FREEBSD_FALSE=''
TARGET_FREEBSD_TRUE='#'
TARGET_IRIX_FALSE=''
TARGET_IRIX_TRUE='#'
TARGET_LINUX_FALSE='#'
TARGET_LINUX_TRUE=''
TARGET_MACOSX_FALSE=''
TARGET_MACOSX_TRUE='#'
TARGET_MACOS_FALSE=''
TARGET_MACOS_TRUE='#'
TARGET_MINT_FALSE=''
TARGET_MINT_TRUE='#'
TARGET_NETBSD_FALSE=''
TARGET_NETBSD_TRUE='#'
TARGET_OPENBSD_FALSE=''
TARGET_OPENBSD_TRUE='#'
TARGET_QNX_FALSE=''
TARGET_QNX_TRUE='#'
TARGET_QTOPIA_FALSE=''
TARGET_QTOPIA_TRUE='#'
TARGET_SOLARIS_FALSE=''
TARGET_SOLARIS_TRUE='#'
TARGET_WIN32_FALSE=''
TARGET_WIN32_TRUE='#'
USE_CLONE_FALSE=''
USE_CLONE_TRUE='#'
USE_DIRECTX_FALSE=''
USE_DIRECTX_TRUE='#'
VERSION='1.2.7'
VIDEO_DRIVERS=''
VIDEO_SUBDIRS=''
ac_ct_AR=''
ac_ct_AS=''
ac_ct_CC=''
ac_ct_CXX=''
ac_ct_DLLTOOL=''
ac_ct_F77='g77'
ac_ct_OBJDUMP=''
ac_ct_RANLIB=''
ac_ct_STRIP=''
am__fastdepCC_FALSE='#'
am__fastdepCC_TRUE=''
am__fastdepCXX_FALSE='#'
am__fastdepCXX_TRUE=''
am__fastdepOBJC_FALSE=''
am__fastdepOBJC_TRUE='#'
am__include='include'
am__leading_dot='.'
am__quote=''
arts_lib='libartsc.so.0'
bindir='${exec_prefix}/bin'
build='i686-pc-linux'
build_alias=''
build_cpu='i686'
build_os='linux'
build_vendor='pc'
datadir='${prefix}/share'
esd_lib='libesd.so.0'
exec_prefix='${prefix}'
host='mips-unknown-linux-uclibc'
host_alias='mips-linux-uclibc'
host_cpu='mips'
host_os='linux-uclibc'
host_vendor='unknown'
includedir='${prefix}/include'
infodir='${prefix}/info'
install_sh='/private/emlinux-rtl865xb/apps/non_gpl/avPlay/avPlay/src/avCodecFilePlayer/src/open_source/MPL/mpeg4ip-1.2/lib/SDLAudio/install-sh'
libdir='${exec_prefix}/lib'
libexecdir='${exec_prefix}/libexec'
localstatedir='${prefix}/var'
mandir='${prefix}/man'
mkdir_p='mkdir -p -- .'
oldincludedir='/usr/include'
prefix='/usr/local'
program_transform_name='s,^,mips-linux-uclibc-,'
sbindir='${exec_prefix}/sbin'
sharedstatedir='${prefix}/com'
sysconfdir='${prefix}/etc'
target='mips-unknown-linux-uclibc'
target_alias='mips-linux-uclibc'
target_cpu='mips'
target_os='linux-uclibc'
target_vendor='unknown'

## ----------- ##
## confdefs.h. ##
## ----------- ##

#define HAVE_ALLOCA 1
#define HAVE_ALLOCA_H 1
#define HAVE_DLFCN_H 1
#define HAVE_INTTYPES_H 1
#define HAVE_MEMORY_H 1
#define HAVE_STDINT_H 1
#define HAVE_STDLIB_H 1
#define HAVE_STRINGS_H 1
#define HAVE_STRING_H 1
#define HAVE_SYS_STAT_H 1
#define HAVE_SYS_TYPES_H 1
#define HAVE_UNISTD_H 1
#define PACKAGE "SDL"
#define PACKAGE_BUGREPORT ""
#define PACKAGE_NAME ""
#define PACKAGE_STRING ""
#define PACKAGE_TARNAME ""
#define PACKAGE_VERSION ""
#define STDC_HEADERS 1
#define VERSION "1.2.7"
#endif
#ifdef __cplusplus
extern "C" void std::exit (int) throw (); using std::exit;

configure: exit 0
