This file contains any messages produced by compilers while
running configure, to aid debugging if configure makes a mistake.

It was created by configure, which was
generated by GNU Autoconf 2.57.  Invocation command line was

  $ ../configure --host=arm-linux

## --------- ##
## Platform. ##
## --------- ##

hostname = Titan
uname -m = i686
uname -r = 2.6.24.5-smp
uname -s = Linux
uname -v = #1 SMP Wed Apr 30 13:18:13 CDT 2008

/usr/bin/uname -p = Intel(R) Pentium(R) 4 CPU 2.80GHz
/bin/uname -X     = unknown

/bin/arch              = i686
/usr/bin/arch -k       = unknown
/usr/convex/getsysinfo = unknown
hostinfo               = unknown
/bin/machine           = unknown
/usr/bin/oslevel       = unknown
/bin/universe          = unknown

PATH: /usr/local/arm/3.4.6/bin/
PATH: /usr/local/bin
PATH: /usr/bin
PATH: /bin
PATH: /usr/X11R6/bin
PATH: /usr/games
PATH: /usr/lib/java/bin
PATH: /usr/lib/java/jre/bin
PATH: /usr/lib/java/bin
PATH: /usr/lib/java/jre/bin
PATH: /opt/kde3/lib/qt3/bin
PATH: /opt/kde3/bin
PATH: /usr/lib/qt/bin
PATH: /usr/share/texmf/bin
PATH: .


## ----------- ##
## Core tests. ##
## ----------- ##

configure:1514: checking for a BSD-compatible install
configure:1568: result: /usr/bin/ginstall -c
configure:1579: checking whether build environment is sane
configure:1622: result: yes
configure:1655: checking for gawk
configure:1671: found /usr/bin/gawk
configure:1681: result: gawk
configure:1691: checking whether make sets $(MAKE)
configure:1711: result: yes
configure:1790: checking for arm-linux-strip
configure:1806: found /usr/local/arm/3.4.6/bin//arm-linux-strip
configure:1816: result: arm-linux-strip
configure:1877: checking whether make sets $(MAKE)
configure:1897: result: yes
configure:1919: checking for arm-linux-gcc
configure:1935: found /usr/local/arm/3.4.6/bin//arm-linux-gcc
configure:1945: result: arm-linux-gcc
configure:2227: checking for C compiler version
configure:2230: arm-linux-gcc --version </dev/null >&5
arm-linux-gcc (GCC) 3.4.6
Copyright (C) 2006 Free Software Foundation, Inc.
This is free software; see the source for copying conditions.  There is NO
warranty; not even for MERCHANTABILITY or FITNESS FOR A PARTICULAR PURPOSE.

configure:2233: $? = 0
configure:2235: arm-linux-gcc -v </dev/null >&5
Reading specs from /usr/local/arm/3.4.6/lib/gcc/arm-linux/3.4.6/specs
Configured with: /home/codyliang/Projects/toolchain/crosstool-0.43/build/arm-linux/gcc-3.4.6-glibc-2.3.6/gcc-3.4.6/configure --target=arm-linux --host=i686-host_pc-linux-gnu --prefix=/usr/local/arm/3.4.6 --with-float=soft --with-headers=/usr/local/arm/3.4.6/arm-linux/include --with-local-prefix=/usr/local/arm/3.4.6/arm-linux --disable-nls --enable-threads=posix --enable-symvers=gnu --enable-__cxa_atexit --enable-languages=c,c++,java --enable-shared --enable-c99 --enable-long-long
Thread model: posix
gcc version 3.4.6
configure:2238: $? = 0
configure:2240: arm-linux-gcc -V </dev/null >&5
arm-linux-gcc: `-V' option must have argument
configure:2243: $? = 1
configure:2267: checking for C compiler default output
configure:2270: arm-linux-gcc    conftest.c  >&5
configure:2273: $? = 0
configure:2319: result: a.out
configure:2324: checking whether the C compiler works
configure:2330: ./a.out
../configure: line 2331: ./a.out: cannot execute binary file
configure:2333: $? = 126
configure:2350: result: yes
configure:2357: checking whether we are cross compiling
configure:2359: result: yes
configure:2362: checking for suffix of executables
configure:2364: arm-linux-gcc -o conftest    conftest.c  >&5
configure:2367: $? = 0
configure:2392: result: 
configure:2398: checking for suffix of object files
configure:2420: arm-linux-gcc -c   conftest.c >&5
configure:2423: $? = 0
configure:2445: result: o
configure:2449: checking whether we are using the GNU C compiler
configure:2474: arm-linux-gcc -c   conftest.c >&5
configure:2477: $? = 0
configure:2480: test -s conftest.o
configure:2483: $? = 0
configure:2496: result: yes
configure:2502: checking whether arm-linux-gcc accepts -g
configure:2524: arm-linux-gcc -c -g  conftest.c >&5
configure:2527: $? = 0
configure:2530: test -s conftest.o
configure:2533: $? = 0
configure:2544: result: yes
configure:2561: checking for arm-linux-gcc option to accept ANSI C
configure:2622: arm-linux-gcc  -c -g -O2  conftest.c >&5
configure:2625: $? = 0
configure:2628: test -s conftest.o
configure:2631: $? = 0
configure:2649: result: none needed
configure:2667: arm-linux-gcc -c -g -O2  conftest.c >&5
conftest.c:2: error: syntax error before "me"
configure:2670: $? = 1
configure: failed program was:
| #ifndef __cplusplus
|   choke me
| #endif
configure:2790: checking for style of include used by make
configure:2818: result: GNU
configure:2846: checking dependency style of arm-linux-gcc
configure:2914: result: none
configure:2936: checking how to run the C preprocessor
configure:2972: arm-linux-gcc -E  conftest.c
configure:2978: $? = 0
configure:3010: arm-linux-gcc -E  conftest.c
configure:3011:28: ac_nonexistent.h: No such file or directory
configure:3016: $? = 1
configure: failed program was:
| #line 3001 "configure"
| /* confdefs.h.  */
| 
| #define PACKAGE_NAME ""
| #define PACKAGE_TARNAME ""
| #define PACKAGE_VERSION ""
| #define PACKAGE_STRING ""
| #define PACKAGE_BUGREPORT ""
| #define PACKAGE "libiconv"
| #define VERSION "1.9"
| /* end confdefs.h.  */
| #include <ac_nonexistent.h>
configure:3054: result: arm-linux-gcc -E
configure:3079: arm-linux-gcc -E  conftest.c
configure:3085: $? = 0
configure:3117: arm-linux-gcc -E  conftest.c
configure:3118:28: ac_nonexistent.h: No such file or directory
configure:3123: $? = 1
configure: failed program was:
| #line 3108 "configure"
| /* confdefs.h.  */
| 
| #define PACKAGE_NAME ""
| #define PACKAGE_TARNAME ""
| #define PACKAGE_VERSION ""
| #define PACKAGE_STRING ""
| #define PACKAGE_BUGREPORT ""
| #define PACKAGE "libiconv"
| #define VERSION "1.9"
| /* end confdefs.h.  */
| #include <ac_nonexistent.h>
configure:3167: checking for egrep
configure:3177: result: grep -E
configure:3183: checking whether arm-linux-gcc needs -traditional
configure:3227: result: no
configure:3246: checking for a BSD-compatible install
configure:3300: result: /usr/bin/ginstall -c
configure:3319: checking build system type
configure:3337: result: i686-pc-linux-gnu
configure:3345: checking host system type
configure:3359: result: arm-unknown-linux-gnu
configure:3393: checking for ld used by GCC
configure:3456: result: /usr/local/arm/3.4.6/arm-linux/bin/ld
configure:3465: checking if the linker (/usr/local/arm/3.4.6/arm-linux/bin/ld) is GNU ld
GNU ld version 2.16.1
configure:3477: result: yes
configure:3483: checking for shared library path variable
configure:3496: result: LD_LIBRARY_PATH
configure:3501: checking whether to activate relocatable installation
configure:3516: result: no
configure:3597: checking for arm-linux-ranlib
configure:3613: found /usr/local/arm/3.4.6/bin//arm-linux-ranlib
configure:3623: result: arm-linux-ranlib
configure:3674: checking how to copy files
configure:3690: result: cp -p
configure:3694: checking how to make hard links
configure:3710: result: ln
configure:3714: checking whether ln -s works
configure:3718: result: yes
configure:3734: checking for AIX
configure:3757: result: no
configure:3763: checking for ANSI C header files
configure:3789: arm-linux-gcc -c -g -O2  conftest.c >&5
configure:3792: $? = 0
configure:3795: test -s conftest.o
configure:3798: $? = 0
configure:3913: result: yes
configure:3937: checking for sys/types.h
configure:3954: arm-linux-gcc -c -g -O2  conftest.c >&5
configure:3957: $? = 0
configure:3960: test -s conftest.o
configure:3963: $? = 0
configure:3974: result: yes
configure:3937: checking for sys/stat.h
configure:3954: arm-linux-gcc -c -g -O2  conftest.c >&5
configure:3957: $? = 0
configure:3960: test -s conftest.o
configure:3963: $? = 0
configure:3974: result: yes
configure:3937: checking for stdlib.h
configure:3954: arm-linux-gcc -c -g -O2  conftest.c >&5
configure:3957: $? = 0
configure:3960: test -s conftest.o
configure:3963: $? = 0
configure:3974: result: yes
configure:3937: checking for string.h
configure:3954: arm-linux-gcc -c -g -O2  conftest.c >&5
configure:3957: $? = 0
configure:3960: test -s conftest.o
configure:3963: $? = 0
configure:3974: result: yes
configure:3937: checking for memory.h
configure:3954: arm-linux-gcc -c -g -O2  conftest.c >&5
configure:3957: $? = 0
configure:3960: test -s conftest.o
configure:3963: $? = 0
configure:3974: result: yes
configure:3937: checking for strings.h
configure:3954: arm-linux-gcc -c -g -O2  conftest.c >&5
configure:3957: $? = 0
configure:3960: test -s conftest.o
configure:3963: $? = 0
configure:3974: result: yes
configure:3937: checking for inttypes.h
configure:3954: arm-linux-gcc -c -g -O2  conftest.c >&5
configure:3957: $? = 0
configure:3960: test -s conftest.o
configure:3963: $? = 0
configure:3974: result: yes
configure:3937: checking for stdint.h
configure:3954: arm-linux-gcc -c -g -O2  conftest.c >&5
configure:3957: $? = 0
configure:3960: test -s conftest.o
configure:3963: $? = 0
configure:3974: result: yes
configure:3937: checking for unistd.h
configure:3954: arm-linux-gcc -c -g -O2  conftest.c >&5
configure:3957: $? = 0
configure:3960: test -s conftest.o
configure:3963: $? = 0
configure:3974: result: yes
configure:3996: checking minix/config.h usability
configure:4009: arm-linux-gcc -c -g -O2  conftest.c >&5
configure:4054:26: minix/config.h: No such file or directory
configure:4012: $? = 1
configure: failed program was:
| #line 3998 "configure"
| /* confdefs.h.  */
| 
| #define PACKAGE_NAME ""
| #define PACKAGE_TARNAME ""
| #define PACKAGE_VERSION ""
| #define PACKAGE_STRING ""
| #define PACKAGE_BUGREPORT ""
| #define PACKAGE "libiconv"
| #define VERSION "1.9"
| #define INSTALLPREFIX "/usr/local"
| #define _GNU_SOURCE 1
| #define STDC_HEADERS 1
| #define HAVE_SYS_TYPES_H 1
| #define HAVE_SYS_STAT_H 1
| #define HAVE_STDLIB_H 1
| #define HAVE_STRING_H 1
| #define HAVE_MEMORY_H 1
| #define HAVE_STRINGS_H 1
| #define HAVE_INTTYPES_H 1
| #define HAVE_STDINT_H 1
| #define HAVE_UNISTD_H 1
| /* end confdefs.h.  */
| #include <stdio.h>
| #if HAVE_SYS_TYPES_H
| # include <sys/types.h>
| #endif
| #if HAVE_SYS_STAT_H
| # include <sys/stat.h>
| #endif
| #if STDC_HEADERS
| # include <stdlib.h>
| # include <stddef.h>
| #else
| # if HAVE_STDLIB_H
| #  include <stdlib.h>
| # endif
| #endif
| #if HAVE_STRING_H
| # if !STDC_HEADERS && HAVE_MEMORY_H
| #  include <memory.h>
| # endif
| # include <string.h>
| #endif
| #if HAVE_STRINGS_H
| # include <strings.h>
| #endif
| #if HAVE_INTTYPES_H
| # include <inttypes.h>
| #else
| # if HAVE_STDINT_H
| #  include <stdint.h>
| # endif
| #endif
| #if HAVE_UNISTD_H
| # include <unistd.h>
| #endif
| #include <minix/config.h>
configure:4028: result: no
configure:4032: checking minix/config.h presence
configure:4043: arm-linux-gcc -E  conftest.c
configure:4056:26: minix/config.h: No such file or directory
configure:4049: $? = 1
configure: failed program was:
| #line 4034 "configure"
| /* confdefs.h.  */
| 
| #define PACKAGE_NAME ""
| #define PACKAGE_TARNAME ""
| #define PACKAGE_VERSION ""
| #define PACKAGE_STRING ""
| #define PACKAGE_BUGREPORT ""
| #define PACKAGE "libiconv"
| #define VERSION "1.9"
| #define INSTALLPREFIX "/usr/local"
| #define _GNU_SOURCE 1
| #define STDC_HEADERS 1
| #define HAVE_SYS_TYPES_H 1
| #define HAVE_SYS_STAT_H 1
| #define HAVE_STDLIB_H 1
| #define HAVE_STRING_H 1
| #define HAVE_MEMORY_H 1
| #define HAVE_STRINGS_H 1
| #define HAVE_INTTYPES_H 1
| #define HAVE_STDINT_H 1
| #define HAVE_UNISTD_H 1
| /* end confdefs.h.  */
| #include <minix/config.h>
configure:4068: result: no
configure:4104: checking for minix/config.h
configure:4111: result: no
configure:4141: checking for strerror in -lcposix
configure:4172: arm-linux-gcc -o conftest -g -O2   conftest.c -lcposix   >&5
/usr/local/arm/3.4.6/lib/gcc/arm-linux/3.4.6/../../../../arm-linux/bin/ld: cannot find -lcposix
collect2: ld returned 1 exit status
configure:4175: $? = 1
configure: failed program was:
| #line 4148 "configure"
| /* confdefs.h.  */
| 
| #define PACKAGE_NAME ""
| #define PACKAGE_TARNAME ""
| #define PACKAGE_VERSION ""
| #define PACKAGE_STRING ""
| #define PACKAGE_BUGREPORT ""
| #define PACKAGE "libiconv"
| #define VERSION "1.9"
| #define INSTALLPREFIX "/usr/local"
| #define _GNU_SOURCE 1
| #define STDC_HEADERS 1
| #define HAVE_SYS_TYPES_H 1
| #define HAVE_SYS_STAT_H 1
| #define HAVE_STDLIB_H 1
| #define HAVE_STRING_H 1
| #define HAVE_MEMORY_H 1
| #define HAVE_STRINGS_H 1
| #define HAVE_INTTYPES_H 1
| #define HAVE_STDINT_H 1
| #define HAVE_UNISTD_H 1
| /* end confdefs.h.  */
| 
| /* Override any gcc2 internal prototype to avoid an error.  */
| #ifdef __cplusplus
| extern "C"
| #endif
| /* We use char because int might match the return type of a gcc2
|    builtin and then its argument prototype would still apply.  */
| char strerror ();
| int
| main ()
| {
| strerror ();
|   ;
|   return 0;
| }
configure:4193: result: no
configure:4282: checking for a sed that does not truncate output
configure:4336: result: /usr/bin/sed
configure:4350: checking for ld used by arm-linux-gcc
configure:4417: result: /usr/local/arm/3.4.6/arm-linux/bin/ld
configure:4426: checking if the linker (/usr/local/arm/3.4.6/arm-linux/bin/ld) is GNU ld
configure:4441: result: yes
configure:4446: checking for /usr/local/arm/3.4.6/arm-linux/bin/ld option to reload object files
configure:4453: result: -r
configure:4462: checking for BSD-compatible nm
configure:4504: result: /usr/local/arm/3.4.6/bin//arm-linux-nm -B
configure:4508: checking how to recognise dependent libraries
configure:4708: result: file_magic ELF [0-9][0-9]*-bit [LM]SB (shared object|dynamic lib )
configure:5160: checking dlfcn.h usability
configure:5173: arm-linux-gcc -c -g -O2  conftest.c >&5
configure:5176: $? = 0
configure:5179: test -s conftest.o
configure:5182: $? = 0
configure:5192: result: yes
configure:5196: checking dlfcn.h presence
configure:5207: arm-linux-gcc -E  conftest.c
configure:5213: $? = 0
configure:5232: result: yes
configure:5268: checking for dlfcn.h
configure:5275: result: yes
configure:5298: checking for arm-linux-g++
configure:5314: found /usr/local/arm/3.4.6/bin//arm-linux-g++
configure:5324: result: arm-linux-g++
configure:5382: checking for C++ compiler version
configure:5385: arm-linux-g++ --version </dev/null >&5
arm-linux-g++ (GCC) 3.4.6
Copyright (C) 2006 Free Software Foundation, Inc.
This is free software; see the source for copying conditions.  There is NO
warranty; not even for MERCHANTABILITY or FITNESS FOR A PARTICULAR PURPOSE.

configure:5388: $? = 0
configure:5390: arm-linux-g++ -v </dev/null >&5
Reading specs from /usr/local/arm/3.4.6/lib/gcc/arm-linux/3.4.6/specs
Configured with: /home/codyliang/Projects/toolchain/crosstool-0.43/build/arm-linux/gcc-3.4.6-glibc-2.3.6/gcc-3.4.6/configure --target=arm-linux --host=i686-host_pc-linux-gnu --prefix=/usr/local/arm/3.4.6 --with-float=soft --with-headers=/usr/local/arm/3.4.6/arm-linux/include --with-local-prefix=/usr/local/arm/3.4.6/arm-linux --disable-nls --enable-threads=posix --enable-symvers=gnu --enable-__cxa_atexit --enable-languages=c,c++,java --enable-shared --enable-c99 --enable-long-long
Thread model: posix
gcc version 3.4.6
configure:5393: $? = 0
configure:5395: arm-linux-g++ -V </dev/null >&5
arm-linux-g++: `-V' option must have argument
configure:5398: $? = 1
configure:5401: checking whether we are using the GNU C++ compiler
configure:5426: arm-linux-g++ -c   conftest.cc >&5
configure:5429: $? = 0
configure:5432: test -s conftest.o
configure:5435: $? = 0
configure:5448: result: yes
configure:5454: checking whether arm-linux-g++ accepts -g
configure:5476: arm-linux-g++ -c -g  conftest.cc >&5
configure:5479: $? = 0
configure:5482: test -s conftest.o
configure:5485: $? = 0
configure:5496: result: yes
configure:5540: arm-linux-g++ -c -g -O2  conftest.cc >&5
configure:5543: $? = 0
configure:5546: test -s conftest.o
configure:5549: $? = 0
configure:5576: arm-linux-g++ -c -g -O2  conftest.cc >&5
configure: In function `int main()':
configure:5586: error: `exit' was not declared in this scope
configure:5579: $? = 1
configure: failed program was:
| #line 5559 "configure"
| /* confdefs.h.  */
| 
| #define PACKAGE_NAME ""
| #define PACKAGE_TARNAME ""
| #define PACKAGE_VERSION ""
| #define PACKAGE_STRING ""
| #define PACKAGE_BUGREPORT ""
| #define PACKAGE "libiconv"
| #define VERSION "1.9"
| #define INSTALLPREFIX "/usr/local"
| #define _GNU_SOURCE 1
| #define STDC_HEADERS 1
| #define HAVE_SYS_TYPES_H 1
| #define HAVE_SYS_STAT_H 1
| #define HAVE_STDLIB_H 1
| #define HAVE_STRING_H 1
| #define HAVE_MEMORY_H 1
| #define HAVE_STRINGS_H 1
| #define HAVE_INTTYPES_H 1
| #define HAVE_STDINT_H 1
| #define HAVE_UNISTD_H 1
| #define HAVE_DLFCN_H 1
| /* end confdefs.h.  */
| 
| int
| main ()
| {
| exit (42);
|   ;
|   return 0;
| }
configure:5540: arm-linux-g++ -c -g -O2  conftest.cc >&5
configure:5543: $? = 0
configure:5546: test -s conftest.o
configure:5549: $? = 0
configure:5576: arm-linux-g++ -c -g -O2  conftest.cc >&5
configure:5579: $? = 0
configure:5582: test -s conftest.o
configure:5585: $? = 0
configure:5610: checking dependency style of arm-linux-g++
configure:5678: result: none
configure:5700: checking how to run the C++ preprocessor
configure:5732: arm-linux-g++ -E  conftest.cc
configure:5738: $? = 0
configure:5770: arm-linux-g++ -E  conftest.cc
configure:5787:28: ac_nonexistent.h: No such file or directory
configure:5776: $? = 1
configure: failed program was:
| #line 5761 "configure"
| /* confdefs.h.  */
| 
| #define PACKAGE_NAME ""
| #define PACKAGE_TARNAME ""
| #define PACKAGE_VERSION ""
| #define PACKAGE_STRING ""
| #define PACKAGE_BUGREPORT ""
| #define PACKAGE "libiconv"
| #define VERSION "1.9"
| #define INSTALLPREFIX "/usr/local"
| #define _GNU_SOURCE 1
| #define STDC_HEADERS 1
| #define HAVE_SYS_TYPES_H 1
| #define HAVE_SYS_STAT_H 1
| #define HAVE_STDLIB_H 1
| #define HAVE_STRING_H 1
| #define HAVE_MEMORY_H 1
| #define HAVE_STRINGS_H 1
| #define HAVE_INTTYPES_H 1
| #define HAVE_STDINT_H 1
| #define HAVE_UNISTD_H 1
| #define HAVE_DLFCN_H 1
| #ifdef __cplusplus
| #include <stdlib.h>
| #endif
| /* end confdefs.h.  */
| #include <ac_nonexistent.h>
configure:5814: result: arm-linux-g++ -E
configure:5839: arm-linux-g++ -E  conftest.cc
configure:5845: $? = 0
configure:5877: arm-linux-g++ -E  conftest.cc
configure:5894:28: ac_nonexistent.h: No such file or directory
configure:5883: $? = 1
configure: failed program was:
| #line 5868 "configure"
| /* confdefs.h.  */
| 
| #define PACKAGE_NAME ""
| #define PACKAGE_TARNAME ""
| #define PACKAGE_VERSION ""
| #define PACKAGE_STRING ""
| #define PACKAGE_BUGREPORT ""
| #define PACKAGE "libiconv"
| #define VERSION "1.9"
| #define INSTALLPREFIX "/usr/local"
| #define _GNU_SOURCE 1
| #define STDC_HEADERS 1
| #define HAVE_SYS_TYPES_H 1
| #define HAVE_SYS_STAT_H 1
| #define HAVE_STDLIB_H 1
| #define HAVE_STRING_H 1
| #define HAVE_MEMORY_H 1
| #define HAVE_STRINGS_H 1
| #define HAVE_INTTYPES_H 1
| #define HAVE_STDINT_H 1
| #define HAVE_UNISTD_H 1
| #define HAVE_DLFCN_H 1
| #ifdef __cplusplus
| #include <stdlib.h>
| #endif
| /* end confdefs.h.  */
| #include <ac_nonexistent.h>
configure:5935: checking for arm-linux-g77
configure:5964: result: no
configure:5935: checking for arm-linux-f77
configure:5964: result: no
configure:5935: checking for arm-linux-xlf
configure:5964: result: no
configure:5935: checking for arm-linux-frt
configure:5964: result: no
configure:5935: checking for arm-linux-pgf77
configure:5964: result: no
configure:5935: checking for arm-linux-fl32
configure:5964: result: no
configure:5935: checking for arm-linux-af77
configure:5964: result: no
configure:5935: checking for arm-linux-fort77
configure:5964: result: no
configure:5935: checking for arm-linux-f90
configure:5964: result: no
configure:5935: checking for arm-linux-xlf90
configure:5964: result: no
configure:5935: checking for arm-linux-pgf90
configure:5964: result: no
configure:5935: checking for arm-linux-epcf90
configure:5964: result: no
configure:5935: checking for arm-linux-f95
configure:5964: result: no
configure:5935: checking for arm-linux-fort
configure:5964: result: no
configure:5935: checking for arm-linux-xlf95
configure:5964: result: no
configure:5935: checking for arm-linux-lf95
configure:5964: result: no
configure:5935: checking for arm-linux-g95
configure:5964: result: no
configure:5977: checking for g77
configure:5993: found /usr/bin/g77
configure:6003: result: g77
configure:6018: checking for Fortran 77 compiler version
configure:6021: g77 --version </dev/null >&5
GNU Fortran (GCC) 3.3.4
Copyright (C) 2002 Free Software Foundation, Inc.

GNU Fortran comes with NO WARRANTY, to the extent permitted by law.
You may redistribute copies of GNU Fortran
under the terms of the GNU General Public License.
For more information about these matters, see the file named COPYING
or type the command `info -f g77 Copying'.
configure:6024: $? = 0
configure:6026: g77 -v </dev/null >&5
Using built-in specs.
Configured with: ../gcc-3.3.4/configure --prefix=/usr --enable-shared --enable-threads=posix --enable-__cxa_atexit --disable-checking --with-gnu-ld --verbose --target=i486-slackware-linux --host=i486-slackware-linux
Thread model: posix
gcc version 3.3.4
configure:6029: $? = 0
configure:6031: g77 -V </dev/null >&5
g77: `-V' option must have argument
configure:6034: $? = 1
configure:6041: checking whether we are using the GNU Fortran 77 compiler
configure:6055: g77 -c  conftest.F >&5
g77: installation problem, cannot exec `cc1': No such file or directory
configure:6058: $? = 1
configure: failed program was:
|       program main
| #ifndef __GNUC__
|        choke me
| #endif
| 
|       end
configure:6077: result: no
configure:6084: checking whether g77 accepts -g
configure:6096: g77 -c -g conftest.f >&5
configure:6099: $? = 0
configure:6102: test -s conftest.o
configure:6105: $? = 0
configure:6117: result: yes
configure:6145: checking the maximum length of command line arguments
configure:6204: result: 32768
configure:6215: checking command to parse /usr/local/arm/3.4.6/bin//arm-linux-nm -B output from arm-linux-gcc object
configure:6304: arm-linux-gcc -c -g -O2  conftest.c >&5
configure:6307: $? = 0
configure:6311: /usr/local/arm/3.4.6/bin//arm-linux-nm -B conftest.o \| sed -n -e 's/^.*[ 	]\([ABCDGISTW][ABCDGISTW]*\)[ 	][ 	]*\(\)\([_A-Za-z][_A-Za-z0-9]*\)$/\1 \2\3 \3/p' \> conftest.nm
configure:6314: $? = 0
configure:6366: arm-linux-gcc -o conftest -g -O2   conftest.c conftstm.o >&5
configure:6369: $? = 0
configure:6407: result: ok
configure:6411: checking for objdir
configure:6426: result: .libs
configure:6478: checking for arm-linux-ar
configure:6494: found /usr/local/arm/3.4.6/bin//arm-linux-ar
configure:6504: result: arm-linux-ar
configure:6558: checking for arm-linux-ranlib
configure:6584: result: arm-linux-ranlib
configure:6638: checking for arm-linux-strip
configure:6664: result: arm-linux-strip
configure:6757: checking for arm-linux-file
configure:6813: result: no
configure:6819: checking for file
configure:6875: result: no
configure:6965: checking if arm-linux-gcc static flag  works
configure:6988: result: yes
configure:7005: checking if arm-linux-gcc supports -fno-rtti -fno-exceptions
configure:7023: arm-linux-gcc -c -g -O2  -fno-rtti -fno-exceptions conftest.c >&5
cc1: warning: command line option "-fno-rtti" is valid for C++/ObjC++ but not for C
configure:7027: $? = 0
configure:7038: result: no
configure:7053: checking for arm-linux-gcc option to produce PIC
configure:7230: result: -fPIC
configure:7237: checking if arm-linux-gcc PIC flag -fPIC works
configure:7255: arm-linux-gcc -c -g -O2  -fPIC -DPIC conftest.c >&5
configure:7259: $? = 0
configure:7270: result: yes
configure:7294: checking if arm-linux-gcc supports -c -o file.o
configure:7322: arm-linux-gcc -c -g -O2  -o out/conftest2.o conftest.c >&5
configure:7326: $? = 0
configure:7343: result: yes
configure:7369: checking whether the arm-linux-gcc linker (/usr/local/arm/3.4.6/arm-linux/bin/ld) supports shared libraries
configure:8163: result: yes
configure:8189: checking whether -lc should be explicitly linked in
configure:8194: arm-linux-gcc -c -g -O2  conftest.c >&5
configure:8197: $? = 0
configure:8211: arm-linux-gcc -shared conftest.o  -v -Wl,-soname -Wl,conftest -o conftest 2\>\&1 \| grep  -lc  \>/dev/null 2\>\&1
configure:8214: $? = 0
configure:8226: result: no
configure:8234: checking how to hardcode library paths into programs
configure:8259: result: immediate
configure:8273: checking whether stripping libraries is possible
configure:8278: result: yes
configure:8300: checking dynamic linker characteristics
configure:8823: result: GNU/Linux ld.so
configure:9549: checking if libtool supports shared libraries
configure:9551: result: yes
configure:9554: checking whether to build shared libraries
configure:9603: result: yes
configure:9606: checking whether to build static libraries
configure:9610: result: no
configure:9701: creating libtool
configure:10245: checking for ld used by arm-linux-g++
configure:10312: result: /usr/local/arm/3.4.6/arm-linux/bin/ld
configure:10321: checking if the linker (/usr/local/arm/3.4.6/arm-linux/bin/ld) is GNU ld
configure:10336: result: yes
configure:10387: checking whether the arm-linux-g++ linker (/usr/local/arm/3.4.6/arm-linux/bin/ld) supports shared libraries
configure:11182: result: yes
configure:11200: arm-linux-g++ -c -g -O2  conftest.cc >&5
configure:11203: $? = 0
configure:11299: checking for arm-linux-g++ option to produce PIC
configure:11551: result: -fPIC
configure:11558: checking if arm-linux-g++ PIC flag -fPIC works
configure:11576: arm-linux-g++ -c -g -O2  -fPIC -DPIC conftest.cc >&5
configure:11580: $? = 0
configure:11591: result: yes
configure:11615: checking if arm-linux-g++ supports -c -o file.o
configure:11643: arm-linux-g++ -c -g -O2  -o out/conftest2.o conftest.cc >&5
configure:11647: $? = 0
configure:11664: result: yes
configure:11690: checking whether the arm-linux-g++ linker (/usr/local/arm/3.4.6/arm-linux/bin/ld) supports shared libraries
configure:11715: result: yes
configure:11786: checking how to hardcode library paths into programs
configure:11811: result: immediate
configure:11825: checking whether stripping libraries is possible
configure:11830: result: yes
configure:11852: checking dynamic linker characteristics
configure:12375: result: GNU/Linux ld.so
configure:13574: checking if libtool supports shared libraries
configure:13576: result: yes
configure:13579: checking whether to build shared libraries
configure:13597: result: yes
configure:13600: checking whether to build static libraries
configure:13604: result: no
configure:13616: checking for g77 option to produce PIC
configure:13793: result: -fPIC
configure:13800: checking if g77 PIC flag -fPIC works
configure:13818: g77 -c -g -fPIC conftest.f >&5
configure:13822: $? = 0
configure:13833: result: yes
configure:13857: checking if g77 supports -c -o file.o
configure:13885: g77 -c -g -o out/conftest2.o conftest.f >&5
configure:13889: $? = 0
configure:13906: result: yes
configure:13932: checking whether the g77 linker (/usr/local/arm/3.4.6/arm-linux/bin/ld) supports shared libraries
configure:14704: result: yes
configure:14775: checking how to hardcode library paths into programs
configure:14800: result: immediate
configure:14814: checking whether stripping libraries is possible
configure:14819: result: yes
configure:14841: checking dynamic linker characteristics
configure:15364: result: GNU/Linux ld.so
configure:19281: checking for shared library run path origin
configure:19294: result: done
configure:19724: checking for iconv
configure:19752: arm-linux-gcc -o conftest -g -O2   conftest.c  >&5
configure:19755: $? = 0
configure:19758: test -s conftest
configure:19761: $? = 0
configure:19816: result: yes
configure:19839: checking for iconv declaration
configure:19874: arm-linux-gcc -c -g -O2  conftest.c >&5
configure:19877: $? = 0
configure:19880: test -s conftest.o
configure:19883: $? = 0
configure:19898: result: 
         extern size_t iconv (iconv_t cd, char * *inbuf, size_t *inbytesleft, char * *outbuf, size_t *outbytesleft);
configure:19922: checking whether NLS is requested
configure:19931: result: yes
configure:19969: checking for msgfmt
configure:20000: result: /usr/bin/msgfmt
configure:20009: checking for gmsgfmt
configure:20040: result: /usr/bin/msgfmt
configure:20079: checking for xgettext
configure:20110: result: /usr/bin/xgettext
configure:20150: checking for msgmerge
configure:20180: result: /usr/bin/msgmerge
configure:20231: checking whether NLS is requested
configure:20240: result: yes
configure:20258: checking for GNU gettext in libc
configure:20283: arm-linux-gcc -o conftest -g -O2   conftest.c  >&5
configure:20286: $? = 0
configure:20289: test -s conftest
configure:20292: $? = 0
configure:20303: result: yes
configure:20962: checking whether to use NLS
configure:20964: result: yes
configure:20967: checking where the gettext function comes from
configure:20978: result: libc
configure:21041: checking for ANSI C header files
configure:21191: result: yes
configure:21218: checking locale.h usability
configure:21231: arm-linux-gcc -c -g -O2  conftest.c >&5
configure:21234: $? = 0
configure:21237: test -s conftest.o
configure:21240: $? = 0
configure:21250: result: yes
configure:21254: checking locale.h presence
configure:21265: arm-linux-gcc -E  conftest.c
configure:21271: $? = 0
configure:21290: result: yes
configure:21326: checking for locale.h
configure:21333: result: yes
configure:21218: checking stddef.h usability
configure:21231: arm-linux-gcc -c -g -O2  conftest.c >&5
configure:21234: $? = 0
configure:21237: test -s conftest.o
configure:21240: $? = 0
configure:21250: result: yes
configure:21254: checking stddef.h presence
configure:21265: arm-linux-gcc -E  conftest.c
configure:21271: $? = 0
configure:21290: result: yes
configure:21326: checking for stddef.h
configure:21333: result: yes
configure:21209: checking for stdlib.h
configure:21214: result: yes
configure:21209: checking for string.h
configure:21214: result: yes
configure:21354: checking for stdlib.h
configure:21359: result: yes
configure:21492: checking for mbstate_t
configure:21518: arm-linux-gcc -c -g -O2  conftest.c >&5
configure:21521: $? = 0
configure:21524: test -s conftest.o
configure:21527: $? = 0
configure:21538: result: yes
configure:21564: checking for getc_unlocked
configure:21614: arm-linux-gcc -o conftest -g -O2   conftest.c  >&5
configure:21617: $? = 0
configure:21620: test -s conftest
configure:21623: $? = 0
configure:21634: result: yes
configure:21564: checking for mbrtowc
configure:21614: arm-linux-gcc -o conftest -g -O2   conftest.c  >&5
configure:21617: $? = 0
configure:21620: test -s conftest
configure:21623: $? = 0
configure:21634: result: yes
configure:21564: checking for wcrtomb
configure:21614: arm-linux-gcc -o conftest -g -O2   conftest.c  >&5
configure:21617: $? = 0
configure:21620: test -s conftest
configure:21623: $? = 0
configure:21634: result: yes
configure:21564: checking for mbsinit
configure:21614: arm-linux-gcc -o conftest -g -O2   conftest.c  >&5
configure:21617: $? = 0
configure:21620: test -s conftest
configure:21623: $? = 0
configure:21634: result: yes
configure:21564: checking for setlocale
configure:21614: arm-linux-gcc -o conftest -g -O2   conftest.c  >&5
configure:21617: $? = 0
configure:21620: test -s conftest
configure:21623: $? = 0
configure:21634: result: yes
configure:21648: checking for memmove
configure:21698: arm-linux-gcc -o conftest -g -O2   conftest.c  >&5
configure:21711: warning: conflicting types for built-in function 'memmove'
configure:21701: $? = 0
configure:21704: test -s conftest
configure:21707: $? = 0
configure:21718: result: yes
configure:21733: checking for nl_langinfo and CODESET
configure:21755: arm-linux-gcc -o conftest -g -O2   conftest.c  >&5
configure:21758: $? = 0
configure:21761: test -s conftest
configure:21764: $? = 0
configure:21776: result: yes
configure:21803: checking wchar.h usability
configure:21816: arm-linux-gcc -c -g -O2  conftest.c >&5
configure:21819: $? = 0
configure:21822: test -s conftest.o
configure:21825: $? = 0
configure:21835: result: yes
configure:21839: checking wchar.h presence
configure:21850: arm-linux-gcc -E  conftest.c
configure:21856: $? = 0
configure:21875: result: yes
configure:21911: checking for wchar.h
configure:21918: result: yes
configure:21932: checking for EILSEQ
configure:22321: result: yes
configure:22334: checking byte ordering
configure:22429: result: guessing little endian
configure:22444: checking for working alloca.h
configure:22466: arm-linux-gcc -o conftest -g -O2   conftest.c  >&5
configure:22469: $? = 0
configure:22472: test -s conftest
configure:22475: $? = 0
configure:22486: result: yes
configure:22496: checking for alloca
configure:22538: arm-linux-gcc -o conftest -g -O2   conftest.c  >&5
configure:22541: $? = 0
configure:22544: test -s conftest
configure:22547: $? = 0
configure:22558: result: yes
configure:22771: checking for stdlib.h
configure:22776: result: yes
configure:22915: checking for string.h
configure:22920: result: yes
configure:23113: checking sys/param.h usability
configure:23126: arm-linux-gcc -c -g -O2  conftest.c >&5
configure:23129: $? = 0
configure:23132: test -s conftest.o
configure:23135: $? = 0
configure:23145: result: yes
configure:23149: checking sys/param.h presence
configure:23160: arm-linux-gcc -E  conftest.c
configure:23166: $? = 0
configure:23185: result: yes
configure:23221: checking for sys/param.h
configure:23228: result: yes
configure:23248: checking for unistd.h
configure:23253: result: yes
configure:23391: checking for canonicalize_file_name
configure:23441: arm-linux-gcc -o conftest -g -O2   conftest.c  >&5
configure:23444: $? = 0
configure:23447: test -s conftest
configure:23450: $? = 0
configure:23461: result: yes
configure:23577: checking whether clearerr_unlocked is declared
configure:23602: arm-linux-gcc -c -g -O2  conftest.c >&5
configure:23605: $? = 0
configure:23608: test -s conftest.o
configure:23611: $? = 0
configure:23622: result: yes
configure:23642: checking whether feof_unlocked is declared
configure:23667: arm-linux-gcc -c -g -O2  conftest.c >&5
configure:23670: $? = 0
configure:23673: test -s conftest.o
configure:23676: $? = 0
configure:23687: result: yes
configure:23707: checking whether ferror_unlocked is declared
configure:23732: arm-linux-gcc -c -g -O2  conftest.c >&5
configure:23735: $? = 0
configure:23738: test -s conftest.o
configure:23741: $? = 0
configure:23752: result: yes
configure:23772: checking whether fflush_unlocked is declared
configure:23797: arm-linux-gcc -c -g -O2  conftest.c >&5
configure:23800: $? = 0
configure:23803: test -s conftest.o
configure:23806: $? = 0
configure:23817: result: yes
configure:23837: checking whether fgets_unlocked is declared
configure:23862: arm-linux-gcc -c -g -O2  conftest.c >&5
configure:23865: $? = 0
configure:23868: test -s conftest.o
configure:23871: $? = 0
configure:23882: result: yes
configure:23902: checking whether fputc_unlocked is declared
configure:23927: arm-linux-gcc -c -g -O2  conftest.c >&5
configure:23930: $? = 0
configure:23933: test -s conftest.o
configure:23936: $? = 0
configure:23947: result: yes
configure:23967: checking whether fputs_unlocked is declared
configure:23992: arm-linux-gcc -c -g -O2  conftest.c >&5
configure:23995: $? = 0
configure:23998: test -s conftest.o
configure:24001: $? = 0
configure:24012: result: yes
configure:24032: checking whether fread_unlocked is declared
configure:24057: arm-linux-gcc -c -g -O2  conftest.c >&5
configure:24060: $? = 0
configure:24063: test -s conftest.o
configure:24066: $? = 0
configure:24077: result: yes
configure:24097: checking whether fwrite_unlocked is declared
configure:24122: arm-linux-gcc -c -g -O2  conftest.c >&5
configure:24125: $? = 0
configure:24128: test -s conftest.o
configure:24131: $? = 0
configure:24142: result: yes
configure:24162: checking whether getc_unlocked is declared
configure:24187: arm-linux-gcc -c -g -O2  conftest.c >&5
configure:24190: $? = 0
configure:24193: test -s conftest.o
configure:24196: $? = 0
configure:24207: result: yes
configure:24227: checking whether getchar_unlocked is declared
configure:24252: arm-linux-gcc -c -g -O2  conftest.c >&5
configure:24255: $? = 0
configure:24258: test -s conftest.o
configure:24261: $? = 0
configure:24272: result: yes
configure:24292: checking whether putc_unlocked is declared
configure:24317: arm-linux-gcc -c -g -O2  conftest.c >&5
configure:24320: $? = 0
configure:24323: test -s conftest.o
configure:24326: $? = 0
configure:24337: result: yes
configure:24357: checking whether putchar_unlocked is declared
configure:24382: arm-linux-gcc -c -g -O2  conftest.c >&5
configure:24385: $? = 0
configure:24388: test -s conftest.o
configure:24391: $? = 0
configure:24402: result: yes
configure:24472: checking for vprintf
configure:24522: arm-linux-gcc -o conftest -g -O2   conftest.c  >&5
configure:24559: warning: conflicting types for built-in function 'vprintf'
configure:24525: $? = 0
configure:24528: test -s conftest
configure:24531: $? = 0
configure:24542: result: yes
configure:24549: checking for _doprnt
configure:24599: arm-linux-gcc -o conftest -g -O2   conftest.c  >&5
/tmp/cc46mKPq.o: In function `main':
/projects/SSD1933/emlinux-ssd1933/libs/oss/libiconv-1.9.1/build_arm/configure:24656: undefined reference to `_doprnt'
/tmp/cc46mKPq.o:(.data+0x0): undefined reference to `_doprnt'
collect2: ld returned 1 exit status
configure:24602: $? = 1
configure: failed program was:
| #line 24554 "configure"
| /* confdefs.h.  */
| 
| #define PACKAGE_NAME ""
| #define PACKAGE_TARNAME ""
| #define PACKAGE_VERSION ""
| #define PACKAGE_STRING ""
| #define PACKAGE_BUGREPORT ""
| #define PACKAGE "libiconv"
| #define VERSION "1.9"
| #define INSTALLPREFIX "/usr/local"
| #define _GNU_SOURCE 1
| #define STDC_HEADERS 1
| #define HAVE_SYS_TYPES_H 1
| #define HAVE_SYS_STAT_H 1
| #define HAVE_STDLIB_H 1
| #define HAVE_STRING_H 1
| #define HAVE_MEMORY_H 1
| #define HAVE_STRINGS_H 1
| #define HAVE_INTTYPES_H 1
| #define HAVE_STDINT_H 1
| #define HAVE_UNISTD_H 1
| #define HAVE_DLFCN_H 1
| #ifdef __cplusplus
| #include <stdlib.h>
| #endif
| #define HAVE_ICONV 1
| #define ICONV_CONST 
| #define ENABLE_NLS 1
| #define HAVE_GETTEXT 1
| #define HAVE_DCGETTEXT 1
| #define STDC_HEADERS 1
| #define HAVE_LOCALE_H 1
| #define HAVE_STDDEF_H 1
| #define HAVE_STDLIB_H 1
| #define HAVE_STRING_H 1
| #define HAVE_STDLIB_H 1
| #define HAVE_GETC_UNLOCKED 1
| #define HAVE_MBRTOWC 1
| #define HAVE_WCRTOMB 1
| #define HAVE_MBSINIT 1
| #define HAVE_SETLOCALE 1
| #define HAVE_MEMMOVE 1
| #define HAVE_LANGINFO_CODESET 1
| #define HAVE_WCHAR_H 1
| #define WORDS_LITTLEENDIAN 1
| #define HAVE_ALLOCA_H 1
| #define HAVE_ALLOCA 1
| #define HAVE_STDLIB_H 1
| #define HAVE_STRING_H 1
| #define HAVE_SYS_PARAM_H 1
| #define HAVE_UNISTD_H 1
| #define HAVE_CANONICALIZE_FILE_NAME 1
| #define HAVE_DECL_CLEARERR_UNLOCKED 1
| #define HAVE_DECL_FEOF_UNLOCKED 1
| #define HAVE_DECL_FERROR_UNLOCKED 1
| #define HAVE_DECL_FFLUSH_UNLOCKED 1
| #define HAVE_DECL_FGETS_UNLOCKED 1
| #define HAVE_DECL_FPUTC_UNLOCKED 1
| #define HAVE_DECL_FPUTS_UNLOCKED 1
| #define HAVE_DECL_FREAD_UNLOCKED 1
| #define HAVE_DECL_FWRITE_UNLOCKED 1
| #define HAVE_DECL_GETC_UNLOCKED 1
| #define HAVE_DECL_GETCHAR_UNLOCKED 1
| #define HAVE_DECL_PUTC_UNLOCKED 1
| #define HAVE_DECL_PUTCHAR_UNLOCKED 1
| #define HAVE_VPRINTF 1
| /* end confdefs.h.  */
| /* System header to define __stub macros and hopefully few prototypes,
|     which can conflict with char _doprnt (); below.
|     Prefer <limits.h> to <assert.h> if __STDC__ is defined, since
|     <limits.h> exists even on freestanding compilers.  */
| #ifdef __STDC__
| # include <limits.h>
| #else
| # include <assert.h>
| #endif
| /* Override any gcc2 internal prototype to avoid an error.  */
| #ifdef __cplusplus
| extern "C"
| {
| #endif
| /* We use char because int might match the return type of a gcc2
|    builtin and then its argument prototype would still apply.  */
| char _doprnt ();
| /* The GNU C library defines this for functions which it implements
|     to always fail with ENOSYS.  Some functions are actually named
|     something starting with __ and the normal name is an alias.  */
| #if defined (__stub__doprnt) || defined (__stub____doprnt)
| choke me
| #else
| char (*f) () = _doprnt;
| #endif
| #ifdef __cplusplus
| }
| #endif
| 
| int
| main ()
| {
| return f != _doprnt;
|   ;
|   return 0;
| }
configure:24619: result: no
configure:24634: checking for error_at_line
configure:24656: arm-linux-gcc -o conftest -g -O2   conftest.c  >&5
configure:24659: $? = 0
configure:24662: test -s conftest
configure:24665: $? = 0
configure:24676: result: yes
configure:25109: checking limits.h usability
configure:25122: arm-linux-gcc -c -g -O2  conftest.c >&5
configure:25125: $? = 0
configure:25128: test -s conftest.o
configure:25131: $? = 0
configure:25141: result: yes
configure:25145: checking limits.h presence
configure:25156: arm-linux-gcc -E  conftest.c
configure:25162: $? = 0
configure:25181: result: yes
configure:25217: checking for limits.h
configure:25224: result: yes
configure:25259: checking for setenv
configure:25309: arm-linux-gcc -o conftest -g -O2   conftest.c  >&5
configure:25312: $? = 0
configure:25315: test -s conftest
configure:25318: $? = 0
configure:25329: result: yes
configure:25259: checking for unsetenv
configure:25309: arm-linux-gcc -o conftest -g -O2   conftest.c  >&5
configure:25312: $? = 0
configure:25315: test -s conftest
configure:25318: $? = 0
configure:25329: result: yes
configure:25359: checking search.h usability
configure:25372: arm-linux-gcc -c -g -O2  conftest.c >&5
configure:25375: $? = 0
configure:25378: test -s conftest.o
configure:25381: $? = 0
configure:25391: result: yes
configure:25395: checking search.h presence
configure:25406: arm-linux-gcc -E  conftest.c
configure:25412: $? = 0
configure:25431: result: yes
configure:25467: checking for search.h
configure:25474: result: yes
configure:25350: checking for stdlib.h
configure:25355: result: yes
configure:25350: checking for string.h
configure:25355: result: yes
configure:25350: checking for unistd.h
configure:25355: result: yes
configure:25491: checking for tsearch
configure:25541: arm-linux-gcc -o conftest -g -O2   conftest.c  >&5
configure:25544: $? = 0
configure:25547: test -s conftest
configure:25550: $? = 0
configure:25561: result: yes
configure:25573: checking if errno is properly declared
configure:25597: arm-linux-gcc -c -g -O2  conftest.c >&5
configure:25656: error: conflicting types for '__errno_location'
/usr/local/arm/3.4.6/lib/gcc/arm-linux/3.4.6/../../../../arm-linux/sys-include/bits/errno.h:38: error: previous declaration of '__errno_location' was here
configure:25656: error: conflicting types for '__errno_location'
/usr/local/arm/3.4.6/lib/gcc/arm-linux/3.4.6/../../../../arm-linux/sys-include/bits/errno.h:38: error: previous declaration of '__errno_location' was here
configure:25600: $? = 1
configure: failed program was:
| #line 25579 "configure"
| /* confdefs.h.  */
| 
| #define PACKAGE_NAME ""
| #define PACKAGE_TARNAME ""
| #define PACKAGE_VERSION ""
| #define PACKAGE_STRING ""
| #define PACKAGE_BUGREPORT ""
| #define PACKAGE "libiconv"
| #define VERSION "1.9"
| #define INSTALLPREFIX "/usr/local"
| #define _GNU_SOURCE 1
| #define STDC_HEADERS 1
| #define HAVE_SYS_TYPES_H 1
| #define HAVE_SYS_STAT_H 1
| #define HAVE_STDLIB_H 1
| #define HAVE_STRING_H 1
| #define HAVE_MEMORY_H 1
| #define HAVE_STRINGS_H 1
| #define HAVE_INTTYPES_H 1
| #define HAVE_STDINT_H 1
| #define HAVE_UNISTD_H 1
| #define HAVE_DLFCN_H 1
| #ifdef __cplusplus
| #include <stdlib.h>
| #endif
| #define HAVE_ICONV 1
| #define ICONV_CONST 
| #define ENABLE_NLS 1
| #define HAVE_GETTEXT 1
| #define HAVE_DCGETTEXT 1
| #define STDC_HEADERS 1
| #define HAVE_LOCALE_H 1
| #define HAVE_STDDEF_H 1
| #define HAVE_STDLIB_H 1
| #define HAVE_STRING_H 1
| #define HAVE_STDLIB_H 1
| #define HAVE_GETC_UNLOCKED 1
| #define HAVE_MBRTOWC 1
| #define HAVE_WCRTOMB 1
| #define HAVE_MBSINIT 1
| #define HAVE_SETLOCALE 1
| #define HAVE_MEMMOVE 1
| #define HAVE_LANGINFO_CODESET 1
| #define HAVE_WCHAR_H 1
| #define WORDS_LITTLEENDIAN 1
| #define HAVE_ALLOCA_H 1
| #define HAVE_ALLOCA 1
| #define HAVE_STDLIB_H 1
| #define HAVE_STRING_H 1
| #define HAVE_SYS_PARAM_H 1
| #define HAVE_UNISTD_H 1
| #define HAVE_CANONICALIZE_FILE_NAME 1
| #define HAVE_DECL_CLEARERR_UNLOCKED 1
| #define HAVE_DECL_FEOF_UNLOCKED 1
| #define HAVE_DECL_FERROR_UNLOCKED 1
| #define HAVE_DECL_FFLUSH_UNLOCKED 1
| #define HAVE_DECL_FGETS_UNLOCKED 1
| #define HAVE_DECL_FPUTC_UNLOCKED 1
| #define HAVE_DECL_FPUTS_UNLOCKED 1
| #define HAVE_DECL_FREAD_UNLOCKED 1
| #define HAVE_DECL_FWRITE_UNLOCKED 1
| #define HAVE_DECL_GETC_UNLOCKED 1
| #define HAVE_DECL_GETCHAR_UNLOCKED 1
| #define HAVE_DECL_PUTC_UNLOCKED 1
| #define HAVE_DECL_PUTCHAR_UNLOCKED 1
| #define HAVE_VPRINTF 1
| #define HAVE_ERROR_AT_LINE 1
| #define HAVE_LIMITS_H 1
| #define HAVE_SETENV 1
| #define HAVE_UNSETENV 1
| #define HAVE_SEARCH_H 1
| #define HAVE_STDLIB_H 1
| #define HAVE_STRING_H 1
| #define HAVE_UNISTD_H 1
| #define HAVE_TSEARCH 1
| /* end confdefs.h.  */
| #include <errno.h>
|       extern struct { int foo; } errno;
| int
| main ()
| {
| errno.foo = 1;
|   ;
|   return 0;
| }
configure:25618: result: yes
configure:25630: checking if environ is properly declared
configure:25654: arm-linux-gcc -c -g -O2  conftest.c >&5
configure:25714: error: conflicting types for 'environ'
/usr/local/arm/3.4.6/lib/gcc/arm-linux/3.4.6/../../../../arm-linux/sys-include/unistd.h:474: error: previous declaration of 'environ' was here
configure:25714: error: conflicting types for 'environ'
/usr/local/arm/3.4.6/lib/gcc/arm-linux/3.4.6/../../../../arm-linux/sys-include/unistd.h:474: error: previous declaration of 'environ' was here
configure:25657: $? = 1
configure: failed program was:
| #line 25636 "configure"
| /* confdefs.h.  */
| 
| #define PACKAGE_NAME ""
| #define PACKAGE_TARNAME ""
| #define PACKAGE_VERSION ""
| #define PACKAGE_STRING ""
| #define PACKAGE_BUGREPORT ""
| #define PACKAGE "libiconv"
| #define VERSION "1.9"
| #define INSTALLPREFIX "/usr/local"
| #define _GNU_SOURCE 1
| #define STDC_HEADERS 1
| #define HAVE_SYS_TYPES_H 1
| #define HAVE_SYS_STAT_H 1
| #define HAVE_STDLIB_H 1
| #define HAVE_STRING_H 1
| #define HAVE_MEMORY_H 1
| #define HAVE_STRINGS_H 1
| #define HAVE_INTTYPES_H 1
| #define HAVE_STDINT_H 1
| #define HAVE_UNISTD_H 1
| #define HAVE_DLFCN_H 1
| #ifdef __cplusplus
| #include <stdlib.h>
| #endif
| #define HAVE_ICONV 1
| #define ICONV_CONST 
| #define ENABLE_NLS 1
| #define HAVE_GETTEXT 1
| #define HAVE_DCGETTEXT 1
| #define STDC_HEADERS 1
| #define HAVE_LOCALE_H 1
| #define HAVE_STDDEF_H 1
| #define HAVE_STDLIB_H 1
| #define HAVE_STRING_H 1
| #define HAVE_STDLIB_H 1
| #define HAVE_GETC_UNLOCKED 1
| #define HAVE_MBRTOWC 1
| #define HAVE_WCRTOMB 1
| #define HAVE_MBSINIT 1
| #define HAVE_SETLOCALE 1
| #define HAVE_MEMMOVE 1
| #define HAVE_LANGINFO_CODESET 1
| #define HAVE_WCHAR_H 1
| #define WORDS_LITTLEENDIAN 1
| #define HAVE_ALLOCA_H 1
| #define HAVE_ALLOCA 1
| #define HAVE_STDLIB_H 1
| #define HAVE_STRING_H 1
| #define HAVE_SYS_PARAM_H 1
| #define HAVE_UNISTD_H 1
| #define HAVE_CANONICALIZE_FILE_NAME 1
| #define HAVE_DECL_CLEARERR_UNLOCKED 1
| #define HAVE_DECL_FEOF_UNLOCKED 1
| #define HAVE_DECL_FERROR_UNLOCKED 1
| #define HAVE_DECL_FFLUSH_UNLOCKED 1
| #define HAVE_DECL_FGETS_UNLOCKED 1
| #define HAVE_DECL_FPUTC_UNLOCKED 1
| #define HAVE_DECL_FPUTS_UNLOCKED 1
| #define HAVE_DECL_FREAD_UNLOCKED 1
| #define HAVE_DECL_FWRITE_UNLOCKED 1
| #define HAVE_DECL_GETC_UNLOCKED 1
| #define HAVE_DECL_GETCHAR_UNLOCKED 1
| #define HAVE_DECL_PUTC_UNLOCKED 1
| #define HAVE_DECL_PUTCHAR_UNLOCKED 1
| #define HAVE_VPRINTF 1
| #define HAVE_ERROR_AT_LINE 1
| #define HAVE_LIMITS_H 1
| #define HAVE_SETENV 1
| #define HAVE_UNSETENV 1
| #define HAVE_SEARCH_H 1
| #define HAVE_STDLIB_H 1
| #define HAVE_STRING_H 1
| #define HAVE_UNISTD_H 1
| #define HAVE_TSEARCH 1
| #define HAVE_ERRNO_DECL 1
| /* end confdefs.h.  */
| #include <unistd.h>
|       extern struct { int foo; } environ;
| int
| main ()
| {
| environ.foo = 1;
|   ;
|   return 0;
| }
configure:25675: result: yes
configure:25686: checking for stdbool.h
configure:25720: arm-linux-gcc -c -g -O2  conftest.c >&5
configure:25723: $? = 0
configure:25726: test -s conftest.o
configure:25729: $? = 0
configure:25741: result: yes
configure:25812: checking for strerror
configure:25862: arm-linux-gcc -o conftest -g -O2   conftest.c  >&5
configure:25865: $? = 0
configure:25868: test -s conftest
configure:25871: $? = 0
configure:25882: result: yes
configure:25907: checking for sys/types.h
configure:25912: result: yes
configure:26213: creating ./config.status

## ---------------------- ##
## Running config.status. ##
## ---------------------- ##

This file was extended by config.status, which was
generated by GNU Autoconf 2.57.  Invocation command line was

  CONFIG_FILES    = 
  CONFIG_HEADERS  = 
  CONFIG_LINKS    = 
  CONFIG_COMMANDS = 
  $ ./config.status 

on Titan

config.status:728: creating Makefile
config.status:728: creating lib/Makefile
config.status:728: creating srclib/Makefile
config.status:728: creating src/Makefile
config.status:728: creating po/Makefile.in
config.status:728: creating man/Makefile
config.status:728: creating tests/Makefile
config.status:728: creating include/iconv.h
config.status:825: creating config.h
config.status:825: creating lib/config.h
config.status:1186: executing depfiles commands
config.status:1186: executing default-1 commands
configure:27631: configuring in libcharset
configure:27715: running /bin/sh '../../libcharset/configure' --prefix=/usr/local  '--host=arm-linux' 'host_alias=arm-linux' --cache-file=/dev/null --srcdir=../../libcharset

## ---------------- ##
## Cache variables. ##
## ---------------- ##

ac_cv_build=i686-pc-linux-gnu
ac_cv_build_alias=i686-pc-linux-gnu
ac_cv_c_compiler_gnu=yes
ac_cv_cxx_compiler_gnu=yes
ac_cv_decl_EILSEQ=yes
ac_cv_env_CC_set=
ac_cv_env_CC_value=
ac_cv_env_CFLAGS_set=
ac_cv_env_CFLAGS_value=
ac_cv_env_CPPFLAGS_set=
ac_cv_env_CPPFLAGS_value=
ac_cv_env_CPP_set=
ac_cv_env_CPP_value=
ac_cv_env_CXXCPP_set=
ac_cv_env_CXXCPP_value=
ac_cv_env_CXXFLAGS_set=
ac_cv_env_CXXFLAGS_value=
ac_cv_env_CXX_set=
ac_cv_env_CXX_value=
ac_cv_env_F77_set=
ac_cv_env_F77_value=
ac_cv_env_FFLAGS_set=
ac_cv_env_FFLAGS_value=
ac_cv_env_LDFLAGS_set=
ac_cv_env_LDFLAGS_value=
ac_cv_env_build_alias_set=
ac_cv_env_build_alias_value=
ac_cv_env_host_alias_set=set
ac_cv_env_host_alias_value=arm-linux
ac_cv_env_target_alias_set=
ac_cv_env_target_alias_value=
ac_cv_exeext=
ac_cv_f77_compiler_gnu=no
ac_cv_func__doprnt=no
ac_cv_func_alloca_works=yes
ac_cv_func_canonicalize_file_name=yes
ac_cv_func_getc_unlocked=yes
ac_cv_func_mbrtowc=yes
ac_cv_func_mbsinit=yes
ac_cv_func_memmove=yes
ac_cv_func_setenv=yes
ac_cv_func_setlocale=yes
ac_cv_func_strerror=yes
ac_cv_func_tsearch=yes
ac_cv_func_unsetenv=yes
ac_cv_func_vprintf=yes
ac_cv_func_wcrtomb=yes
ac_cv_have_decl_clearerr_unlocked=yes
ac_cv_have_decl_feof_unlocked=yes
ac_cv_have_decl_ferror_unlocked=yes
ac_cv_have_decl_fflush_unlocked=yes
ac_cv_have_decl_fgets_unlocked=yes
ac_cv_have_decl_fputc_unlocked=yes
ac_cv_have_decl_fputs_unlocked=yes
ac_cv_have_decl_fread_unlocked=yes
ac_cv_have_decl_fwrite_unlocked=yes
ac_cv_have_decl_getc_unlocked=yes
ac_cv_have_decl_getchar_unlocked=yes
ac_cv_have_decl_putc_unlocked=yes
ac_cv_have_decl_putchar_unlocked=yes
ac_cv_header_dlfcn_h=yes
ac_cv_header_inttypes_h=yes
ac_cv_header_limits_h=yes
ac_cv_header_locale_h=yes
ac_cv_header_memory_h=yes
ac_cv_header_minix_config_h=no
ac_cv_header_search_h=yes
ac_cv_header_stdc=yes
ac_cv_header_stddef_h=yes
ac_cv_header_stdint_h=yes
ac_cv_header_stdlib_h=yes
ac_cv_header_string_h=yes
ac_cv_header_strings_h=yes
ac_cv_header_sys_param_h=yes
ac_cv_header_sys_stat_h=yes
ac_cv_header_sys_types_h=yes
ac_cv_header_unistd_h=yes
ac_cv_header_wchar_h=yes
ac_cv_host=arm-unknown-linux-gnu
ac_cv_host_alias=arm-linux
ac_cv_lib_cposix_strerror=no
ac_cv_objext=o
ac_cv_path_GMSGFMT=/usr/bin/msgfmt
ac_cv_path_MSGFMT=/usr/bin/msgfmt
ac_cv_path_MSGMERGE=/usr/bin/msgmerge
ac_cv_path_XGETTEXT=/usr/bin/xgettext
ac_cv_path_install='/usr/bin/ginstall -c'
ac_cv_prog_AR=arm-linux-ar
ac_cv_prog_AWK=gawk
ac_cv_prog_CC=arm-linux-gcc
ac_cv_prog_CPP='arm-linux-gcc -E'
ac_cv_prog_CXX=arm-linux-g++
ac_cv_prog_CXXCPP='arm-linux-g++ -E'
ac_cv_prog_RANLIB=arm-linux-ranlib
ac_cv_prog_STRIP=arm-linux-strip
ac_cv_prog_ac_ct_F77=g77
ac_cv_prog_cc_g=yes
ac_cv_prog_cc_stdc=
ac_cv_prog_cxx_g=yes
ac_cv_prog_egrep='grep -E'
ac_cv_prog_f77_g=yes
ac_cv_prog_gcc_traditional=no
ac_cv_prog_make_make_set=yes
ac_cv_type_mbstate_t=yes
ac_cv_working_alloca_h=yes
acl_cv_hardcode_direct=no
acl_cv_hardcode_libdir_flag_spec='${wl}-rpath ${wl}$libdir'
acl_cv_hardcode_libdir_separator=
acl_cv_hardcode_minus_L=no
acl_cv_libext=a
acl_cv_libpath=LD_LIBRARY_PATH
acl_cv_path_LD=/usr/local/arm/3.4.6/arm-linux/bin/ld
acl_cv_prog_gnu_ld=yes
acl_cv_rpath=done
acl_cv_shlibext=so
acl_cv_shlibpath_var=LD_LIBRARY_PATH
acl_cv_wl=-Wl,
am_cv_CC_dependencies_compiler_type=none
am_cv_CXX_dependencies_compiler_type=none
am_cv_func_iconv=yes
am_cv_langinfo_codeset=yes
am_cv_lib_error_at_line=yes
am_cv_lib_iconv=no
am_cv_proto_iconv='extern size_t iconv (iconv_t cd, char * *inbuf, size_t *inbytesleft, char * *outbuf, size_t *outbytesleft);'
am_cv_proto_iconv_arg1=
cl_cv_prog_LN=ln
cl_cv_prog_cp='cp -p'
cl_cv_sys_endian='guessing little endian'
gt_cv_func_gnugettext1_libc=yes
gt_cv_header_stdbool_h=yes
gt_cv_var_environ_declaration=yes
gt_cv_var_errno_declaration=yes
lt_cv_deplibs_check_method='file_magic ELF [0-9][0-9]*-bit [LM]SB (shared object|dynamic lib )'
lt_cv_file_magic_cmd='$MAGIC_CMD'
lt_cv_file_magic_test_file='/lib/libc.so.6 /lib/libc-2.3.4.so /lib/libc-2.7.so'
lt_cv_ld_reload_flag=-r
lt_cv_objdir=.libs
lt_cv_path_LD=/usr/local/arm/3.4.6/arm-linux/bin/ld
lt_cv_path_LDCXX=/usr/local/arm/3.4.6/arm-linux/bin/ld
lt_cv_path_NM='/usr/local/arm/3.4.6/bin//arm-linux-nm -B'
lt_cv_path_SED=/usr/bin/sed
lt_cv_prog_compiler_c_o=yes
lt_cv_prog_compiler_c_o_CXX=yes
lt_cv_prog_compiler_c_o_F77=yes
lt_cv_prog_compiler_rtti_exceptions=no
lt_cv_prog_gnu_ld=yes
lt_cv_prog_gnu_ldcxx=yes
lt_cv_sys_global_symbol_pipe='sed -n -e '\''s/^.*[ 	]\([ABCDGISTW][ABCDGISTW]*\)[ 	][ 	]*\(\)\([_A-Za-z][_A-Za-z0-9]*\)$/\1 \2\3 \3/p'\'''
lt_cv_sys_global_symbol_to_c_name_address='sed -n -e '\''s/^: \([^ ]*\) $/  {\"\1\", (lt_ptr) 0},/p'\'' -e '\''s/^[BCDEGRST] \([^ ]*\) \([^ ]*\)$/  {"\2", (lt_ptr) \&\2},/p'\'''
lt_cv_sys_global_symbol_to_cdecl='sed -n -e '\''s/^. .* \(.*\)$/extern int \1;/p'\'''
lt_cv_sys_max_cmd_len=32768
lt_lt_cv_prog_compiler_c_o='"yes"'
lt_lt_cv_prog_compiler_c_o_CXX='"yes"'
lt_lt_cv_prog_compiler_c_o_F77='"yes"'
lt_lt_cv_sys_global_symbol_pipe='"sed -n -e '\''s/^.*[ 	]\\([ABCDGISTW][ABCDGISTW]*\\)[ 	][ 	]*\\(\\)\\([_A-Za-z][_A-Za-z0-9]*\\)\$/\\1 \\2\\3 \\3/p'\''"'
lt_lt_cv_sys_global_symbol_to_c_name_address='"sed -n -e '\''s/^: \\([^ ]*\\) \$/  {\\\"\\1\\\", (lt_ptr) 0},/p'\'' -e '\''s/^[BCDEGRST] \\([^ ]*\\) \\([^ ]*\\)\$/  {\"\\2\", (lt_ptr) \\&\\2},/p'\''"'
lt_lt_cv_sys_global_symbol_to_cdecl='"sed -n -e '\''s/^. .* \\(.*\\)\$/extern int \\1;/p'\''"'

## ----------------- ##
## Output variables. ##
## ----------------- ##

ACLOCAL='${SHELL} /projects/SSD1933/emlinux-ssd1933/libs/oss/libiconv-1.9.1/autoconf/missing --run aclocal-1.7'
ALLOCA=''
ALLOCA_H='alloca.h'
AMDEPBACKSLASH='\'
AMDEP_FALSE='#'
AMDEP_TRUE=''
AMTAR='${SHELL} /projects/SSD1933/emlinux-ssd1933/libs/oss/libiconv-1.9.1/autoconf/missing --run tar'
AR='arm-linux-ar'
AS='as'
AUTOCONF='${SHELL} /projects/SSD1933/emlinux-ssd1933/libs/oss/libiconv-1.9.1/autoconf/missing --run autoconf'
AUTOHEADER='${SHELL} /projects/SSD1933/emlinux-ssd1933/libs/oss/libiconv-1.9.1/autoconf/missing --run autoheader'
AUTOMAKE='${SHELL} /projects/SSD1933/emlinux-ssd1933/libs/oss/libiconv-1.9.1/autoconf/missing --run automake-1.7'
AWK='gawk'
CC='arm-linux-gcc'
CCDEPMODE='depmode=none'
CFLAGS='-g -O2'
CP='cp -p'
CPP='arm-linux-gcc -E'
CPPFLAGS=''
CXX='arm-linux-g++'
CXXCPP='arm-linux-g++ -E'
CXXDEPMODE='depmode=none'
CXXFLAGS='-g -O2'
CYGPATH_W='echo'
DEFS='-DHAVE_CONFIG_H'
DEPDIR='.deps'
DLLTOOL='dlltool'
ECHO='echo'
ECHO_C=''
ECHO_N='-n'
ECHO_T=''
EGREP='grep -E'
EILSEQ=''
EXEEXT=''
F77='g77'
FFLAGS='-g'
GCC='yes'
GMSGFMT='/usr/bin/msgfmt'
HAVE__BOOL=''
ICONV_CONST=''
INSTALL_DATA='${INSTALL} -m 644'
INSTALL_PROGRAM='${INSTALL}'
INSTALL_SCRIPT='${INSTALL}'
INSTALL_STRIP_PROGRAM='${SHELL} $(install_sh) -c -s'
INTLLIBS=''
LDFLAGS=''
LIBICONV=''
LIBINTL=''
LIBOBJS=''
LIBS=''
LIBTOOL='$(SHELL) $(top_builddir)/libtool'
LN='ln'
LN_S='ln -s'
LTLIBICONV=''
LTLIBINTL=''
LTLIBOBJS=''
MAKEINFO='${SHELL} /projects/SSD1933/emlinux-ssd1933/libs/oss/libiconv-1.9.1/autoconf/missing --run makeinfo'
MKINSTALLDIRS='$(top_builddir)/../autoconf/mkinstalldirs'
MSGFMT='/usr/bin/msgfmt'
MSGMERGE='/usr/bin/msgmerge'
OBJDUMP='objdump'
OBJEXT='o'
OS='linux'
PACKAGE='libiconv'
PACKAGE_BUGREPORT=''
PACKAGE_NAME=''
PACKAGE_STRING=''
PACKAGE_TARNAME=''
PACKAGE_VERSION=''
PATH_SEPARATOR=':'
PLUGLIB='libiconv_plug.so'
POSUB='po'
RANLIB='arm-linux-ranlib'
RELOCATABLE='no'
RELOCATABLE_VIA_LD_FALSE=''
RELOCATABLE_VIA_LD_TRUE='#'
SET_MAKE=''
SET_RELOCATABLE=''
SHELL='/bin/sh'
STDBOOL_H=''
STRIP='arm-linux-strip'
USE_EXTRA_ENCODINGS='no'
USE_NLS='yes'
VERSION='1.9'
XGETTEXT='/usr/bin/xgettext'
ac_ct_AR=''
ac_ct_AS=''
ac_ct_CC=''
ac_ct_CXX=''
ac_ct_DLLTOOL=''
ac_ct_F77='g77'
ac_ct_OBJDUMP=''
ac_ct_RANLIB=''
ac_ct_STRIP=''
am__fastdepCC_FALSE=''
am__fastdepCC_TRUE='#'
am__fastdepCXX_FALSE=''
am__fastdepCXX_TRUE='#'
am__include='include'
am__leading_dot='.'
am__quote=''
bindir='${exec_prefix}/bin'
build='i686-pc-linux-gnu'
build_alias=''
build_cpu='i686'
build_os='linux-gnu'
build_vendor='pc'
datadir='${prefix}/share'
exec_prefix='${prefix}'
host='arm-unknown-linux-gnu'
host_alias='arm-linux'
host_cpu='arm'
host_os='linux-gnu'
host_vendor='unknown'
includedir='${prefix}/include'
infodir='${prefix}/info'
install_sh='/projects/SSD1933/emlinux-ssd1933/libs/oss/libiconv-1.9.1/autoconf/install-sh'
libdir='${exec_prefix}/lib'
libexecdir='${exec_prefix}/libexec'
localstatedir='${prefix}/var'
mandir='${datadir}/man'
oldincludedir='/usr/include'
prefix='/usr/local'
program_transform_name='s,x,x,'
sbindir='${exec_prefix}/sbin'
sharedstatedir='${prefix}/com'
subdirs=' libcharset'
sysconfdir='${prefix}/etc'
target_alias=''

## ----------- ##
## confdefs.h. ##
## ----------- ##

#define ENABLE_NLS 1
#define HAVE_ALLOCA 1
#define HAVE_ALLOCA_H 1
#define HAVE_CANONICALIZE_FILE_NAME 1
#define HAVE_DCGETTEXT 1
#define HAVE_DECL_CLEARERR_UNLOCKED 1
#define HAVE_DECL_FEOF_UNLOCKED 1
#define HAVE_DECL_FERROR_UNLOCKED 1
#define HAVE_DECL_FFLUSH_UNLOCKED 1
#define HAVE_DECL_FGETS_UNLOCKED 1
#define HAVE_DECL_FPUTC_UNLOCKED 1
#define HAVE_DECL_FPUTS_UNLOCKED 1
#define HAVE_DECL_FREAD_UNLOCKED 1
#define HAVE_DECL_FWRITE_UNLOCKED 1
#define HAVE_DECL_GETCHAR_UNLOCKED 1
#define HAVE_DECL_GETC_UNLOCKED 1
#define HAVE_DECL_PUTCHAR_UNLOCKED 1
#define HAVE_DECL_PUTC_UNLOCKED 1
#define HAVE_DLFCN_H 1
#define HAVE_ENVIRON_DECL 1
#define HAVE_ERRNO_DECL 1
#define HAVE_ERROR_AT_LINE 1
#define HAVE_GETC_UNLOCKED 1
#define HAVE_GETTEXT 1
#define HAVE_ICONV 1
#define HAVE_INTTYPES_H 1
#define HAVE_LANGINFO_CODESET 1
#define HAVE_LIMITS_H 1
#define HAVE_LOCALE_H 1
#define HAVE_MBRTOWC 1
#define HAVE_MBSINIT 1
#define HAVE_MEMMOVE 1
#define HAVE_MEMORY_H 1
#define HAVE_SEARCH_H 1
#define HAVE_SETENV 1
#define HAVE_SETLOCALE 1
#define HAVE_STDBOOL_H 1
#define HAVE_STDDEF_H 1
#define HAVE_STDINT_H 1
#define HAVE_STDLIB_H 1
#define HAVE_STDLIB_H 1
#define HAVE_STDLIB_H 1
#define HAVE_STDLIB_H 1
#define HAVE_STDLIB_H 1
#define HAVE_STRERROR 1
#define HAVE_STRINGS_H 1
#define HAVE_STRING_H 1
#define HAVE_STRING_H 1
#define HAVE_STRING_H 1
#define HAVE_STRING_H 1
#define HAVE_SYS_PARAM_H 1
#define HAVE_SYS_STAT_H 1
#define HAVE_SYS_TYPES_H 1
#define HAVE_SYS_TYPES_H 1
#define HAVE_TSEARCH 1
#define HAVE_UNISTD_H 1
#define HAVE_UNISTD_H 1
#define HAVE_UNISTD_H 1
#define HAVE_UNSETENV 1
#define HAVE_VPRINTF 1
#define HAVE_WCHAR_H 1
#define HAVE_WCRTOMB 1
#define ICONV_CONST 
#define INSTALLPREFIX "/usr/local"
#define PACKAGE "libiconv"
#define PACKAGE_BUGREPORT ""
#define PACKAGE_NAME ""
#define PACKAGE_STRING ""
#define PACKAGE_TARNAME ""
#define PACKAGE_VERSION ""
#define STDC_HEADERS 1
#define STDC_HEADERS 1
#define VERSION "1.9"
#define WORDS_LITTLEENDIAN 1
#define _GNU_SOURCE 1
#endif
#ifdef __cplusplus
#include <stdlib.h>

configure: exit 0
