This file contains any messages produced by compilers while
running configure, to aid debugging if configure makes a mistake.

It was created by configure, which was
generated by GNU Autoconf 2.57.  Invocation command line was

  $ ./configure --host=arm-linux --target=arm-linux

## --------- ##
## Platform. ##
## --------- ##

hostname = acernb
uname -m = i686
uname -r = 2.4.29
uname -s = Linux
uname -v = #10 Fri Apr 14 10:13:31 CST 2006

/usr/bin/uname -p = unknown
/bin/uname -X     = unknown

/bin/arch              = i686
/usr/bin/arch -k       = unknown
/usr/convex/getsysinfo = unknown
hostinfo               = unknown
/bin/machine           = unknown
/usr/bin/oslevel       = unknown
/bin/universe          = unknown

PATH: /usr/local/bin
PATH: /usr/bin
PATH: /bin
PATH: /usr/X11R6/bin
PATH: /usr/games
PATH: /usr/lib/java/bin
PATH: /usr/lib/java/jre/bin
PATH: .


## ----------- ##
## Core tests. ##
## ----------- ##

configure:1494: checking for a BSD-compatible install
configure:1548: result: /usr/bin/ginstall -c
configure:1559: checking whether build environment is sane
configure:1602: result: yes
configure:1635: checking for gawk
configure:1651: found /usr/bin/gawk
configure:1661: result: gawk
configure:1671: checking whether make sets $(MAKE)
configure:1691: result: yes
configure:1751: checking for arm-linux-strip
configure:1777: result: /opt/toolchain_arm_ep93xx/bin/arm-linux-uclibc-strip
configure:1860: checking for arm-linux-gcc
configure:1886: result: /opt/toolchain_arm_ep93xx/bin/arm-linux-uclibc-gcc
configure:2168: checking for C compiler version
configure:2171: /opt/toolchain_arm_ep93xx/bin/arm-linux-uclibc-gcc --version </dev/null >&5
arm-linux-uclibc-gcc (GCC) 3.4.2
Copyright (C) 2004 Free Software Foundation, Inc.
This is free software; see the source for copying conditions.  There is NO
warranty; not even for MERCHANTABILITY or FITNESS FOR A PARTICULAR PURPOSE.

configure:2174: $? = 0
configure:2176: /opt/toolchain_arm_ep93xx/bin/arm-linux-uclibc-gcc -v </dev/null >&5
Reading specs from /opt/toolchain_arm_ep93xx/lib/gcc/arm-linux-uclibc/3.4.2/specs
Configured with: /projects/CirrusEP93xx/emlinux-ep93xx/toolchain/buildroot/toolchain_build_arm_nofpu/gcc-3.4.2/configure --prefix=/opt/toolchain_arm_ep93xx --build=i386-pc-linux-gnu --host=i386-pc-linux-gnu --target=arm-linux-uclibc --enable-languages=c,c++,objc --enable-shared --disable-__cxa_atexit --enable-target-optspace --with-gnu-ld --disable-nls --enable-multilib --with-float=soft : (reconfigured) /projects/CirrusEP93xx/emlinux-ep93xx/toolchain/buildroot/toolchain_build_arm_nofpu/gcc-3.4.2/configure --prefix=/opt/toolchain_arm_ep93xx --build=i386-pc-linux-gnu --host=i386-pc-linux-gnu --target=arm-linux-uclibc --enable-languages=c,c++,objc --enable-shared --disable-__cxa_atexit --enable-target-optspace --with-gnu-ld --disable-nls --enable-multilib --with-float=soft --enable-sjlj-exceptions
Thread model: posix
gcc version 3.4.2
configure:2179: $? = 0
configure:2181: /opt/toolchain_arm_ep93xx/bin/arm-linux-uclibc-gcc -V </dev/null >&5
arm-linux-uclibc-gcc: `-V' option must have argument
configure:2184: $? = 1
configure:2208: checking for C compiler default output
configure:2211: /opt/toolchain_arm_ep93xx/bin/arm-linux-uclibc-gcc   -nostartfiles /projects/emlinux-ep93xx/libs/gpl/uClibc/lib/crt0.o -L/projects/emlinux-ep93xx/libs/gpl/uClibc/lib -L/opt/toolchain_arm_ep93xx/lib/gcc/arm-linux-uclibc/3.4.2 -nodefaultlibs /opt/toolchain_arm_ep93xx/lib/gcc/arm-linux-uclibc/3.4.2/libgcc.a -lgcc -lc conftest.c  >&5
configure:2214: $? = 0
configure:2260: result: a.out
configure:2265: checking whether the C compiler works
configure:2271: ./a.out
./configure: line 2272: ./a.out: cannot execute binary file
configure:2274: $? = 126
configure:2291: result: yes
configure:2298: checking whether we are cross compiling
configure:2300: result: yes
configure:2303: checking for suffix of executables
configure:2305: /opt/toolchain_arm_ep93xx/bin/arm-linux-uclibc-gcc -o conftest   -nostartfiles /projects/emlinux-ep93xx/libs/gpl/uClibc/lib/crt0.o -L/projects/emlinux-ep93xx/libs/gpl/uClibc/lib -L/opt/toolchain_arm_ep93xx/lib/gcc/arm-linux-uclibc/3.4.2 -nodefaultlibs /opt/toolchain_arm_ep93xx/lib/gcc/arm-linux-uclibc/3.4.2/libgcc.a -lgcc -lc conftest.c  >&5
configure:2308: $? = 0
configure:2333: result: 
configure:2339: checking for suffix of object files
configure:2361: /opt/toolchain_arm_ep93xx/bin/arm-linux-uclibc-gcc -c   conftest.c >&5
configure:2364: $? = 0
configure:2386: result: o
configure:2390: checking whether we are using the GNU C compiler
configure:2415: /opt/toolchain_arm_ep93xx/bin/arm-linux-uclibc-gcc -c   conftest.c >&5
configure:2418: $? = 0
configure:2421: test -s conftest.o
configure:2424: $? = 0
configure:2437: result: yes
configure:2443: checking whether /opt/toolchain_arm_ep93xx/bin/arm-linux-uclibc-gcc accepts -g
configure:2465: /opt/toolchain_arm_ep93xx/bin/arm-linux-uclibc-gcc -c -g  conftest.c >&5
configure:2468: $? = 0
configure:2471: test -s conftest.o
configure:2474: $? = 0
configure:2485: result: yes
configure:2502: checking for /opt/toolchain_arm_ep93xx/bin/arm-linux-uclibc-gcc option to accept ANSI C
configure:2563: /opt/toolchain_arm_ep93xx/bin/arm-linux-uclibc-gcc  -c -g -O2  conftest.c >&5
configure:2566: $? = 0
configure:2569: test -s conftest.o
configure:2572: $? = 0
configure:2590: result: none needed
configure:2608: /opt/toolchain_arm_ep93xx/bin/arm-linux-uclibc-gcc -c -g -O2  conftest.c >&5
conftest.c:2: error: parse error before "me"
configure:2611: $? = 1
configure: failed program was:
| #ifndef __cplusplus
|   choke me
| #endif
configure:2739: checking for style of include used by make
configure:2767: result: GNU
configure:2795: checking dependency style of /opt/toolchain_arm_ep93xx/bin/arm-linux-uclibc-gcc
configure:2857: result: gcc3
configure:2874: checking for a BSD-compatible install
configure:2928: result: /usr/bin/ginstall -c
configure:2964: checking for python
configure:2982: found /usr/local/bin/python
configure:2994: result: /usr/local/bin/python
configure:3085: checking build system type
configure:3103: result: i686-pc-linux-gnu
configure:3111: checking host system type
configure:3125: result: arm-unknown-linux-gnu
configure:3155: checking for ld used by GCC
configure:3218: result: /opt/toolchain_arm_ep93xx/bin/arm-linux-uclibc-ld
configure:3227: checking if the linker (/opt/toolchain_arm_ep93xx/bin/arm-linux-uclibc-ld) is GNU ld
GNU ld version 2.16.1
configure:3239: result: yes
configure:3244: checking for /opt/toolchain_arm_ep93xx/bin/arm-linux-uclibc-ld option to reload object files
configure:3251: result: -r
configure:3256: checking for BSD-compatible nm
configure:3292: result: nm
configure:3295: checking for a sed that does not truncate output
configure:3377: result: /usr/bin/sed
configure:3380: checking whether ln -s works
configure:3384: result: yes
configure:3391: checking how to recognise dependent libraries
configure:3572: result: file_magic ELF [0-9][0-9]*-bit [LM]SB (shared object|dynamic lib )
configure:3585: checking command to parse nm output
configure:3669: /opt/toolchain_arm_ep93xx/bin/arm-linux-uclibc-gcc -c -g -O2  conftest.c >&5
configure:3672: $? = 0
configure:3676: nm conftest.o \| sed -n -e 's/^.*[ 	]\([ABCDGISTW][ABCDGISTW]*\)[ 	][ 	]*\(\)\([_A-Za-z][_A-Za-z0-9]*\)$/\1 \2\3 \3/p' \> conftest.nm
configure:3679: $? = 0
configure:3731: /opt/toolchain_arm_ep93xx/bin/arm-linux-uclibc-gcc -o conftest -g -O2  -nostartfiles /projects/emlinux-ep93xx/libs/gpl/uClibc/lib/crt0.o -L/projects/emlinux-ep93xx/libs/gpl/uClibc/lib -L/opt/toolchain_arm_ep93xx/lib/gcc/arm-linux-uclibc/3.4.2 -nodefaultlibs /opt/toolchain_arm_ep93xx/lib/gcc/arm-linux-uclibc/3.4.2/libgcc.a -lgcc -lc conftest.c conftstm.o >&5
configure:3734: $? = 0
configure:3778: result: ok
configure:3787: checking how to run the C preprocessor
configure:3823: /opt/toolchain_arm_ep93xx/bin/arm-linux-uclibc-gcc -E  conftest.c
configure:3829: $? = 0
configure:3861: /opt/toolchain_arm_ep93xx/bin/arm-linux-uclibc-gcc -E  conftest.c
configure:3862:28: ac_nonexistent.h: No such file or directory
configure:3867: $? = 1
configure: failed program was:
| #line 3852 "configure"
| /* confdefs.h.  */
| 
| #define PACKAGE_NAME ""
| #define PACKAGE_TARNAME ""
| #define PACKAGE_VERSION ""
| #define PACKAGE_STRING ""
| #define PACKAGE_BUGREPORT ""
| #define PACKAGE "libredblack"
| #define VERSION "1.3"
| /* end confdefs.h.  */
| #include <ac_nonexistent.h>
configure:3905: result: /opt/toolchain_arm_ep93xx/bin/arm-linux-uclibc-gcc -E
configure:3930: /opt/toolchain_arm_ep93xx/bin/arm-linux-uclibc-gcc -E  conftest.c
configure:3936: $? = 0
configure:3968: /opt/toolchain_arm_ep93xx/bin/arm-linux-uclibc-gcc -E  conftest.c
configure:3969:28: ac_nonexistent.h: No such file or directory
configure:3974: $? = 1
configure: failed program was:
| #line 3959 "configure"
| /* confdefs.h.  */
| 
| #define PACKAGE_NAME ""
| #define PACKAGE_TARNAME ""
| #define PACKAGE_VERSION ""
| #define PACKAGE_STRING ""
| #define PACKAGE_BUGREPORT ""
| #define PACKAGE "libredblack"
| #define VERSION "1.3"
| /* end confdefs.h.  */
| #include <ac_nonexistent.h>
configure:4017: checking for egrep
configure:4027: result: grep -E
configure:4032: checking for ANSI C header files
configure:4058: /opt/toolchain_arm_ep93xx/bin/arm-linux-uclibc-gcc -c -g -O2  conftest.c >&5
configure:4061: $? = 0
configure:4064: test -s conftest.o
configure:4067: $? = 0
configure:4182: result: yes
configure:4206: checking for sys/types.h
configure:4223: /opt/toolchain_arm_ep93xx/bin/arm-linux-uclibc-gcc -c -g -O2  conftest.c >&5
configure:4226: $? = 0
configure:4229: test -s conftest.o
configure:4232: $? = 0
configure:4243: result: yes
configure:4206: checking for sys/stat.h
configure:4223: /opt/toolchain_arm_ep93xx/bin/arm-linux-uclibc-gcc -c -g -O2  conftest.c >&5
configure:4226: $? = 0
configure:4229: test -s conftest.o
configure:4232: $? = 0
configure:4243: result: yes
configure:4206: checking for stdlib.h
configure:4223: /opt/toolchain_arm_ep93xx/bin/arm-linux-uclibc-gcc -c -g -O2  conftest.c >&5
configure:4226: $? = 0
configure:4229: test -s conftest.o
configure:4232: $? = 0
configure:4243: result: yes
configure:4206: checking for string.h
configure:4223: /opt/toolchain_arm_ep93xx/bin/arm-linux-uclibc-gcc -c -g -O2  conftest.c >&5
configure:4226: $? = 0
configure:4229: test -s conftest.o
configure:4232: $? = 0
configure:4243: result: yes
configure:4206: checking for memory.h
configure:4223: /opt/toolchain_arm_ep93xx/bin/arm-linux-uclibc-gcc -c -g -O2  conftest.c >&5
configure:4226: $? = 0
configure:4229: test -s conftest.o
configure:4232: $? = 0
configure:4243: result: yes
configure:4206: checking for strings.h
configure:4223: /opt/toolchain_arm_ep93xx/bin/arm-linux-uclibc-gcc -c -g -O2  conftest.c >&5
configure:4226: $? = 0
configure:4229: test -s conftest.o
configure:4232: $? = 0
configure:4243: result: yes
configure:4206: checking for inttypes.h
configure:4223: /opt/toolchain_arm_ep93xx/bin/arm-linux-uclibc-gcc -c -g -O2  conftest.c >&5
configure:4226: $? = 0
configure:4229: test -s conftest.o
configure:4232: $? = 0
configure:4243: result: yes
configure:4206: checking for stdint.h
configure:4223: /opt/toolchain_arm_ep93xx/bin/arm-linux-uclibc-gcc -c -g -O2  conftest.c >&5
configure:4226: $? = 0
configure:4229: test -s conftest.o
configure:4232: $? = 0
configure:4243: result: yes
configure:4206: checking for unistd.h
configure:4223: /opt/toolchain_arm_ep93xx/bin/arm-linux-uclibc-gcc -c -g -O2  conftest.c >&5
configure:4226: $? = 0
configure:4229: test -s conftest.o
configure:4232: $? = 0
configure:4243: result: yes
configure:4269: checking dlfcn.h usability
configure:4282: /opt/toolchain_arm_ep93xx/bin/arm-linux-uclibc-gcc -c -g -O2  conftest.c >&5
configure:4285: $? = 0
configure:4288: test -s conftest.o
configure:4291: $? = 0
configure:4301: result: yes
configure:4305: checking dlfcn.h presence
configure:4316: /opt/toolchain_arm_ep93xx/bin/arm-linux-uclibc-gcc -E  conftest.c
configure:4322: $? = 0
configure:4341: result: yes
configure:4377: checking for dlfcn.h
configure:4384: result: yes
configure:4406: checking for arm-linux-file
configure:4464: result: no
configure:4470: checking for file
configure:4525: result: /usr/bin/file
configure:4544: checking for arm-linux-ranlib
configure:4570: result: /opt/toolchain_arm_ep93xx/bin/arm-linux-uclibc-ranlib
configure:4624: checking for arm-linux-strip
configure:4650: result: /opt/toolchain_arm_ep93xx/bin/arm-linux-uclibc-strip
configure:4899: checking for objdir
configure:4910: result: .libs
configure:4927: checking for /opt/toolchain_arm_ep93xx/bin/arm-linux-uclibc-gcc option to produce PIC
configure:5073: result: -fPIC
configure:5077: checking if /opt/toolchain_arm_ep93xx/bin/arm-linux-uclibc-gcc PIC flag -fPIC works
configure:5101: /opt/toolchain_arm_ep93xx/bin/arm-linux-uclibc-gcc -c -g -O2 -fPIC -DPIC  conftest.c >&5
configure:5104: $? = 0
configure:5107: test -s conftest.o
configure:5110: $? = 0
configure:5148: result: yes
configure:5164: checking if /opt/toolchain_arm_ep93xx/bin/arm-linux-uclibc-gcc static flag -static works
configure:5189: /opt/toolchain_arm_ep93xx/bin/arm-linux-uclibc-gcc -o conftest -g -O2  -nostartfiles /projects/emlinux-ep93xx/libs/gpl/uClibc/lib/crt0.o -L/projects/emlinux-ep93xx/libs/gpl/uClibc/lib -L/opt/toolchain_arm_ep93xx/lib/gcc/arm-linux-uclibc/3.4.2 -nodefaultlibs /opt/toolchain_arm_ep93xx/lib/gcc/arm-linux-uclibc/3.4.2/libgcc.a -lgcc -lc -static conftest.c  >&5
configure:5192: $? = 0
configure:5195: test -s conftest
configure:5198: $? = 0
configure:5214: result: yes
configure:5226: checking if /opt/toolchain_arm_ep93xx/bin/arm-linux-uclibc-gcc supports -c -o file.o
configure:5246: /opt/toolchain_arm_ep93xx/bin/arm-linux-uclibc-gcc -c -g -O2 -o out/conftest2.o  conftest.c >&5
configure:5270: result: yes
configure:5275: checking if /opt/toolchain_arm_ep93xx/bin/arm-linux-uclibc-gcc supports -c -o file.lo
configure:5303: /opt/toolchain_arm_ep93xx/bin/arm-linux-uclibc-gcc -c -g -O2 -c -o conftest.lo  conftest.c >&5
configure:5306: $? = 0
configure:5309: test -s conftest.lo
configure:5312: $? = 0
configure:5334: result: yes
configure:5365: checking if /opt/toolchain_arm_ep93xx/bin/arm-linux-uclibc-gcc supports -fno-rtti -fno-exceptions
configure:5388: /opt/toolchain_arm_ep93xx/bin/arm-linux-uclibc-gcc -c -g -O2 -fno-rtti -fno-exceptions -c conftest.c  conftest.c >&5
cc1: warning: command line option "-fno-rtti" is valid for C++/ObjC++ but not for C
cc1: warning: command line option "-fno-rtti" is valid for C++/ObjC++ but not for C
configure:5391: $? = 0
configure:5394: test -s conftest.o
configure:5397: $? = 0
configure:5414: result: yes
configure:5425: checking whether the linker (/opt/toolchain_arm_ep93xx/bin/arm-linux-uclibc-ld) supports shared libraries
configure:6120: result: yes
configure:6125: checking how to hardcode library paths into programs
configure:6149: result: immediate
configure:6154: checking whether stripping libraries is possible
configure:6159: result: yes
configure:6170: checking dynamic linker characteristics
configure:6601: result: GNU/Linux ld.so
configure:6606: checking if libtool supports shared libraries
configure:6608: result: yes
configure:6611: checking whether to build shared libraries
configure:6632: result: yes
configure:6635: checking whether to build static libraries
configure:6639: result: yes
configure:7313: checking whether -lc should be explicitly linked in
configure:7321: /opt/toolchain_arm_ep93xx/bin/arm-linux-uclibc-gcc -c -g -O2  conftest.c >&5
configure:7324: $? = 0
configure:7338: /opt/toolchain_arm_ep93xx/bin/arm-linux-uclibc-gcc -shared conftest.o  -v -Wl,-soname -Wl,conftest -o conftest 2\>\&1 \| grep  -lc  \>/dev/null 2\>\&1
configure:7341: $? = 0
configure:7354: result: no
configure:7929: checking for ANSI C header files
configure:8079: result: yes
configure:8090: checking for an ANSI C-conforming const
configure:8158: /opt/toolchain_arm_ep93xx/bin/arm-linux-uclibc-gcc -c -g -O2  conftest.c >&5
configure:8161: $? = 0
configure:8164: test -s conftest.o
configure:8167: $? = 0
configure:8178: result: yes
configure:8193: checking for strdup
configure:8243: /opt/toolchain_arm_ep93xx/bin/arm-linux-uclibc-gcc -o conftest -g -O2  -nostartfiles /projects/emlinux-ep93xx/libs/gpl/uClibc/lib/crt0.o -L/projects/emlinux-ep93xx/libs/gpl/uClibc/lib -L/opt/toolchain_arm_ep93xx/lib/gcc/arm-linux-uclibc/3.4.2 -nodefaultlibs /opt/toolchain_arm_ep93xx/lib/gcc/arm-linux-uclibc/3.4.2/libgcc.a -lgcc -lc conftest.c  >&5
configure:8236: warning: conflicting types for built-in function 'strdup'
configure:8246: $? = 0
configure:8249: test -s conftest
configure:8252: $? = 0
configure:8263: result: yes
configure:8396: creating ./config.status

## ---------------------- ##
## Running config.status. ##
## ---------------------- ##

This file was extended by config.status, which was
generated by GNU Autoconf 2.57.  Invocation command line was

  CONFIG_FILES    = 
  CONFIG_HEADERS  = 
  CONFIG_LINKS    = 
  CONFIG_COMMANDS = 
  $ ./config.status 

on acernb

config.status:671: creating Makefile
config.status:671: creating libredblack.spec
config.status:671: creating rbgen
config.status:775: creating config.h
config.status:992: executing depfiles commands
config.status:992: executing default commands

## ---------------- ##
## Cache variables. ##
## ---------------- ##

ac_cv_build=i686-pc-linux-gnu
ac_cv_build_alias=i686-pc-linux-gnu
ac_cv_c_compiler_gnu=yes
ac_cv_c_const=yes
ac_cv_env_CC_set=set
ac_cv_env_CC_value=/opt/toolchain_arm_ep93xx/bin/arm-linux-uclibc-gcc
ac_cv_env_CFLAGS_set=
ac_cv_env_CFLAGS_value=
ac_cv_env_CPPFLAGS_set=
ac_cv_env_CPPFLAGS_value=
ac_cv_env_CPP_set=
ac_cv_env_CPP_value=
ac_cv_env_LDFLAGS_set=set
ac_cv_env_LDFLAGS_value='-nostartfiles /projects/emlinux-ep93xx/libs/gpl/uClibc/lib/crt0.o -L/projects/emlinux-ep93xx/libs/gpl/uClibc/lib -L/opt/toolchain_arm_ep93xx/lib/gcc/arm-linux-uclibc/3.4.2 -nodefaultlibs /opt/toolchain_arm_ep93xx/lib/gcc/arm-linux-uclibc/3.4.2/libgcc.a -lgcc -lc'
ac_cv_env_build_alias_set=
ac_cv_env_build_alias_value=
ac_cv_env_host_alias_set=set
ac_cv_env_host_alias_value=arm-linux
ac_cv_env_target_alias_set=set
ac_cv_env_target_alias_value=arm-linux
ac_cv_exeext=
ac_cv_func_strdup=yes
ac_cv_header_dlfcn_h=yes
ac_cv_header_inttypes_h=yes
ac_cv_header_memory_h=yes
ac_cv_header_stdc=yes
ac_cv_header_stdint_h=yes
ac_cv_header_stdlib_h=yes
ac_cv_header_string_h=yes
ac_cv_header_strings_h=yes
ac_cv_header_sys_stat_h=yes
ac_cv_header_sys_types_h=yes
ac_cv_header_unistd_h=yes
ac_cv_host=arm-unknown-linux-gnu
ac_cv_host_alias=arm-linux
ac_cv_objext=o
ac_cv_path_PATH_PYTHON_PROG=/usr/local/bin/python
ac_cv_path_install='/usr/bin/ginstall -c'
ac_cv_prog_AWK=gawk
ac_cv_prog_CC=/opt/toolchain_arm_ep93xx/bin/arm-linux-uclibc-gcc
ac_cv_prog_CPP='/opt/toolchain_arm_ep93xx/bin/arm-linux-uclibc-gcc -E'
ac_cv_prog_RANLIB=/opt/toolchain_arm_ep93xx/bin/arm-linux-uclibc-ranlib
ac_cv_prog_STRIP=/opt/toolchain_arm_ep93xx/bin/arm-linux-uclibc-strip
ac_cv_prog_cc_g=yes
ac_cv_prog_cc_stdc=
ac_cv_prog_egrep='grep -E'
ac_cv_prog_make_make_set=yes
am_cv_CC_dependencies_compiler_type=gcc3
lt_cv_archive_cmds_need_lc=no
lt_cv_compiler_c_o=yes
lt_cv_compiler_o_lo=yes
lt_cv_deplibs_check_method='file_magic ELF [0-9][0-9]*-bit [LM]SB (shared object|dynamic lib )'
lt_cv_file_magic_cmd='$MAGIC_CMD'
lt_cv_file_magic_test_file='/lib/libc.so.6 /lib/libc-2.3.4.so'
lt_cv_global_symbol_to_c_name_address='sed -n -e '\''s/^: \([^ ]*\) $/  {\"\1\", (lt_ptr) 0},/p'\'' -e '\''s/^[BCDEGRST] \([^ ]*\) \([^ ]*\)$/  {"\2", (lt_ptr) \&\2},/p'\'''
lt_cv_global_symbol_to_cdecl='sed -n -e '\''s/^. .* \(.*\)$/extern char \1;/p'\'''
lt_cv_ld_reload_flag=-r
lt_cv_path_LD=/opt/toolchain_arm_ep93xx/bin/arm-linux-uclibc-ld
lt_cv_path_MAGIC_CMD=/usr/bin/file
lt_cv_path_NM=nm
lt_cv_path_SED=/usr/bin/sed
lt_cv_prog_cc_can_build_shared=yes
lt_cv_prog_cc_no_builtin=
lt_cv_prog_cc_pic=' -fPIC'
lt_cv_prog_cc_pic_works=yes
lt_cv_prog_cc_shlib=
lt_cv_prog_cc_static=-static
lt_cv_prog_cc_static_works=yes
lt_cv_prog_cc_wl=-Wl,
lt_cv_prog_gnu_ld=yes
lt_cv_sys_global_symbol_pipe='sed -n -e '\''s/^.*[ 	]\([ABCDGISTW][ABCDGISTW]*\)[ 	][ 	]*\(\)\([_A-Za-z][_A-Za-z0-9]*\)$/\1 \2\3 \3/p'\'''

## ----------------- ##
## Output variables. ##
## ----------------- ##

ACLOCAL='${SHELL} /projects/emlinux-ep93xx/libs/gpl/libredblack-1.3/missing --run aclocal-1.6'
AMDEPBACKSLASH='\'
AMDEP_FALSE='#'
AMDEP_TRUE=''
AMTAR='${SHELL} /projects/emlinux-ep93xx/libs/gpl/libredblack-1.3/missing --run tar'
AUTOCONF='${SHELL} /projects/emlinux-ep93xx/libs/gpl/libredblack-1.3/missing --run autoconf'
AUTOHEADER='${SHELL} /projects/emlinux-ep93xx/libs/gpl/libredblack-1.3/missing --run autoheader'
AUTOMAKE='${SHELL} /projects/emlinux-ep93xx/libs/gpl/libredblack-1.3/missing --run automake-1.6'
AWK='gawk'
CC='/opt/toolchain_arm_ep93xx/bin/arm-linux-uclibc-gcc'
CCDEPMODE='depmode=gcc3'
CFLAGS='-g -O2'
CPP='/opt/toolchain_arm_ep93xx/bin/arm-linux-uclibc-gcc -E'
CPPFLAGS=''
DEFS='-DHAVE_CONFIG_H'
DEPDIR='.deps'
ECHO='echo'
ECHO_C=''
ECHO_N='-n'
ECHO_T=''
EGREP='grep -E'
EXEEXT=''
INSTALL_DATA='${INSTALL} -m 644'
INSTALL_PROGRAM='${INSTALL}'
INSTALL_SCRIPT='${INSTALL}'
INSTALL_STRIP_PROGRAM='${SHELL} $(install_sh) -c -s'
LDFLAGS='-nostartfiles /projects/emlinux-ep93xx/libs/gpl/uClibc/lib/crt0.o -L/projects/emlinux-ep93xx/libs/gpl/uClibc/lib -L/opt/toolchain_arm_ep93xx/lib/gcc/arm-linux-uclibc/3.4.2 -nodefaultlibs /opt/toolchain_arm_ep93xx/lib/gcc/arm-linux-uclibc/3.4.2/libgcc.a -lgcc -lc'
LIBOBJS=''
LIBS=''
LIBTOOL='$(SHELL) $(top_builddir)/libtool'
LN_S='ln -s'
LTLIBOBJS=''
MAKEINFO='${SHELL} /projects/emlinux-ep93xx/libs/gpl/libredblack-1.3/missing --run makeinfo'
OBJEXT='o'
PACKAGE='libredblack'
PACKAGE_BUGREPORT=''
PACKAGE_NAME=''
PACKAGE_STRING=''
PACKAGE_TARNAME=''
PACKAGE_VERSION=''
PATH_PYTHON_PROG='/usr/local/bin/python'
PATH_SEPARATOR=':'
RANLIB='/opt/toolchain_arm_ep93xx/bin/arm-linux-uclibc-ranlib'
REDBLACK_LIB_AGE='2'
REDBLACK_LIB_CURRENT='2'
REDBLACK_LIB_REVISION='3'
REDBLACK_VERSION='1.3'
SET_MAKE=''
SHELL='/bin/sh'
STRIP='/opt/toolchain_arm_ep93xx/bin/arm-linux-uclibc-strip'
USE_RBGEN_FALSE='#'
USE_RBGEN_TRUE=''
VERSION='1.3'
ac_ct_CC=''
ac_ct_RANLIB=''
ac_ct_STRIP=''
am__include='include'
am__quote=''
bindir='${exec_prefix}/bin'
build='i686-pc-linux-gnu'
build_alias=''
build_cpu='i686'
build_os='linux-gnu'
build_vendor='pc'
datadir='${prefix}/share'
exec_prefix='${prefix}'
host='arm-unknown-linux-gnu'
host_alias='arm-linux'
host_cpu='arm'
host_os='linux-gnu'
host_vendor='unknown'
includedir='${prefix}/include'
infodir='${prefix}/info'
install_sh='/projects/emlinux-ep93xx/libs/gpl/libredblack-1.3/install-sh'
libdir='${exec_prefix}/lib'
libexecdir='${exec_prefix}/libexec'
localstatedir='${prefix}/var'
mandir='${prefix}/man'
oldincludedir='/usr/include'
prefix='/usr/local'
program_transform_name='s,x,x,'
sbindir='${exec_prefix}/sbin'
sharedstatedir='${prefix}/com'
sysconfdir='${prefix}/etc'
target_alias='arm-linux'

## ----------- ##
## confdefs.h. ##
## ----------- ##

#define HAVE_DLFCN_H 1
#define HAVE_INTTYPES_H 1
#define HAVE_MEMORY_H 1
#define HAVE_STDINT_H 1
#define HAVE_STDLIB_H 1
#define HAVE_STRDUP 1
#define HAVE_STRINGS_H 1
#define HAVE_STRING_H 1
#define HAVE_SYS_STAT_H 1
#define HAVE_SYS_TYPES_H 1
#define HAVE_UNISTD_H 1
#define PACKAGE "libredblack"
#define PACKAGE_BUGREPORT ""
#define PACKAGE_NAME ""
#define PACKAGE_STRING ""
#define PACKAGE_TARNAME ""
#define PACKAGE_VERSION ""
#define STDC_HEADERS 1
#define STDC_HEADERS 1
#define VERSION "1.3"

configure: exit 0
